[2020-09-28T10:40:08.775] [ERROR] Orient - Database error ConnectionRefusedError [SequelizeConnectionRefusedError]: connect ECONNREFUSED 127.0.0.1:3306
    at D:\vishal\paperbird\server\node_modules\sequelize\lib\dialects\mysql\connection-manager.js:123:19
    at tryCatcher (D:\vishal\paperbird\server\node_modules\bluebird\js\release\util.js:16:23)
    at Promise._settlePromiseFromHandler (D:\vishal\paperbird\server\node_modules\bluebird\js\release\promise.js:547:31)
    at Promise._settlePromise (D:\vishal\paperbird\server\node_modules\bluebird\js\release\promise.js:604:18)
    at Promise._settlePromise0 (D:\vishal\paperbird\server\node_modules\bluebird\js\release\promise.js:649:10)
    at Promise._settlePromises (D:\vishal\paperbird\server\node_modules\bluebird\js\release\promise.js:725:18)
    at _drainQueueStep (D:\vishal\paperbird\server\node_modules\bluebird\js\release\async.js:93:12)
    at _drainQueue (D:\vishal\paperbird\server\node_modules\bluebird\js\release\async.js:86:9)
    at Async._drainQueues (D:\vishal\paperbird\server\node_modules\bluebird\js\release\async.js:102:5)
    at Immediate.Async.drainQueues [as _onImmediate] (D:\vishal\paperbird\server\node_modules\bluebird\js\release\async.js:15:14)
    at processImmediate (internal/timers.js:439:21) {
  name: 'SequelizeConnectionRefusedError',
  parent: Error: connect ECONNREFUSED 127.0.0.1:3306
      at TCPConnectWrap.afterConnect [as oncomplete] (net.js:1128:14) {
    errno: 'ECONNREFUSED',
    code: 'ECONNREFUSED',
    syscall: 'connect',
    address: '127.0.0.1',
    port: 3306,
    fatal: true
  },
  original: Error: connect ECONNREFUSED 127.0.0.1:3306
      at TCPConnectWrap.afterConnect [as oncomplete] (net.js:1128:14) {
    errno: 'ECONNREFUSED',
    code: 'ECONNREFUSED',
    syscall: 'connect',
    address: '127.0.0.1',
    port: 3306,
    fatal: true
  }
}
[2020-09-28T16:05:18.648] [WARN] Orient - [Auth][Login (post)][2:36:51 PM], Invalid password
[2020-09-28T16:07:14.802] [WARN] Orient - [Auth][Login (post)][2:36:51 PM], Invalid password
[2020-09-28T16:07:16.830] [WARN] Orient - [Auth][Login (post)][2:36:51 PM], Invalid password
[2020-09-28T16:07:59.879] [WARN] Orient - [Auth][Login (post)][2:36:51 PM], Invalid email
[2020-09-28T16:11:06.300] [WARN] Orient - [Auth][Login (post)][2:36:51 PM], Invalid password
