[2021-09-27T10:29:32.246] [INFO] Paperbird - [/, {"post":true}][10:25:36 AM], Login successful
[2021-09-27T10:29:32.371] [ERROR] Paperbird - Something went wrong: ReferenceError: successResponses is not defined
    at C:\Projects\paperbird\server\routes\Dashboard\index.js:10:5
    at Layer.handle [as handle_request] (C:\Projects\paperbird\server\node_modules\express\lib\router\layer.js:95:5)
    at next (C:\Projects\paperbird\server\node_modules\express\lib\router\route.js:137:13)
    at module.exports (C:\Projects\paperbird\server\middlewares\jwtauth.js:56:5)
    at Layer.handle [as handle_request] (C:\Projects\paperbird\server\node_modules\express\lib\router\layer.js:95:5)
    at next (C:\Projects\paperbird\server\node_modules\express\lib\router\route.js:137:13)
    at Route.dispatch (C:\Projects\paperbird\server\node_modules\express\lib\router\route.js:112:3)
    at Layer.handle [as handle_request] (C:\Projects\paperbird\server\node_modules\express\lib\router\layer.js:95:5)
    at C:\Projects\paperbird\server\node_modules\express\lib\router\index.js:281:22
    at Function.process_params (C:\Projects\paperbird\server\node_modules\express\lib\router\index.js:335:12)
    at next (C:\Projects\paperbird\server\node_modules\express\lib\router\index.js:275:10)
    at Function.handle (C:\Projects\paperbird\server\node_modules\express\lib\router\index.js:174:3)
    at router (C:\Projects\paperbird\server\node_modules\express\lib\router\index.js:47:12)
    at Layer.handle [as handle_request] (C:\Projects\paperbird\server\node_modules\express\lib\router\layer.js:95:5)
    at trim_prefix (C:\Projects\paperbird\server\node_modules\express\lib\router\index.js:317:13)
    at C:\Projects\paperbird\server\node_modules\express\lib\router\index.js:284:7
    at Function.process_params (C:\Projects\paperbird\server\node_modules\express\lib\router\index.js:335:12)
    at next (C:\Projects\paperbird\server\node_modules\express\lib\router\index.js:275:10)
    at C:\Projects\paperbird\server\app.js:186:3
    at Layer.handle [as handle_request] (C:\Projects\paperbird\server\node_modules\express\lib\router\layer.js:95:5)
    at trim_prefix (C:\Projects\paperbird\server\node_modules\express\lib\router\index.js:317:13)
    at C:\Projects\paperbird\server\node_modules\express\lib\router\index.js:284:7
    at Function.process_params (C:\Projects\paperbird\server\node_modules\express\lib\router\index.js:335:12)
    at next (C:\Projects\paperbird\server\node_modules\express\lib\router\index.js:275:10)
    at next (C:\Projects\paperbird\server\node_modules\express\lib\router\route.js:127:14)
    at next (C:\Projects\paperbird\server\node_modules\express\lib\router\route.js:131:14)
    at next (C:\Projects\paperbird\server\node_modules\express\lib\router\route.js:131:14)
    at next (C:\Projects\paperbird\server\node_modules\express\lib\router\route.js:131:14)
[2021-09-27T10:30:05.741] [INFO] Paperbird - [/, {"post":true}][10:25:36 AM], Login successful
[2021-09-27T10:30:05.844] [ERROR] Paperbird - Something went wrong: ReferenceError: successResponses is not defined
    at C:\Projects\paperbird\server\routes\Dashboard\index.js:10:5
    at Layer.handle [as handle_request] (C:\Projects\paperbird\server\node_modules\express\lib\router\layer.js:95:5)
    at next (C:\Projects\paperbird\server\node_modules\express\lib\router\route.js:137:13)
    at module.exports (C:\Projects\paperbird\server\middlewares\jwtauth.js:56:5)
    at Layer.handle [as handle_request] (C:\Projects\paperbird\server\node_modules\express\lib\router\layer.js:95:5)
    at next (C:\Projects\paperbird\server\node_modules\express\lib\router\route.js:137:13)
    at Route.dispatch (C:\Projects\paperbird\server\node_modules\express\lib\router\route.js:112:3)
    at Layer.handle [as handle_request] (C:\Projects\paperbird\server\node_modules\express\lib\router\layer.js:95:5)
    at C:\Projects\paperbird\server\node_modules\express\lib\router\index.js:281:22
    at Function.process_params (C:\Projects\paperbird\server\node_modules\express\lib\router\index.js:335:12)
    at next (C:\Projects\paperbird\server\node_modules\express\lib\router\index.js:275:10)
    at Function.handle (C:\Projects\paperbird\server\node_modules\express\lib\router\index.js:174:3)
    at router (C:\Projects\paperbird\server\node_modules\express\lib\router\index.js:47:12)
    at Layer.handle [as handle_request] (C:\Projects\paperbird\server\node_modules\express\lib\router\layer.js:95:5)
    at trim_prefix (C:\Projects\paperbird\server\node_modules\express\lib\router\index.js:317:13)
    at C:\Projects\paperbird\server\node_modules\express\lib\router\index.js:284:7
    at Function.process_params (C:\Projects\paperbird\server\node_modules\express\lib\router\index.js:335:12)
    at next (C:\Projects\paperbird\server\node_modules\express\lib\router\index.js:275:10)
    at C:\Projects\paperbird\server\app.js:186:3
    at Layer.handle [as handle_request] (C:\Projects\paperbird\server\node_modules\express\lib\router\layer.js:95:5)
    at trim_prefix (C:\Projects\paperbird\server\node_modules\express\lib\router\index.js:317:13)
    at C:\Projects\paperbird\server\node_modules\express\lib\router\index.js:284:7
    at Function.process_params (C:\Projects\paperbird\server\node_modules\express\lib\router\index.js:335:12)
    at next (C:\Projects\paperbird\server\node_modules\express\lib\router\index.js:275:10)
    at next (C:\Projects\paperbird\server\node_modules\express\lib\router\route.js:127:14)
    at next (C:\Projects\paperbird\server\node_modules\express\lib\router\route.js:131:14)
    at next (C:\Projects\paperbird\server\node_modules\express\lib\router\route.js:131:14)
    at next (C:\Projects\paperbird\server\node_modules\express\lib\router\route.js:131:14)
[2021-09-27T10:30:19.354] [INFO] Paperbird - [/getAllProductGroup/:name, {"get":true}][10:25:36 AM], All data
[2021-09-27T10:37:15.147] [INFO] Paperbird - [/customer, {"post":true}][10:25:36 AM], Customer Login Successfull
[2021-09-27T10:37:18.114] [INFO] Paperbird - [/getNotification, {"post":true}][10:25:36 AM], first five notifications
[2021-09-27T10:37:19.708] [INFO] Paperbird - [/getAllProductGroup/:name, {"get":true}][10:25:36 AM], All data
[2021-09-27T10:37:19.711] [INFO] Paperbird - [/getAllProductGroup/:name, {"get":true}][10:25:36 AM], All data
[2021-09-27T10:37:19.793] [INFO] Paperbird - [/getAllProductSubgroup/:name, {"get":true}][10:25:36 AM], All data
[2021-09-27T10:37:19.905] [INFO] Paperbird - [/getAllPaperClass/:name, {"get":true}][10:25:36 AM], All data
[2021-09-27T10:37:19.936] [INFO] Paperbird - [/getAllPaperQuality/:name, {"get":true}][10:25:36 AM], All data
[2021-09-27T10:37:19.958] [INFO] Paperbird - [/getAllPaperPrintibility/:name, {"get":true}][10:25:36 AM], All data
[2021-09-27T10:37:20.001] [INFO] Paperbird - [/getAllPaperColor/:name, {"get":true}][10:25:36 AM], All data
[2021-09-27T10:37:20.031] [INFO] Paperbird - [/getAllMeasurementUnit/:name, {"get":true}][10:25:36 AM], All data
[2021-09-27T10:37:20.050] [INFO] Paperbird - [/getAllPaperGrain/:name, {"get":true}][10:25:36 AM], All data
[2021-09-27T10:37:20.072] [INFO] Paperbird - [/getAllGroupsForCustomer, {"get":true}][10:25:36 AM], All customer groups
[2021-09-27T10:37:20.184] [INFO] Paperbird - [/getSupplier, {"post":true}][10:25:36 AM], Supplier Data
[2021-09-27T10:37:20.295] [INFO] Paperbird - [/allProducts, {"post":true}][10:25:36 AM], All products
[2021-09-27T10:37:50.758] [INFO] Paperbird - [/getCustomerChats/:id, {"get":true}][10:25:36 AM], Customers chat room
[2021-09-27T10:37:51.887] [INFO] Paperbird - [/getChatMessages/:id, {"get":true}][10:25:36 AM], Chat Messages
[2021-09-27T10:38:14.348] [INFO] Paperbird - [/allProducts, {"post":true}][10:25:36 AM], All products
[2021-09-27T10:38:15.291] [INFO] Paperbird - [/allProducts, {"post":true}][10:25:36 AM], All products
[2021-09-27T10:38:19.536] [INFO] Paperbird - [/getAllPaperClass/:name, {"get":true}][10:25:36 AM], All data
[2021-09-27T10:38:19.551] [INFO] Paperbird - [/getAllPaperQuality/:name, {"get":true}][10:25:36 AM], All data
[2021-09-27T10:38:19.569] [INFO] Paperbird - [/getAllPaperPrintibility/:name, {"get":true}][10:25:36 AM], All data
[2021-09-27T10:38:19.584] [INFO] Paperbird - [/getAllPaperColor/:name, {"get":true}][10:25:36 AM], All data
[2021-09-27T10:38:19.596] [INFO] Paperbird - [/getAllMeasurementUnit/:name, {"get":true}][10:25:36 AM], All data
[2021-09-27T10:38:19.608] [INFO] Paperbird - [/getAllPaperGrain/:name, {"get":true}][10:25:36 AM], All data
[2021-09-27T10:38:19.620] [INFO] Paperbird - [/getAllPaperGsm/:name, {"get":true}][10:25:36 AM], All data
[2021-09-27T10:38:19.639] [INFO] Paperbird - [/getAllGroupsForCustomer, {"get":true}][10:25:36 AM], All customer groups
[2021-09-27T10:38:19.710] [INFO] Paperbird - [/getSinglePublishedProduct/:id, {"get":true}][10:25:36 AM], All products
[2021-09-27T10:38:19.730] [INFO] Paperbird - [/getAllGroupsForCustomer, {"get":true}][10:25:36 AM], All customer groups
[2021-09-27T10:38:19.861] [INFO] Paperbird - [/getAllProductGroup/:name, {"get":true}][10:25:36 AM], All data
[2021-09-27T10:38:32.199] [INFO] Paperbird - [/getAllProductGroup/:name, {"get":true}][10:25:36 AM], All data
[2021-09-27T10:38:40.509] [INFO] Paperbird - [/getAllProductGroup/:name, {"get":true}][10:25:36 AM], All data
[2021-09-27T10:38:40.512] [INFO] Paperbird - [/getAllProductGroup/:name, {"get":true}][10:25:36 AM], All data
[2021-09-27T10:38:40.524] [INFO] Paperbird - [/getAllProductSubgroup/:name, {"get":true}][10:25:36 AM], All data
[2021-09-27T10:38:40.543] [INFO] Paperbird - [/getAllPaperClass/:name, {"get":true}][10:25:36 AM], All data
[2021-09-27T10:38:40.553] [INFO] Paperbird - [/getAllPaperQuality/:name, {"get":true}][10:25:36 AM], All data
[2021-09-27T10:38:40.562] [INFO] Paperbird - [/getAllPaperPrintibility/:name, {"get":true}][10:25:36 AM], All data
[2021-09-27T10:38:40.574] [INFO] Paperbird - [/getAllPaperColor/:name, {"get":true}][10:25:36 AM], All data
[2021-09-27T10:38:40.582] [INFO] Paperbird - [/getAllMeasurementUnit/:name, {"get":true}][10:25:36 AM], All data
[2021-09-27T10:38:40.592] [INFO] Paperbird - [/getAllPaperGrain/:name, {"get":true}][10:25:36 AM], All data
[2021-09-27T10:38:40.598] [INFO] Paperbird - [/getAllGroupsForCustomer, {"get":true}][10:25:36 AM], All customer groups
[2021-09-27T10:38:40.626] [INFO] Paperbird - [/getSupplier, {"post":true}][10:25:36 AM], Supplier Data
[2021-09-27T10:38:40.682] [INFO] Paperbird - [/allProducts, {"post":true}][10:25:36 AM], All products
[2021-09-27T10:38:44.083] [INFO] Paperbird - [/getAllProductGroup/:name, {"get":true}][10:25:36 AM], All data
[2021-09-27T10:38:45.239] [INFO] Paperbird - [/getAllProductGroup/:name, {"get":true}][10:25:36 AM], All data
[2021-09-27T10:38:45.240] [INFO] Paperbird - [/getAllProductGroup/:name, {"get":true}][10:25:36 AM], All data
[2021-09-27T10:38:45.252] [INFO] Paperbird - [/getAllProductSubgroup/:name, {"get":true}][10:25:36 AM], All data
[2021-09-27T10:38:45.264] [INFO] Paperbird - [/getAllPaperClass/:name, {"get":true}][10:25:36 AM], All data
[2021-09-27T10:38:45.274] [INFO] Paperbird - [/getAllPaperQuality/:name, {"get":true}][10:25:36 AM], All data
[2021-09-27T10:38:45.279] [INFO] Paperbird - [/getAllPaperPrintibility/:name, {"get":true}][10:25:36 AM], All data
[2021-09-27T10:38:45.287] [INFO] Paperbird - [/getAllPaperColor/:name, {"get":true}][10:25:36 AM], All data
[2021-09-27T10:38:45.295] [INFO] Paperbird - [/getAllMeasurementUnit/:name, {"get":true}][10:25:36 AM], All data
[2021-09-27T10:38:45.300] [INFO] Paperbird - [/getAllPaperGrain/:name, {"get":true}][10:25:36 AM], All data
[2021-09-27T10:38:45.309] [INFO] Paperbird - [/getAllGroupsForCustomer, {"get":true}][10:25:36 AM], All customer groups
[2021-09-27T10:38:45.341] [INFO] Paperbird - [/getSupplier, {"post":true}][10:25:36 AM], Supplier Data
[2021-09-27T10:38:45.395] [INFO] Paperbird - [/allProducts, {"post":true}][10:25:36 AM], All products
[2021-09-27T10:38:46.416] [INFO] Paperbird - [/getAllProductGroup/:name, {"get":true}][10:25:36 AM], All data
[2021-09-27T10:38:47.032] [INFO] Paperbird - [/getAllProductGroup/:name, {"get":true}][10:25:36 AM], All data
[2021-09-27T10:38:47.034] [INFO] Paperbird - [/getAllProductGroup/:name, {"get":true}][10:25:36 AM], All data
[2021-09-27T10:38:47.056] [INFO] Paperbird - [/getAllProductSubgroup/:name, {"get":true}][10:25:36 AM], All data
[2021-09-27T10:38:47.075] [INFO] Paperbird - [/getAllPaperClass/:name, {"get":true}][10:25:36 AM], All data
[2021-09-27T10:38:47.086] [INFO] Paperbird - [/getAllPaperQuality/:name, {"get":true}][10:25:36 AM], All data
[2021-09-27T10:38:47.097] [INFO] Paperbird - [/getAllPaperPrintibility/:name, {"get":true}][10:25:36 AM], All data
[2021-09-27T10:38:47.108] [INFO] Paperbird - [/getAllPaperColor/:name, {"get":true}][10:25:36 AM], All data
[2021-09-27T10:38:47.117] [INFO] Paperbird - [/getAllMeasurementUnit/:name, {"get":true}][10:25:36 AM], All data
[2021-09-27T10:38:47.125] [INFO] Paperbird - [/getAllPaperGrain/:name, {"get":true}][10:25:36 AM], All data
[2021-09-27T10:38:47.130] [INFO] Paperbird - [/getAllGroupsForCustomer, {"get":true}][10:25:36 AM], All customer groups
[2021-09-27T10:38:47.159] [INFO] Paperbird - [/getSupplier, {"post":true}][10:25:36 AM], Supplier Data
[2021-09-27T10:38:47.210] [INFO] Paperbird - [/allProducts, {"post":true}][10:25:36 AM], All products
[2021-09-27T10:39:03.993] [INFO] Paperbird - [/getNotification, {"post":true}][10:25:36 AM], first five notifications
[2021-09-27T10:39:05.910] [INFO] Paperbird - [/getAllProductGroup/:name, {"get":true}][10:25:36 AM], All data
[2021-09-27T10:39:10.999] [INFO] Paperbird - [/getCustomerChats/:id, {"get":true}][10:25:36 AM], Customers chat room
[2021-09-27T10:39:12.719] [INFO] Paperbird - [/getCustomerChats/:id, {"get":true}][10:25:36 AM], Customers chat room
[2021-09-27T10:39:14.093] [INFO] Paperbird - [/getChatMessages/:id, {"get":true}][10:25:36 AM], Chat Messages
[2021-09-27T10:39:17.253] [INFO] Paperbird - [/getAllProductGroup/:name, {"get":true}][10:25:36 AM], All data
[2021-09-27T10:39:17.255] [INFO] Paperbird - [/getAllProductGroup/:name, {"get":true}][10:25:36 AM], All data
[2021-09-27T10:39:17.283] [INFO] Paperbird - [/getAllProductSubgroup/:name, {"get":true}][10:25:36 AM], All data
[2021-09-27T10:39:17.298] [INFO] Paperbird - [/getAllPaperClass/:name, {"get":true}][10:25:36 AM], All data
[2021-09-27T10:39:17.306] [INFO] Paperbird - [/getAllPaperQuality/:name, {"get":true}][10:25:36 AM], All data
[2021-09-27T10:39:17.313] [INFO] Paperbird - [/getAllPaperPrintibility/:name, {"get":true}][10:25:36 AM], All data
[2021-09-27T10:39:17.328] [INFO] Paperbird - [/getAllPaperColor/:name, {"get":true}][10:25:36 AM], All data
[2021-09-27T10:39:17.341] [INFO] Paperbird - [/getAllMeasurementUnit/:name, {"get":true}][10:25:36 AM], All data
[2021-09-27T10:39:17.348] [INFO] Paperbird - [/getAllPaperGrain/:name, {"get":true}][10:25:36 AM], All data
[2021-09-27T10:39:17.355] [INFO] Paperbird - [/getAllGroupsForCustomer, {"get":true}][10:25:36 AM], All customer groups
[2021-09-27T10:39:17.384] [INFO] Paperbird - [/getSupplier, {"post":true}][10:25:36 AM], Supplier Data
[2021-09-27T10:39:17.440] [INFO] Paperbird - [/allProducts, {"post":true}][10:25:36 AM], All products
[2021-09-27T10:39:20.382] [INFO] Paperbird - [/getAllProductGroup/:name, {"get":true}][10:25:36 AM], All data
[2021-09-27T10:39:20.384] [INFO] Paperbird - [/getAllPaperClass/:name, {"get":true}][10:25:36 AM], All data
[2021-09-27T10:39:20.401] [INFO] Paperbird - [/getAllPaperQuality/:name, {"get":true}][10:25:36 AM], All data
[2021-09-27T10:39:20.412] [INFO] Paperbird - [/getAllPaperPrintibility/:name, {"get":true}][10:25:36 AM], All data
[2021-09-27T10:39:20.431] [INFO] Paperbird - [/getAllPaperColor/:name, {"get":true}][10:25:36 AM], All data
[2021-09-27T10:39:20.441] [INFO] Paperbird - [/getAllMeasurementUnit/:name, {"get":true}][10:25:36 AM], All data
[2021-09-27T10:39:20.447] [INFO] Paperbird - [/getAllPaperGrain/:name, {"get":true}][10:25:36 AM], All data
[2021-09-27T10:39:20.457] [INFO] Paperbird - [/getAllPaperGsm/:name, {"get":true}][10:25:36 AM], All data
[2021-09-27T10:39:20.465] [INFO] Paperbird - [/getAllGroupsForCustomer, {"get":true}][10:25:36 AM], All customer groups
[2021-09-27T10:39:20.509] [INFO] Paperbird - [/getSinglePublishedProduct/:id, {"get":true}][10:25:36 AM], All products
[2021-09-27T10:39:20.523] [INFO] Paperbird - [/getAllGroupsForCustomer, {"get":true}][10:25:36 AM], All customer groups
[2021-09-27T10:39:22.269] [INFO] Paperbird - [/getAllProductGroup/:name, {"get":true}][10:25:36 AM], All data
[2021-09-27T10:39:22.271] [INFO] Paperbird - [/getAllProductGroup/:name, {"get":true}][10:25:36 AM], All data
[2021-09-27T10:39:22.285] [INFO] Paperbird - [/getAllProductSubgroup/:name, {"get":true}][10:25:36 AM], All data
[2021-09-27T10:39:22.300] [INFO] Paperbird - [/getAllPaperClass/:name, {"get":true}][10:25:36 AM], All data
[2021-09-27T10:39:22.312] [INFO] Paperbird - [/getAllPaperQuality/:name, {"get":true}][10:25:36 AM], All data
[2021-09-27T10:39:22.319] [INFO] Paperbird - [/getAllPaperPrintibility/:name, {"get":true}][10:25:36 AM], All data
[2021-09-27T10:39:22.330] [INFO] Paperbird - [/getAllPaperColor/:name, {"get":true}][10:25:36 AM], All data
[2021-09-27T10:39:22.337] [INFO] Paperbird - [/getAllMeasurementUnit/:name, {"get":true}][10:25:36 AM], All data
[2021-09-27T10:39:22.342] [INFO] Paperbird - [/getAllPaperGrain/:name, {"get":true}][10:25:36 AM], All data
[2021-09-27T10:39:22.348] [INFO] Paperbird - [/getAllGroupsForCustomer, {"get":true}][10:25:36 AM], All customer groups
[2021-09-27T10:39:22.382] [INFO] Paperbird - [/getSupplier, {"post":true}][10:25:36 AM], Supplier Data
[2021-09-27T10:39:22.422] [INFO] Paperbird - [/allProducts, {"post":true}][10:25:36 AM], All products
[2021-09-27T10:39:33.254] [INFO] Paperbird - [/allProducts, {"post":true}][10:25:36 AM], All products
[2021-09-27T10:39:42.175] [INFO] Paperbird - [/getSupplierMessages/:id, {"get":true}][10:25:36 AM], Customers chat room
[2021-09-27T10:39:44.950] [INFO] Paperbird - [/getSupplierMessages/:id, {"get":true}][10:25:36 AM], Customers chat room
[2021-09-27T10:39:45.591] [INFO] Paperbird - [/getChatMessages/:id, {"get":true}][10:25:36 AM], Chat Messages
[2021-09-27T10:39:49.625] [INFO] Paperbird - [/getCustomerChats/:id, {"get":true}][10:25:36 AM], Customers chat room
[2021-09-27T10:39:50.138] [INFO] Paperbird - [/getChatMessages/:id, {"get":true}][10:25:36 AM], Chat Messages
[2021-09-27T10:40:45.275] [INFO] Paperbird - [/getChatMessages/:id, {"get":true}][10:25:36 AM], Chat Messages
[2021-09-27T10:40:52.189] [INFO] Paperbird - [/getChatMessages/:id, {"get":true}][10:25:36 AM], Chat Messages
[2021-09-27T10:40:56.454] [INFO] Paperbird - [/getAllProductGroup/:name, {"get":true}][10:25:36 AM], All data
[2021-09-27T10:40:56.457] [INFO] Paperbird - [/getAllProductGroup/:name, {"get":true}][10:25:36 AM], All data
[2021-09-27T10:40:56.520] [INFO] Paperbird - [/getAllProductSubgroup/:name, {"get":true}][10:25:36 AM], All data
[2021-09-27T10:40:56.556] [INFO] Paperbird - [/getAllPaperClass/:name, {"get":true}][10:25:36 AM], All data
[2021-09-27T10:40:56.565] [INFO] Paperbird - [/getAllPaperQuality/:name, {"get":true}][10:25:36 AM], All data
[2021-09-27T10:40:56.576] [INFO] Paperbird - [/getAllPaperPrintibility/:name, {"get":true}][10:25:36 AM], All data
[2021-09-27T10:40:56.597] [INFO] Paperbird - [/getAllPaperColor/:name, {"get":true}][10:25:36 AM], All data
[2021-09-27T10:40:56.608] [INFO] Paperbird - [/getAllMeasurementUnit/:name, {"get":true}][10:25:36 AM], All data
[2021-09-27T10:40:56.614] [INFO] Paperbird - [/getAllPaperGrain/:name, {"get":true}][10:25:36 AM], All data
[2021-09-27T10:40:56.621] [INFO] Paperbird - [/getAllGroupsForCustomer, {"get":true}][10:25:36 AM], All customer groups
[2021-09-27T10:40:56.646] [INFO] Paperbird - [/getSupplier, {"post":true}][10:25:36 AM], Supplier Data
[2021-09-27T10:40:56.690] [INFO] Paperbird - [/allProducts, {"post":true}][10:25:36 AM], All products
[2021-09-27T11:04:45.346] [INFO] Paperbird - [/getAllProductGroup/:name, {"get":true}][10:25:36 AM], All data
[2021-09-27T11:04:45.392] [INFO] Paperbird - [/getCustomerOrders, {"post":true}][10:25:36 AM], This are all customer Orders
[2021-09-27T11:04:45.454] [INFO] Paperbird - [/getSingleCustomerOrder/:id, {"get":true}][10:25:36 AM], All Orders
[2021-09-27T11:04:45.477] [INFO] Paperbird - [/getSingleCustomerOrder/:id, {"get":true}][10:25:36 AM], All Orders
[2021-09-27T11:31:24.971] [INFO] Paperbird - [/getCustomerChats/:id, {"get":true}][10:25:36 AM], Customers chat room
[2021-09-27T11:32:40.674] [INFO] Paperbird - [/getCustomerChats/:id, {"get":true}][10:25:36 AM], Customers chat room
[2021-09-27T11:34:44.868] [INFO] Paperbird - [/getAllProductGroup/:name, {"get":true}][10:25:36 AM], All data
[2021-09-27T11:34:44.870] [INFO] Paperbird - [/getAllProductGroup/:name, {"get":true}][10:25:36 AM], All data
[2021-09-27T11:34:44.879] [INFO] Paperbird - [/getAllProductSubgroup/:name, {"get":true}][10:25:36 AM], All data
[2021-09-27T11:34:44.912] [INFO] Paperbird - [/getAllPaperClass/:name, {"get":true}][10:25:36 AM], All data
[2021-09-27T11:34:44.923] [INFO] Paperbird - [/getAllPaperQuality/:name, {"get":true}][10:25:36 AM], All data
[2021-09-27T11:34:44.931] [INFO] Paperbird - [/getAllPaperPrintibility/:name, {"get":true}][10:25:36 AM], All data
[2021-09-27T11:34:44.942] [INFO] Paperbird - [/getAllPaperColor/:name, {"get":true}][10:25:36 AM], All data
[2021-09-27T11:34:44.951] [INFO] Paperbird - [/getAllMeasurementUnit/:name, {"get":true}][10:25:36 AM], All data
[2021-09-27T11:34:44.957] [INFO] Paperbird - [/getAllPaperGrain/:name, {"get":true}][10:25:36 AM], All data
[2021-09-27T11:34:44.963] [INFO] Paperbird - [/getAllGroupsForCustomer, {"get":true}][10:25:36 AM], All customer groups
[2021-09-27T11:34:44.991] [INFO] Paperbird - [/getSupplier, {"post":true}][10:25:36 AM], Supplier Data
[2021-09-27T11:34:45.039] [INFO] Paperbird - [/allProducts, {"post":true}][10:25:36 AM], All products
[2021-09-27T11:34:55.396] [INFO] Paperbird - [/getAllGroupsForCustomer, {"get":true}][10:25:36 AM], All customer groups
[2021-09-27T11:34:55.397] [INFO] Paperbird - [/getAllProductGroup/:name, {"get":true}][10:25:36 AM], All data
[2021-09-27T11:34:55.446] [INFO] Paperbird - [/getAllProductSubgroup/:name, {"get":true}][10:25:36 AM], All data
[2021-09-27T11:34:55.492] [INFO] Paperbird - [/allProducts, {"post":true}][10:25:36 AM], All products
[2021-09-27T11:34:55.501] [INFO] Paperbird - [/getAllPaperClass/:name, {"get":true}][10:25:36 AM], All data
[2021-09-27T11:34:55.521] [INFO] Paperbird - [/getAllProductGroup/:name, {"get":true}][10:25:36 AM], All data
[2021-09-27T11:34:55.556] [INFO] Paperbird - [/countries, {"get":true}][10:25:36 AM], All countries
[2021-09-27T11:34:55.557] [INFO] Paperbird - [/states/:id, {"get":true}][10:25:36 AM], All States
[2021-09-27T11:34:55.560] [INFO] Paperbird - [/cities/:state_id/:country_id, {"get":true}][10:25:36 AM], All Cities
[2021-09-27T11:34:55.707] [INFO] Paperbird - [/getAllPaperQuality/:name, {"get":true}][10:25:36 AM], All data
[2021-09-27T11:34:55.730] [INFO] Paperbird - [/getAllPaperPrintibility/:name, {"get":true}][10:25:36 AM], All data
[2021-09-27T11:34:55.802] [INFO] Paperbird - [/getAllPaperColor/:name, {"get":true}][10:25:36 AM], All data
[2021-09-27T11:34:55.812] [INFO] Paperbird - [/getAllMeasurementUnit/:name, {"get":true}][10:25:36 AM], All data
[2021-09-27T11:34:55.818] [INFO] Paperbird - [/getAllPaperGrain/:name, {"get":true}][10:25:36 AM], All data
[2021-09-27T11:34:56.731] [INFO] Paperbird - [/getAllProductGroup/:name, {"get":true}][10:25:36 AM], All data
[2021-09-27T11:34:56.732] [INFO] Paperbird - [/getAllProductGroup/:name, {"get":true}][10:25:36 AM], All data
[2021-09-27T11:34:56.746] [INFO] Paperbird - [/getAllProductSubgroup/:name, {"get":true}][10:25:36 AM], All data
[2021-09-27T11:34:56.758] [INFO] Paperbird - [/getAllPaperClass/:name, {"get":true}][10:25:36 AM], All data
[2021-09-27T11:34:56.767] [INFO] Paperbird - [/getAllPaperQuality/:name, {"get":true}][10:25:36 AM], All data
[2021-09-27T11:34:56.772] [INFO] Paperbird - [/getAllPaperPrintibility/:name, {"get":true}][10:25:36 AM], All data
[2021-09-27T11:34:56.784] [INFO] Paperbird - [/getAllPaperColor/:name, {"get":true}][10:25:36 AM], All data
[2021-09-27T11:34:56.790] [INFO] Paperbird - [/getAllMeasurementUnit/:name, {"get":true}][10:25:36 AM], All data
[2021-09-27T11:34:56.797] [INFO] Paperbird - [/getAllPaperGrain/:name, {"get":true}][10:25:36 AM], All data
[2021-09-27T11:34:56.801] [INFO] Paperbird - [/getAllGroupsForCustomer, {"get":true}][10:25:36 AM], All customer groups
[2021-09-27T11:34:56.820] [INFO] Paperbird - [/getSupplier, {"post":true}][10:25:36 AM], Supplier Data
[2021-09-27T11:34:56.890] [INFO] Paperbird - [/allProducts, {"post":true}][10:25:36 AM], All products
[2021-09-27T11:35:02.459] [INFO] Paperbird - [/getAllProductGroup/:name, {"get":true}][10:25:36 AM], All data
[2021-09-27T11:35:02.472] [INFO] Paperbird - [/getCustomerOrders, {"post":true}][10:25:36 AM], This are all customer Orders
[2021-09-27T11:35:02.508] [INFO] Paperbird - [/getSingleCustomerOrder/:id, {"get":true}][10:25:36 AM], All Orders
[2021-09-27T11:35:02.528] [INFO] Paperbird - [/getSingleCustomerOrder/:id, {"get":true}][10:25:36 AM], All Orders
[2021-09-27T11:35:05.087] [INFO] Paperbird - [/getSingleCustomerOrder/:id, {"get":true}][10:25:36 AM], All Orders
[2021-09-27T11:35:05.568] [INFO] Paperbird - [/getSingleCustomerOrder/:id, {"get":true}][10:25:36 AM], All Orders
[2021-09-27T11:46:13.756] [INFO] Paperbird - [/getCustomerChats/:id, {"get":true}][10:25:36 AM], Customers chat room
[2021-09-27T11:46:14.725] [INFO] Paperbird - [/getChatMessages/:id, {"get":true}][10:25:36 AM], Chat Messages
[2021-09-27T11:46:16.943] [INFO] Paperbird - [/getSupplierMessages/:id, {"get":true}][10:25:36 AM], Customers chat room
[2021-09-27T11:46:22.036] [INFO] Paperbird - [/getSupplierMessages/:id, {"get":true}][10:25:36 AM], Customers chat room
[2021-09-27T12:54:24.379] [INFO] Paperbird - [/getCustomerChats/:id, {"get":true}][10:25:36 AM], Customers chat room
[2021-09-27T14:26:01.439] [INFO] Paperbird - [/getTerms, {"post":true}][10:25:36 AM], All Terms
[2021-09-27T14:26:24.145] [INFO] Paperbird - [/getSingleCustomerOrder/:id, {"get":true}][10:25:36 AM], All Orders
[2021-09-27T14:26:24.650] [INFO] Paperbird - [/getSingleCustomerOrder/:id, {"get":true}][10:25:36 AM], All Orders
[2021-09-27T14:26:31.485] [INFO] Paperbird - [/getSupplierMessages/:id, {"get":true}][10:25:36 AM], Customers chat room
[2021-09-27T14:26:52.790] [INFO] Paperbird - [/, {"post":true}][10:25:36 AM], Login successful
[2021-09-27T14:26:52.928] [ERROR] Paperbird - Something went wrong: ReferenceError: successResponses is not defined
    at C:\Projects\paperbird\server\routes\Dashboard\index.js:10:5
    at Layer.handle [as handle_request] (C:\Projects\paperbird\server\node_modules\express\lib\router\layer.js:95:5)
    at next (C:\Projects\paperbird\server\node_modules\express\lib\router\route.js:137:13)
    at module.exports (C:\Projects\paperbird\server\middlewares\jwtauth.js:56:5)
    at Layer.handle [as handle_request] (C:\Projects\paperbird\server\node_modules\express\lib\router\layer.js:95:5)
    at next (C:\Projects\paperbird\server\node_modules\express\lib\router\route.js:137:13)
    at Route.dispatch (C:\Projects\paperbird\server\node_modules\express\lib\router\route.js:112:3)
    at Layer.handle [as handle_request] (C:\Projects\paperbird\server\node_modules\express\lib\router\layer.js:95:5)
    at C:\Projects\paperbird\server\node_modules\express\lib\router\index.js:281:22
    at Function.process_params (C:\Projects\paperbird\server\node_modules\express\lib\router\index.js:335:12)
    at next (C:\Projects\paperbird\server\node_modules\express\lib\router\index.js:275:10)
    at Function.handle (C:\Projects\paperbird\server\node_modules\express\lib\router\index.js:174:3)
    at router (C:\Projects\paperbird\server\node_modules\express\lib\router\index.js:47:12)
    at Layer.handle [as handle_request] (C:\Projects\paperbird\server\node_modules\express\lib\router\layer.js:95:5)
    at trim_prefix (C:\Projects\paperbird\server\node_modules\express\lib\router\index.js:317:13)
    at C:\Projects\paperbird\server\node_modules\express\lib\router\index.js:284:7
    at Function.process_params (C:\Projects\paperbird\server\node_modules\express\lib\router\index.js:335:12)
    at next (C:\Projects\paperbird\server\node_modules\express\lib\router\index.js:275:10)
    at C:\Projects\paperbird\server\app.js:186:3
    at Layer.handle [as handle_request] (C:\Projects\paperbird\server\node_modules\express\lib\router\layer.js:95:5)
    at trim_prefix (C:\Projects\paperbird\server\node_modules\express\lib\router\index.js:317:13)
    at C:\Projects\paperbird\server\node_modules\express\lib\router\index.js:284:7
    at Function.process_params (C:\Projects\paperbird\server\node_modules\express\lib\router\index.js:335:12)
    at next (C:\Projects\paperbird\server\node_modules\express\lib\router\index.js:275:10)
    at next (C:\Projects\paperbird\server\node_modules\express\lib\router\route.js:127:14)
    at next (C:\Projects\paperbird\server\node_modules\express\lib\router\route.js:131:14)
    at next (C:\Projects\paperbird\server\node_modules\express\lib\router\route.js:131:14)
    at next (C:\Projects\paperbird\server\node_modules\express\lib\router\route.js:131:14)
[2021-09-27T14:27:00.488] [INFO] Paperbird - [/getSupplierMessages/:id, {"get":true}][10:25:36 AM], Customers chat room
[2021-09-27T14:27:20.551] [INFO] Paperbird - [/getSupplierMessages/:id, {"get":true}][10:25:36 AM], Customers chat room
[2021-09-27T14:27:25.728] [INFO] Paperbird - [/getChatMessages/:id, {"get":true}][10:25:36 AM], Chat Messages
[2021-09-27T14:27:31.145] [INFO] Paperbird - [/getCustomerChats/:id, {"get":true}][10:25:36 AM], Customers chat room
[2021-09-27T14:27:31.841] [INFO] Paperbird - [/getChatMessages/:id, {"get":true}][10:25:36 AM], Chat Messages
[2021-09-27T14:28:31.929] [INFO] Paperbird - [/getChatMessages/:id, {"get":true}][10:25:36 AM], Chat Messages
[2021-09-27T14:28:35.873] [INFO] Paperbird - [/getCustomerChats/:id, {"get":true}][10:25:36 AM], Customers chat room
[2021-09-27T14:28:36.660] [INFO] Paperbird - [/getChatMessages/:id, {"get":true}][10:25:36 AM], Chat Messages
[2021-09-27T14:28:40.841] [INFO] Paperbird - [/getChatMessages/:id, {"get":true}][10:25:36 AM], Chat Messages
[2021-09-27T14:28:56.010] [INFO] Paperbird - [/getAllProductGroup/:name, {"get":true}][10:25:36 AM], All data
[2021-09-27T14:28:56.052] [INFO] Paperbird - [/getCustomerOrders, {"post":true}][10:25:36 AM], This are all customer Orders
[2021-09-27T14:28:56.188] [INFO] Paperbird - [/getSingleCustomerOrder/:id, {"get":true}][10:25:36 AM], All Orders
[2021-09-27T14:28:56.189] [INFO] Paperbird - [/getSingleCustomerOrder/:id, {"get":true}][10:25:36 AM], All Orders
[2021-09-27T14:29:02.053] [INFO] Paperbird - [/getCustomerChats/:id, {"get":true}][10:25:36 AM], Customers chat room
[2021-09-27T14:29:03.621] [INFO] Paperbird - [/getChatMessages/:id, {"get":true}][10:25:36 AM], Chat Messages
[2021-09-27T14:54:30.714] [INFO] Paperbird - [/getChatMessages/:id, {"get":true}][10:25:36 AM], Chat Messages
[2021-09-27T14:54:35.675] [INFO] Paperbird - [/getSupplierMessages/:id, {"get":true}][10:25:36 AM], Customers chat room
[2021-09-27T14:54:36.478] [INFO] Paperbird - [/getChatMessages/:id, {"get":true}][10:25:36 AM], Chat Messages
[2021-09-27T15:07:26.378] [INFO] Paperbird - [/getCustomerChats/:id, {"get":true}][3:07:16 PM], Customers chat room
[2021-09-27T15:07:27.186] [INFO] Paperbird - [/getChatMessages/:id, {"get":true}][3:07:16 PM], Chat Messages
[2021-09-27T15:07:29.583] [INFO] Paperbird - [/getSupplierMessages/:id, {"get":true}][3:07:16 PM], Customers chat room
[2021-09-27T15:07:30.552] [INFO] Paperbird - [/getChatMessages/:id, {"get":true}][3:07:16 PM], Chat Messages
[2021-09-27T15:07:54.147] [INFO] Paperbird - [/getAllProductGroup/:name, {"get":true}][3:07:16 PM], All data
[2021-09-27T15:07:54.149] [INFO] Paperbird - [/getCustomerOrders, {"post":true}][3:07:16 PM], This are all customer Orders
[2021-09-27T15:07:54.279] [INFO] Paperbird - [/getSingleCustomerOrder/:id, {"get":true}][3:07:16 PM], All Orders
[2021-09-27T15:07:54.280] [INFO] Paperbird - [/getSingleCustomerOrder/:id, {"get":true}][3:07:16 PM], All Orders
[2021-09-27T15:07:55.609] [INFO] Paperbird - [/getCustomerChats/:id, {"get":true}][3:07:16 PM], Customers chat room
[2021-09-27T15:07:56.397] [INFO] Paperbird - [/getChatMessages/:id, {"get":true}][3:07:16 PM], Chat Messages
[2021-09-27T15:14:31.061] [INFO] Paperbird - [/getCustomerChats/:id, {"get":true}][3:07:16 PM], Customers chat room
[2021-09-27T15:14:38.184] [INFO] Paperbird - [/getAllProductGroup/:name, {"get":true}][3:07:16 PM], All data
[2021-09-27T15:14:38.201] [INFO] Paperbird - [/getCustomerOrders, {"post":true}][3:07:16 PM], This are all customer Orders
[2021-09-27T15:14:38.302] [INFO] Paperbird - [/getSingleCustomerOrder/:id, {"get":true}][3:07:16 PM], All Orders
[2021-09-27T15:14:38.305] [INFO] Paperbird - [/getSingleCustomerOrder/:id, {"get":true}][3:07:16 PM], All Orders
[2021-09-27T15:14:40.061] [INFO] Paperbird - [/getCustomerChats/:id, {"get":true}][3:07:16 PM], Customers chat room
[2021-09-27T15:14:40.781] [INFO] Paperbird - [/getChatMessages/:id, {"get":true}][3:07:16 PM], Chat Messages
[2021-09-27T15:14:45.626] [INFO] Paperbird - [/getSupplierMessages/:id, {"get":true}][3:07:16 PM], Customers chat room
[2021-09-27T15:14:46.701] [INFO] Paperbird - [/getChatMessages/:id, {"get":true}][3:07:16 PM], Chat Messages
[2021-09-27T15:16:34.836] [INFO] Paperbird - [/getAllProductGroup/:name, {"get":true}][3:16:32 PM], All data
[2021-09-27T15:16:34.866] [INFO] Paperbird - [/getCustomerOrders, {"post":true}][3:16:32 PM], This are all customer Orders
[2021-09-27T15:16:34.962] [INFO] Paperbird - [/getSingleCustomerOrder/:id, {"get":true}][3:16:32 PM], All Orders
[2021-09-27T15:16:34.965] [INFO] Paperbird - [/getSingleCustomerOrder/:id, {"get":true}][3:16:32 PM], All Orders
[2021-09-27T15:16:35.662] [INFO] Paperbird - [/getCustomerChats/:id, {"get":true}][3:16:32 PM], Customers chat room
[2021-09-27T15:16:36.299] [INFO] Paperbird - [/getChatMessages/:id, {"get":true}][3:16:32 PM], Chat Messages
[2021-09-27T15:16:38.579] [INFO] Paperbird - [/getSupplierMessages/:id, {"get":true}][3:16:32 PM], Customers chat room
[2021-09-27T15:16:39.041] [INFO] Paperbird - [/getChatMessages/:id, {"get":true}][3:16:32 PM], Chat Messages
[2021-09-27T15:21:43.688] [INFO] Paperbird - [/getAllProductGroup/:name, {"get":true}][3:21:36 PM], All data
[2021-09-27T15:21:43.754] [INFO] Paperbird - [/getCustomerOrders, {"post":true}][3:21:36 PM], This are all customer Orders
[2021-09-27T15:21:43.889] [INFO] Paperbird - [/getSingleCustomerOrder/:id, {"get":true}][3:21:36 PM], All Orders
[2021-09-27T15:21:43.891] [INFO] Paperbird - [/getSingleCustomerOrder/:id, {"get":true}][3:21:36 PM], All Orders
[2021-09-27T15:21:44.170] [INFO] Paperbird - [/getCustomerChats/:id, {"get":true}][3:21:36 PM], Customers chat room
[2021-09-27T15:21:44.973] [INFO] Paperbird - [/getChatMessages/:id, {"get":true}][3:21:36 PM], Chat Messages
[2021-09-27T15:21:48.932] [INFO] Paperbird - [/getSupplierMessages/:id, {"get":true}][3:21:36 PM], Customers chat room
[2021-09-27T15:21:49.644] [INFO] Paperbird - [/getChatMessages/:id, {"get":true}][3:21:36 PM], Chat Messages
[2021-09-27T15:23:16.396] [INFO] Paperbird - [/getAllProductGroup/:name, {"get":true}][3:23:06 PM], All data
[2021-09-27T15:23:16.441] [INFO] Paperbird - [/getCustomerOrders, {"post":true}][3:23:06 PM], This are all customer Orders
[2021-09-27T15:23:16.531] [INFO] Paperbird - [/getSingleCustomerOrder/:id, {"get":true}][3:23:06 PM], All Orders
[2021-09-27T15:23:16.534] [INFO] Paperbird - [/getSingleCustomerOrder/:id, {"get":true}][3:23:06 PM], All Orders
[2021-09-27T15:23:21.934] [INFO] Paperbird - [/getCustomerChats/:id, {"get":true}][3:23:06 PM], Customers chat room
[2021-09-27T15:23:22.697] [INFO] Paperbird - [/getChatMessages/:id, {"get":true}][3:23:06 PM], Chat Messages
[2021-09-27T15:23:24.523] [INFO] Paperbird - [/getSupplierMessages/:id, {"get":true}][3:23:06 PM], Customers chat room
[2021-09-27T15:23:25.319] [INFO] Paperbird - [/getChatMessages/:id, {"get":true}][3:23:06 PM], Chat Messages
[2021-09-27T15:24:38.577] [INFO] Paperbird - [/getChatMessages/:id, {"get":true}][3:23:06 PM], Chat Messages
[2021-09-27T15:26:16.724] [INFO] Paperbird - [/getCustomerChats/:id, {"get":true}][3:23:06 PM], Customers chat room
[2021-09-27T15:26:29.845] [INFO] Paperbird - [/getChatMessages/:id, {"get":true}][3:23:06 PM], Chat Messages
[2021-09-27T15:26:53.453] [INFO] Paperbird - [/getCustomerChats/:id, {"get":true}][3:23:06 PM], Customers chat room
[2021-09-27T15:27:00.609] [INFO] Paperbird - [/getCustomerChats/:id, {"get":true}][3:23:06 PM], Customers chat room
[2021-09-27T15:27:03.274] [INFO] Paperbird - [/getCustomerChats/:id, {"get":true}][3:23:06 PM], Customers chat room
[2021-09-27T15:30:58.055] [INFO] Paperbird - [/getAllProductGroup/:name, {"get":true}][3:30:54 PM], All data
[2021-09-27T15:30:58.090] [INFO] Paperbird - [/getCustomerOrders, {"post":true}][3:30:54 PM], This are all customer Orders
[2021-09-27T15:30:58.217] [INFO] Paperbird - [/getSingleCustomerOrder/:id, {"get":true}][3:30:54 PM], All Orders
[2021-09-27T15:30:58.250] [INFO] Paperbird - [/getSingleCustomerOrder/:id, {"get":true}][3:30:54 PM], All Orders
[2021-09-27T15:31:01.731] [INFO] Paperbird - [/getSupplierMessages/:id, {"get":true}][3:30:54 PM], Customers chat room
[2021-09-27T15:31:02.586] [INFO] Paperbird - [/getChatMessages/:id, {"get":true}][3:30:54 PM], Chat Messages
[2021-09-27T15:31:04.978] [INFO] Paperbird - [/getCustomerChats/:id, {"get":true}][3:30:54 PM], Customers chat room
[2021-09-27T15:31:05.754] [INFO] Paperbird - [/getChatMessages/:id, {"get":true}][3:30:54 PM], Chat Messages
[2021-09-27T15:33:07.945] [INFO] Paperbird - [/getCustomerChats/:id, {"get":true}][3:30:54 PM], Customers chat room
[2021-09-27T15:33:19.519] [INFO] Paperbird - [/getCustomerChats/:id, {"get":true}][3:30:54 PM], Customers chat room
[2021-09-27T15:33:23.700] [INFO] Paperbird - [/getCustomerChats/:id, {"get":true}][3:30:54 PM], Customers chat room
[2021-09-27T15:33:26.037] [INFO] Paperbird - [/getCustomerChats/:id, {"get":true}][3:30:54 PM], Customers chat room
[2021-09-27T15:48:19.538] [INFO] Paperbird - [/getChatMessages/:id, {"get":true}][3:48:01 PM], Chat Messages
[2021-09-27T15:48:20.008] [INFO] Paperbird - [/getChatMessages/:id, {"get":true}][3:48:01 PM], Chat Messages
[2021-09-27T15:48:44.895] [INFO] Paperbird - [/getAllProductGroup/:name, {"get":true}][3:48:40 PM], All data
[2021-09-27T15:48:44.936] [INFO] Paperbird - [/getCustomerOrders, {"post":true}][3:48:40 PM], This are all customer Orders
[2021-09-27T15:48:45.105] [INFO] Paperbird - [/getSingleCustomerOrder/:id, {"get":true}][3:48:40 PM], All Orders
[2021-09-27T15:48:45.115] [INFO] Paperbird - [/getSingleCustomerOrder/:id, {"get":true}][3:48:40 PM], All Orders
[2021-09-27T15:48:45.797] [INFO] Paperbird - [/getCustomerChats/:id, {"get":true}][3:48:40 PM], Customers chat room
[2021-09-27T15:48:46.627] [INFO] Paperbird - [/getChatMessages/:id, {"get":true}][3:48:40 PM], Chat Messages
[2021-09-27T15:48:56.553] [INFO] Paperbird - [/getSupplierMessages/:id, {"get":true}][3:48:40 PM], Customers chat room
[2021-09-27T15:48:57.264] [INFO] Paperbird - [/getChatMessages/:id, {"get":true}][3:48:40 PM], Chat Messages
[2021-09-27T15:49:45.454] [INFO] Paperbird - [/getAllProductGroup/:name, {"get":true}][3:49:33 PM], All data
[2021-09-27T15:49:45.478] [INFO] Paperbird - [/getCustomerOrders, {"post":true}][3:49:33 PM], This are all customer Orders
[2021-09-27T15:49:45.651] [INFO] Paperbird - [/getSingleCustomerOrder/:id, {"get":true}][3:49:33 PM], All Orders
[2021-09-27T15:49:45.653] [INFO] Paperbird - [/getSingleCustomerOrder/:id, {"get":true}][3:49:33 PM], All Orders
[2021-09-27T15:49:46.606] [INFO] Paperbird - [/getCustomerChats/:id, {"get":true}][3:49:33 PM], Customers chat room
[2021-09-27T15:49:47.444] [INFO] Paperbird - [/getChatMessages/:id, {"get":true}][3:49:33 PM], Chat Messages
[2021-09-27T15:52:26.711] [INFO] Paperbird - [/getChatMessages/:id, {"get":true}][3:52:22 PM], Chat Messages
[2021-09-27T16:04:34.046] [INFO] Paperbird - [/getAllProductGroup/:name, {"get":true}][4:04:25 PM], All data
[2021-09-27T16:04:34.073] [INFO] Paperbird - [/getCustomerOrders, {"post":true}][4:04:25 PM], This are all customer Orders
[2021-09-27T16:04:34.229] [INFO] Paperbird - [/getSingleCustomerOrder/:id, {"get":true}][4:04:25 PM], All Orders
[2021-09-27T16:04:34.235] [INFO] Paperbird - [/getSingleCustomerOrder/:id, {"get":true}][4:04:25 PM], All Orders
[2021-09-27T16:04:34.786] [INFO] Paperbird - [/getCustomerChats/:id, {"get":true}][4:04:25 PM], Customers chat room
[2021-09-27T16:04:35.541] [INFO] Paperbird - [/getChatMessages/:id, {"get":true}][4:04:25 PM], Chat Messages
[2021-09-27T16:04:58.741] [INFO] Paperbird - [/getSupplierMessages/:id, {"get":true}][4:04:25 PM], Customers chat room
[2021-09-27T16:04:59.566] [INFO] Paperbird - [/getChatMessages/:id, {"get":true}][4:04:25 PM], Chat Messages
[2021-09-27T16:06:16.797] [INFO] Paperbird - [/getAllProductGroup/:name, {"get":true}][4:06:12 PM], All data
[2021-09-27T16:06:16.825] [INFO] Paperbird - [/getCustomerOrders, {"post":true}][4:06:12 PM], This are all customer Orders
[2021-09-27T16:06:16.986] [INFO] Paperbird - [/getSingleCustomerOrder/:id, {"get":true}][4:06:12 PM], All Orders
[2021-09-27T16:06:17.020] [INFO] Paperbird - [/getSingleCustomerOrder/:id, {"get":true}][4:06:12 PM], All Orders
[2021-09-27T16:06:22.873] [INFO] Paperbird - [/getCustomerChats/:id, {"get":true}][4:06:12 PM], Customers chat room
[2021-09-27T16:06:23.533] [INFO] Paperbird - [/getChatMessages/:id, {"get":true}][4:06:12 PM], Chat Messages
[2021-09-27T16:06:37.202] [INFO] Paperbird - [/getSupplierMessages/:id, {"get":true}][4:06:12 PM], Customers chat room
[2021-09-27T16:06:37.924] [INFO] Paperbird - [/getChatMessages/:id, {"get":true}][4:06:12 PM], Chat Messages
[2021-09-27T16:08:24.682] [INFO] Paperbird - [/getAllProductGroup/:name, {"get":true}][4:08:22 PM], All data
[2021-09-27T16:08:24.739] [INFO] Paperbird - [/getCustomerOrders, {"post":true}][4:08:22 PM], This are all customer Orders
[2021-09-27T16:08:24.931] [INFO] Paperbird - [/getSingleCustomerOrder/:id, {"get":true}][4:08:22 PM], All Orders
[2021-09-27T16:08:24.933] [INFO] Paperbird - [/getSingleCustomerOrder/:id, {"get":true}][4:08:22 PM], All Orders
[2021-09-27T16:08:54.252] [INFO] Paperbird - [/getCustomerChats/:id, {"get":true}][4:08:22 PM], Customers chat room
[2021-09-27T16:08:55.032] [INFO] Paperbird - [/getChatMessages/:id, {"get":true}][4:08:22 PM], Chat Messages
[2021-09-27T16:10:03.324] [INFO] Paperbird - [/getChatMessages/:id, {"get":true}][4:09:44 PM], Chat Messages
[2021-09-27T16:13:15.412] [INFO] Paperbird - [/getChatMessages/:id, {"get":true}][4:10:36 PM], Chat Messages
[2021-09-27T16:42:19.481] [INFO] Paperbird - [/getAllProductGroup/:name, {"get":true}][4:10:36 PM], All data
[2021-09-27T16:42:19.483] [INFO] Paperbird - [/getCustomerOrders, {"post":true}][4:10:36 PM], This are all customer Orders
[2021-09-27T16:42:19.675] [INFO] Paperbird - [/getSingleCustomerOrder/:id, {"get":true}][4:10:36 PM], All Orders
[2021-09-27T16:42:19.676] [INFO] Paperbird - [/getSingleCustomerOrder/:id, {"get":true}][4:10:36 PM], All Orders
[2021-09-27T16:42:21.551] [INFO] Paperbird - [/getSupplierMessages/:id, {"get":true}][4:10:36 PM], Customers chat room
[2021-09-27T16:42:22.185] [INFO] Paperbird - [/getChatMessages/:id, {"get":true}][4:10:36 PM], Chat Messages
[2021-09-27T16:44:35.121] [INFO] Paperbird - [/getChatMessages/:id, {"get":true}][4:44:31 PM], Chat Messages
[2021-09-27T16:46:31.761] [INFO] Paperbird - [/getSupplierMessages/:id, {"get":true}][4:46:25 PM], Customers chat room
[2021-09-27T16:46:33.911] [INFO] Paperbird - [/getChatMessages/:id, {"get":true}][4:46:25 PM], Chat Messages
[2021-09-27T16:47:02.028] [INFO] Paperbird - [/getChatMessages/:id, {"get":true}][4:46:52 PM], Chat Messages
[2021-09-27T16:47:22.404] [INFO] Paperbird - [/getChatMessages/:id, {"get":true}][4:47:18 PM], Chat Messages
[2021-09-27T16:47:58.868] [INFO] Paperbird - [/getSupplierMessages/:id, {"get":true}][4:47:50 PM], Customers chat room
[2021-09-27T16:47:59.540] [INFO] Paperbird - [/getChatMessages/:id, {"get":true}][4:47:50 PM], Chat Messages
[2021-09-27T16:48:26.267] [INFO] Paperbird - [/getAllProductGroup/:name, {"get":true}][4:48:22 PM], All data
[2021-09-27T16:48:26.295] [INFO] Paperbird - [/getCustomerOrders, {"post":true}][4:48:22 PM], This are all customer Orders
[2021-09-27T16:48:26.475] [INFO] Paperbird - [/getSingleCustomerOrder/:id, {"get":true}][4:48:22 PM], All Orders
[2021-09-27T16:48:26.478] [INFO] Paperbird - [/getSingleCustomerOrder/:id, {"get":true}][4:48:22 PM], All Orders
[2021-09-27T16:48:30.350] [INFO] Paperbird - [/getSupplierMessages/:id, {"get":true}][4:48:22 PM], Customers chat room
[2021-09-27T16:48:30.906] [INFO] Paperbird - [/getChatMessages/:id, {"get":true}][4:48:22 PM], Chat Messages
[2021-09-27T16:48:33.040] [INFO] Paperbird - [/getCustomerChats/:id, {"get":true}][4:48:22 PM], Customers chat room
[2021-09-27T16:48:33.580] [INFO] Paperbird - [/getChatMessages/:id, {"get":true}][4:48:22 PM], Chat Messages
[2021-09-27T16:49:43.799] [INFO] Paperbird - [/getAllProductGroup/:name, {"get":true}][4:49:23 PM], All data
[2021-09-27T16:49:43.832] [INFO] Paperbird - [/getCustomerOrders, {"post":true}][4:49:23 PM], This are all customer Orders
[2021-09-27T16:49:44.017] [INFO] Paperbird - [/getSingleCustomerOrder/:id, {"get":true}][4:49:23 PM], All Orders
[2021-09-27T16:49:44.048] [INFO] Paperbird - [/getSingleCustomerOrder/:id, {"get":true}][4:49:23 PM], All Orders
[2021-09-27T16:49:54.410] [INFO] Paperbird - [/getCustomerChats/:id, {"get":true}][4:49:23 PM], Customers chat room
[2021-09-27T16:49:56.655] [INFO] Paperbird - [/getSupplierMessages/:id, {"get":true}][4:49:23 PM], Customers chat room
[2021-09-27T16:49:57.660] [INFO] Paperbird - [/getChatMessages/:id, {"get":true}][4:49:23 PM], Chat Messages
[2021-09-27T16:50:08.748] [INFO] Paperbird - [/getChatMessages/:id, {"get":true}][4:49:23 PM], Chat Messages
[2021-09-27T16:51:57.836] [INFO] Paperbird - [/getAllProductGroup/:name, {"get":true}][4:51:49 PM], All data
[2021-09-27T16:51:57.866] [INFO] Paperbird - [/getCustomerOrders, {"post":true}][4:51:49 PM], This are all customer Orders
[2021-09-27T16:51:58.066] [INFO] Paperbird - [/getSingleCustomerOrder/:id, {"get":true}][4:51:49 PM], All Orders
[2021-09-27T16:51:58.072] [INFO] Paperbird - [/getSingleCustomerOrder/:id, {"get":true}][4:51:49 PM], All Orders
[2021-09-27T16:52:14.041] [INFO] Paperbird - [/getSupplierMessages/:id, {"get":true}][4:51:49 PM], Customers chat room
[2021-09-27T16:52:14.870] [INFO] Paperbird - [/getChatMessages/:id, {"get":true}][4:51:49 PM], Chat Messages
[2021-09-27T16:52:47.833] [INFO] Paperbird - [/getAllProductGroup/:name, {"get":true}][4:51:49 PM], All data
[2021-09-27T16:52:47.863] [INFO] Paperbird - [/getCustomerOrders, {"post":true}][4:51:49 PM], This are all customer Orders
[2021-09-27T16:52:48.059] [INFO] Paperbird - [/getSingleCustomerOrder/:id, {"get":true}][4:51:49 PM], All Orders
[2021-09-27T16:52:48.085] [INFO] Paperbird - [/getSingleCustomerOrder/:id, {"get":true}][4:51:49 PM], All Orders
[2021-09-27T16:53:18.188] [INFO] Paperbird - [/getCustomerChats/:id, {"get":true}][4:51:49 PM], Customers chat room
[2021-09-27T16:53:19.436] [INFO] Paperbird - [/getChatMessages/:id, {"get":true}][4:51:49 PM], Chat Messages
[2021-09-27T16:55:28.125] [INFO] Paperbird - [/getCustomerChats/:id, {"get":true}][4:51:49 PM], Customers chat room
[2021-09-27T16:55:28.129] [INFO] Paperbird - [/getAllProductGroup/:name, {"get":true}][4:51:49 PM], All data
[2021-09-27T16:55:28.153] [INFO] Paperbird - [/getCustomerOrders, {"post":true}][4:51:49 PM], This are all customer Orders
[2021-09-27T16:55:28.248] [INFO] Paperbird - [/getSingleCustomerOrder/:id, {"get":true}][4:51:49 PM], All Orders
[2021-09-27T16:55:28.250] [INFO] Paperbird - [/getSingleCustomerOrder/:id, {"get":true}][4:51:49 PM], All Orders
[2021-09-27T16:55:38.086] [INFO] Paperbird - [/getAllProductGroup/:name, {"get":true}][4:51:49 PM], All data
[2021-09-27T16:55:38.088] [INFO] Paperbird - [/getCustomerChats/:id, {"get":true}][4:51:49 PM], Customers chat room
[2021-09-27T16:55:38.114] [INFO] Paperbird - [/getCustomerOrders, {"post":true}][4:51:49 PM], This are all customer Orders
[2021-09-27T16:55:38.180] [INFO] Paperbird - [/getSingleCustomerOrder/:id, {"get":true}][4:51:49 PM], All Orders
[2021-09-27T16:55:38.181] [INFO] Paperbird - [/getSingleCustomerOrder/:id, {"get":true}][4:51:49 PM], All Orders
[2021-09-27T17:00:19.193] [INFO] Paperbird - [/getAllProductGroup/:name, {"get":true}][4:59:47 PM], All data
[2021-09-27T17:00:19.221] [INFO] Paperbird - [/getCustomerOrders, {"post":true}][4:59:47 PM], This are all customer Orders
[2021-09-27T17:00:19.399] [INFO] Paperbird - [/getSingleCustomerOrder/:id, {"get":true}][4:59:47 PM], All Orders
[2021-09-27T17:00:19.404] [INFO] Paperbird - [/getSingleCustomerOrder/:id, {"get":true}][4:59:47 PM], All Orders
[2021-09-27T17:00:20.985] [INFO] Paperbird - [/getCustomerChats/:id, {"get":true}][4:59:47 PM], Customers chat room
[2021-09-27T17:00:21.759] [INFO] Paperbird - [/getChatMessages/:id, {"get":true}][4:59:47 PM], Chat Messages
[2021-09-27T17:12:37.566] [INFO] Paperbird - [/getAllProductGroup/:name, {"get":true}][5:01:35 PM], All data
[2021-09-27T17:12:37.601] [INFO] Paperbird - [/getCustomerOrders, {"post":true}][5:01:35 PM], This are all customer Orders
[2021-09-27T17:12:37.739] [INFO] Paperbird - [/getSingleCustomerOrder/:id, {"get":true}][5:01:35 PM], All Orders
[2021-09-27T17:12:37.741] [INFO] Paperbird - [/getSingleCustomerOrder/:id, {"get":true}][5:01:35 PM], All Orders
[2021-09-27T17:12:38.195] [INFO] Paperbird - [/getCustomerChats/:id, {"get":true}][5:01:35 PM], Customers chat room
[2021-09-27T17:12:38.895] [INFO] Paperbird - [/getChatMessages/:id, {"get":true}][5:01:35 PM], Chat Messages
[2021-09-27T17:12:41.192] [INFO] Paperbird - [/getSupplierMessages/:id, {"get":true}][5:01:35 PM], Customers chat room
[2021-09-27T17:12:41.683] [INFO] Paperbird - [/getChatMessages/:id, {"get":true}][5:01:35 PM], Chat Messages
[2021-09-27T17:15:03.413] [INFO] Paperbird - [/getAllProductGroup/:name, {"get":true}][5:14:59 PM], All data
[2021-09-27T17:15:03.443] [INFO] Paperbird - [/getCustomerOrders, {"post":true}][5:14:59 PM], This are all customer Orders
[2021-09-27T17:15:03.642] [INFO] Paperbird - [/getSingleCustomerOrder/:id, {"get":true}][5:14:59 PM], All Orders
[2021-09-27T17:15:03.646] [INFO] Paperbird - [/getSingleCustomerOrder/:id, {"get":true}][5:14:59 PM], All Orders
[2021-09-27T17:15:08.587] [INFO] Paperbird - [/getCustomerChats/:id, {"get":true}][5:14:59 PM], Customers chat room
[2021-09-27T17:15:09.223] [INFO] Paperbird - [/getChatMessages/:id, {"get":true}][5:14:59 PM], Chat Messages
[2021-09-27T17:15:11.703] [INFO] Paperbird - [/getSupplierMessages/:id, {"get":true}][5:14:59 PM], Customers chat room
[2021-09-27T17:15:12.360] [INFO] Paperbird - [/getChatMessages/:id, {"get":true}][5:14:59 PM], Chat Messages
[2021-09-27T17:16:40.777] [INFO] Paperbird - [/getAllProductGroup/:name, {"get":true}][5:16:37 PM], All data
[2021-09-27T17:16:40.809] [INFO] Paperbird - [/getCustomerOrders, {"post":true}][5:16:37 PM], This are all customer Orders
[2021-09-27T17:16:40.925] [INFO] Paperbird - [/getSingleCustomerOrder/:id, {"get":true}][5:16:37 PM], All Orders
[2021-09-27T17:16:40.949] [INFO] Paperbird - [/getSingleCustomerOrder/:id, {"get":true}][5:16:37 PM], All Orders
[2021-09-27T17:16:46.819] [INFO] Paperbird - [/getCustomerChats/:id, {"get":true}][5:16:37 PM], Customers chat room
[2021-09-27T17:16:47.645] [INFO] Paperbird - [/getChatMessages/:id, {"get":true}][5:16:37 PM], Chat Messages
[2021-09-27T17:17:04.681] [INFO] Paperbird - [/getSupplierMessages/:id, {"get":true}][5:16:37 PM], Customers chat room
[2021-09-27T17:17:05.433] [INFO] Paperbird - [/getChatMessages/:id, {"get":true}][5:16:37 PM], Chat Messages
[2021-09-27T17:21:05.624] [INFO] Paperbird - [/getAllProductGroup/:name, {"get":true}][5:16:37 PM], All data
[2021-09-27T17:21:05.653] [INFO] Paperbird - [/getCustomerOrders, {"post":true}][5:16:37 PM], This are all customer Orders
[2021-09-27T17:21:05.865] [INFO] Paperbird - [/getSingleCustomerOrder/:id, {"get":true}][5:16:37 PM], All Orders
[2021-09-27T17:21:05.866] [INFO] Paperbird - [/getSingleCustomerOrder/:id, {"get":true}][5:16:37 PM], All Orders
[2021-09-27T17:21:06.658] [INFO] Paperbird - [/getCustomerChats/:id, {"get":true}][5:16:37 PM], Customers chat room
[2021-09-27T17:21:07.468] [INFO] Paperbird - [/getChatMessages/:id, {"get":true}][5:16:37 PM], Chat Messages
[2021-09-27T17:21:10.149] [INFO] Paperbird - [/getSupplierMessages/:id, {"get":true}][5:16:37 PM], Customers chat room
[2021-09-27T17:21:10.914] [INFO] Paperbird - [/getChatMessages/:id, {"get":true}][5:16:37 PM], Chat Messages
[2021-09-27T17:22:25.139] [INFO] Paperbird - [/getCustomerOrders, {"post":true}][5:16:37 PM], This are all customer Orders
[2021-09-27T17:22:25.145] [INFO] Paperbird - [/getAllProductGroup/:name, {"get":true}][5:16:37 PM], All data
[2021-09-27T17:22:25.259] [INFO] Paperbird - [/getSingleCustomerOrder/:id, {"get":true}][5:16:37 PM], All Orders
[2021-09-27T17:22:25.279] [INFO] Paperbird - [/getSingleCustomerOrder/:id, {"get":true}][5:16:37 PM], All Orders
[2021-09-27T17:22:30.262] [INFO] Paperbird - [/getSupplierMessages/:id, {"get":true}][5:16:37 PM], Customers chat room
[2021-09-27T17:22:31.001] [INFO] Paperbird - [/getChatMessages/:id, {"get":true}][5:16:37 PM], Chat Messages
[2021-09-27T17:22:32.915] [INFO] Paperbird - [/getCustomerChats/:id, {"get":true}][5:16:37 PM], Customers chat room
[2021-09-27T17:22:33.693] [INFO] Paperbird - [/getChatMessages/:id, {"get":true}][5:16:37 PM], Chat Messages
[2021-09-27T17:34:30.926] [INFO] Paperbird - [/getAllProductGroup/:name, {"get":true}][5:16:37 PM], All data
[2021-09-27T17:34:30.950] [INFO] Paperbird - [/getCustomerOrders, {"post":true}][5:16:37 PM], This are all customer Orders
[2021-09-27T17:34:31.207] [INFO] Paperbird - [/getSingleCustomerOrder/:id, {"get":true}][5:16:37 PM], All Orders
[2021-09-27T17:34:31.210] [INFO] Paperbird - [/getSingleCustomerOrder/:id, {"get":true}][5:16:37 PM], All Orders
[2021-09-27T17:34:33.565] [INFO] Paperbird - [/getCustomerChats/:id, {"get":true}][5:16:37 PM], Customers chat room
[2021-09-27T17:34:34.412] [INFO] Paperbird - [/getChatMessages/:id, {"get":true}][5:16:37 PM], Chat Messages
[2021-09-27T17:34:37.549] [INFO] Paperbird - [/getSupplierMessages/:id, {"get":true}][5:16:37 PM], Customers chat room
[2021-09-27T17:34:38.362] [INFO] Paperbird - [/getChatMessages/:id, {"get":true}][5:16:37 PM], Chat Messages
[2021-09-27T17:43:23.101] [INFO] Paperbird - [/getAllProductGroup/:name, {"get":true}][5:16:37 PM], All data
[2021-09-27T17:43:23.110] [INFO] Paperbird - [/getCustomerOrders, {"post":true}][5:16:37 PM], This are all customer Orders
[2021-09-27T17:43:23.278] [INFO] Paperbird - [/getSingleCustomerOrder/:id, {"get":true}][5:16:37 PM], All Orders
[2021-09-27T17:43:23.313] [INFO] Paperbird - [/getSingleCustomerOrder/:id, {"get":true}][5:16:37 PM], All Orders
[2021-09-27T17:43:36.329] [INFO] Paperbird - [/getAllProductGroup/:name, {"get":true}][5:16:37 PM], All data
[2021-09-27T17:43:36.347] [INFO] Paperbird - [/getCustomerOrders, {"post":true}][5:16:37 PM], This are all customer Orders
[2021-09-27T17:43:36.526] [INFO] Paperbird - [/getSingleCustomerOrder/:id, {"get":true}][5:16:37 PM], All Orders
[2021-09-27T17:43:36.529] [INFO] Paperbird - [/getSingleCustomerOrder/:id, {"get":true}][5:16:37 PM], All Orders
[2021-09-27T17:46:51.551] [INFO] Paperbird - [/getAllProductGroup/:name, {"get":true}][5:45:06 PM], All data
[2021-09-27T17:46:51.579] [INFO] Paperbird - [/getCustomerOrders, {"post":true}][5:45:06 PM], This are all customer Orders
[2021-09-27T17:46:51.754] [INFO] Paperbird - [/getSingleCustomerOrder/:id, {"get":true}][5:45:06 PM], All Orders
[2021-09-27T17:46:51.763] [INFO] Paperbird - [/getSingleCustomerOrder/:id, {"get":true}][5:45:06 PM], All Orders
[2021-09-27T17:46:52.362] [INFO] Paperbird - [/getCustomerChats/:id, {"get":true}][5:45:06 PM], Customers chat room
[2021-09-27T17:46:53.241] [INFO] Paperbird - [/getChatMessages/:id, {"get":true}][5:45:06 PM], Chat Messages
[2021-09-27T17:46:55.000] [INFO] Paperbird - [/getSupplierMessages/:id, {"get":true}][5:45:06 PM], Customers chat room
[2021-09-27T17:46:55.699] [INFO] Paperbird - [/getChatMessages/:id, {"get":true}][5:45:06 PM], Chat Messages
[2021-09-27T17:47:32.109] [INFO] Paperbird - [/getAllProductGroup/:name, {"get":true}][5:45:06 PM], All data
[2021-09-27T17:47:32.128] [INFO] Paperbird - [/getCustomerOrders, {"post":true}][5:45:06 PM], This are all customer Orders
[2021-09-27T17:47:32.302] [INFO] Paperbird - [/getSingleCustomerOrder/:id, {"get":true}][5:45:06 PM], All Orders
[2021-09-27T17:47:32.321] [INFO] Paperbird - [/getSingleCustomerOrder/:id, {"get":true}][5:45:06 PM], All Orders
[2021-09-27T17:47:33.010] [INFO] Paperbird - [/getCustomerChats/:id, {"get":true}][5:45:06 PM], Customers chat room
[2021-09-27T17:47:33.973] [INFO] Paperbird - [/getChatMessages/:id, {"get":true}][5:45:06 PM], Chat Messages
[2021-09-27T17:47:35.630] [INFO] Paperbird - [/getSupplierMessages/:id, {"get":true}][5:45:06 PM], Customers chat room
[2021-09-27T17:47:36.226] [INFO] Paperbird - [/getChatMessages/:id, {"get":true}][5:45:06 PM], Chat Messages
[2021-09-27T17:48:38.560] [INFO] Paperbird - [/getAllProductGroup/:name, {"get":true}][5:45:06 PM], All data
[2021-09-27T17:48:38.576] [INFO] Paperbird - [/getCustomerOrders, {"post":true}][5:45:06 PM], This are all customer Orders
[2021-09-27T17:48:38.769] [INFO] Paperbird - [/getSingleCustomerOrder/:id, {"get":true}][5:45:06 PM], All Orders
[2021-09-27T17:48:38.774] [INFO] Paperbird - [/getSingleCustomerOrder/:id, {"get":true}][5:45:06 PM], All Orders
[2021-09-27T17:48:39.173] [INFO] Paperbird - [/getSupplierMessages/:id, {"get":true}][5:45:06 PM], Customers chat room
[2021-09-27T17:48:39.865] [INFO] Paperbird - [/getChatMessages/:id, {"get":true}][5:45:06 PM], Chat Messages
[2021-09-27T17:48:41.730] [INFO] Paperbird - [/getCustomerChats/:id, {"get":true}][5:45:06 PM], Customers chat room
[2021-09-27T17:48:42.260] [INFO] Paperbird - [/getChatMessages/:id, {"get":true}][5:45:06 PM], Chat Messages
[2021-09-27T17:48:56.309] [INFO] Paperbird - [/getSupplierMessages/:id, {"get":true}][5:45:06 PM], Customers chat room
[2021-09-27T17:48:56.945] [INFO] Paperbird - [/getChatMessages/:id, {"get":true}][5:45:06 PM], Chat Messages
[2021-09-27T18:00:12.494] [INFO] Paperbird - [/getSupplierMessages/:id, {"get":true}][5:45:06 PM], Customers chat room
[2021-09-27T18:00:18.004] [INFO] Paperbird - [/getChatMessages/:id, {"get":true}][5:45:06 PM], Chat Messages
[2021-09-27T18:00:35.446] [INFO] Paperbird - [/getAllProductGroup/:name, {"get":true}][5:45:06 PM], All data
[2021-09-27T18:00:35.460] [INFO] Paperbird - [/getCustomerOrders, {"post":true}][5:45:06 PM], This are all customer Orders
[2021-09-27T18:00:35.622] [INFO] Paperbird - [/getSingleCustomerOrder/:id, {"get":true}][5:45:06 PM], All Orders
[2021-09-27T18:00:35.655] [INFO] Paperbird - [/getSingleCustomerOrder/:id, {"get":true}][5:45:06 PM], All Orders
[2021-09-27T18:00:36.150] [INFO] Paperbird - [/getCustomerChats/:id, {"get":true}][5:45:06 PM], Customers chat room
[2021-09-27T18:00:36.853] [INFO] Paperbird - [/getChatMessages/:id, {"get":true}][5:45:06 PM], Chat Messages
[2021-09-27T18:00:38.288] [INFO] Paperbird - [/getSupplierMessages/:id, {"get":true}][5:45:06 PM], Customers chat room
[2021-09-27T18:00:38.833] [INFO] Paperbird - [/getChatMessages/:id, {"get":true}][5:45:06 PM], Chat Messages
[2021-09-27T18:01:12.423] [INFO] Paperbird - [/getSupplierMessages/:id, {"get":true}][5:45:06 PM], Customers chat room
[2021-09-27T18:01:13.033] [INFO] Paperbird - [/getChatMessages/:id, {"get":true}][5:45:06 PM], Chat Messages
[2021-09-27T18:03:59.581] [INFO] Paperbird - [/getSupplierMessages/:id, {"get":true}][5:45:06 PM], Customers chat room
[2021-09-27T18:04:00.137] [INFO] Paperbird - [/getChatMessages/:id, {"get":true}][5:45:06 PM], Chat Messages
[2021-09-27T18:04:59.095] [INFO] Paperbird - [/getAllProductGroup/:name, {"get":true}][5:45:06 PM], All data
[2021-09-27T18:05:13.248] [WARN] Paperbird - [/customer, {"post":true}][5:45:06 PM], Invalid credentials
[2021-09-27T18:05:17.985] [INFO] Paperbird - [/customer, {"post":true}][5:45:06 PM], Customer Login Successfull
[2021-09-27T18:05:21.858] [INFO] Paperbird - [/getCustomerChats/:id, {"get":true}][5:45:06 PM], Customers chat room
[2021-09-27T18:05:23.627] [INFO] Paperbird - [/getChatMessages/:id, {"get":true}][5:45:06 PM], Chat Messages
[2021-09-27T18:09:37.550] [INFO] Paperbird - [/getCustomerChats/:id, {"get":true}][5:45:06 PM], Customers chat room
[2021-09-27T18:10:02.574] [INFO] Paperbird - [/getCustomerChats/:id, {"get":true}][5:45:06 PM], Customers chat room
[2021-09-27T18:10:03.334] [INFO] Paperbird - [/getChatMessages/:id, {"get":true}][5:45:06 PM], Chat Messages
[2021-09-27T18:13:40.760] [INFO] Paperbird - [/getSupplierMessages/:id, {"get":true}][5:45:06 PM], Customers chat room
[2021-09-27T18:13:41.530] [INFO] Paperbird - [/getChatMessages/:id, {"get":true}][5:45:06 PM], Chat Messages
[2021-09-27T18:14:11.787] [INFO] Paperbird - [/getCustomerChats/:id, {"get":true}][5:45:06 PM], Customers chat room
[2021-09-27T18:14:12.670] [INFO] Paperbird - [/getChatMessages/:id, {"get":true}][5:45:06 PM], Chat Messages
[2021-09-27T18:17:08.853] [INFO] Paperbird - [/getChatMessages/:id, {"get":true}][6:16:59 PM], Chat Messages
[2021-09-27T18:18:58.136] [INFO] Paperbird - [/getCustomerChats/:id, {"get":true}][6:16:59 PM], Customers chat room
[2021-09-27T18:18:59.127] [INFO] Paperbird - [/getChatMessages/:id, {"get":true}][6:16:59 PM], Chat Messages
[2021-09-27T18:21:09.042] [INFO] Paperbird - [/getAllProductGroup/:name, {"get":true}][6:16:59 PM], All data
[2021-09-27T18:21:09.046] [INFO] Paperbird - [/getAllProductGroup/:name, {"get":true}][6:16:59 PM], All data
[2021-09-27T18:21:09.087] [INFO] Paperbird - [/getAllProductSubgroup/:name, {"get":true}][6:16:59 PM], All data
[2021-09-27T18:21:09.129] [INFO] Paperbird - [/getAllPaperClass/:name, {"get":true}][6:16:59 PM], All data
[2021-09-27T18:21:09.180] [INFO] Paperbird - [/getAllPaperQuality/:name, {"get":true}][6:16:59 PM], All data
[2021-09-27T18:21:09.209] [INFO] Paperbird - [/getAllPaperPrintibility/:name, {"get":true}][6:16:59 PM], All data
[2021-09-27T18:21:09.230] [INFO] Paperbird - [/getAllPaperColor/:name, {"get":true}][6:16:59 PM], All data
[2021-09-27T18:21:09.241] [INFO] Paperbird - [/getAllMeasurementUnit/:name, {"get":true}][6:16:59 PM], All data
[2021-09-27T18:21:09.250] [INFO] Paperbird - [/getAllPaperGrain/:name, {"get":true}][6:16:59 PM], All data
[2021-09-27T18:21:09.261] [INFO] Paperbird - [/getAllGroupsForCustomer, {"get":true}][6:16:59 PM], All customer groups
[2021-09-27T18:21:09.306] [INFO] Paperbird - [/getSupplier, {"post":true}][6:16:59 PM], Supplier Data
[2021-09-27T18:21:09.381] [INFO] Paperbird - [/allProducts, {"post":true}][6:16:59 PM], All products
[2021-09-27T18:21:12.239] [INFO] Paperbird - [/searchSuggestionsList, {"post":true}][6:16:59 PM], All searched suggestion list
[2021-09-27T18:22:26.719] [INFO] Paperbird - [/getAllProductGroup/:name, {"get":true}][6:22:25 PM], All data
[2021-09-27T18:22:26.737] [INFO] Paperbird - [/getCustomerOrders, {"post":true}][6:22:25 PM], This are all customer Orders
[2021-09-27T18:22:26.821] [INFO] Paperbird - [/getSingleCustomerOrder/:id, {"get":true}][6:22:25 PM], All Orders
[2021-09-27T18:22:26.823] [INFO] Paperbird - [/getSingleCustomerOrder/:id, {"get":true}][6:22:25 PM], All Orders
[2021-09-27T18:22:28.629] [INFO] Paperbird - [/getCustomerChats/:id, {"get":true}][6:22:25 PM], Customers chat room
[2021-09-27T18:22:29.310] [INFO] Paperbird - [/getChatMessages/:id, {"get":true}][6:22:25 PM], Chat Messages
[2021-09-27T18:25:04.806] [INFO] Paperbird - [/getCustomerChats/:id, {"get":true}][6:22:25 PM], Customers chat room
[2021-09-27T18:25:04.822] [INFO] Paperbird - [/getCustomerOrders, {"post":true}][6:22:25 PM], This are all customer Orders
[2021-09-27T18:25:04.912] [INFO] Paperbird - [/getSingleCustomerOrder/:id, {"get":true}][6:22:25 PM], All Orders
[2021-09-27T18:25:12.205] [INFO] Paperbird - [/getCustomerChats/:id, {"get":true}][6:22:25 PM], Customers chat room
[2021-09-27T18:25:12.222] [INFO] Paperbird - [/getCustomerOrders, {"post":true}][6:22:25 PM], This are all customer Orders
[2021-09-27T18:25:12.278] [INFO] Paperbird - [/getSingleCustomerOrder/:id, {"get":true}][6:22:25 PM], All Orders
[2021-09-27T18:25:37.668] [INFO] Paperbird - [/getCustomerChats/:id, {"get":true}][6:22:25 PM], Customers chat room
[2021-09-27T18:25:37.686] [INFO] Paperbird - [/getCustomerOrders, {"post":true}][6:22:25 PM], This are all customer Orders
[2021-09-27T18:25:37.743] [INFO] Paperbird - [/getSingleCustomerOrder/:id, {"get":true}][6:22:25 PM], All Orders
[2021-09-27T18:25:40.036] [INFO] Paperbird - [/getCustomerChats/:id, {"get":true}][6:22:25 PM], Customers chat room
[2021-09-27T18:25:40.048] [INFO] Paperbird - [/getCustomerOrders, {"post":true}][6:22:25 PM], This are all customer Orders
[2021-09-27T18:25:40.098] [INFO] Paperbird - [/getSingleCustomerOrder/:id, {"get":true}][6:22:25 PM], All Orders
[2021-09-27T18:28:13.753] [INFO] Paperbird - [/getAllProductGroup/:name, {"get":true}][6:22:25 PM], All data
[2021-09-27T18:28:13.763] [INFO] Paperbird - [/getCustomerOrders, {"post":true}][6:22:25 PM], This are all customer Orders
[2021-09-27T18:28:13.867] [INFO] Paperbird - [/getSingleCustomerOrder/:id, {"get":true}][6:22:25 PM], All Orders
[2021-09-27T18:28:13.869] [INFO] Paperbird - [/getSingleCustomerOrder/:id, {"get":true}][6:22:25 PM], All Orders
[2021-09-27T18:29:37.057] [INFO] Paperbird - [/getCustomerChats/:id, {"get":true}][6:22:25 PM], Customers chat room
[2021-09-27T18:29:38.018] [INFO] Paperbird - [/getChatMessages/:id, {"get":true}][6:22:25 PM], Chat Messages
[2021-09-27T18:29:51.588] [INFO] Paperbird - [/getAllProductGroup/:name, {"get":true}][6:22:25 PM], All data
[2021-09-27T18:29:51.610] [INFO] Paperbird - [/getCustomerOrders, {"post":true}][6:22:25 PM], This are all customer Orders
[2021-09-27T18:29:51.753] [INFO] Paperbird - [/getSingleCustomerOrder/:id, {"get":true}][6:22:25 PM], All Orders
[2021-09-27T18:29:51.777] [INFO] Paperbird - [/getSingleCustomerOrder/:id, {"get":true}][6:22:25 PM], All Orders
[2021-09-27T18:29:59.850] [INFO] Paperbird - [/getAllProductGroup/:name, {"get":true}][6:22:25 PM], All data
[2021-09-27T18:29:59.855] [INFO] Paperbird - [/getCustomerOrders, {"post":true}][6:22:25 PM], This are all customer Orders
[2021-09-27T18:30:00.163] [INFO] Paperbird - [/getSingleCustomerOrder/:id, {"get":true}][6:22:25 PM], All Orders
[2021-09-27T18:30:00.179] [INFO] Paperbird - [/getSingleCustomerOrder/:id, {"get":true}][6:22:25 PM], All Orders
[2021-09-27T18:30:01.552] [INFO] Paperbird - [/getCustomerChats/:id, {"get":true}][6:22:25 PM], Customers chat room
[2021-09-27T18:30:02.555] [INFO] Paperbird - [/getChatMessages/:id, {"get":true}][6:22:25 PM], Chat Messages
[2021-09-27T18:30:27.887] [INFO] Paperbird - [/getAllProductGroup/:name, {"get":true}][6:22:25 PM], All data
[2021-09-27T18:30:27.908] [INFO] Paperbird - [/getCustomerOrders, {"post":true}][6:22:25 PM], This are all customer Orders
[2021-09-27T18:30:28.031] [INFO] Paperbird - [/getSingleCustomerOrder/:id, {"get":true}][6:22:25 PM], All Orders
[2021-09-27T18:30:28.048] [INFO] Paperbird - [/getSingleCustomerOrder/:id, {"get":true}][6:22:25 PM], All Orders
[2021-09-27T18:31:22.200] [INFO] Paperbird - [/getCustomerChats/:id, {"get":true}][6:22:25 PM], Customers chat room
[2021-09-27T18:31:23.187] [INFO] Paperbird - [/getChatMessages/:id, {"get":true}][6:22:25 PM], Chat Messages
[2021-09-27T18:36:19.105] [INFO] Paperbird - [/getAllProductGroup/:name, {"get":true}][6:22:25 PM], All data
[2021-09-27T18:36:19.117] [INFO] Paperbird - [/getCustomerOrders, {"post":true}][6:22:25 PM], This are all customer Orders
[2021-09-27T18:36:19.305] [INFO] Paperbird - [/getSingleCustomerOrder/:id, {"get":true}][6:22:25 PM], All Orders
[2021-09-27T18:36:19.313] [INFO] Paperbird - [/getSingleCustomerOrder/:id, {"get":true}][6:22:25 PM], All Orders
[2021-09-27T18:36:21.838] [INFO] Paperbird - [/getCustomerChats/:id, {"get":true}][6:22:25 PM], Customers chat room
[2021-09-27T18:36:22.688] [INFO] Paperbird - [/getChatMessages/:id, {"get":true}][6:22:25 PM], Chat Messages
[2021-09-27T18:38:32.228] [INFO] Paperbird - [/getAllProductGroup/:name, {"get":true}][6:22:25 PM], All data
[2021-09-27T18:38:32.239] [INFO] Paperbird - [/getCustomerOrders, {"post":true}][6:22:25 PM], This are all customer Orders
[2021-09-27T18:38:32.443] [INFO] Paperbird - [/getSingleCustomerOrder/:id, {"get":true}][6:22:25 PM], All Orders
[2021-09-27T18:38:32.466] [INFO] Paperbird - [/getSingleCustomerOrder/:id, {"get":true}][6:22:25 PM], All Orders
[2021-09-27T18:38:34.969] [INFO] Paperbird - [/getChatMessages/:id, {"get":true}][6:22:25 PM], Chat Messages
[2021-09-27T19:00:51.649] [INFO] Paperbird - [/getAllProductGroup/:name, {"get":true}][6:22:25 PM], All data
[2021-09-27T19:00:51.659] [INFO] Paperbird - [/getCustomerOrders, {"post":true}][6:22:25 PM], This are all customer Orders
[2021-09-27T19:00:51.802] [INFO] Paperbird - [/getSingleCustomerOrder/:id, {"get":true}][6:22:25 PM], All Orders
[2021-09-27T19:00:51.820] [INFO] Paperbird - [/getSingleCustomerOrder/:id, {"get":true}][6:22:25 PM], All Orders
[2021-09-27T19:00:52.921] [INFO] Paperbird - [/getCustomerChats/:id, {"get":true}][6:22:25 PM], Customers chat room
[2021-09-27T19:00:53.852] [INFO] Paperbird - [/getChatMessages/:id, {"get":true}][6:22:25 PM], Chat Messages
[2021-09-27T19:04:28.887] [INFO] Paperbird - [/getAllProductGroup/:name, {"get":true}][6:22:25 PM], All data
[2021-09-27T19:04:28.898] [INFO] Paperbird - [/getCustomerOrders, {"post":true}][6:22:25 PM], This are all customer Orders
[2021-09-27T19:04:29.109] [INFO] Paperbird - [/getSingleCustomerOrder/:id, {"get":true}][6:22:25 PM], All Orders
[2021-09-27T19:04:29.123] [INFO] Paperbird - [/getSingleCustomerOrder/:id, {"get":true}][6:22:25 PM], All Orders
[2021-09-27T19:04:29.768] [INFO] Paperbird - [/getCustomerChats/:id, {"get":true}][6:22:25 PM], Customers chat room
[2021-09-27T19:04:30.346] [INFO] Paperbird - [/getChatMessages/:id, {"get":true}][6:22:25 PM], Chat Messages
[2021-09-27T19:04:48.954] [INFO] Paperbird - [/getAllProductGroup/:name, {"get":true}][6:22:25 PM], All data
[2021-09-27T19:04:48.975] [INFO] Paperbird - [/getCustomerOrders, {"post":true}][6:22:25 PM], This are all customer Orders
[2021-09-27T19:04:49.128] [INFO] Paperbird - [/getSingleCustomerOrder/:id, {"get":true}][6:22:25 PM], All Orders
[2021-09-27T19:04:49.130] [INFO] Paperbird - [/getSingleCustomerOrder/:id, {"get":true}][6:22:25 PM], All Orders
[2021-09-27T19:04:49.840] [INFO] Paperbird - [/getCustomerChats/:id, {"get":true}][6:22:25 PM], Customers chat room
[2021-09-27T19:04:50.545] [INFO] Paperbird - [/getChatMessages/:id, {"get":true}][6:22:25 PM], Chat Messages
