[2021-05-26T18:03:49.879] [INFO] Paperbird - [/getAllProductGroup/:name, {"get":true}][6:03:22 PM], All data
[2021-05-26T18:04:00.084] [INFO] Paperbird - [/getAllProductGroup/:name, {"get":true}][6:03:22 PM], All data
[2021-05-26T18:04:00.088] [INFO] Paperbird - [/getAllProductGroup/:name, {"get":true}][6:03:22 PM], All data
[2021-05-26T18:04:00.139] [INFO] Paperbird - [/getAllProductSubgroup/:name, {"get":true}][6:03:22 PM], All data
[2021-05-26T18:04:00.209] [INFO] Paperbird - [/getAllPaperClass/:name, {"get":true}][6:03:22 PM], All data
[2021-05-26T18:04:00.236] [INFO] Paperbird - [/getAllPaperQuality/:name, {"get":true}][6:03:22 PM], All data
[2021-05-26T18:04:00.262] [INFO] Paperbird - [/getAllPaperPrintibility/:name, {"get":true}][6:03:22 PM], All data
[2021-05-26T18:04:00.291] [INFO] Paperbird - [/getAllPaperColor/:name, {"get":true}][6:03:22 PM], All data
[2021-05-26T18:04:00.318] [INFO] Paperbird - [/getAllMeasurementUnit/:name, {"get":true}][6:03:22 PM], All data
[2021-05-26T18:04:00.338] [INFO] Paperbird - [/getAllPaperGrain/:name, {"get":true}][6:03:22 PM], All data
[2021-05-26T18:04:00.496] [INFO] Paperbird - [/getSupplier, {"post":true}][6:03:22 PM], Supplier Data
[2021-05-26T18:04:00.768] [INFO] Paperbird - [/allProducts, {"post":true}][6:03:22 PM], All products
[2021-05-26T18:08:49.271] [INFO] Paperbird - [/getAllProductGroup/:name, {"get":true}][6:03:22 PM], All data
[2021-05-26T18:08:49.273] [INFO] Paperbird - [/getAllProductGroup/:name, {"get":true}][6:03:22 PM], All data
[2021-05-26T18:08:49.374] [INFO] Paperbird - [/getAllProductSubgroup/:name, {"get":true}][6:03:22 PM], All data
[2021-05-26T18:08:49.410] [INFO] Paperbird - [/getAllPaperClass/:name, {"get":true}][6:03:22 PM], All data
[2021-05-26T18:08:49.425] [INFO] Paperbird - [/getAllPaperQuality/:name, {"get":true}][6:03:22 PM], All data
[2021-05-26T18:08:49.442] [INFO] Paperbird - [/getAllPaperPrintibility/:name, {"get":true}][6:03:22 PM], All data
[2021-05-26T18:08:49.460] [INFO] Paperbird - [/getAllPaperColor/:name, {"get":true}][6:03:22 PM], All data
[2021-05-26T18:08:49.474] [INFO] Paperbird - [/getAllMeasurementUnit/:name, {"get":true}][6:03:22 PM], All data
[2021-05-26T18:08:49.482] [INFO] Paperbird - [/getAllPaperGrain/:name, {"get":true}][6:03:22 PM], All data
[2021-05-26T18:08:49.496] [INFO] Paperbird - [/getSupplier, {"post":true}][6:03:22 PM], Supplier Data
[2021-05-26T18:08:49.644] [INFO] Paperbird - [/allProducts, {"post":true}][6:03:22 PM], All products
[2021-05-26T18:09:08.820] [INFO] Paperbird - [/getAllPaperClass/:name, {"get":true}][6:03:22 PM], All data
[2021-05-26T18:09:08.839] [INFO] Paperbird - [/getAllPaperQuality/:name, {"get":true}][6:03:22 PM], All data
[2021-05-26T18:09:08.861] [INFO] Paperbird - [/getAllPaperPrintibility/:name, {"get":true}][6:03:22 PM], All data
[2021-05-26T18:09:08.877] [INFO] Paperbird - [/getAllPaperColor/:name, {"get":true}][6:03:22 PM], All data
[2021-05-26T18:09:08.888] [INFO] Paperbird - [/getAllMeasurementUnit/:name, {"get":true}][6:03:22 PM], All data
[2021-05-26T18:09:08.897] [INFO] Paperbird - [/getAllPaperGrain/:name, {"get":true}][6:03:22 PM], All data
[2021-05-26T18:09:08.909] [INFO] Paperbird - [/getAllPaperGsm/:name, {"get":true}][6:03:22 PM], All data
[2021-05-26T18:09:09.035] [INFO] Paperbird - [/getSinglePublishedProduct/:id, {"get":true}][6:03:22 PM], All products
[2021-05-26T18:09:09.229] [INFO] Paperbird - [/getAllProductGroup/:name, {"get":true}][6:03:22 PM], All data
[2021-05-26T18:09:13.928] [INFO] Paperbird - [/getAllProductGroup/:name, {"get":true}][6:03:22 PM], All data
[2021-05-26T18:09:13.932] [INFO] Paperbird - [/getAllProductGroup/:name, {"get":true}][6:03:22 PM], All data
[2021-05-26T18:09:13.955] [INFO] Paperbird - [/getAllProductSubgroup/:name, {"get":true}][6:03:22 PM], All data
[2021-05-26T18:09:13.964] [INFO] Paperbird - [/getAllPaperClass/:name, {"get":true}][6:03:22 PM], All data
[2021-05-26T18:09:13.971] [INFO] Paperbird - [/getAllPaperQuality/:name, {"get":true}][6:03:22 PM], All data
[2021-05-26T18:09:13.977] [INFO] Paperbird - [/getAllPaperPrintibility/:name, {"get":true}][6:03:22 PM], All data
[2021-05-26T18:09:13.990] [INFO] Paperbird - [/getAllPaperColor/:name, {"get":true}][6:03:22 PM], All data
[2021-05-26T18:09:14.004] [INFO] Paperbird - [/getAllMeasurementUnit/:name, {"get":true}][6:03:22 PM], All data
[2021-05-26T18:09:14.011] [INFO] Paperbird - [/getAllPaperGrain/:name, {"get":true}][6:03:22 PM], All data
[2021-05-26T18:09:14.024] [INFO] Paperbird - [/getSupplier, {"post":true}][6:03:22 PM], Supplier Data
[2021-05-26T18:09:14.140] [INFO] Paperbird - [/allProducts, {"post":true}][6:03:22 PM], All products
[2021-05-26T18:10:10.006] [INFO] Paperbird - [/customer, {"post":true}][6:03:22 PM], Customer Login Successfull
[2021-05-26T18:10:10.739] [INFO] Paperbird - [/getAllProductGroup/:name, {"get":true}][6:03:22 PM], All data
[2021-05-26T18:10:16.070] [INFO] Paperbird - [/getAllProductGroup/:name, {"get":true}][6:03:22 PM], All data
[2021-05-26T18:10:16.072] [INFO] Paperbird - [/getAllProductGroup/:name, {"get":true}][6:03:22 PM], All data
[2021-05-26T18:10:16.087] [INFO] Paperbird - [/getAllProductSubgroup/:name, {"get":true}][6:03:22 PM], All data
[2021-05-26T18:10:16.109] [INFO] Paperbird - [/getAllPaperClass/:name, {"get":true}][6:03:22 PM], All data
[2021-05-26T18:10:16.120] [INFO] Paperbird - [/getAllPaperQuality/:name, {"get":true}][6:03:22 PM], All data
[2021-05-26T18:10:16.127] [INFO] Paperbird - [/getAllPaperPrintibility/:name, {"get":true}][6:03:22 PM], All data
[2021-05-26T18:10:16.147] [INFO] Paperbird - [/getAllPaperColor/:name, {"get":true}][6:03:22 PM], All data
[2021-05-26T18:10:16.158] [INFO] Paperbird - [/getAllMeasurementUnit/:name, {"get":true}][6:03:22 PM], All data
[2021-05-26T18:10:16.170] [INFO] Paperbird - [/getAllPaperGrain/:name, {"get":true}][6:03:22 PM], All data
[2021-05-26T18:10:16.192] [INFO] Paperbird - [/getAllGroupsForCustomer, {"get":true}][6:03:22 PM], All customer groups
[2021-05-26T18:10:16.221] [INFO] Paperbird - [/getSupplier, {"post":true}][6:03:22 PM], Supplier Data
[2021-05-26T18:10:16.342] [INFO] Paperbird - [/allProducts, {"post":true}][6:03:22 PM], All products
[2021-05-26T18:10:27.508] [INFO] Paperbird - [/getAllProductGroup/:name, {"get":true}][6:03:22 PM], All data
[2021-05-26T18:10:27.512] [INFO] Paperbird - [/getAllProductGroup/:name, {"get":true}][6:03:22 PM], All data
[2021-05-26T18:10:27.551] [INFO] Paperbird - [/getAllProductSubgroup/:name, {"get":true}][6:03:22 PM], All data
[2021-05-26T18:10:27.569] [INFO] Paperbird - [/getAllPaperClass/:name, {"get":true}][6:03:22 PM], All data
[2021-05-26T18:10:27.581] [INFO] Paperbird - [/getAllPaperQuality/:name, {"get":true}][6:03:22 PM], All data
[2021-05-26T18:10:27.603] [INFO] Paperbird - [/getAllPaperPrintibility/:name, {"get":true}][6:03:22 PM], All data
[2021-05-26T18:10:27.641] [INFO] Paperbird - [/getAllPaperColor/:name, {"get":true}][6:03:22 PM], All data
[2021-05-26T18:10:27.652] [INFO] Paperbird - [/getAllMeasurementUnit/:name, {"get":true}][6:03:22 PM], All data
[2021-05-26T18:10:27.659] [INFO] Paperbird - [/getAllPaperGrain/:name, {"get":true}][6:03:22 PM], All data
[2021-05-26T18:10:27.668] [INFO] Paperbird - [/getAllGroupsForCustomer, {"get":true}][6:03:22 PM], All customer groups
[2021-05-26T18:10:27.702] [INFO] Paperbird - [/getSupplier, {"post":true}][6:03:22 PM], Supplier Data
[2021-05-26T18:10:27.804] [INFO] Paperbird - [/allProducts, {"post":true}][6:03:22 PM], All products
[2021-05-26T18:10:33.910] [INFO] Paperbird - [/getAllProductGroup/:name, {"get":true}][6:03:22 PM], All data
[2021-05-26T18:10:33.911] [INFO] Paperbird - [/getAllGroupsForCustomer, {"get":true}][6:03:22 PM], All customer groups
[2021-05-26T18:10:33.944] [INFO] Paperbird - [/getAllProductSubgroup/:name, {"get":true}][6:03:22 PM], All data
[2021-05-26T18:10:34.068] [INFO] Paperbird - [/allProducts, {"post":true}][6:03:22 PM], All products
[2021-05-26T18:10:34.075] [INFO] Paperbird - [/getAllProductGroup/:name, {"get":true}][6:03:22 PM], All data
[2021-05-26T18:10:34.077] [INFO] Paperbird - [/getAllPaperClass/:name, {"get":true}][6:03:22 PM], All data
[2021-05-26T18:10:34.238] [INFO] Paperbird - [/getAllPaperQuality/:name, {"get":true}][6:03:22 PM], All data
[2021-05-26T18:10:34.244] [INFO] Paperbird - [/getAllPaperPrintibility/:name, {"get":true}][6:03:22 PM], All data
[2021-05-26T18:10:34.256] [INFO] Paperbird - [/getAllPaperColor/:name, {"get":true}][6:03:22 PM], All data
[2021-05-26T18:10:34.267] [INFO] Paperbird - [/getAllMeasurementUnit/:name, {"get":true}][6:03:22 PM], All data
[2021-05-26T18:10:34.276] [INFO] Paperbird - [/getAllPaperGrain/:name, {"get":true}][6:03:22 PM], All data
[2021-05-26T18:10:36.531] [INFO] Paperbird - [/getAllProductGroup/:name, {"get":true}][6:03:22 PM], All data
[2021-05-26T18:10:36.533] [INFO] Paperbird - [/getAllProductGroup/:name, {"get":true}][6:03:22 PM], All data
[2021-05-26T18:10:36.566] [INFO] Paperbird - [/getAllProductSubgroup/:name, {"get":true}][6:03:22 PM], All data
[2021-05-26T18:10:36.580] [INFO] Paperbird - [/getAllPaperClass/:name, {"get":true}][6:03:22 PM], All data
[2021-05-26T18:10:36.586] [INFO] Paperbird - [/getAllPaperQuality/:name, {"get":true}][6:03:22 PM], All data
[2021-05-26T18:10:36.592] [INFO] Paperbird - [/getAllPaperPrintibility/:name, {"get":true}][6:03:22 PM], All data
[2021-05-26T18:10:36.604] [INFO] Paperbird - [/getAllPaperColor/:name, {"get":true}][6:03:22 PM], All data
[2021-05-26T18:10:36.610] [INFO] Paperbird - [/getAllMeasurementUnit/:name, {"get":true}][6:03:22 PM], All data
[2021-05-26T18:10:36.620] [INFO] Paperbird - [/getAllPaperGrain/:name, {"get":true}][6:03:22 PM], All data
[2021-05-26T18:10:36.625] [INFO] Paperbird - [/getAllGroupsForCustomer, {"get":true}][6:03:22 PM], All customer groups
[2021-05-26T18:10:36.653] [INFO] Paperbird - [/getSupplier, {"post":true}][6:03:22 PM], Supplier Data
[2021-05-26T18:10:36.764] [INFO] Paperbird - [/allProducts, {"post":true}][6:03:22 PM], All products
