[2021-06-03T10:43:31.169] [ERROR] Paperbird - Something went wrong: ReferenceError: successResponses is not defined
    at C:\Projects\paperbird\server\routes\Dashboard\index.js:10:5
    at Layer.handle [as handle_request] (C:\Projects\paperbird\server\node_modules\express\lib\router\layer.js:95:5)
    at next (C:\Projects\paperbird\server\node_modules\express\lib\router\route.js:137:13)
    at module.exports (C:\Projects\paperbird\server\middlewares\jwtauth.js:56:5)
    at Layer.handle [as handle_request] (C:\Projects\paperbird\server\node_modules\express\lib\router\layer.js:95:5)
    at next (C:\Projects\paperbird\server\node_modules\express\lib\router\route.js:137:13)
    at Route.dispatch (C:\Projects\paperbird\server\node_modules\express\lib\router\route.js:112:3)
    at Layer.handle [as handle_request] (C:\Projects\paperbird\server\node_modules\express\lib\router\layer.js:95:5)
    at C:\Projects\paperbird\server\node_modules\express\lib\router\index.js:281:22
    at Function.process_params (C:\Projects\paperbird\server\node_modules\express\lib\router\index.js:335:12)
    at next (C:\Projects\paperbird\server\node_modules\express\lib\router\index.js:275:10)
    at Function.handle (C:\Projects\paperbird\server\node_modules\express\lib\router\index.js:174:3)
    at router (C:\Projects\paperbird\server\node_modules\express\lib\router\index.js:47:12)
    at Layer.handle [as handle_request] (C:\Projects\paperbird\server\node_modules\express\lib\router\layer.js:95:5)
    at trim_prefix (C:\Projects\paperbird\server\node_modules\express\lib\router\index.js:317:13)
    at C:\Projects\paperbird\server\node_modules\express\lib\router\index.js:284:7
    at Function.process_params (C:\Projects\paperbird\server\node_modules\express\lib\router\index.js:335:12)
    at next (C:\Projects\paperbird\server\node_modules\express\lib\router\index.js:275:10)
    at C:\Projects\paperbird\server\app.js:187:3
    at Layer.handle [as handle_request] (C:\Projects\paperbird\server\node_modules\express\lib\router\layer.js:95:5)
    at trim_prefix (C:\Projects\paperbird\server\node_modules\express\lib\router\index.js:317:13)
    at C:\Projects\paperbird\server\node_modules\express\lib\router\index.js:284:7
[2021-06-03T10:46:55.900] [INFO] Paperbird - [/getAllProductGroup/:name, {"get":true}][10:38:02 AM], All data
[2021-06-03T10:47:05.412] [INFO] Paperbird - [/getAllProductGroup/:name, {"get":true}][10:38:02 AM], All data
[2021-06-03T10:47:05.415] [INFO] Paperbird - [/getAllProductGroup/:name, {"get":true}][10:38:02 AM], All data
[2021-06-03T10:47:05.455] [INFO] Paperbird - [/getAllProductSubgroup/:name, {"get":true}][10:38:02 AM], All data
[2021-06-03T10:47:05.492] [INFO] Paperbird - [/getAllPaperClass/:name, {"get":true}][10:38:02 AM], All data
[2021-06-03T10:47:05.552] [INFO] Paperbird - [/getAllPaperQuality/:name, {"get":true}][10:38:02 AM], All data
[2021-06-03T10:47:05.581] [INFO] Paperbird - [/getAllPaperPrintibility/:name, {"get":true}][10:38:02 AM], All data
[2021-06-03T10:47:05.616] [INFO] Paperbird - [/getAllPaperColor/:name, {"get":true}][10:38:02 AM], All data
[2021-06-03T10:47:05.649] [INFO] Paperbird - [/getAllMeasurementUnit/:name, {"get":true}][10:38:02 AM], All data
[2021-06-03T10:47:05.674] [INFO] Paperbird - [/getAllPaperGrain/:name, {"get":true}][10:38:02 AM], All data
[2021-06-03T10:47:05.935] [INFO] Paperbird - [/getSupplier, {"post":true}][10:38:02 AM], Supplier Data
[2021-06-03T10:47:06.185] [INFO] Paperbird - [/allProducts, {"post":true}][10:38:02 AM], All products
[2021-06-03T10:47:09.177] [INFO] Paperbird - [/getAllPaperClass/:name, {"get":true}][10:38:02 AM], All data
[2021-06-03T10:47:09.196] [INFO] Paperbird - [/getAllPaperQuality/:name, {"get":true}][10:38:02 AM], All data
[2021-06-03T10:47:09.203] [INFO] Paperbird - [/getAllPaperPrintibility/:name, {"get":true}][10:38:02 AM], All data
[2021-06-03T10:47:09.215] [INFO] Paperbird - [/getAllPaperColor/:name, {"get":true}][10:38:02 AM], All data
[2021-06-03T10:47:09.228] [INFO] Paperbird - [/getAllMeasurementUnit/:name, {"get":true}][10:38:02 AM], All data
[2021-06-03T10:47:09.235] [INFO] Paperbird - [/getAllPaperGrain/:name, {"get":true}][10:38:02 AM], All data
[2021-06-03T10:47:09.252] [INFO] Paperbird - [/getAllPaperGsm/:name, {"get":true}][10:38:02 AM], All data
[2021-06-03T10:47:09.318] [INFO] Paperbird - [/getSinglePublishedProduct/:id, {"get":true}][10:38:02 AM], All products
[2021-06-03T10:47:09.511] [INFO] Paperbird - [/getAllProductGroup/:name, {"get":true}][10:38:02 AM], All data
[2021-06-03T10:47:12.489] [INFO] Paperbird - [/getAllProductGroup/:name, {"get":true}][10:38:02 AM], All data
[2021-06-03T10:47:12.493] [INFO] Paperbird - [/getAllProductGroup/:name, {"get":true}][10:38:02 AM], All data
[2021-06-03T10:47:12.513] [INFO] Paperbird - [/getAllProductSubgroup/:name, {"get":true}][10:38:02 AM], All data
[2021-06-03T10:47:12.530] [INFO] Paperbird - [/getAllPaperClass/:name, {"get":true}][10:38:02 AM], All data
[2021-06-03T10:47:12.536] [INFO] Paperbird - [/getAllPaperQuality/:name, {"get":true}][10:38:02 AM], All data
[2021-06-03T10:47:12.546] [INFO] Paperbird - [/getAllPaperPrintibility/:name, {"get":true}][10:38:02 AM], All data
[2021-06-03T10:47:12.558] [INFO] Paperbird - [/getAllPaperColor/:name, {"get":true}][10:38:02 AM], All data
[2021-06-03T10:47:12.566] [INFO] Paperbird - [/getAllMeasurementUnit/:name, {"get":true}][10:38:02 AM], All data
[2021-06-03T10:47:12.574] [INFO] Paperbird - [/getAllPaperGrain/:name, {"get":true}][10:38:02 AM], All data
[2021-06-03T10:47:12.584] [INFO] Paperbird - [/getSupplier, {"post":true}][10:38:02 AM], Supplier Data
[2021-06-03T10:47:12.653] [INFO] Paperbird - [/allProducts, {"post":true}][10:38:02 AM], All products
[2021-06-03T10:47:28.765] [INFO] Paperbird - [/getSuppliersOrders/:type, {"post":true}][10:38:02 AM], Purchase order of suppliers
[2021-06-03T10:47:28.782] [INFO] Paperbird - [/getAll, {"get":true}][10:38:02 AM], All supplier warehouse
[2021-06-03T10:47:30.340] [INFO] Paperbird - [/getOrderDetail/:id/:type, {"get":true}][10:38:02 AM], Order Detail
[2021-06-03T10:47:32.826] [INFO] Paperbird - [/getOrderDetail/:id/:type, {"get":true}][10:38:02 AM], Order Detail
[2021-06-03T10:48:59.394] [INFO] Paperbird - [/getOrderDetail/:id/:type, {"get":true}][10:38:02 AM], Order Detail
[2021-06-03T10:52:27.255] [INFO] Paperbird - [/getAllProductGroup/:name, {"get":true}][10:38:02 AM], All data
[2021-06-03T10:52:27.256] [INFO] Paperbird - [/getAllProductGroup/:name, {"get":true}][10:38:02 AM], All data
[2021-06-03T10:52:27.309] [INFO] Paperbird - [/getAllProductSubgroup/:name, {"get":true}][10:38:02 AM], All data
[2021-06-03T10:52:27.333] [INFO] Paperbird - [/getAllPaperClass/:name, {"get":true}][10:38:02 AM], All data
[2021-06-03T10:52:27.375] [INFO] Paperbird - [/getAllPaperQuality/:name, {"get":true}][10:38:02 AM], All data
[2021-06-03T10:52:27.385] [INFO] Paperbird - [/getAllPaperPrintibility/:name, {"get":true}][10:38:02 AM], All data
[2021-06-03T10:52:27.399] [INFO] Paperbird - [/getAllPaperColor/:name, {"get":true}][10:38:02 AM], All data
[2021-06-03T10:52:27.416] [INFO] Paperbird - [/getAllMeasurementUnit/:name, {"get":true}][10:38:02 AM], All data
[2021-06-03T10:52:27.423] [INFO] Paperbird - [/getAllPaperGrain/:name, {"get":true}][10:38:02 AM], All data
[2021-06-03T10:52:27.438] [INFO] Paperbird - [/getSupplier, {"post":true}][10:38:02 AM], Supplier Data
[2021-06-03T10:52:27.503] [INFO] Paperbird - [/allProducts, {"post":true}][10:38:02 AM], All products
[2021-06-03T10:56:52.608] [INFO] Paperbird - [/getAllProductGroup/:name, {"get":true}][10:38:02 AM], All data
[2021-06-03T10:56:54.502] [INFO] Paperbird - [/getAllProductGroup/:name, {"get":true}][10:38:02 AM], All data
[2021-06-03T10:56:54.508] [INFO] Paperbird - [/getAllProductGroup/:name, {"get":true}][10:38:02 AM], All data
[2021-06-03T10:56:54.542] [INFO] Paperbird - [/getAllProductSubgroup/:name, {"get":true}][10:38:02 AM], All data
[2021-06-03T10:56:54.553] [INFO] Paperbird - [/getAllPaperClass/:name, {"get":true}][10:38:02 AM], All data
[2021-06-03T10:56:54.561] [INFO] Paperbird - [/getAllPaperQuality/:name, {"get":true}][10:38:02 AM], All data
[2021-06-03T10:56:54.574] [INFO] Paperbird - [/getAllPaperPrintibility/:name, {"get":true}][10:38:02 AM], All data
[2021-06-03T10:56:54.592] [INFO] Paperbird - [/getAllPaperColor/:name, {"get":true}][10:38:02 AM], All data
[2021-06-03T10:56:54.608] [INFO] Paperbird - [/getAllMeasurementUnit/:name, {"get":true}][10:38:02 AM], All data
[2021-06-03T10:56:54.618] [INFO] Paperbird - [/getAllPaperGrain/:name, {"get":true}][10:38:02 AM], All data
[2021-06-03T10:56:54.631] [INFO] Paperbird - [/getSupplier, {"post":true}][10:38:02 AM], Supplier Data
[2021-06-03T10:56:54.698] [INFO] Paperbird - [/allProducts, {"post":true}][10:38:02 AM], All products
[2021-06-03T10:57:00.034] [INFO] Paperbird - [/getAllPaperClass/:name, {"get":true}][10:38:02 AM], All data
[2021-06-03T10:57:00.051] [INFO] Paperbird - [/getAllPaperQuality/:name, {"get":true}][10:38:02 AM], All data
[2021-06-03T10:57:00.074] [INFO] Paperbird - [/getAllPaperPrintibility/:name, {"get":true}][10:38:02 AM], All data
[2021-06-03T10:57:00.089] [INFO] Paperbird - [/getAllPaperColor/:name, {"get":true}][10:38:02 AM], All data
[2021-06-03T10:57:00.101] [INFO] Paperbird - [/getAllMeasurementUnit/:name, {"get":true}][10:38:02 AM], All data
[2021-06-03T10:57:00.107] [INFO] Paperbird - [/getAllPaperGrain/:name, {"get":true}][10:38:02 AM], All data
[2021-06-03T10:57:00.118] [INFO] Paperbird - [/getAllPaperGsm/:name, {"get":true}][10:38:02 AM], All data
[2021-06-03T10:57:00.170] [INFO] Paperbird - [/getSinglePublishedProduct/:id, {"get":true}][10:38:02 AM], All products
[2021-06-03T10:57:00.378] [INFO] Paperbird - [/getAllProductGroup/:name, {"get":true}][10:38:02 AM], All data
[2021-06-03T10:57:03.248] [INFO] Paperbird - [/getAllProductGroup/:name, {"get":true}][10:38:02 AM], All data
[2021-06-03T10:57:03.250] [INFO] Paperbird - [/getAllProductGroup/:name, {"get":true}][10:38:02 AM], All data
[2021-06-03T10:57:03.265] [INFO] Paperbird - [/getAllProductSubgroup/:name, {"get":true}][10:38:02 AM], All data
[2021-06-03T10:57:03.290] [INFO] Paperbird - [/getAllPaperClass/:name, {"get":true}][10:38:02 AM], All data
[2021-06-03T10:57:03.297] [INFO] Paperbird - [/getAllPaperQuality/:name, {"get":true}][10:38:02 AM], All data
[2021-06-03T10:57:03.302] [INFO] Paperbird - [/getAllPaperPrintibility/:name, {"get":true}][10:38:02 AM], All data
[2021-06-03T10:57:03.312] [INFO] Paperbird - [/getAllPaperColor/:name, {"get":true}][10:38:02 AM], All data
[2021-06-03T10:57:03.319] [INFO] Paperbird - [/getAllMeasurementUnit/:name, {"get":true}][10:38:02 AM], All data
[2021-06-03T10:57:03.323] [INFO] Paperbird - [/getAllPaperGrain/:name, {"get":true}][10:38:02 AM], All data
[2021-06-03T10:57:03.335] [INFO] Paperbird - [/getSupplier, {"post":true}][10:38:02 AM], Supplier Data
[2021-06-03T10:57:03.400] [INFO] Paperbird - [/allProducts, {"post":true}][10:38:02 AM], All products
[2021-06-03T11:02:20.803] [INFO] Paperbird - [/countries, {"get":true}][10:38:02 AM], All countries
[2021-06-03T11:02:20.805] [INFO] Paperbird - [/cities/:state_id/:country_id, {"get":true}][10:38:02 AM], All Cities
[2021-06-03T11:02:20.807] [INFO] Paperbird - [/states/:id, {"get":true}][10:38:02 AM], All States
[2021-06-03T11:02:20.917] [INFO] Paperbird - [/getAllProductGroup/:name, {"get":true}][10:38:02 AM], All data
[2021-06-03T11:02:31.052] [INFO] Paperbird - [/getAllProductGroup/:name, {"get":true}][10:38:02 AM], All data
[2021-06-03T11:02:31.059] [INFO] Paperbird - [/getAllProductGroup/:name, {"get":true}][10:38:02 AM], All data
[2021-06-03T11:02:31.083] [INFO] Paperbird - [/getAllProductSubgroup/:name, {"get":true}][10:38:02 AM], All data
[2021-06-03T11:02:31.094] [INFO] Paperbird - [/getAllPaperClass/:name, {"get":true}][10:38:02 AM], All data
[2021-06-03T11:02:31.102] [INFO] Paperbird - [/getAllPaperQuality/:name, {"get":true}][10:38:02 AM], All data
[2021-06-03T11:02:31.112] [INFO] Paperbird - [/getAllPaperPrintibility/:name, {"get":true}][10:38:02 AM], All data
[2021-06-03T11:02:31.128] [INFO] Paperbird - [/getAllPaperColor/:name, {"get":true}][10:38:02 AM], All data
[2021-06-03T11:02:31.138] [INFO] Paperbird - [/getAllMeasurementUnit/:name, {"get":true}][10:38:02 AM], All data
[2021-06-03T11:02:31.148] [INFO] Paperbird - [/getAllPaperGrain/:name, {"get":true}][10:38:02 AM], All data
[2021-06-03T11:02:31.165] [INFO] Paperbird - [/getSupplier, {"post":true}][10:38:02 AM], Supplier Data
[2021-06-03T11:02:31.265] [INFO] Paperbird - [/allProducts, {"post":true}][10:38:02 AM], All products
[2021-06-03T11:03:32.344] [WARN] Paperbird - [/customer, {"post":true}][10:38:02 AM], Invalid credentials
[2021-06-03T11:03:34.789] [WARN] Paperbird - [/customer, {"post":true}][10:38:02 AM], Invalid credentials
[2021-06-03T11:03:38.100] [WARN] Paperbird - [/customer, {"post":true}][10:38:02 AM], Invalid credentials
[2021-06-03T11:03:46.562] [INFO] Paperbird - [/customer, {"post":true}][10:38:02 AM], Customer Login Successfull
[2021-06-03T11:03:46.655] [INFO] Paperbird - [/getAllProductGroup/:name, {"get":true}][10:38:02 AM], All data
[2021-06-03T11:03:48.489] [INFO] Paperbird - [/getAllProductGroup/:name, {"get":true}][10:38:02 AM], All data
[2021-06-03T11:03:48.492] [INFO] Paperbird - [/getAllProductGroup/:name, {"get":true}][10:38:02 AM], All data
[2021-06-03T11:03:48.502] [INFO] Paperbird - [/getAllProductSubgroup/:name, {"get":true}][10:38:02 AM], All data
[2021-06-03T11:03:48.528] [INFO] Paperbird - [/getAllPaperClass/:name, {"get":true}][10:38:02 AM], All data
[2021-06-03T11:03:48.539] [INFO] Paperbird - [/getAllPaperQuality/:name, {"get":true}][10:38:02 AM], All data
[2021-06-03T11:03:48.547] [INFO] Paperbird - [/getAllPaperPrintibility/:name, {"get":true}][10:38:02 AM], All data
[2021-06-03T11:03:48.563] [INFO] Paperbird - [/getAllPaperColor/:name, {"get":true}][10:38:02 AM], All data
[2021-06-03T11:03:48.588] [INFO] Paperbird - [/getAllMeasurementUnit/:name, {"get":true}][10:38:02 AM], All data
[2021-06-03T11:03:48.603] [INFO] Paperbird - [/getAllPaperGrain/:name, {"get":true}][10:38:02 AM], All data
[2021-06-03T11:03:48.631] [INFO] Paperbird - [/getAllGroupsForCustomer, {"get":true}][10:38:02 AM], All customer groups
[2021-06-03T11:03:48.666] [INFO] Paperbird - [/getSupplier, {"post":true}][10:38:02 AM], Supplier Data
[2021-06-03T11:03:48.768] [INFO] Paperbird - [/allProducts, {"post":true}][10:38:02 AM], All products
[2021-06-03T11:03:53.927] [INFO] Paperbird - [/getAllProductGroup/:name, {"get":true}][10:38:02 AM], All data
[2021-06-03T11:03:53.930] [INFO] Paperbird - [/countries, {"get":true}][10:38:02 AM], All countries
[2021-06-03T11:03:53.932] [INFO] Paperbird - [/states/:id, {"get":true}][10:38:02 AM], All States
[2021-06-03T11:03:53.934] [INFO] Paperbird - [/cities/:state_id/:country_id, {"get":true}][10:38:02 AM], All Cities
[2021-06-03T11:03:53.935] [INFO] Paperbird - [/getCart, {"get":true}][10:38:02 AM], User Cart
[2021-06-03T11:04:09.241] [INFO] Paperbird - [/getAllProductGroup/:name, {"get":true}][10:38:02 AM], All data
[2021-06-03T11:04:09.243] [INFO] Paperbird - [/getAllProductGroup/:name, {"get":true}][10:38:02 AM], All data
[2021-06-03T11:04:09.253] [INFO] Paperbird - [/getAllProductSubgroup/:name, {"get":true}][10:38:02 AM], All data
[2021-06-03T11:04:09.289] [INFO] Paperbird - [/getAllPaperClass/:name, {"get":true}][10:38:02 AM], All data
[2021-06-03T11:04:09.296] [INFO] Paperbird - [/getAllPaperQuality/:name, {"get":true}][10:38:02 AM], All data
[2021-06-03T11:04:09.308] [INFO] Paperbird - [/getAllPaperPrintibility/:name, {"get":true}][10:38:02 AM], All data
[2021-06-03T11:04:09.321] [INFO] Paperbird - [/getAllPaperColor/:name, {"get":true}][10:38:02 AM], All data
[2021-06-03T11:04:09.333] [INFO] Paperbird - [/getAllMeasurementUnit/:name, {"get":true}][10:38:02 AM], All data
[2021-06-03T11:04:09.341] [INFO] Paperbird - [/getAllPaperGrain/:name, {"get":true}][10:38:02 AM], All data
[2021-06-03T11:04:09.348] [INFO] Paperbird - [/getAllGroupsForCustomer, {"get":true}][10:38:02 AM], All customer groups
[2021-06-03T11:04:09.376] [INFO] Paperbird - [/getSupplier, {"post":true}][10:38:02 AM], Supplier Data
[2021-06-03T11:04:09.436] [INFO] Paperbird - [/allProducts, {"post":true}][10:38:02 AM], All products
[2021-06-03T11:04:14.123] [INFO] Paperbird - [/getAllProductGroup/:name, {"get":true}][10:38:02 AM], All data
[2021-06-03T11:04:14.124] [INFO] Paperbird - [/getAllPaperClass/:name, {"get":true}][10:38:02 AM], All data
[2021-06-03T11:04:14.145] [INFO] Paperbird - [/getAllPaperQuality/:name, {"get":true}][10:38:02 AM], All data
[2021-06-03T11:04:14.156] [INFO] Paperbird - [/getAllPaperPrintibility/:name, {"get":true}][10:38:02 AM], All data
[2021-06-03T11:04:14.166] [INFO] Paperbird - [/getAllPaperColor/:name, {"get":true}][10:38:02 AM], All data
[2021-06-03T11:04:14.175] [INFO] Paperbird - [/getAllMeasurementUnit/:name, {"get":true}][10:38:02 AM], All data
[2021-06-03T11:04:14.182] [INFO] Paperbird - [/getAllPaperGrain/:name, {"get":true}][10:38:02 AM], All data
[2021-06-03T11:04:14.190] [INFO] Paperbird - [/getAllPaperGsm/:name, {"get":true}][10:38:02 AM], All data
[2021-06-03T11:04:14.198] [INFO] Paperbird - [/getAllGroupsForCustomer, {"get":true}][10:38:02 AM], All customer groups
[2021-06-03T11:04:14.250] [INFO] Paperbird - [/getSinglePublishedProduct/:id, {"get":true}][10:38:02 AM], All products
[2021-06-03T11:04:14.255] [INFO] Paperbird - [/getAllGroupsForCustomer, {"get":true}][10:38:02 AM], All customer groups
[2021-06-03T11:04:18.555] [INFO] Paperbird - [/getAllProductGroup/:name, {"get":true}][10:38:02 AM], All data
[2021-06-03T11:04:18.556] [INFO] Paperbird - [/getAllProductGroup/:name, {"get":true}][10:38:02 AM], All data
[2021-06-03T11:04:18.567] [INFO] Paperbird - [/getAllProductSubgroup/:name, {"get":true}][10:38:02 AM], All data
[2021-06-03T11:04:18.592] [INFO] Paperbird - [/getAllPaperClass/:name, {"get":true}][10:38:02 AM], All data
[2021-06-03T11:04:18.601] [INFO] Paperbird - [/getAllPaperQuality/:name, {"get":true}][10:38:02 AM], All data
[2021-06-03T11:04:18.607] [INFO] Paperbird - [/getAllPaperPrintibility/:name, {"get":true}][10:38:02 AM], All data
[2021-06-03T11:04:18.619] [INFO] Paperbird - [/getAllPaperColor/:name, {"get":true}][10:38:02 AM], All data
[2021-06-03T11:04:18.627] [INFO] Paperbird - [/getAllMeasurementUnit/:name, {"get":true}][10:38:02 AM], All data
[2021-06-03T11:04:18.635] [INFO] Paperbird - [/getAllPaperGrain/:name, {"get":true}][10:38:02 AM], All data
[2021-06-03T11:04:18.642] [INFO] Paperbird - [/getAllGroupsForCustomer, {"get":true}][10:38:02 AM], All customer groups
[2021-06-03T11:04:18.662] [INFO] Paperbird - [/getSupplier, {"post":true}][10:38:02 AM], Supplier Data
[2021-06-03T11:04:18.717] [INFO] Paperbird - [/allProducts, {"post":true}][10:38:02 AM], All products
[2021-06-03T11:04:53.453] [INFO] Paperbird - [/getAllProductGroup/:name, {"get":true}][10:38:02 AM], All data
[2021-06-03T11:04:53.454] [INFO] Paperbird - [/countries, {"get":true}][10:38:02 AM], All countries
[2021-06-03T11:04:53.457] [INFO] Paperbird - [/states/:id, {"get":true}][10:38:02 AM], All States
[2021-06-03T11:04:53.457] [INFO] Paperbird - [/cities/:state_id/:country_id, {"get":true}][10:38:02 AM], All Cities
[2021-06-03T11:04:53.458] [INFO] Paperbird - [/getCart, {"get":true}][10:38:02 AM], User Cart
[2021-06-03T11:16:21.184] [INFO] Paperbird - [/getAllProductGroup/:name, {"get":true}][10:38:02 AM], All data
[2021-06-03T11:16:21.186] [INFO] Paperbird - [/getAllProductGroup/:name, {"get":true}][10:38:02 AM], All data
[2021-06-03T11:16:21.203] [INFO] Paperbird - [/getAllProductSubgroup/:name, {"get":true}][10:38:02 AM], All data
[2021-06-03T11:16:21.247] [INFO] Paperbird - [/getAllPaperClass/:name, {"get":true}][10:38:02 AM], All data
[2021-06-03T11:16:21.258] [INFO] Paperbird - [/getAllPaperQuality/:name, {"get":true}][10:38:02 AM], All data
[2021-06-03T11:16:21.270] [INFO] Paperbird - [/getAllPaperPrintibility/:name, {"get":true}][10:38:02 AM], All data
[2021-06-03T11:16:21.282] [INFO] Paperbird - [/getAllPaperColor/:name, {"get":true}][10:38:02 AM], All data
[2021-06-03T11:16:21.293] [INFO] Paperbird - [/getAllMeasurementUnit/:name, {"get":true}][10:38:02 AM], All data
[2021-06-03T11:16:21.302] [INFO] Paperbird - [/getAllPaperGrain/:name, {"get":true}][10:38:02 AM], All data
[2021-06-03T11:16:21.310] [INFO] Paperbird - [/getAllGroupsForCustomer, {"get":true}][10:38:02 AM], All customer groups
[2021-06-03T11:16:21.345] [INFO] Paperbird - [/getSupplier, {"post":true}][10:38:02 AM], Supplier Data
[2021-06-03T11:16:21.442] [INFO] Paperbird - [/allProducts, {"post":true}][10:38:02 AM], All products
[2021-06-03T11:16:27.643] [INFO] Paperbird - [/getAllProductGroup/:name, {"get":true}][10:38:02 AM], All data
[2021-06-03T11:16:27.710] [INFO] Paperbird - [/getCustomerOrders, {"post":true}][10:38:02 AM], This are all customer Orders
[2021-06-03T11:16:27.752] [INFO] Paperbird - [/getSingleCustomerOrder/:id, {"get":true}][10:38:02 AM], All Orders
[2021-06-03T11:16:27.766] [INFO] Paperbird - [/getSingleCustomerOrder/:id, {"get":true}][10:38:02 AM], All Orders
[2021-06-03T11:16:36.303] [INFO] Paperbird - [/getAllProductGroup/:name, {"get":true}][10:38:02 AM], All data
[2021-06-03T11:16:36.305] [INFO] Paperbird - [/getAllGroupsForCustomer, {"get":true}][10:38:02 AM], All customer groups
[2021-06-03T11:16:36.308] [ERROR] Paperbird - [/getCustomerInquiries, {"post":true}][10:38:02 AM], SequelizeDatabaseError: Unknown column 'Inquiry_Master.UserID' in 'field list'
[2021-06-03T11:17:04.449] [INFO] Paperbird - [/getAllProductGroup/:name, {"get":true}][10:38:02 AM], All data
[2021-06-03T11:17:04.451] [INFO] Paperbird - [/getAllProductGroup/:name, {"get":true}][10:38:02 AM], All data
[2021-06-03T11:17:04.483] [INFO] Paperbird - [/getAllProductSubgroup/:name, {"get":true}][10:38:02 AM], All data
[2021-06-03T11:17:04.500] [INFO] Paperbird - [/getAllPaperClass/:name, {"get":true}][10:38:02 AM], All data
[2021-06-03T11:17:04.521] [INFO] Paperbird - [/getAllPaperQuality/:name, {"get":true}][10:38:02 AM], All data
[2021-06-03T11:17:04.535] [INFO] Paperbird - [/getAllPaperPrintibility/:name, {"get":true}][10:38:02 AM], All data
[2021-06-03T11:17:04.551] [INFO] Paperbird - [/getAllPaperColor/:name, {"get":true}][10:38:02 AM], All data
[2021-06-03T11:17:04.561] [INFO] Paperbird - [/getAllMeasurementUnit/:name, {"get":true}][10:38:02 AM], All data
[2021-06-03T11:17:04.573] [INFO] Paperbird - [/getAllPaperGrain/:name, {"get":true}][10:38:02 AM], All data
[2021-06-03T11:17:04.581] [INFO] Paperbird - [/getAllGroupsForCustomer, {"get":true}][10:38:02 AM], All customer groups
[2021-06-03T11:17:04.617] [INFO] Paperbird - [/getSupplier, {"post":true}][10:38:02 AM], Supplier Data
[2021-06-03T11:17:04.719] [INFO] Paperbird - [/allProducts, {"post":true}][10:38:02 AM], All products
[2021-06-03T11:17:06.908] [INFO] Paperbird - [/getAllProductGroup/:name, {"get":true}][10:38:02 AM], All data
[2021-06-03T11:17:06.909] [INFO] Paperbird - [/getAllPaperClass/:name, {"get":true}][10:38:02 AM], All data
[2021-06-03T11:17:06.932] [INFO] Paperbird - [/getAllPaperQuality/:name, {"get":true}][10:38:02 AM], All data
[2021-06-03T11:17:06.939] [INFO] Paperbird - [/getAllPaperPrintibility/:name, {"get":true}][10:38:02 AM], All data
[2021-06-03T11:17:06.948] [INFO] Paperbird - [/getAllPaperColor/:name, {"get":true}][10:38:02 AM], All data
[2021-06-03T11:17:06.955] [INFO] Paperbird - [/getAllMeasurementUnit/:name, {"get":true}][10:38:02 AM], All data
[2021-06-03T11:17:06.960] [INFO] Paperbird - [/getAllPaperGrain/:name, {"get":true}][10:38:02 AM], All data
[2021-06-03T11:17:06.971] [INFO] Paperbird - [/getAllPaperGsm/:name, {"get":true}][10:38:02 AM], All data
[2021-06-03T11:17:06.988] [INFO] Paperbird - [/getAllGroupsForCustomer, {"get":true}][10:38:02 AM], All customer groups
[2021-06-03T11:17:07.065] [INFO] Paperbird - [/getSinglePublishedProduct/:id, {"get":true}][10:38:02 AM], All products
[2021-06-03T11:17:07.070] [INFO] Paperbird - [/getAllGroupsForCustomer, {"get":true}][10:38:02 AM], All customer groups
[2021-06-03T11:17:15.323] [INFO] Paperbird - [/getAllProductGroup/:name, {"get":true}][10:38:02 AM], All data
[2021-06-03T11:17:22.595] [INFO] Paperbird - [/getAllProductGroup/:name, {"get":true}][10:38:02 AM], All data
[2021-06-03T11:17:38.815] [INFO] Paperbird - [/getAllProductGroup/:name, {"get":true}][10:38:02 AM], All data
[2021-06-03T11:17:38.818] [INFO] Paperbird - [/getAllProductGroup/:name, {"get":true}][10:38:02 AM], All data
[2021-06-03T11:17:38.854] [INFO] Paperbird - [/getAllProductSubgroup/:name, {"get":true}][10:38:02 AM], All data
[2021-06-03T11:17:38.894] [INFO] Paperbird - [/getAllPaperClass/:name, {"get":true}][10:38:02 AM], All data
[2021-06-03T11:17:38.968] [INFO] Paperbird - [/getAllPaperQuality/:name, {"get":true}][10:38:02 AM], All data
[2021-06-03T11:17:38.983] [INFO] Paperbird - [/getAllPaperPrintibility/:name, {"get":true}][10:38:02 AM], All data
[2021-06-03T11:17:38.999] [INFO] Paperbird - [/getAllPaperColor/:name, {"get":true}][10:38:02 AM], All data
[2021-06-03T11:17:39.011] [INFO] Paperbird - [/getAllMeasurementUnit/:name, {"get":true}][10:38:02 AM], All data
[2021-06-03T11:17:39.022] [INFO] Paperbird - [/getAllPaperGrain/:name, {"get":true}][10:38:02 AM], All data
[2021-06-03T11:17:39.032] [INFO] Paperbird - [/getAllGroupsForCustomer, {"get":true}][10:38:02 AM], All customer groups
[2021-06-03T11:17:39.068] [INFO] Paperbird - [/getSupplier, {"post":true}][10:38:02 AM], Supplier Data
[2021-06-03T11:17:39.142] [INFO] Paperbird - [/allProducts, {"post":true}][10:38:02 AM], All products
[2021-06-03T11:17:49.730] [INFO] Paperbird - [/getAllProductGroup/:name, {"get":true}][10:38:02 AM], All data
[2021-06-03T11:17:49.731] [INFO] Paperbird - [/getAllGroupsForCustomer, {"get":true}][10:38:02 AM], All customer groups
[2021-06-03T11:17:49.770] [INFO] Paperbird - [/getAllProductSubgroup/:name, {"get":true}][10:38:02 AM], All data
[2021-06-03T11:17:49.844] [INFO] Paperbird - [/getAllPaperClass/:name, {"get":true}][10:38:02 AM], All data
[2021-06-03T11:17:49.890] [INFO] Paperbird - [/allProducts, {"post":true}][10:38:02 AM], All products
[2021-06-03T11:17:49.897] [INFO] Paperbird - [/getAllProductGroup/:name, {"get":true}][10:38:02 AM], All data
[2021-06-03T11:17:50.077] [INFO] Paperbird - [/getAllPaperQuality/:name, {"get":true}][10:38:02 AM], All data
[2021-06-03T11:17:50.109] [INFO] Paperbird - [/getAllPaperPrintibility/:name, {"get":true}][10:38:02 AM], All data
[2021-06-03T11:17:50.121] [INFO] Paperbird - [/getAllPaperColor/:name, {"get":true}][10:38:02 AM], All data
[2021-06-03T11:17:50.132] [INFO] Paperbird - [/getAllMeasurementUnit/:name, {"get":true}][10:38:02 AM], All data
[2021-06-03T11:17:50.140] [INFO] Paperbird - [/getAllPaperGrain/:name, {"get":true}][10:38:02 AM], All data
[2021-06-03T11:17:52.004] [INFO] Paperbird - [/getAllProductGroup/:name, {"get":true}][10:38:02 AM], All data
[2021-06-03T11:17:52.006] [INFO] Paperbird - [/getAllProductGroup/:name, {"get":true}][10:38:02 AM], All data
[2021-06-03T11:17:52.036] [INFO] Paperbird - [/getAllProductSubgroup/:name, {"get":true}][10:38:02 AM], All data
[2021-06-03T11:17:52.049] [INFO] Paperbird - [/getAllPaperClass/:name, {"get":true}][10:38:02 AM], All data
[2021-06-03T11:17:52.054] [INFO] Paperbird - [/getAllPaperQuality/:name, {"get":true}][10:38:02 AM], All data
[2021-06-03T11:17:52.059] [INFO] Paperbird - [/getAllPaperPrintibility/:name, {"get":true}][10:38:02 AM], All data
[2021-06-03T11:17:52.072] [INFO] Paperbird - [/getAllPaperColor/:name, {"get":true}][10:38:02 AM], All data
[2021-06-03T11:17:52.081] [INFO] Paperbird - [/getAllMeasurementUnit/:name, {"get":true}][10:38:02 AM], All data
[2021-06-03T11:17:52.087] [INFO] Paperbird - [/getAllPaperGrain/:name, {"get":true}][10:38:02 AM], All data
[2021-06-03T11:17:52.091] [INFO] Paperbird - [/getAllGroupsForCustomer, {"get":true}][10:38:02 AM], All customer groups
[2021-06-03T11:17:52.124] [INFO] Paperbird - [/getSupplier, {"post":true}][10:38:02 AM], Supplier Data
[2021-06-03T11:17:52.188] [INFO] Paperbird - [/allProducts, {"post":true}][10:38:02 AM], All products
[2021-06-03T11:18:01.982] [INFO] Paperbird - [/getAllPaperClass/:name, {"get":true}][10:38:02 AM], All data
[2021-06-03T11:18:02.000] [INFO] Paperbird - [/getAllPaperQuality/:name, {"get":true}][10:38:02 AM], All data
[2021-06-03T11:18:02.019] [INFO] Paperbird - [/getAllPaperPrintibility/:name, {"get":true}][10:38:02 AM], All data
[2021-06-03T11:18:02.032] [INFO] Paperbird - [/getAllPaperColor/:name, {"get":true}][10:38:02 AM], All data
[2021-06-03T11:18:02.056] [INFO] Paperbird - [/getAllMeasurementUnit/:name, {"get":true}][10:38:02 AM], All data
[2021-06-03T11:18:02.069] [INFO] Paperbird - [/getAllPaperGrain/:name, {"get":true}][10:38:02 AM], All data
[2021-06-03T11:18:02.078] [INFO] Paperbird - [/getAllPaperGsm/:name, {"get":true}][10:38:02 AM], All data
[2021-06-03T11:18:02.090] [INFO] Paperbird - [/getAllGroupsForCustomer, {"get":true}][10:38:02 AM], All customer groups
[2021-06-03T11:18:02.149] [INFO] Paperbird - [/getSinglePublishedProduct/:id, {"get":true}][10:38:02 AM], All products
[2021-06-03T11:18:02.159] [INFO] Paperbird - [/getAllGroupsForCustomer, {"get":true}][10:38:02 AM], All customer groups
[2021-06-03T11:18:02.371] [INFO] Paperbird - [/getAllProductGroup/:name, {"get":true}][10:38:02 AM], All data
[2021-06-03T11:18:15.691] [INFO] Paperbird - [/getAllProductGroup/:name, {"get":true}][10:38:02 AM], All data
[2021-06-03T11:18:15.697] [INFO] Paperbird - [/getAllProductGroup/:name, {"get":true}][10:38:02 AM], All data
[2021-06-03T11:18:15.716] [INFO] Paperbird - [/getAllProductSubgroup/:name, {"get":true}][10:38:02 AM], All data
[2021-06-03T11:18:15.727] [INFO] Paperbird - [/getAllPaperClass/:name, {"get":true}][10:38:02 AM], All data
[2021-06-03T11:18:15.738] [INFO] Paperbird - [/getAllPaperQuality/:name, {"get":true}][10:38:02 AM], All data
[2021-06-03T11:18:15.744] [INFO] Paperbird - [/getAllPaperPrintibility/:name, {"get":true}][10:38:02 AM], All data
[2021-06-03T11:18:15.758] [INFO] Paperbird - [/getAllPaperColor/:name, {"get":true}][10:38:02 AM], All data
[2021-06-03T11:18:15.768] [INFO] Paperbird - [/getAllMeasurementUnit/:name, {"get":true}][10:38:02 AM], All data
[2021-06-03T11:18:15.775] [INFO] Paperbird - [/getAllPaperGrain/:name, {"get":true}][10:38:02 AM], All data
[2021-06-03T11:18:15.784] [INFO] Paperbird - [/getAllGroupsForCustomer, {"get":true}][10:38:02 AM], All customer groups
[2021-06-03T11:18:15.809] [INFO] Paperbird - [/getSupplier, {"post":true}][10:38:02 AM], Supplier Data
[2021-06-03T11:18:15.907] [INFO] Paperbird - [/allProducts, {"post":true}][10:38:02 AM], All products
[2021-06-03T11:18:31.493] [INFO] Paperbird - [/getAllPaperClass/:name, {"get":true}][10:38:02 AM], All data
[2021-06-03T11:18:31.495] [INFO] Paperbird - [/getAllProductGroup/:name, {"get":true}][10:38:02 AM], All data
[2021-06-03T11:18:31.517] [INFO] Paperbird - [/getAllPaperQuality/:name, {"get":true}][10:38:02 AM], All data
[2021-06-03T11:18:31.525] [INFO] Paperbird - [/getAllPaperPrintibility/:name, {"get":true}][10:38:02 AM], All data
[2021-06-03T11:18:31.538] [INFO] Paperbird - [/getAllPaperColor/:name, {"get":true}][10:38:02 AM], All data
[2021-06-03T11:18:31.547] [INFO] Paperbird - [/getAllMeasurementUnit/:name, {"get":true}][10:38:02 AM], All data
[2021-06-03T11:18:31.553] [INFO] Paperbird - [/getAllPaperGrain/:name, {"get":true}][10:38:02 AM], All data
[2021-06-03T11:18:31.564] [INFO] Paperbird - [/getAllPaperGsm/:name, {"get":true}][10:38:02 AM], All data
[2021-06-03T11:18:31.573] [INFO] Paperbird - [/getAllGroupsForCustomer, {"get":true}][10:38:02 AM], All customer groups
[2021-06-03T11:18:31.619] [INFO] Paperbird - [/getSinglePublishedProduct/:id, {"get":true}][10:38:02 AM], All products
[2021-06-03T11:18:31.624] [INFO] Paperbird - [/getAllGroupsForCustomer, {"get":true}][10:38:02 AM], All customer groups
[2021-06-03T11:18:35.423] [INFO] Paperbird - [/getAllProductGroup/:name, {"get":true}][10:38:02 AM], All data
[2021-06-03T11:18:35.458] [INFO] Paperbird - [/getCustomerOrders, {"post":true}][10:38:02 AM], This are all customer Orders
[2021-06-03T11:18:35.521] [INFO] Paperbird - [/getSingleCustomerOrder/:id, {"get":true}][10:38:02 AM], All Orders
[2021-06-03T11:18:35.522] [INFO] Paperbird - [/getSingleCustomerOrder/:id, {"get":true}][10:38:02 AM], All Orders
[2021-06-03T11:18:40.527] [INFO] Paperbird - [/getAllProductGroup/:name, {"get":true}][10:38:02 AM], All data
[2021-06-03T11:18:42.999] [INFO] Paperbird - [/getAllProductGroup/:name, {"get":true}][10:38:02 AM], All data
[2021-06-03T11:18:43.001] [INFO] Paperbird - [/getAllProductGroup/:name, {"get":true}][10:38:02 AM], All data
[2021-06-03T11:18:43.027] [INFO] Paperbird - [/getAllProductSubgroup/:name, {"get":true}][10:38:02 AM], All data
[2021-06-03T11:18:43.041] [INFO] Paperbird - [/getAllPaperClass/:name, {"get":true}][10:38:02 AM], All data
[2021-06-03T11:18:43.053] [INFO] Paperbird - [/getAllPaperQuality/:name, {"get":true}][10:38:02 AM], All data
[2021-06-03T11:18:43.064] [INFO] Paperbird - [/getAllPaperPrintibility/:name, {"get":true}][10:38:02 AM], All data
[2021-06-03T11:18:43.076] [INFO] Paperbird - [/getAllPaperColor/:name, {"get":true}][10:38:02 AM], All data
[2021-06-03T11:18:43.086] [INFO] Paperbird - [/getAllMeasurementUnit/:name, {"get":true}][10:38:02 AM], All data
[2021-06-03T11:18:43.093] [INFO] Paperbird - [/getAllPaperGrain/:name, {"get":true}][10:38:02 AM], All data
[2021-06-03T11:18:43.103] [INFO] Paperbird - [/getAllGroupsForCustomer, {"get":true}][10:38:02 AM], All customer groups
[2021-06-03T11:18:43.135] [INFO] Paperbird - [/getSupplier, {"post":true}][10:38:02 AM], Supplier Data
[2021-06-03T11:18:43.243] [INFO] Paperbird - [/allProducts, {"post":true}][10:38:02 AM], All products
[2021-06-03T11:18:46.367] [INFO] Paperbird - [/allProducts, {"post":true}][10:38:02 AM], All products
[2021-06-03T11:18:56.378] [INFO] Paperbird - [/getAllProductGroup/:name, {"get":true}][10:38:02 AM], All data
[2021-06-03T11:18:56.379] [INFO] Paperbird - [/getAllProductGroup/:name, {"get":true}][10:38:02 AM], All data
[2021-06-03T11:18:56.380] [INFO] Paperbird - [/getAllGroupsForCustomer, {"get":true}][10:38:02 AM], All customer groups
[2021-06-03T11:18:56.405] [INFO] Paperbird - [/getAllProductSubgroup/:name, {"get":true}][10:38:02 AM], All data
[2021-06-03T11:18:56.473] [INFO] Paperbird - [/getAllPaperClass/:name, {"get":true}][10:38:02 AM], All data
[2021-06-03T11:18:56.484] [INFO] Paperbird - [/getAllPaperQuality/:name, {"get":true}][10:38:02 AM], All data
[2021-06-03T11:18:56.512] [INFO] Paperbird - [/allProducts, {"post":true}][10:38:02 AM], All products
[2021-06-03T11:18:56.517] [INFO] Paperbird - [/getAllPaperPrintibility/:name, {"get":true}][10:38:02 AM], All data
[2021-06-03T11:18:56.698] [INFO] Paperbird - [/getAllPaperColor/:name, {"get":true}][10:38:02 AM], All data
[2021-06-03T11:18:56.706] [INFO] Paperbird - [/getAllMeasurementUnit/:name, {"get":true}][10:38:02 AM], All data
[2021-06-03T11:18:56.717] [INFO] Paperbird - [/getAllPaperGrain/:name, {"get":true}][10:38:02 AM], All data
[2021-06-03T11:22:48.062] [INFO] Paperbird - [/getAllProductGroup/:name, {"get":true}][10:38:02 AM], All data
[2021-06-03T11:22:48.065] [INFO] Paperbird - [/getAllProductGroup/:name, {"get":true}][10:38:02 AM], All data
[2021-06-03T11:22:48.105] [INFO] Paperbird - [/getAllProductSubgroup/:name, {"get":true}][10:38:02 AM], All data
[2021-06-03T11:22:48.117] [INFO] Paperbird - [/getAllPaperClass/:name, {"get":true}][10:38:02 AM], All data
[2021-06-03T11:22:48.124] [INFO] Paperbird - [/getAllPaperQuality/:name, {"get":true}][10:38:02 AM], All data
[2021-06-03T11:22:48.133] [INFO] Paperbird - [/getAllPaperPrintibility/:name, {"get":true}][10:38:02 AM], All data
[2021-06-03T11:22:48.143] [INFO] Paperbird - [/getAllPaperColor/:name, {"get":true}][10:38:02 AM], All data
[2021-06-03T11:22:48.156] [INFO] Paperbird - [/getAllMeasurementUnit/:name, {"get":true}][10:38:02 AM], All data
[2021-06-03T11:22:48.166] [INFO] Paperbird - [/getAllPaperGrain/:name, {"get":true}][10:38:02 AM], All data
[2021-06-03T11:22:48.172] [INFO] Paperbird - [/getAllGroupsForCustomer, {"get":true}][10:38:02 AM], All customer groups
[2021-06-03T11:22:48.203] [INFO] Paperbird - [/getSupplier, {"post":true}][10:38:02 AM], Supplier Data
[2021-06-03T11:22:48.268] [INFO] Paperbird - [/allProducts, {"post":true}][10:38:02 AM], All products
[2021-06-03T11:24:42.301] [INFO] Paperbird - [/getSuppliersOrders/:type, {"post":true}][10:38:02 AM], Purchase order of suppliers
[2021-06-03T11:24:42.302] [INFO] Paperbird - [/allDispatchOrder, {"post":true}][10:38:02 AM], All dispatches
[2021-06-03T11:24:42.319] [INFO] Paperbird - [/getAll, {"get":true}][10:38:02 AM], All supplier warehouse
[2021-06-03T11:24:42.794] [INFO] Paperbird - [/allDispatchOrder, {"post":true}][10:38:02 AM], All dispatches
[2021-06-03T11:24:43.890] [INFO] Paperbird - [/getSuppliersOrders/:type, {"post":true}][10:38:02 AM], Purchase order of suppliers
[2021-06-03T11:24:43.896] [INFO] Paperbird - [/getAll, {"get":true}][10:38:02 AM], All supplier warehouse
[2021-06-03T11:24:46.293] [INFO] Paperbird - [/getAllProductGroup/:name, {"get":true}][10:38:02 AM], All data
[2021-06-03T11:24:46.303] [INFO] Paperbird - [/getAllProductSubgroup/:name, {"get":true}][10:38:02 AM], All data
[2021-06-03T11:24:46.312] [INFO] Paperbird - [/getAllPaperClass/:name, {"get":true}][10:38:02 AM], All data
[2021-06-03T11:24:46.320] [INFO] Paperbird - [/getAllPaperQuality/:name, {"get":true}][10:38:02 AM], All data
[2021-06-03T11:24:46.328] [INFO] Paperbird - [/getAllPaperPrintibility/:name, {"get":true}][10:38:02 AM], All data
[2021-06-03T11:24:46.338] [INFO] Paperbird - [/getAllPaperColor/:name, {"get":true}][10:38:02 AM], All data
[2021-06-03T11:24:46.347] [INFO] Paperbird - [/getAllMeasurementUnit/:name, {"get":true}][10:38:02 AM], All data
[2021-06-03T11:24:46.354] [INFO] Paperbird - [/getAllPaperGrain/:name, {"get":true}][10:38:02 AM], All data
[2021-06-03T11:24:46.364] [INFO] Paperbird - [/getAllPaperGsm/:name, {"get":true}][10:38:02 AM], All data
[2021-06-03T11:24:46.649] [INFO] Paperbird - [/getProducts, {"post":true}][10:38:02 AM], Product Data
[2021-06-03T11:24:49.230] [INFO] Paperbird - [/getNotification, {"post":true}][10:38:02 AM], first five notifications
[2021-06-03T11:24:50.175] [INFO] Paperbird - [/getSuppliersOrders/:type, {"post":true}][10:38:02 AM], Purchase order of suppliers
[2021-06-03T11:24:50.181] [INFO] Paperbird - [/getAll, {"get":true}][10:38:02 AM], All supplier warehouse
[2021-06-03T11:24:51.779] [INFO] Paperbird - [/getOrderDetail/:id/:type, {"get":true}][10:38:02 AM], Order Detail
[2021-06-03T11:24:52.452] [INFO] Paperbird - [/getNotification, {"post":true}][10:38:02 AM], first five notifications
[2021-06-03T13:39:06.322] [INFO] Paperbird - [/getAllProductGroup/:name, {"get":true}][10:38:02 AM], All data
[2021-06-03T13:39:06.323] [INFO] Paperbird - [/getAllGroupsForCustomer, {"get":true}][10:38:02 AM], All customer groups
[2021-06-03T13:39:06.324] [INFO] Paperbird - [/getAllProductGroup/:name, {"get":true}][10:38:02 AM], All data
[2021-06-03T13:39:06.340] [INFO] Paperbird - [/getAllProductSubgroup/:name, {"get":true}][10:38:02 AM], All data
[2021-06-03T13:39:06.458] [INFO] Paperbird - [/getAllPaperClass/:name, {"get":true}][10:38:02 AM], All data
[2021-06-03T13:39:06.461] [INFO] Paperbird - [/allProducts, {"post":true}][10:38:02 AM], All products
[2021-06-03T13:39:06.630] [INFO] Paperbird - [/getAllPaperQuality/:name, {"get":true}][10:38:02 AM], All data
[2021-06-03T13:39:06.639] [INFO] Paperbird - [/getAllPaperPrintibility/:name, {"get":true}][10:38:02 AM], All data
[2021-06-03T13:39:06.653] [INFO] Paperbird - [/getAllPaperColor/:name, {"get":true}][10:38:02 AM], All data
[2021-06-03T13:39:06.664] [INFO] Paperbird - [/getAllMeasurementUnit/:name, {"get":true}][10:38:02 AM], All data
[2021-06-03T13:39:06.673] [INFO] Paperbird - [/getAllPaperGrain/:name, {"get":true}][10:38:02 AM], All data
[2021-06-03T13:39:13.608] [INFO] Paperbird - [/getAllProductGroup/:name, {"get":true}][10:38:02 AM], All data
[2021-06-03T13:39:13.609] [INFO] Paperbird - [/getAllProductGroup/:name, {"get":true}][10:38:02 AM], All data
[2021-06-03T13:39:13.610] [INFO] Paperbird - [/getAllGroupsForCustomer, {"get":true}][10:38:02 AM], All customer groups
[2021-06-03T13:39:13.675] [INFO] Paperbird - [/getAllProductSubgroup/:name, {"get":true}][10:38:02 AM], All data
[2021-06-03T13:39:13.748] [INFO] Paperbird - [/getAllPaperClass/:name, {"get":true}][10:38:02 AM], All data
[2021-06-03T13:39:13.782] [INFO] Paperbird - [/allProducts, {"post":true}][10:38:02 AM], All products
[2021-06-03T13:39:13.892] [INFO] Paperbird - [/getAllPaperQuality/:name, {"get":true}][10:38:02 AM], All data
[2021-06-03T13:39:14.079] [INFO] Paperbird - [/getAllPaperPrintibility/:name, {"get":true}][10:38:02 AM], All data
[2021-06-03T13:39:14.098] [INFO] Paperbird - [/getAllPaperColor/:name, {"get":true}][10:38:02 AM], All data
[2021-06-03T13:39:14.125] [INFO] Paperbird - [/getAllMeasurementUnit/:name, {"get":true}][10:38:02 AM], All data
[2021-06-03T13:39:14.142] [INFO] Paperbird - [/getAllPaperGrain/:name, {"get":true}][10:38:02 AM], All data
[2021-06-03T15:14:53.897] [INFO] Paperbird - [/getAllProductGroup/:name, {"get":true}][10:38:02 AM], All data
[2021-06-03T15:14:53.902] [INFO] Paperbird - [/getAllProductGroup/:name, {"get":true}][10:38:02 AM], All data
[2021-06-03T15:14:53.953] [INFO] Paperbird - [/getAllProductSubgroup/:name, {"get":true}][10:38:02 AM], All data
[2021-06-03T15:14:54.008] [INFO] Paperbird - [/getAllPaperClass/:name, {"get":true}][10:38:02 AM], All data
[2021-06-03T15:14:54.021] [INFO] Paperbird - [/getAllPaperQuality/:name, {"get":true}][10:38:02 AM], All data
[2021-06-03T15:14:54.035] [INFO] Paperbird - [/getAllPaperPrintibility/:name, {"get":true}][10:38:02 AM], All data
[2021-06-03T15:14:54.050] [INFO] Paperbird - [/getAllPaperColor/:name, {"get":true}][10:38:02 AM], All data
[2021-06-03T15:14:54.063] [INFO] Paperbird - [/getAllMeasurementUnit/:name, {"get":true}][10:38:02 AM], All data
[2021-06-03T15:14:54.071] [INFO] Paperbird - [/getAllPaperGrain/:name, {"get":true}][10:38:02 AM], All data
[2021-06-03T15:14:54.078] [INFO] Paperbird - [/getAllGroupsForCustomer, {"get":true}][10:38:02 AM], All customer groups
[2021-06-03T15:14:54.112] [INFO] Paperbird - [/getSupplier, {"post":true}][10:38:02 AM], Supplier Data
[2021-06-03T15:14:54.201] [INFO] Paperbird - [/allProducts, {"post":true}][10:38:02 AM], All products
[2021-06-03T15:14:58.960] [INFO] Paperbird - [/allProducts, {"post":true}][10:38:02 AM], All products
[2021-06-03T15:16:05.921] [INFO] Paperbird - [/getAllProductGroup/:name, {"get":true}][10:38:02 AM], All data
[2021-06-03T15:16:05.923] [INFO] Paperbird - [/getAllProductGroup/:name, {"get":true}][10:38:02 AM], All data
[2021-06-03T15:16:05.924] [INFO] Paperbird - [/getAllGroupsForCustomer, {"get":true}][10:38:02 AM], All customer groups
[2021-06-03T15:16:05.950] [INFO] Paperbird - [/getAllProductSubgroup/:name, {"get":true}][10:38:02 AM], All data
[2021-06-03T15:16:05.995] [INFO] Paperbird - [/getAllPaperClass/:name, {"get":true}][10:38:02 AM], All data
[2021-06-03T15:16:06.027] [INFO] Paperbird - [/allProducts, {"post":true}][10:38:02 AM], All products
[2021-06-03T15:16:06.030] [INFO] Paperbird - [/getAllPaperQuality/:name, {"get":true}][10:38:02 AM], All data
[2021-06-03T15:16:06.182] [INFO] Paperbird - [/getAllPaperPrintibility/:name, {"get":true}][10:38:02 AM], All data
[2021-06-03T15:16:06.203] [INFO] Paperbird - [/getAllPaperColor/:name, {"get":true}][10:38:02 AM], All data
[2021-06-03T15:16:06.212] [INFO] Paperbird - [/getAllMeasurementUnit/:name, {"get":true}][10:38:02 AM], All data
[2021-06-03T15:16:06.221] [INFO] Paperbird - [/getAllPaperGrain/:name, {"get":true}][10:38:02 AM], All data
[2021-06-03T15:16:08.741] [INFO] Paperbird - [/getAllProductGroup/:name, {"get":true}][10:38:02 AM], All data
[2021-06-03T15:16:08.742] [INFO] Paperbird - [/getAllProductGroup/:name, {"get":true}][10:38:02 AM], All data
[2021-06-03T15:16:08.779] [INFO] Paperbird - [/getAllProductSubgroup/:name, {"get":true}][10:38:02 AM], All data
[2021-06-03T15:16:08.795] [INFO] Paperbird - [/getAllPaperClass/:name, {"get":true}][10:38:02 AM], All data
[2021-06-03T15:16:08.811] [INFO] Paperbird - [/getAllPaperQuality/:name, {"get":true}][10:38:02 AM], All data
[2021-06-03T15:16:08.823] [INFO] Paperbird - [/getAllPaperPrintibility/:name, {"get":true}][10:38:02 AM], All data
[2021-06-03T15:16:08.838] [INFO] Paperbird - [/getAllPaperColor/:name, {"get":true}][10:38:02 AM], All data
[2021-06-03T15:16:08.844] [INFO] Paperbird - [/getAllMeasurementUnit/:name, {"get":true}][10:38:02 AM], All data
[2021-06-03T15:16:08.854] [INFO] Paperbird - [/getAllPaperGrain/:name, {"get":true}][10:38:02 AM], All data
[2021-06-03T15:16:08.858] [INFO] Paperbird - [/getAllGroupsForCustomer, {"get":true}][10:38:02 AM], All customer groups
[2021-06-03T15:16:08.887] [INFO] Paperbird - [/getSupplier, {"post":true}][10:38:02 AM], Supplier Data
[2021-06-03T15:16:08.948] [INFO] Paperbird - [/allProducts, {"post":true}][10:38:02 AM], All products
[2021-06-03T15:16:12.843] [INFO] Paperbird - [/allProducts, {"post":true}][10:38:02 AM], All products
[2021-06-03T15:16:19.689] [INFO] Paperbird - [/getAllProductGroup/:name, {"get":true}][10:38:02 AM], All data
[2021-06-03T15:16:19.691] [INFO] Paperbird - [/getAllProductGroup/:name, {"get":true}][10:38:02 AM], All data
[2021-06-03T15:16:19.692] [INFO] Paperbird - [/getAllGroupsForCustomer, {"get":true}][10:38:02 AM], All customer groups
[2021-06-03T15:16:19.715] [INFO] Paperbird - [/getAllProductSubgroup/:name, {"get":true}][10:38:02 AM], All data
[2021-06-03T15:16:19.797] [INFO] Paperbird - [/getAllPaperClass/:name, {"get":true}][10:38:02 AM], All data
[2021-06-03T15:16:19.822] [INFO] Paperbird - [/allProducts, {"post":true}][10:38:02 AM], All products
[2021-06-03T15:16:19.825] [INFO] Paperbird - [/getAllPaperQuality/:name, {"get":true}][10:38:02 AM], All data
[2021-06-03T15:16:19.981] [INFO] Paperbird - [/getAllPaperPrintibility/:name, {"get":true}][10:38:02 AM], All data
[2021-06-03T15:16:19.992] [INFO] Paperbird - [/getAllPaperColor/:name, {"get":true}][10:38:02 AM], All data
[2021-06-03T15:16:20.001] [INFO] Paperbird - [/getAllMeasurementUnit/:name, {"get":true}][10:38:02 AM], All data
[2021-06-03T15:16:20.008] [INFO] Paperbird - [/getAllPaperGrain/:name, {"get":true}][10:38:02 AM], All data
[2021-06-03T15:16:23.405] [INFO] Paperbird - [/allProducts, {"post":true}][10:38:02 AM], All products
[2021-06-03T15:16:29.784] [INFO] Paperbird - [/getAllProductGroup/:name, {"get":true}][10:38:02 AM], All data
[2021-06-03T15:16:29.785] [INFO] Paperbird - [/getAllProductGroup/:name, {"get":true}][10:38:02 AM], All data
[2021-06-03T15:16:29.807] [INFO] Paperbird - [/getAllProductSubgroup/:name, {"get":true}][10:38:02 AM], All data
[2021-06-03T15:16:29.821] [INFO] Paperbird - [/getAllPaperClass/:name, {"get":true}][10:38:02 AM], All data
[2021-06-03T15:16:29.829] [INFO] Paperbird - [/getAllPaperQuality/:name, {"get":true}][10:38:02 AM], All data
[2021-06-03T15:16:29.838] [INFO] Paperbird - [/getAllPaperPrintibility/:name, {"get":true}][10:38:02 AM], All data
[2021-06-03T15:16:29.848] [INFO] Paperbird - [/getAllPaperColor/:name, {"get":true}][10:38:02 AM], All data
[2021-06-03T15:16:29.855] [INFO] Paperbird - [/getAllMeasurementUnit/:name, {"get":true}][10:38:02 AM], All data
[2021-06-03T15:16:29.861] [INFO] Paperbird - [/getAllPaperGrain/:name, {"get":true}][10:38:02 AM], All data
[2021-06-03T15:16:29.870] [INFO] Paperbird - [/getAllGroupsForCustomer, {"get":true}][10:38:02 AM], All customer groups
[2021-06-03T15:16:29.893] [INFO] Paperbird - [/getSupplier, {"post":true}][10:38:02 AM], Supplier Data
[2021-06-03T15:16:29.950] [INFO] Paperbird - [/allProducts, {"post":true}][10:38:02 AM], All products
[2021-06-03T15:29:23.551] [INFO] Paperbird - [/getSuppliersOrders/:type, {"post":true}][10:38:02 AM], Purchase order of suppliers
[2021-06-03T15:29:23.568] [INFO] Paperbird - [/getAll, {"get":true}][10:38:02 AM], All supplier warehouse
[2021-06-03T15:33:29.096] [INFO] Paperbird - [/getAllProductGroup/:name, {"get":true}][10:38:02 AM], All data
[2021-06-03T15:33:31.655] [INFO] Paperbird - [/getAllProductGroup/:name, {"get":true}][10:38:02 AM], All data
[2021-06-03T15:33:31.657] [INFO] Paperbird - [/getAllProductGroup/:name, {"get":true}][10:38:02 AM], All data
[2021-06-03T15:33:31.704] [INFO] Paperbird - [/getAllProductSubgroup/:name, {"get":true}][10:38:02 AM], All data
[2021-06-03T15:33:31.775] [INFO] Paperbird - [/getAllPaperClass/:name, {"get":true}][10:38:02 AM], All data
[2021-06-03T15:33:31.793] [INFO] Paperbird - [/getAllPaperQuality/:name, {"get":true}][10:38:02 AM], All data
[2021-06-03T15:33:31.811] [INFO] Paperbird - [/getAllPaperPrintibility/:name, {"get":true}][10:38:02 AM], All data
[2021-06-03T15:33:31.829] [INFO] Paperbird - [/getAllPaperColor/:name, {"get":true}][10:38:02 AM], All data
[2021-06-03T15:33:31.841] [INFO] Paperbird - [/getAllMeasurementUnit/:name, {"get":true}][10:38:02 AM], All data
[2021-06-03T15:33:31.848] [INFO] Paperbird - [/getAllPaperGrain/:name, {"get":true}][10:38:02 AM], All data
[2021-06-03T15:33:31.857] [INFO] Paperbird - [/getAllGroupsForCustomer, {"get":true}][10:38:02 AM], All customer groups
[2021-06-03T15:33:31.888] [INFO] Paperbird - [/getSupplier, {"post":true}][10:38:02 AM], Supplier Data
[2021-06-03T15:33:31.950] [INFO] Paperbird - [/allProducts, {"post":true}][10:38:02 AM], All products
[2021-06-03T15:33:34.240] [INFO] Paperbird - [/getAllPaperClass/:name, {"get":true}][10:38:02 AM], All data
[2021-06-03T15:33:34.262] [INFO] Paperbird - [/getAllPaperQuality/:name, {"get":true}][10:38:02 AM], All data
[2021-06-03T15:33:34.275] [INFO] Paperbird - [/getAllPaperPrintibility/:name, {"get":true}][10:38:02 AM], All data
[2021-06-03T15:33:34.291] [INFO] Paperbird - [/getAllPaperColor/:name, {"get":true}][10:38:02 AM], All data
[2021-06-03T15:33:34.299] [INFO] Paperbird - [/getAllMeasurementUnit/:name, {"get":true}][10:38:02 AM], All data
[2021-06-03T15:33:34.311] [INFO] Paperbird - [/getAllPaperGrain/:name, {"get":true}][10:38:02 AM], All data
[2021-06-03T15:33:34.327] [INFO] Paperbird - [/getAllPaperGsm/:name, {"get":true}][10:38:02 AM], All data
[2021-06-03T15:33:34.335] [INFO] Paperbird - [/getAllGroupsForCustomer, {"get":true}][10:38:02 AM], All customer groups
[2021-06-03T15:33:34.420] [INFO] Paperbird - [/getSinglePublishedProduct/:id, {"get":true}][10:38:02 AM], All products
[2021-06-03T15:33:34.425] [INFO] Paperbird - [/getAllGroupsForCustomer, {"get":true}][10:38:02 AM], All customer groups
[2021-06-03T15:33:34.586] [INFO] Paperbird - [/getAllProductGroup/:name, {"get":true}][10:38:02 AM], All data
[2021-06-03T15:33:36.289] [INFO] Paperbird - [/getAllProductGroup/:name, {"get":true}][10:38:02 AM], All data
[2021-06-03T15:33:36.290] [INFO] Paperbird - [/getAllProductGroup/:name, {"get":true}][10:38:02 AM], All data
[2021-06-03T15:33:36.311] [INFO] Paperbird - [/getAllProductSubgroup/:name, {"get":true}][10:38:02 AM], All data
[2021-06-03T15:33:36.322] [INFO] Paperbird - [/getAllPaperClass/:name, {"get":true}][10:38:02 AM], All data
[2021-06-03T15:33:36.328] [INFO] Paperbird - [/getAllPaperQuality/:name, {"get":true}][10:38:02 AM], All data
[2021-06-03T15:33:36.333] [INFO] Paperbird - [/getAllPaperPrintibility/:name, {"get":true}][10:38:02 AM], All data
[2021-06-03T15:33:36.343] [INFO] Paperbird - [/getAllPaperColor/:name, {"get":true}][10:38:02 AM], All data
[2021-06-03T15:33:36.350] [INFO] Paperbird - [/getAllMeasurementUnit/:name, {"get":true}][10:38:02 AM], All data
[2021-06-03T15:33:36.357] [INFO] Paperbird - [/getAllPaperGrain/:name, {"get":true}][10:38:02 AM], All data
[2021-06-03T15:33:36.361] [INFO] Paperbird - [/getAllGroupsForCustomer, {"get":true}][10:38:02 AM], All customer groups
[2021-06-03T15:33:36.380] [INFO] Paperbird - [/getSupplier, {"post":true}][10:38:02 AM], Supplier Data
[2021-06-03T15:33:36.431] [INFO] Paperbird - [/allProducts, {"post":true}][10:38:02 AM], All products
[2021-06-03T15:33:39.624] [INFO] Paperbird - [/getOrderDetail/:id/:type, {"get":true}][10:38:02 AM], Order Detail
[2021-06-03T15:34:22.179] [INFO] Paperbird - [/getOrderDetail/:id/:type, {"get":true}][10:38:02 AM], Order Detail
[2021-06-03T15:36:44.715] [INFO] Paperbird - [/getSuppliersOrders/:type, {"post":true}][10:38:02 AM], Purchase order of suppliers
[2021-06-03T15:36:44.727] [INFO] Paperbird - [/getAll, {"get":true}][10:38:02 AM], All supplier warehouse
[2021-06-03T15:42:29.751] [INFO] Paperbird - [/getOrderDetail/:id/:type, {"get":true}][10:38:02 AM], Order Detail
[2021-06-03T15:43:59.067] [INFO] Paperbird - [/getSuppliersOrders/:type, {"post":true}][10:38:02 AM], Purchase order of suppliers
[2021-06-03T15:43:59.082] [INFO] Paperbird - [/getAll, {"get":true}][10:38:02 AM], All supplier warehouse
[2021-06-03T15:44:47.014] [INFO] Paperbird - [/getOrderDetail/:id/:type, {"get":true}][10:38:02 AM], Order Detail
[2021-06-03T15:45:01.805] [INFO] Paperbird - [/getSuppliersOrders/:type, {"post":true}][10:38:02 AM], Purchase order of suppliers
[2021-06-03T15:45:01.815] [INFO] Paperbird - [/getAll, {"get":true}][10:38:02 AM], All supplier warehouse
[2021-06-03T15:45:13.488] [INFO] Paperbird - [/getOrderDetail/:id/:type, {"get":true}][10:38:02 AM], Order Detail
[2021-06-03T15:46:18.919] [INFO] Paperbird - [/getSuppliersOrders/:type, {"post":true}][10:38:02 AM], Purchase order of suppliers
[2021-06-03T15:46:18.934] [INFO] Paperbird - [/getAll, {"get":true}][10:38:02 AM], All supplier warehouse
[2021-06-03T15:46:37.621] [INFO] Paperbird - [/getOrderDetail/:id/:type, {"get":true}][10:38:02 AM], Order Detail
[2021-06-03T15:47:07.339] [INFO] Paperbird - [/getSuppliersOrders/:type, {"post":true}][10:38:02 AM], Purchase order of suppliers
[2021-06-03T15:47:07.350] [INFO] Paperbird - [/getAll, {"get":true}][10:38:02 AM], All supplier warehouse
[2021-06-03T15:47:53.766] [INFO] Paperbird - [/getSuppliersOrders/:type, {"post":true}][10:38:02 AM], Purchase order of suppliers
[2021-06-03T15:47:53.830] [INFO] Paperbird - [/getAll, {"get":true}][10:38:02 AM], All supplier warehouse
[2021-06-03T15:47:55.079] [INFO] Paperbird - [/getOrderDetail/:id/:type, {"get":true}][10:38:02 AM], Order Detail
[2021-06-03T15:48:06.206] [INFO] Paperbird - [/getSuppliersOrders/:type, {"post":true}][10:38:02 AM], Purchase order of suppliers
[2021-06-03T15:48:06.240] [INFO] Paperbird - [/getAll, {"get":true}][10:38:02 AM], All supplier warehouse
[2021-06-03T15:48:10.058] [INFO] Paperbird - [/getOrderDetail/:id/:type, {"get":true}][10:38:02 AM], Order Detail
[2021-06-03T15:48:31.664] [INFO] Paperbird - [/getSuppliersOrders/:type, {"post":true}][10:38:02 AM], Purchase order of suppliers
[2021-06-03T15:48:31.678] [INFO] Paperbird - [/getAll, {"get":true}][10:38:02 AM], All supplier warehouse
[2021-06-03T15:48:32.893] [INFO] Paperbird - [/getOrderDetail/:id/:type, {"get":true}][10:38:02 AM], Order Detail
[2021-06-03T16:13:36.631] [INFO] Paperbird - [/getSuppliersOrders/:type, {"post":true}][10:38:02 AM], Purchase order of suppliers
[2021-06-03T16:13:36.653] [INFO] Paperbird - [/getAll, {"get":true}][10:38:02 AM], All supplier warehouse
[2021-06-03T16:39:38.620] [INFO] Paperbird - [/getOrderDetail/:id/:type, {"get":true}][10:38:02 AM], Order Detail
[2021-06-03T16:40:04.225] [INFO] Paperbird - [/getSuppliersOrders/:type, {"post":true}][10:38:02 AM], Purchase order of suppliers
[2021-06-03T16:40:04.286] [INFO] Paperbird - [/getAll, {"get":true}][10:38:02 AM], All supplier warehouse
[2021-06-03T16:40:19.594] [INFO] Paperbird - [/getSuppliersOrders/:type, {"post":true}][10:38:02 AM], Purchase order of suppliers
[2021-06-03T16:40:19.608] [INFO] Paperbird - [/getAll, {"get":true}][10:38:02 AM], All supplier warehouse
[2021-06-03T16:40:34.647] [INFO] Paperbird - [/getSuppliersOrders/:type, {"post":true}][10:38:02 AM], Purchase order of suppliers
[2021-06-03T16:40:34.681] [INFO] Paperbird - [/getAll, {"get":true}][10:38:02 AM], All supplier warehouse
[2021-06-03T16:40:55.032] [INFO] Paperbird - [/getOrderDetail/:id/:type, {"get":true}][10:38:02 AM], Order Detail
[2021-06-03T16:41:54.835] [INFO] Paperbird - [/getSuppliersOrders/:type, {"post":true}][10:38:02 AM], Purchase order of suppliers
[2021-06-03T16:41:54.852] [INFO] Paperbird - [/getAll, {"get":true}][10:38:02 AM], All supplier warehouse
[2021-06-03T16:42:11.860] [INFO] Paperbird - [/getOrderDetail/:id/:type, {"get":true}][10:38:02 AM], Order Detail
[2021-06-03T16:43:01.068] [INFO] Paperbird - [/getSuppliersOrders/:type, {"post":true}][10:38:02 AM], Purchase order of suppliers
[2021-06-03T16:43:01.099] [INFO] Paperbird - [/getAll, {"get":true}][10:38:02 AM], All supplier warehouse
[2021-06-03T16:43:11.716] [INFO] Paperbird - [/getOrderDetail/:id/:type, {"get":true}][10:38:02 AM], Order Detail
[2021-06-03T16:43:53.015] [INFO] Paperbird - [/getSuppliersOrders/:type, {"post":true}][10:38:02 AM], Purchase order of suppliers
[2021-06-03T16:43:53.044] [INFO] Paperbird - [/getAll, {"get":true}][10:38:02 AM], All supplier warehouse
[2021-06-03T16:43:54.153] [INFO] Paperbird - [/getOrderDetail/:id/:type, {"get":true}][10:38:02 AM], Order Detail
[2021-06-03T17:04:43.185] [INFO] Paperbird - [/allProducts, {"post":true}][10:38:02 AM], All products
[2021-06-03T17:04:46.871] [INFO] Paperbird - [/getAllProductGroup/:name, {"get":true}][10:38:02 AM], All data
[2021-06-03T17:04:46.873] [INFO] Paperbird - [/getAllPaperClass/:name, {"get":true}][10:38:02 AM], All data
[2021-06-03T17:04:46.900] [INFO] Paperbird - [/getAllPaperQuality/:name, {"get":true}][10:38:02 AM], All data
[2021-06-03T17:04:46.908] [INFO] Paperbird - [/getAllPaperPrintibility/:name, {"get":true}][10:38:02 AM], All data
[2021-06-03T17:04:46.919] [INFO] Paperbird - [/getAllPaperColor/:name, {"get":true}][10:38:02 AM], All data
[2021-06-03T17:04:46.926] [INFO] Paperbird - [/getAllMeasurementUnit/:name, {"get":true}][10:38:02 AM], All data
[2021-06-03T17:04:46.932] [INFO] Paperbird - [/getAllPaperGrain/:name, {"get":true}][10:38:02 AM], All data
[2021-06-03T17:04:46.942] [INFO] Paperbird - [/getAllPaperGsm/:name, {"get":true}][10:38:02 AM], All data
[2021-06-03T17:04:46.955] [INFO] Paperbird - [/getAllGroupsForCustomer, {"get":true}][10:38:02 AM], All customer groups
[2021-06-03T17:04:46.993] [INFO] Paperbird - [/getSinglePublishedProduct/:id, {"get":true}][10:38:02 AM], All products
[2021-06-03T17:04:46.997] [INFO] Paperbird - [/getAllGroupsForCustomer, {"get":true}][10:38:02 AM], All customer groups
[2021-06-03T17:04:53.640] [INFO] Paperbird - [/getAllProductGroup/:name, {"get":true}][10:38:02 AM], All data
[2021-06-03T17:04:53.641] [INFO] Paperbird - [/getAllPaperClass/:name, {"get":true}][10:38:02 AM], All data
[2021-06-03T17:04:53.677] [INFO] Paperbird - [/getAllPaperQuality/:name, {"get":true}][10:38:02 AM], All data
[2021-06-03T17:04:53.704] [INFO] Paperbird - [/getAllPaperPrintibility/:name, {"get":true}][10:38:02 AM], All data
[2021-06-03T17:04:53.717] [INFO] Paperbird - [/getAllPaperColor/:name, {"get":true}][10:38:02 AM], All data
[2021-06-03T17:04:53.758] [INFO] Paperbird - [/getAllMeasurementUnit/:name, {"get":true}][10:38:02 AM], All data
[2021-06-03T17:04:53.767] [INFO] Paperbird - [/getAllPaperGrain/:name, {"get":true}][10:38:02 AM], All data
[2021-06-03T17:04:53.787] [INFO] Paperbird - [/getAllPaperGsm/:name, {"get":true}][10:38:02 AM], All data
[2021-06-03T17:04:53.799] [INFO] Paperbird - [/getAllGroupsForCustomer, {"get":true}][10:38:02 AM], All customer groups
[2021-06-03T17:04:53.838] [INFO] Paperbird - [/getSinglePublishedProduct/:id, {"get":true}][10:38:02 AM], All products
[2021-06-03T17:04:53.843] [INFO] Paperbird - [/getAllGroupsForCustomer, {"get":true}][10:38:02 AM], All customer groups
[2021-06-03T17:04:59.724] [INFO] Paperbird - [/getAllProductGroup/:name, {"get":true}][10:38:02 AM], All data
[2021-06-03T17:04:59.726] [INFO] Paperbird - [/getAllProductGroup/:name, {"get":true}][10:38:02 AM], All data
[2021-06-03T17:04:59.772] [INFO] Paperbird - [/getAllProductSubgroup/:name, {"get":true}][10:38:02 AM], All data
[2021-06-03T17:04:59.794] [INFO] Paperbird - [/getAllPaperClass/:name, {"get":true}][10:38:02 AM], All data
[2021-06-03T17:04:59.838] [INFO] Paperbird - [/getAllPaperQuality/:name, {"get":true}][10:38:02 AM], All data
[2021-06-03T17:04:59.844] [INFO] Paperbird - [/getAllPaperPrintibility/:name, {"get":true}][10:38:02 AM], All data
[2021-06-03T17:04:59.855] [INFO] Paperbird - [/getAllPaperColor/:name, {"get":true}][10:38:02 AM], All data
[2021-06-03T17:04:59.866] [INFO] Paperbird - [/getAllMeasurementUnit/:name, {"get":true}][10:38:02 AM], All data
[2021-06-03T17:04:59.873] [INFO] Paperbird - [/getAllPaperGrain/:name, {"get":true}][10:38:02 AM], All data
[2021-06-03T17:04:59.879] [INFO] Paperbird - [/getAllGroupsForCustomer, {"get":true}][10:38:02 AM], All customer groups
[2021-06-03T17:04:59.901] [INFO] Paperbird - [/getSupplier, {"post":true}][10:38:02 AM], Supplier Data
[2021-06-03T17:04:59.952] [INFO] Paperbird - [/allProducts, {"post":true}][10:38:02 AM], All products
[2021-06-03T17:05:22.620] [INFO] Paperbird - [/allProducts, {"post":true}][10:38:02 AM], All products
[2021-06-03T17:44:17.086] [INFO] Paperbird - [/getSuppliersOrders/:type, {"post":true}][10:38:02 AM], Purchase order of suppliers
[2021-06-03T17:44:17.109] [INFO] Paperbird - [/getAll, {"get":true}][10:38:02 AM], All supplier warehouse
[2021-06-03T17:49:18.438] [INFO] Paperbird - [/, {"post":true}][10:38:02 AM], Login successful
[2021-06-03T17:49:18.534] [ERROR] Paperbird - Something went wrong: ReferenceError: successResponses is not defined
    at C:\Projects\paperbird\server\routes\Dashboard\index.js:10:5
    at Layer.handle [as handle_request] (C:\Projects\paperbird\server\node_modules\express\lib\router\layer.js:95:5)
    at next (C:\Projects\paperbird\server\node_modules\express\lib\router\route.js:137:13)
    at module.exports (C:\Projects\paperbird\server\middlewares\jwtauth.js:56:5)
    at Layer.handle [as handle_request] (C:\Projects\paperbird\server\node_modules\express\lib\router\layer.js:95:5)
    at next (C:\Projects\paperbird\server\node_modules\express\lib\router\route.js:137:13)
    at Route.dispatch (C:\Projects\paperbird\server\node_modules\express\lib\router\route.js:112:3)
    at Layer.handle [as handle_request] (C:\Projects\paperbird\server\node_modules\express\lib\router\layer.js:95:5)
    at C:\Projects\paperbird\server\node_modules\express\lib\router\index.js:281:22
    at Function.process_params (C:\Projects\paperbird\server\node_modules\express\lib\router\index.js:335:12)
    at next (C:\Projects\paperbird\server\node_modules\express\lib\router\index.js:275:10)
    at Function.handle (C:\Projects\paperbird\server\node_modules\express\lib\router\index.js:174:3)
    at router (C:\Projects\paperbird\server\node_modules\express\lib\router\index.js:47:12)
    at Layer.handle [as handle_request] (C:\Projects\paperbird\server\node_modules\express\lib\router\layer.js:95:5)
    at trim_prefix (C:\Projects\paperbird\server\node_modules\express\lib\router\index.js:317:13)
    at C:\Projects\paperbird\server\node_modules\express\lib\router\index.js:284:7
    at Function.process_params (C:\Projects\paperbird\server\node_modules\express\lib\router\index.js:335:12)
    at next (C:\Projects\paperbird\server\node_modules\express\lib\router\index.js:275:10)
    at C:\Projects\paperbird\server\app.js:187:3
    at Layer.handle [as handle_request] (C:\Projects\paperbird\server\node_modules\express\lib\router\layer.js:95:5)
    at trim_prefix (C:\Projects\paperbird\server\node_modules\express\lib\router\index.js:317:13)
    at C:\Projects\paperbird\server\node_modules\express\lib\router\index.js:284:7
[2021-06-03T17:49:21.079] [INFO] Paperbird - [/getSuppliersOrders/:type, {"post":true}][10:38:02 AM], Purchase order of suppliers
[2021-06-03T17:49:21.080] [INFO] Paperbird - [/allDispatchOrder, {"post":true}][10:38:02 AM], All dispatches
[2021-06-03T17:49:21.087] [INFO] Paperbird - [/getAll, {"get":true}][10:38:02 AM], All supplier warehouse
[2021-06-03T17:49:21.566] [INFO] Paperbird - [/getSuppliersOrders/:type, {"post":true}][10:38:02 AM], Purchase order of suppliers
[2021-06-03T17:49:21.575] [INFO] Paperbird - [/allDispatchOrder, {"post":true}][10:38:02 AM], All dispatches
[2021-06-03T17:49:21.577] [INFO] Paperbird - [/getAll, {"get":true}][10:38:02 AM], All supplier warehouse
[2021-06-03T17:49:22.760] [INFO] Paperbird - [/getOrderDetail/:id/:type, {"get":true}][10:38:02 AM], Order Detail
[2021-06-03T17:54:28.880] [INFO] Paperbird - [/getAllProductGroup/:name, {"get":true}][10:38:02 AM], All data
[2021-06-03T17:54:28.882] [INFO] Paperbird - [/getAllPaperClass/:name, {"get":true}][10:38:02 AM], All data
[2021-06-03T17:54:28.919] [INFO] Paperbird - [/getAllPaperQuality/:name, {"get":true}][10:38:02 AM], All data
[2021-06-03T17:54:28.929] [INFO] Paperbird - [/getAllPaperPrintibility/:name, {"get":true}][10:38:02 AM], All data
[2021-06-03T17:54:28.946] [INFO] Paperbird - [/getAllPaperColor/:name, {"get":true}][10:38:02 AM], All data
[2021-06-03T17:54:28.954] [INFO] Paperbird - [/getAllMeasurementUnit/:name, {"get":true}][10:38:02 AM], All data
[2021-06-03T17:54:28.963] [INFO] Paperbird - [/getAllPaperGrain/:name, {"get":true}][10:38:02 AM], All data
[2021-06-03T17:54:28.974] [INFO] Paperbird - [/getAllPaperGsm/:name, {"get":true}][10:38:02 AM], All data
[2021-06-03T17:54:28.987] [INFO] Paperbird - [/getAllGroupsForCustomer, {"get":true}][10:38:02 AM], All customer groups
[2021-06-03T17:54:29.029] [INFO] Paperbird - [/getSinglePublishedProduct/:id, {"get":true}][10:38:02 AM], All products
[2021-06-03T17:54:29.034] [INFO] Paperbird - [/getAllGroupsForCustomer, {"get":true}][10:38:02 AM], All customer groups
[2021-06-03T17:55:00.777] [INFO] Paperbird - [/getAllProductGroup/:name, {"get":true}][10:38:02 AM], All data
[2021-06-03T17:55:00.781] [INFO] Paperbird - [/getAllProductGroup/:name, {"get":true}][10:38:02 AM], All data
[2021-06-03T17:55:00.809] [INFO] Paperbird - [/getAllProductSubgroup/:name, {"get":true}][10:38:02 AM], All data
[2021-06-03T17:55:00.817] [INFO] Paperbird - [/getAllPaperClass/:name, {"get":true}][10:38:02 AM], All data
[2021-06-03T17:55:00.825] [INFO] Paperbird - [/getAllPaperQuality/:name, {"get":true}][10:38:02 AM], All data
[2021-06-03T17:55:00.832] [INFO] Paperbird - [/getAllPaperPrintibility/:name, {"get":true}][10:38:02 AM], All data
[2021-06-03T17:55:00.845] [INFO] Paperbird - [/getAllPaperColor/:name, {"get":true}][10:38:02 AM], All data
[2021-06-03T17:55:00.852] [INFO] Paperbird - [/getAllMeasurementUnit/:name, {"get":true}][10:38:02 AM], All data
[2021-06-03T17:55:00.860] [INFO] Paperbird - [/getAllPaperGrain/:name, {"get":true}][10:38:02 AM], All data
[2021-06-03T17:55:00.866] [INFO] Paperbird - [/getAllGroupsForCustomer, {"get":true}][10:38:02 AM], All customer groups
[2021-06-03T17:55:00.895] [INFO] Paperbird - [/getSupplier, {"post":true}][10:38:02 AM], Supplier Data
[2021-06-03T17:55:00.961] [INFO] Paperbird - [/allProducts, {"post":true}][10:38:02 AM], All products
[2021-06-03T17:55:03.010] [INFO] Paperbird - [/getAllProductGroup/:name, {"get":true}][10:38:02 AM], All data
[2021-06-03T17:55:03.011] [INFO] Paperbird - [/getAllGroupsForCustomer, {"get":true}][10:38:02 AM], All customer groups
[2021-06-03T17:55:03.051] [INFO] Paperbird - [/getAllProductSubgroup/:name, {"get":true}][10:38:02 AM], All data
[2021-06-03T17:55:03.141] [INFO] Paperbird - [/getAllPaperClass/:name, {"get":true}][10:38:02 AM], All data
[2021-06-03T17:55:03.154] [INFO] Paperbird - [/allProducts, {"post":true}][10:38:02 AM], All products
[2021-06-03T17:55:03.184] [INFO] Paperbird - [/getAllProductGroup/:name, {"get":true}][10:38:02 AM], All data
[2021-06-03T17:55:03.199] [INFO] Paperbird - [/getAllPaperQuality/:name, {"get":true}][10:38:02 AM], All data
[2021-06-03T17:55:03.374] [INFO] Paperbird - [/getAllPaperPrintibility/:name, {"get":true}][10:38:02 AM], All data
[2021-06-03T17:55:03.386] [INFO] Paperbird - [/getAllPaperColor/:name, {"get":true}][10:38:02 AM], All data
[2021-06-03T17:55:03.398] [INFO] Paperbird - [/getAllMeasurementUnit/:name, {"get":true}][10:38:02 AM], All data
[2021-06-03T17:55:03.403] [INFO] Paperbird - [/getAllPaperGrain/:name, {"get":true}][10:38:02 AM], All data
[2021-06-03T17:55:14.364] [INFO] Paperbird - [/getAllProductGroup/:name, {"get":true}][10:38:02 AM], All data
[2021-06-03T17:55:14.366] [INFO] Paperbird - [/getAllProductGroup/:name, {"get":true}][10:38:02 AM], All data
[2021-06-03T17:55:14.400] [INFO] Paperbird - [/getAllProductSubgroup/:name, {"get":true}][10:38:02 AM], All data
[2021-06-03T17:55:14.413] [INFO] Paperbird - [/getAllPaperClass/:name, {"get":true}][10:38:02 AM], All data
[2021-06-03T17:55:14.419] [INFO] Paperbird - [/getAllPaperQuality/:name, {"get":true}][10:38:02 AM], All data
[2021-06-03T17:55:14.427] [INFO] Paperbird - [/getAllPaperPrintibility/:name, {"get":true}][10:38:02 AM], All data
[2021-06-03T17:55:14.438] [INFO] Paperbird - [/getAllPaperColor/:name, {"get":true}][10:38:02 AM], All data
[2021-06-03T17:55:14.447] [INFO] Paperbird - [/getAllMeasurementUnit/:name, {"get":true}][10:38:02 AM], All data
[2021-06-03T17:55:14.453] [INFO] Paperbird - [/getAllPaperGrain/:name, {"get":true}][10:38:02 AM], All data
[2021-06-03T17:55:14.462] [INFO] Paperbird - [/getAllGroupsForCustomer, {"get":true}][10:38:02 AM], All customer groups
[2021-06-03T17:55:14.493] [INFO] Paperbird - [/getSupplier, {"post":true}][10:38:02 AM], Supplier Data
[2021-06-03T17:55:14.560] [INFO] Paperbird - [/allProducts, {"post":true}][10:38:02 AM], All products
[2021-06-03T17:55:18.136] [INFO] Paperbird - [/allProducts, {"post":true}][10:38:02 AM], All products
[2021-06-03T17:55:20.909] [INFO] Paperbird - [/getAllPaperClass/:name, {"get":true}][10:38:02 AM], All data
[2021-06-03T17:55:20.910] [INFO] Paperbird - [/getAllProductGroup/:name, {"get":true}][10:38:02 AM], All data
[2021-06-03T17:55:20.934] [INFO] Paperbird - [/getAllPaperQuality/:name, {"get":true}][10:38:02 AM], All data
[2021-06-03T17:55:20.943] [INFO] Paperbird - [/getAllPaperPrintibility/:name, {"get":true}][10:38:02 AM], All data
[2021-06-03T17:55:20.956] [INFO] Paperbird - [/getAllPaperColor/:name, {"get":true}][10:38:02 AM], All data
[2021-06-03T17:55:20.966] [INFO] Paperbird - [/getAllMeasurementUnit/:name, {"get":true}][10:38:02 AM], All data
[2021-06-03T17:55:20.974] [INFO] Paperbird - [/getAllPaperGrain/:name, {"get":true}][10:38:02 AM], All data
[2021-06-03T17:55:20.988] [INFO] Paperbird - [/getAllPaperGsm/:name, {"get":true}][10:38:02 AM], All data
[2021-06-03T17:55:21.001] [INFO] Paperbird - [/getAllGroupsForCustomer, {"get":true}][10:38:02 AM], All customer groups
[2021-06-03T17:55:21.069] [INFO] Paperbird - [/getSinglePublishedProduct/:id, {"get":true}][10:38:02 AM], All products
[2021-06-03T17:55:21.076] [INFO] Paperbird - [/getAllGroupsForCustomer, {"get":true}][10:38:02 AM], All customer groups
[2021-06-03T17:55:22.607] [INFO] Paperbird - [/getAllProductGroup/:name, {"get":true}][10:38:02 AM], All data
[2021-06-03T17:55:22.609] [INFO] Paperbird - [/getAllProductGroup/:name, {"get":true}][10:38:02 AM], All data
[2021-06-03T17:55:22.631] [INFO] Paperbird - [/getAllProductSubgroup/:name, {"get":true}][10:38:02 AM], All data
[2021-06-03T17:55:22.641] [INFO] Paperbird - [/getAllPaperClass/:name, {"get":true}][10:38:02 AM], All data
[2021-06-03T17:55:22.650] [INFO] Paperbird - [/getAllPaperQuality/:name, {"get":true}][10:38:02 AM], All data
[2021-06-03T17:55:22.656] [INFO] Paperbird - [/getAllPaperPrintibility/:name, {"get":true}][10:38:02 AM], All data
[2021-06-03T17:55:22.665] [INFO] Paperbird - [/getAllPaperColor/:name, {"get":true}][10:38:02 AM], All data
[2021-06-03T17:55:22.673] [INFO] Paperbird - [/getAllMeasurementUnit/:name, {"get":true}][10:38:02 AM], All data
[2021-06-03T17:55:22.678] [INFO] Paperbird - [/getAllPaperGrain/:name, {"get":true}][10:38:02 AM], All data
[2021-06-03T17:55:22.682] [INFO] Paperbird - [/getAllGroupsForCustomer, {"get":true}][10:38:02 AM], All customer groups
[2021-06-03T17:55:22.704] [INFO] Paperbird - [/getSupplier, {"post":true}][10:38:02 AM], Supplier Data
[2021-06-03T17:55:22.760] [INFO] Paperbird - [/allProducts, {"post":true}][10:38:02 AM], All products
[2021-06-03T17:59:38.744] [INFO] Paperbird - [/getAllProductGroup/:name, {"get":true}][10:38:02 AM], All data
[2021-06-03T17:59:38.746] [INFO] Paperbird - [/getAllPaperClass/:name, {"get":true}][10:38:02 AM], All data
[2021-06-03T17:59:38.768] [INFO] Paperbird - [/getAllPaperQuality/:name, {"get":true}][10:38:02 AM], All data
[2021-06-03T17:59:38.776] [INFO] Paperbird - [/getAllPaperPrintibility/:name, {"get":true}][10:38:02 AM], All data
[2021-06-03T17:59:38.785] [INFO] Paperbird - [/getAllPaperColor/:name, {"get":true}][10:38:02 AM], All data
[2021-06-03T17:59:38.795] [INFO] Paperbird - [/getAllMeasurementUnit/:name, {"get":true}][10:38:02 AM], All data
[2021-06-03T17:59:38.802] [INFO] Paperbird - [/getAllPaperGrain/:name, {"get":true}][10:38:02 AM], All data
[2021-06-03T17:59:38.813] [INFO] Paperbird - [/getAllPaperGsm/:name, {"get":true}][10:38:02 AM], All data
[2021-06-03T17:59:38.819] [INFO] Paperbird - [/getAllGroupsForCustomer, {"get":true}][10:38:02 AM], All customer groups
[2021-06-03T17:59:38.866] [INFO] Paperbird - [/getSinglePublishedProduct/:id, {"get":true}][10:38:02 AM], All products
[2021-06-03T17:59:38.873] [INFO] Paperbird - [/getAllGroupsForCustomer, {"get":true}][10:38:02 AM], All customer groups
[2021-06-03T17:59:41.146] [INFO] Paperbird - [/getAllProductGroup/:name, {"get":true}][10:38:02 AM], All data
[2021-06-03T17:59:41.147] [INFO] Paperbird - [/getAllProductGroup/:name, {"get":true}][10:38:02 AM], All data
[2021-06-03T17:59:41.170] [INFO] Paperbird - [/getAllProductSubgroup/:name, {"get":true}][10:38:02 AM], All data
[2021-06-03T17:59:41.181] [INFO] Paperbird - [/getAllPaperClass/:name, {"get":true}][10:38:02 AM], All data
[2021-06-03T17:59:41.187] [INFO] Paperbird - [/getAllPaperQuality/:name, {"get":true}][10:38:02 AM], All data
[2021-06-03T17:59:41.194] [INFO] Paperbird - [/getAllPaperPrintibility/:name, {"get":true}][10:38:02 AM], All data
[2021-06-03T17:59:41.202] [INFO] Paperbird - [/getAllPaperColor/:name, {"get":true}][10:38:02 AM], All data
[2021-06-03T17:59:41.210] [INFO] Paperbird - [/getAllMeasurementUnit/:name, {"get":true}][10:38:02 AM], All data
[2021-06-03T17:59:41.215] [INFO] Paperbird - [/getAllPaperGrain/:name, {"get":true}][10:38:02 AM], All data
[2021-06-03T17:59:41.219] [INFO] Paperbird - [/getAllGroupsForCustomer, {"get":true}][10:38:02 AM], All customer groups
[2021-06-03T17:59:41.244] [INFO] Paperbird - [/getSupplier, {"post":true}][10:38:02 AM], Supplier Data
[2021-06-03T17:59:41.301] [INFO] Paperbird - [/allProducts, {"post":true}][10:38:02 AM], All products
[2021-06-03T17:59:42.880] [INFO] Paperbird - [/getAllProductGroup/:name, {"get":true}][10:38:02 AM], All data
[2021-06-03T17:59:42.882] [INFO] Paperbird - [/getAllPaperClass/:name, {"get":true}][10:38:02 AM], All data
[2021-06-03T17:59:42.903] [INFO] Paperbird - [/getAllPaperQuality/:name, {"get":true}][10:38:02 AM], All data
[2021-06-03T17:59:42.910] [INFO] Paperbird - [/getAllPaperPrintibility/:name, {"get":true}][10:38:02 AM], All data
[2021-06-03T17:59:42.918] [INFO] Paperbird - [/getAllPaperColor/:name, {"get":true}][10:38:02 AM], All data
[2021-06-03T17:59:42.924] [INFO] Paperbird - [/getAllMeasurementUnit/:name, {"get":true}][10:38:02 AM], All data
[2021-06-03T17:59:42.931] [INFO] Paperbird - [/getAllPaperGrain/:name, {"get":true}][10:38:02 AM], All data
[2021-06-03T17:59:42.938] [INFO] Paperbird - [/getAllPaperGsm/:name, {"get":true}][10:38:02 AM], All data
[2021-06-03T17:59:42.945] [INFO] Paperbird - [/getAllGroupsForCustomer, {"get":true}][10:38:02 AM], All customer groups
[2021-06-03T17:59:42.989] [INFO] Paperbird - [/getSinglePublishedProduct/:id, {"get":true}][10:38:02 AM], All products
[2021-06-03T17:59:42.995] [INFO] Paperbird - [/getAllGroupsForCustomer, {"get":true}][10:38:02 AM], All customer groups
[2021-06-03T17:59:44.707] [INFO] Paperbird - [/getAllProductGroup/:name, {"get":true}][10:38:02 AM], All data
[2021-06-03T17:59:44.708] [INFO] Paperbird - [/getAllProductGroup/:name, {"get":true}][10:38:02 AM], All data
[2021-06-03T17:59:44.729] [INFO] Paperbird - [/getAllProductSubgroup/:name, {"get":true}][10:38:02 AM], All data
[2021-06-03T17:59:44.737] [INFO] Paperbird - [/getAllPaperClass/:name, {"get":true}][10:38:02 AM], All data
[2021-06-03T17:59:44.747] [INFO] Paperbird - [/getAllPaperQuality/:name, {"get":true}][10:38:02 AM], All data
[2021-06-03T17:59:44.753] [INFO] Paperbird - [/getAllPaperPrintibility/:name, {"get":true}][10:38:02 AM], All data
[2021-06-03T17:59:44.764] [INFO] Paperbird - [/getAllPaperColor/:name, {"get":true}][10:38:02 AM], All data
[2021-06-03T17:59:44.771] [INFO] Paperbird - [/getAllMeasurementUnit/:name, {"get":true}][10:38:02 AM], All data
[2021-06-03T17:59:44.781] [INFO] Paperbird - [/getAllPaperGrain/:name, {"get":true}][10:38:02 AM], All data
[2021-06-03T17:59:44.786] [INFO] Paperbird - [/getAllGroupsForCustomer, {"get":true}][10:38:02 AM], All customer groups
[2021-06-03T17:59:44.808] [INFO] Paperbird - [/getSupplier, {"post":true}][10:38:02 AM], Supplier Data
[2021-06-03T17:59:44.861] [INFO] Paperbird - [/allProducts, {"post":true}][10:38:02 AM], All products
[2021-06-03T18:01:32.505] [INFO] Paperbird - [/getAllProductGroup/:name, {"get":true}][10:38:02 AM], All data
[2021-06-03T18:01:32.507] [INFO] Paperbird - [/getAllPaperClass/:name, {"get":true}][10:38:02 AM], All data
[2021-06-03T18:01:32.533] [INFO] Paperbird - [/getAllPaperQuality/:name, {"get":true}][10:38:02 AM], All data
[2021-06-03T18:01:32.539] [INFO] Paperbird - [/getAllPaperPrintibility/:name, {"get":true}][10:38:02 AM], All data
[2021-06-03T18:01:32.549] [INFO] Paperbird - [/getAllPaperColor/:name, {"get":true}][10:38:02 AM], All data
[2021-06-03T18:01:32.557] [INFO] Paperbird - [/getAllMeasurementUnit/:name, {"get":true}][10:38:02 AM], All data
[2021-06-03T18:01:32.565] [INFO] Paperbird - [/getAllPaperGrain/:name, {"get":true}][10:38:02 AM], All data
[2021-06-03T18:01:32.576] [INFO] Paperbird - [/getAllPaperGsm/:name, {"get":true}][10:38:02 AM], All data
[2021-06-03T18:01:32.584] [INFO] Paperbird - [/getAllGroupsForCustomer, {"get":true}][10:38:02 AM], All customer groups
[2021-06-03T18:01:32.996] [INFO] Paperbird - [/getSinglePublishedProduct/:id, {"get":true}][10:38:02 AM], All products
[2021-06-03T18:01:33.001] [INFO] Paperbird - [/getAllGroupsForCustomer, {"get":true}][10:38:02 AM], All customer groups
[2021-06-03T18:01:44.041] [INFO] Paperbird - [/getAllProductGroup/:name, {"get":true}][10:38:02 AM], All data
[2021-06-03T18:01:44.044] [INFO] Paperbird - [/getAllPaperClass/:name, {"get":true}][10:38:02 AM], All data
[2021-06-03T18:01:46.573] [INFO] Paperbird - [/getAllPaperQuality/:name, {"get":true}][10:38:02 AM], All data
[2021-06-03T18:01:46.590] [INFO] Paperbird - [/getAllPaperPrintibility/:name, {"get":true}][10:38:02 AM], All data
[2021-06-03T18:01:46.616] [INFO] Paperbird - [/getAllPaperColor/:name, {"get":true}][10:38:02 AM], All data
[2021-06-03T18:01:46.626] [INFO] Paperbird - [/getAllMeasurementUnit/:name, {"get":true}][10:38:02 AM], All data
[2021-06-03T18:01:46.634] [INFO] Paperbird - [/getAllPaperGrain/:name, {"get":true}][10:38:02 AM], All data
[2021-06-03T18:01:46.644] [INFO] Paperbird - [/getAllPaperGsm/:name, {"get":true}][10:38:02 AM], All data
[2021-06-03T18:01:46.659] [INFO] Paperbird - [/getAllGroupsForCustomer, {"get":true}][10:38:02 AM], All customer groups
[2021-06-03T18:01:46.789] [INFO] Paperbird - [/getSinglePublishedProduct/:id, {"get":true}][10:38:02 AM], All products
[2021-06-03T18:01:46.796] [INFO] Paperbird - [/getAllGroupsForCustomer, {"get":true}][10:38:02 AM], All customer groups
[2021-06-03T18:05:25.466] [INFO] Paperbird - [/getAllProductGroup/:name, {"get":true}][10:38:02 AM], All data
[2021-06-03T18:05:25.469] [INFO] Paperbird - [/getAllProductGroup/:name, {"get":true}][10:38:02 AM], All data
[2021-06-03T18:05:25.509] [INFO] Paperbird - [/getAllProductSubgroup/:name, {"get":true}][10:38:02 AM], All data
[2021-06-03T18:05:25.562] [INFO] Paperbird - [/getAllPaperClass/:name, {"get":true}][10:38:02 AM], All data
[2021-06-03T18:05:25.580] [INFO] Paperbird - [/getAllPaperQuality/:name, {"get":true}][10:38:02 AM], All data
[2021-06-03T18:05:25.590] [INFO] Paperbird - [/getAllPaperPrintibility/:name, {"get":true}][10:38:02 AM], All data
[2021-06-03T18:05:25.605] [INFO] Paperbird - [/getAllPaperColor/:name, {"get":true}][10:38:02 AM], All data
[2021-06-03T18:05:25.614] [INFO] Paperbird - [/getAllMeasurementUnit/:name, {"get":true}][10:38:02 AM], All data
[2021-06-03T18:05:25.624] [INFO] Paperbird - [/getAllPaperGrain/:name, {"get":true}][10:38:02 AM], All data
[2021-06-03T18:05:25.632] [INFO] Paperbird - [/getAllGroupsForCustomer, {"get":true}][10:38:02 AM], All customer groups
[2021-06-03T18:05:25.661] [INFO] Paperbird - [/getSupplier, {"post":true}][10:38:02 AM], Supplier Data
[2021-06-03T18:05:25.722] [INFO] Paperbird - [/allProducts, {"post":true}][10:38:02 AM], All products
[2021-06-03T18:05:26.967] [INFO] Paperbird - [/getAllProductGroup/:name, {"get":true}][10:38:02 AM], All data
[2021-06-03T18:05:26.969] [INFO] Paperbird - [/getAllPaperClass/:name, {"get":true}][10:38:02 AM], All data
[2021-06-03T18:05:26.987] [INFO] Paperbird - [/getAllPaperQuality/:name, {"get":true}][10:38:02 AM], All data
[2021-06-03T18:05:26.995] [INFO] Paperbird - [/getAllPaperPrintibility/:name, {"get":true}][10:38:02 AM], All data
[2021-06-03T18:05:27.004] [INFO] Paperbird - [/getAllPaperColor/:name, {"get":true}][10:38:02 AM], All data
[2021-06-03T18:05:27.011] [INFO] Paperbird - [/getAllMeasurementUnit/:name, {"get":true}][10:38:02 AM], All data
[2021-06-03T18:05:27.018] [INFO] Paperbird - [/getAllPaperGrain/:name, {"get":true}][10:38:02 AM], All data
[2021-06-03T18:05:27.029] [INFO] Paperbird - [/getAllPaperGsm/:name, {"get":true}][10:38:02 AM], All data
[2021-06-03T18:05:27.052] [INFO] Paperbird - [/getAllGroupsForCustomer, {"get":true}][10:38:02 AM], All customer groups
[2021-06-03T18:05:27.101] [INFO] Paperbird - [/getSinglePublishedProduct/:id, {"get":true}][10:38:02 AM], All products
[2021-06-03T18:05:27.106] [INFO] Paperbird - [/getAllGroupsForCustomer, {"get":true}][10:38:02 AM], All customer groups
[2021-06-03T18:05:28.823] [INFO] Paperbird - [/getAllProductGroup/:name, {"get":true}][10:38:02 AM], All data
[2021-06-03T18:05:28.824] [INFO] Paperbird - [/getAllProductGroup/:name, {"get":true}][10:38:02 AM], All data
[2021-06-03T18:05:28.846] [INFO] Paperbird - [/getAllProductSubgroup/:name, {"get":true}][10:38:02 AM], All data
[2021-06-03T18:05:28.859] [INFO] Paperbird - [/getAllPaperClass/:name, {"get":true}][10:38:02 AM], All data
[2021-06-03T18:05:28.865] [INFO] Paperbird - [/getAllPaperQuality/:name, {"get":true}][10:38:02 AM], All data
[2021-06-03T18:05:28.873] [INFO] Paperbird - [/getAllPaperPrintibility/:name, {"get":true}][10:38:02 AM], All data
[2021-06-03T18:05:28.881] [INFO] Paperbird - [/getAllPaperColor/:name, {"get":true}][10:38:02 AM], All data
[2021-06-03T18:05:28.890] [INFO] Paperbird - [/getAllMeasurementUnit/:name, {"get":true}][10:38:02 AM], All data
[2021-06-03T18:05:28.895] [INFO] Paperbird - [/getAllPaperGrain/:name, {"get":true}][10:38:02 AM], All data
[2021-06-03T18:05:28.899] [INFO] Paperbird - [/getAllGroupsForCustomer, {"get":true}][10:38:02 AM], All customer groups
[2021-06-03T18:05:28.928] [INFO] Paperbird - [/getSupplier, {"post":true}][10:38:02 AM], Supplier Data
[2021-06-03T18:05:28.993] [INFO] Paperbird - [/allProducts, {"post":true}][10:38:02 AM], All products
