[2021-06-16T18:51:58.488] [ERROR] Paperbird - [/getProducts, {"post":true}][5:51:52 PM], Error: WHERE parameter "SupplierID" has invalid "undefined" value
[2021-06-16T18:51:58.941] [INFO] Paperbird - [/getAllProductGroup/:name, {"get":true}][5:51:52 PM], All data
[2021-06-16T18:51:59.107] [INFO] Paperbird - [/getAllProductSubgroup/:name, {"get":true}][5:51:52 PM], All data
[2021-06-16T18:51:59.264] [INFO] Paperbird - [/getAllPaperClass/:name, {"get":true}][5:51:52 PM], All data
[2021-06-16T18:51:59.441] [INFO] Paperbird - [/getAllPaperQuality/:name, {"get":true}][5:51:52 PM], All data
[2021-06-16T18:51:59.600] [INFO] Paperbird - [/getAllPaperPrintibility/:name, {"get":true}][5:51:52 PM], All data
[2021-06-16T18:51:59.769] [INFO] Paperbird - [/getAllPaperColor/:name, {"get":true}][5:51:52 PM], All data
[2021-06-16T18:51:59.930] [INFO] Paperbird - [/getAllMeasurementUnit/:name, {"get":true}][5:51:52 PM], All data
[2021-06-16T18:52:00.090] [INFO] Paperbird - [/getAllPaperGrain/:name, {"get":true}][5:51:52 PM], All data
[2021-06-16T18:52:00.259] [INFO] Paperbird - [/getAllPaperGsm/:name, {"get":true}][5:51:52 PM], All data
[2021-06-16T18:52:07.597] [INFO] Paperbird - [/getAllProductGroup/:name, {"get":true}][5:51:52 PM], All data
[2021-06-16T18:52:07.741] [ERROR] Paperbird - [/getProducts, {"post":true}][5:51:52 PM], Error: WHERE parameter "SupplierID" has invalid "undefined" value
[2021-06-16T18:52:07.757] [INFO] Paperbird - [/getAllProductSubgroup/:name, {"get":true}][5:51:52 PM], All data
[2021-06-16T18:52:07.934] [INFO] Paperbird - [/getAllPaperClass/:name, {"get":true}][5:51:52 PM], All data
[2021-06-16T18:52:08.278] [INFO] Paperbird - [/getAllPaperQuality/:name, {"get":true}][5:51:52 PM], All data
[2021-06-16T18:52:08.437] [INFO] Paperbird - [/getAllPaperPrintibility/:name, {"get":true}][5:51:52 PM], All data
[2021-06-16T18:52:08.605] [INFO] Paperbird - [/getAllPaperColor/:name, {"get":true}][5:51:52 PM], All data
[2021-06-16T18:52:08.760] [INFO] Paperbird - [/getAllMeasurementUnit/:name, {"get":true}][5:51:52 PM], All data
[2021-06-16T18:52:08.916] [INFO] Paperbird - [/getAllPaperGrain/:name, {"get":true}][5:51:52 PM], All data
[2021-06-16T18:52:09.114] [INFO] Paperbird - [/getAllPaperGsm/:name, {"get":true}][5:51:52 PM], All data
[2021-06-16T18:52:55.014] [INFO] Paperbird - [/getAllProductGroup/:name, {"get":true}][6:52:52 PM], All data
[2021-06-16T18:52:55.044] [INFO] Paperbird - [/getAllProductSubgroup/:name, {"get":true}][6:52:52 PM], All data
[2021-06-16T18:52:55.075] [INFO] Paperbird - [/getAllPaperClass/:name, {"get":true}][6:52:52 PM], All data
[2021-06-16T18:52:55.110] [ERROR] Paperbird - [/getProducts, {"post":true}][6:52:52 PM], Error: WHERE parameter "SupplierID" has invalid "undefined" value
[2021-06-16T18:52:55.146] [INFO] Paperbird - [/getAllPaperQuality/:name, {"get":true}][6:52:52 PM], All data
[2021-06-16T18:52:55.197] [INFO] Paperbird - [/getAllPaperPrintibility/:name, {"get":true}][6:52:52 PM], All data
[2021-06-16T18:52:55.236] [INFO] Paperbird - [/getAllPaperColor/:name, {"get":true}][6:52:52 PM], All data
[2021-06-16T18:52:55.274] [INFO] Paperbird - [/getAllMeasurementUnit/:name, {"get":true}][6:52:52 PM], All data
[2021-06-16T18:52:55.315] [INFO] Paperbird - [/getAllPaperGrain/:name, {"get":true}][6:52:52 PM], All data
[2021-06-16T18:52:55.352] [INFO] Paperbird - [/getAllPaperGsm/:name, {"get":true}][6:52:52 PM], All data
[2021-06-16T18:52:57.464] [INFO] Paperbird - [/getAllProductGroup/:name, {"get":true}][6:52:52 PM], All data
[2021-06-16T18:52:57.481] [INFO] Paperbird - [/getAllProductSubgroup/:name, {"get":true}][6:52:52 PM], All data
[2021-06-16T18:52:57.518] [INFO] Paperbird - [/getAllPaperClass/:name, {"get":true}][6:52:52 PM], All data
[2021-06-16T18:52:57.530] [INFO] Paperbird - [/getAllPaperQuality/:name, {"get":true}][6:52:52 PM], All data
[2021-06-16T18:52:57.538] [INFO] Paperbird - [/getAllPaperPrintibility/:name, {"get":true}][6:52:52 PM], All data
[2021-06-16T18:52:57.554] [INFO] Paperbird - [/getAllPaperColor/:name, {"get":true}][6:52:52 PM], All data
[2021-06-16T18:52:57.575] [INFO] Paperbird - [/getAllMeasurementUnit/:name, {"get":true}][6:52:52 PM], All data
[2021-06-16T18:52:57.581] [INFO] Paperbird - [/getAllPaperGrain/:name, {"get":true}][6:52:52 PM], All data
[2021-06-16T18:52:57.592] [INFO] Paperbird - [/getAllPaperGsm/:name, {"get":true}][6:52:52 PM], All data
[2021-06-16T18:52:57.766] [ERROR] Paperbird - [/getProducts, {"post":true}][6:52:52 PM], Error: WHERE parameter "SupplierID" has invalid "undefined" value
[2021-06-16T18:53:22.989] [INFO] Paperbird - [/getAllProductGroup/:name, {"get":true}][6:53:06 PM], All data
[2021-06-16T18:53:23.009] [INFO] Paperbird - [/getAllProductSubgroup/:name, {"get":true}][6:53:06 PM], All data
[2021-06-16T18:53:23.058] [INFO] Paperbird - [/getAllPaperClass/:name, {"get":true}][6:53:06 PM], All data
[2021-06-16T18:53:23.091] [INFO] Paperbird - [/getAllPaperQuality/:name, {"get":true}][6:53:06 PM], All data
[2021-06-16T18:53:23.101] [INFO] Paperbird - [/getAllPaperPrintibility/:name, {"get":true}][6:53:06 PM], All data
[2021-06-16T18:53:23.124] [INFO] Paperbird - [/getAllPaperColor/:name, {"get":true}][6:53:06 PM], All data
[2021-06-16T18:53:23.173] [INFO] Paperbird - [/getAllMeasurementUnit/:name, {"get":true}][6:53:06 PM], All data
[2021-06-16T18:53:23.183] [INFO] Paperbird - [/getAllPaperGrain/:name, {"get":true}][6:53:06 PM], All data
[2021-06-16T18:53:23.210] [INFO] Paperbird - [/getAllPaperGsm/:name, {"get":true}][6:53:06 PM], All data
[2021-06-16T18:53:23.303] [ERROR] Paperbird - [/getProducts, {"post":true}][6:53:06 PM], Error: WHERE parameter "SupplierID" has invalid "undefined" value
[2021-06-16T18:53:25.485] [INFO] Paperbird - [/getAllProductGroup/:name, {"get":true}][6:53:06 PM], All data
[2021-06-16T18:53:34.618] [INFO] Paperbird - [/getAllProductGroup/:name, {"get":true}][6:53:06 PM], All data
[2021-06-16T18:53:37.103] [INFO] Paperbird - [/getAllProductGroup/:name, {"get":true}][6:53:06 PM], All data
[2021-06-16T18:53:37.107] [INFO] Paperbird - [/getAllProductGroup/:name, {"get":true}][6:53:06 PM], All data
[2021-06-16T18:53:37.192] [INFO] Paperbird - [/getAllProductSubgroup/:name, {"get":true}][6:53:06 PM], All data
[2021-06-16T18:53:37.286] [INFO] Paperbird - [/getAllPaperClass/:name, {"get":true}][6:53:06 PM], All data
[2021-06-16T18:53:37.370] [INFO] Paperbird - [/getAllPaperQuality/:name, {"get":true}][6:53:06 PM], All data
[2021-06-16T18:53:37.453] [INFO] Paperbird - [/getAllPaperPrintibility/:name, {"get":true}][6:53:06 PM], All data
[2021-06-16T18:53:37.548] [INFO] Paperbird - [/getAllPaperColor/:name, {"get":true}][6:53:06 PM], All data
[2021-06-16T18:53:37.624] [INFO] Paperbird - [/getAllMeasurementUnit/:name, {"get":true}][6:53:06 PM], All data
[2021-06-16T18:53:37.715] [INFO] Paperbird - [/getAllPaperGrain/:name, {"get":true}][6:53:06 PM], All data
[2021-06-16T18:53:37.868] [INFO] Paperbird - [/getAllGroupsForCustomer, {"get":true}][6:53:06 PM], All customer groups
[2021-06-16T18:53:38.164] [INFO] Paperbird - [/getSupplier, {"post":true}][6:53:06 PM], Supplier Data
[2021-06-16T18:53:38.351] [INFO] Paperbird - [/allProducts, {"post":true}][6:53:06 PM], All products
[2021-06-16T18:53:51.879] [INFO] Paperbird - [/getAllPaperClass/:name, {"get":true}][6:53:06 PM], All data
[2021-06-16T18:53:51.900] [INFO] Paperbird - [/getAllPaperQuality/:name, {"get":true}][6:53:06 PM], All data
[2021-06-16T18:53:51.922] [INFO] Paperbird - [/getAllPaperPrintibility/:name, {"get":true}][6:53:06 PM], All data
[2021-06-16T18:53:51.936] [INFO] Paperbird - [/getAllPaperColor/:name, {"get":true}][6:53:06 PM], All data
[2021-06-16T18:53:51.951] [INFO] Paperbird - [/getAllMeasurementUnit/:name, {"get":true}][6:53:06 PM], All data
[2021-06-16T18:53:51.961] [INFO] Paperbird - [/getAllPaperGrain/:name, {"get":true}][6:53:06 PM], All data
[2021-06-16T18:53:51.973] [INFO] Paperbird - [/getAllPaperGsm/:name, {"get":true}][6:53:06 PM], All data
[2021-06-16T18:53:51.983] [INFO] Paperbird - [/getAllGroupsForCustomer, {"get":true}][6:53:06 PM], All customer groups
[2021-06-16T18:53:52.044] [INFO] Paperbird - [/getSinglePublishedProduct/:id, {"get":true}][6:53:06 PM], All products
[2021-06-16T18:53:52.051] [INFO] Paperbird - [/getAllProductGroup/:name, {"get":true}][6:53:06 PM], All data
[2021-06-16T18:53:52.079] [INFO] Paperbird - [/getAllGroupsForCustomer, {"get":true}][6:53:06 PM], All customer groups
[2021-06-16T19:01:50.415] [INFO] Paperbird - [/getAllProductGroup/:name, {"get":true}][6:53:06 PM], All data
[2021-06-16T19:01:50.420] [INFO] Paperbird - [/getAllProductGroup/:name, {"get":true}][6:53:06 PM], All data
[2021-06-16T19:01:50.450] [INFO] Paperbird - [/getAllProductSubgroup/:name, {"get":true}][6:53:06 PM], All data
[2021-06-16T19:01:50.462] [INFO] Paperbird - [/getAllPaperClass/:name, {"get":true}][6:53:06 PM], All data
[2021-06-16T19:01:50.473] [INFO] Paperbird - [/getAllPaperQuality/:name, {"get":true}][6:53:06 PM], All data
[2021-06-16T19:01:50.481] [INFO] Paperbird - [/getAllPaperPrintibility/:name, {"get":true}][6:53:06 PM], All data
[2021-06-16T19:01:50.501] [INFO] Paperbird - [/getAllPaperColor/:name, {"get":true}][6:53:06 PM], All data
[2021-06-16T19:01:50.511] [INFO] Paperbird - [/getAllMeasurementUnit/:name, {"get":true}][6:53:06 PM], All data
[2021-06-16T19:01:50.519] [INFO] Paperbird - [/getAllPaperGrain/:name, {"get":true}][6:53:06 PM], All data
[2021-06-16T19:01:50.525] [INFO] Paperbird - [/getAllGroupsForCustomer, {"get":true}][6:53:06 PM], All customer groups
[2021-06-16T19:01:50.558] [INFO] Paperbird - [/getSupplier, {"post":true}][6:53:06 PM], Supplier Data
[2021-06-16T19:01:50.618] [INFO] Paperbird - [/allProducts, {"post":true}][6:53:06 PM], All products
[2021-06-16T19:01:56.395] [INFO] Paperbird - [/addCart, {"post":true}][6:53:06 PM], Customer Login Successfull
[2021-06-16T19:02:01.988] [INFO] Paperbird - [/getCart, {"get":true}][6:53:06 PM], User Cart
[2021-06-16T19:02:02.144] [INFO] Paperbird - [/countries, {"get":true}][6:53:06 PM], All countries
[2021-06-16T19:02:02.148] [INFO] Paperbird - [/states/:id, {"get":true}][6:53:06 PM], All States
[2021-06-16T19:02:02.150] [INFO] Paperbird - [/cities/:state_id/:country_id, {"get":true}][6:53:06 PM], All Cities
[2021-06-16T19:02:02.236] [INFO] Paperbird - [/getAllProductGroup/:name, {"get":true}][6:53:06 PM], All data
[2021-06-16T19:03:09.258] [INFO] Paperbird - [/getAllProductGroup/:name, {"get":true}][6:53:06 PM], All data
[2021-06-16T19:03:09.262] [INFO] Paperbird - [/getAllProductGroup/:name, {"get":true}][6:53:06 PM], All data
[2021-06-16T19:03:09.304] [INFO] Paperbird - [/getAllProductSubgroup/:name, {"get":true}][6:53:06 PM], All data
[2021-06-16T19:03:09.312] [INFO] Paperbird - [/getAllPaperClass/:name, {"get":true}][6:53:06 PM], All data
[2021-06-16T19:03:09.325] [INFO] Paperbird - [/getAllPaperQuality/:name, {"get":true}][6:53:06 PM], All data
[2021-06-16T19:03:09.337] [INFO] Paperbird - [/getAllPaperPrintibility/:name, {"get":true}][6:53:06 PM], All data
[2021-06-16T19:03:09.351] [INFO] Paperbird - [/getAllPaperColor/:name, {"get":true}][6:53:06 PM], All data
[2021-06-16T19:03:09.361] [INFO] Paperbird - [/getAllMeasurementUnit/:name, {"get":true}][6:53:06 PM], All data
[2021-06-16T19:03:09.374] [INFO] Paperbird - [/getAllPaperGrain/:name, {"get":true}][6:53:06 PM], All data
[2021-06-16T19:03:09.382] [INFO] Paperbird - [/getAllGroupsForCustomer, {"get":true}][6:53:06 PM], All customer groups
[2021-06-16T19:03:09.424] [INFO] Paperbird - [/getSupplier, {"post":true}][6:53:06 PM], Supplier Data
[2021-06-16T19:03:09.490] [INFO] Paperbird - [/allProducts, {"post":true}][6:53:06 PM], All products
[2021-06-16T19:03:11.339] [INFO] Paperbird - [/getAllPaperClass/:name, {"get":true}][6:53:06 PM], All data
[2021-06-16T19:03:11.378] [INFO] Paperbird - [/getAllProductGroup/:name, {"get":true}][6:53:06 PM], All data
[2021-06-16T19:03:11.387] [INFO] Paperbird - [/getAllPaperQuality/:name, {"get":true}][6:53:06 PM], All data
[2021-06-16T19:03:11.422] [INFO] Paperbird - [/getAllPaperPrintibility/:name, {"get":true}][6:53:06 PM], All data
[2021-06-16T19:03:11.431] [INFO] Paperbird - [/getAllPaperColor/:name, {"get":true}][6:53:06 PM], All data
[2021-06-16T19:03:11.451] [INFO] Paperbird - [/getAllMeasurementUnit/:name, {"get":true}][6:53:06 PM], All data
[2021-06-16T19:03:11.457] [INFO] Paperbird - [/getAllPaperGrain/:name, {"get":true}][6:53:06 PM], All data
[2021-06-16T19:03:11.468] [INFO] Paperbird - [/getAllPaperGsm/:name, {"get":true}][6:53:06 PM], All data
[2021-06-16T19:03:11.474] [INFO] Paperbird - [/getAllGroupsForCustomer, {"get":true}][6:53:06 PM], All customer groups
[2021-06-16T19:03:11.509] [INFO] Paperbird - [/getSinglePublishedProduct/:id, {"get":true}][6:53:06 PM], All products
[2021-06-16T19:03:11.516] [INFO] Paperbird - [/getAllGroupsForCustomer, {"get":true}][6:53:06 PM], All customer groups
[2021-06-16T19:03:13.955] [INFO] Paperbird - [/getAllProductGroup/:name, {"get":true}][6:53:06 PM], All data
[2021-06-16T19:03:13.959] [INFO] Paperbird - [/countries, {"get":true}][6:53:06 PM], All countries
[2021-06-16T19:03:13.965] [INFO] Paperbird - [/cities/:state_id/:country_id, {"get":true}][6:53:06 PM], All Cities
[2021-06-16T19:03:13.966] [INFO] Paperbird - [/states/:id, {"get":true}][6:53:06 PM], All States
[2021-06-16T19:03:13.969] [INFO] Paperbird - [/getCart, {"get":true}][6:53:06 PM], User Cart
[2021-06-16T19:04:03.030] [INFO] Paperbird - [/getAllProductGroup/:name, {"get":true}][6:53:06 PM], All data
[2021-06-16T19:04:03.033] [INFO] Paperbird - [/getAllProductGroup/:name, {"get":true}][6:53:06 PM], All data
[2021-06-16T19:04:03.069] [INFO] Paperbird - [/getAllProductSubgroup/:name, {"get":true}][6:53:06 PM], All data
[2021-06-16T19:04:03.082] [INFO] Paperbird - [/getAllPaperClass/:name, {"get":true}][6:53:06 PM], All data
[2021-06-16T19:04:03.089] [INFO] Paperbird - [/getAllPaperQuality/:name, {"get":true}][6:53:06 PM], All data
[2021-06-16T19:04:03.098] [INFO] Paperbird - [/getAllPaperPrintibility/:name, {"get":true}][6:53:06 PM], All data
[2021-06-16T19:04:03.109] [INFO] Paperbird - [/getAllPaperColor/:name, {"get":true}][6:53:06 PM], All data
[2021-06-16T19:04:03.121] [INFO] Paperbird - [/getAllMeasurementUnit/:name, {"get":true}][6:53:06 PM], All data
[2021-06-16T19:04:03.128] [INFO] Paperbird - [/getAllPaperGrain/:name, {"get":true}][6:53:06 PM], All data
[2021-06-16T19:04:03.134] [INFO] Paperbird - [/getAllGroupsForCustomer, {"get":true}][6:53:06 PM], All customer groups
[2021-06-16T19:04:03.165] [INFO] Paperbird - [/getSupplier, {"post":true}][6:53:06 PM], Supplier Data
[2021-06-16T19:04:03.225] [INFO] Paperbird - [/allProducts, {"post":true}][6:53:06 PM], All products
[2021-06-16T19:04:04.339] [INFO] Paperbird - [/getAllPaperClass/:name, {"get":true}][6:53:06 PM], All data
[2021-06-16T19:04:04.341] [INFO] Paperbird - [/getAllProductGroup/:name, {"get":true}][6:53:06 PM], All data
[2021-06-16T19:04:04.351] [INFO] Paperbird - [/getAllPaperQuality/:name, {"get":true}][6:53:06 PM], All data
[2021-06-16T19:04:04.370] [INFO] Paperbird - [/getAllPaperPrintibility/:name, {"get":true}][6:53:06 PM], All data
[2021-06-16T19:04:04.380] [INFO] Paperbird - [/getAllPaperColor/:name, {"get":true}][6:53:06 PM], All data
[2021-06-16T19:04:04.386] [INFO] Paperbird - [/getAllMeasurementUnit/:name, {"get":true}][6:53:06 PM], All data
[2021-06-16T19:04:04.392] [INFO] Paperbird - [/getAllPaperGrain/:name, {"get":true}][6:53:06 PM], All data
[2021-06-16T19:04:04.402] [INFO] Paperbird - [/getAllPaperGsm/:name, {"get":true}][6:53:06 PM], All data
[2021-06-16T19:04:04.408] [INFO] Paperbird - [/getAllGroupsForCustomer, {"get":true}][6:53:06 PM], All customer groups
[2021-06-16T19:04:04.434] [INFO] Paperbird - [/getSinglePublishedProduct/:id, {"get":true}][6:53:06 PM], All products
[2021-06-16T19:04:04.439] [INFO] Paperbird - [/getAllGroupsForCustomer, {"get":true}][6:53:06 PM], All customer groups
[2021-06-16T19:04:44.058] [INFO] Paperbird - [/getAllProductGroup/:name, {"get":true}][6:53:06 PM], All data
[2021-06-16T19:04:44.061] [INFO] Paperbird - [/getAllProductGroup/:name, {"get":true}][6:53:06 PM], All data
[2021-06-16T19:04:44.097] [INFO] Paperbird - [/getAllProductSubgroup/:name, {"get":true}][6:53:06 PM], All data
[2021-06-16T19:04:44.106] [INFO] Paperbird - [/getAllPaperClass/:name, {"get":true}][6:53:06 PM], All data
[2021-06-16T19:04:44.115] [INFO] Paperbird - [/getAllPaperQuality/:name, {"get":true}][6:53:06 PM], All data
[2021-06-16T19:04:44.121] [INFO] Paperbird - [/getAllPaperPrintibility/:name, {"get":true}][6:53:06 PM], All data
[2021-06-16T19:04:44.133] [INFO] Paperbird - [/getAllPaperColor/:name, {"get":true}][6:53:06 PM], All data
[2021-06-16T19:04:44.141] [INFO] Paperbird - [/getAllMeasurementUnit/:name, {"get":true}][6:53:06 PM], All data
[2021-06-16T19:04:44.149] [INFO] Paperbird - [/getAllPaperGrain/:name, {"get":true}][6:53:06 PM], All data
[2021-06-16T19:04:44.154] [INFO] Paperbird - [/getAllGroupsForCustomer, {"get":true}][6:53:06 PM], All customer groups
[2021-06-16T19:04:44.182] [INFO] Paperbird - [/getSupplier, {"post":true}][6:53:06 PM], Supplier Data
[2021-06-16T19:04:44.670] [INFO] Paperbird - [/allProducts, {"post":true}][6:53:06 PM], All products
[2021-06-16T19:04:51.279] [INFO] Paperbird - [/getAllProductGroup/:name, {"get":true}][6:53:06 PM], All data
[2021-06-16T19:04:51.280] [INFO] Paperbird - [/getAllProductGroup/:name, {"get":true}][6:53:06 PM], All data
[2021-06-16T19:04:51.366] [INFO] Paperbird - [/getAllProductSubgroup/:name, {"get":true}][6:53:06 PM], All data
[2021-06-16T19:04:51.412] [INFO] Paperbird - [/getAllPaperClass/:name, {"get":true}][6:53:06 PM], All data
[2021-06-16T19:04:51.422] [INFO] Paperbird - [/getAllPaperQuality/:name, {"get":true}][6:53:06 PM], All data
[2021-06-16T19:04:51.431] [INFO] Paperbird - [/getAllPaperPrintibility/:name, {"get":true}][6:53:06 PM], All data
[2021-06-16T19:04:51.453] [INFO] Paperbird - [/getAllPaperColor/:name, {"get":true}][6:53:06 PM], All data
[2021-06-16T19:04:51.462] [INFO] Paperbird - [/getAllMeasurementUnit/:name, {"get":true}][6:53:06 PM], All data
[2021-06-16T19:04:51.469] [INFO] Paperbird - [/getAllPaperGrain/:name, {"get":true}][6:53:06 PM], All data
[2021-06-16T19:04:51.474] [INFO] Paperbird - [/getAllGroupsForCustomer, {"get":true}][6:53:06 PM], All customer groups
[2021-06-16T19:04:51.502] [INFO] Paperbird - [/getSupplier, {"post":true}][6:53:06 PM], Supplier Data
[2021-06-16T19:04:51.547] [INFO] Paperbird - [/allProducts, {"post":true}][6:53:06 PM], All products
[2021-06-16T19:04:53.116] [INFO] Paperbird - [/getAllPaperClass/:name, {"get":true}][6:53:06 PM], All data
[2021-06-16T19:04:53.133] [INFO] Paperbird - [/getAllPaperQuality/:name, {"get":true}][6:53:06 PM], All data
[2021-06-16T19:04:53.165] [INFO] Paperbird - [/getAllPaperPrintibility/:name, {"get":true}][6:53:06 PM], All data
[2021-06-16T19:04:53.175] [INFO] Paperbird - [/getAllPaperColor/:name, {"get":true}][6:53:06 PM], All data
[2021-06-16T19:04:53.183] [INFO] Paperbird - [/getAllMeasurementUnit/:name, {"get":true}][6:53:06 PM], All data
[2021-06-16T19:04:53.188] [INFO] Paperbird - [/getAllPaperGrain/:name, {"get":true}][6:53:06 PM], All data
[2021-06-16T19:04:53.199] [INFO] Paperbird - [/getAllPaperGsm/:name, {"get":true}][6:53:06 PM], All data
[2021-06-16T19:04:53.205] [INFO] Paperbird - [/getAllGroupsForCustomer, {"get":true}][6:53:06 PM], All customer groups
[2021-06-16T19:04:53.234] [INFO] Paperbird - [/getSinglePublishedProduct/:id, {"get":true}][6:53:06 PM], All products
[2021-06-16T19:04:53.254] [INFO] Paperbird - [/getAllProductGroup/:name, {"get":true}][6:53:06 PM], All data
[2021-06-16T19:04:53.258] [INFO] Paperbird - [/getAllGroupsForCustomer, {"get":true}][6:53:06 PM], All customer groups
[2021-06-16T19:07:30.161] [INFO] Paperbird - [/singleProdFromProperties, {"post":true}][6:53:06 PM], Single Product
[2021-06-16T19:07:32.102] [INFO] Paperbird - [/singleProdFromProperties, {"post":true}][6:53:06 PM], Single Product
[2021-06-16T19:08:18.627] [INFO] Paperbird - [/getAllProductGroup/:name, {"get":true}][6:53:06 PM], All data
[2021-06-16T19:08:18.646] [INFO] Paperbird - [/getAllProductSubgroup/:name, {"get":true}][6:53:06 PM], All data
[2021-06-16T19:08:18.698] [INFO] Paperbird - [/getAllPaperClass/:name, {"get":true}][6:53:06 PM], All data
[2021-06-16T19:08:18.736] [INFO] Paperbird - [/getAllPaperQuality/:name, {"get":true}][6:53:06 PM], All data
[2021-06-16T19:08:18.750] [INFO] Paperbird - [/getAllPaperPrintibility/:name, {"get":true}][6:53:06 PM], All data
[2021-06-16T19:08:18.780] [INFO] Paperbird - [/getAllPaperColor/:name, {"get":true}][6:53:06 PM], All data
[2021-06-16T19:08:18.826] [INFO] Paperbird - [/getAllMeasurementUnit/:name, {"get":true}][6:53:06 PM], All data
[2021-06-16T19:08:18.835] [INFO] Paperbird - [/getAllPaperGrain/:name, {"get":true}][6:53:06 PM], All data
[2021-06-16T19:08:18.860] [INFO] Paperbird - [/getAllPaperGsm/:name, {"get":true}][6:53:06 PM], All data
[2021-06-16T19:08:18.946] [ERROR] Paperbird - [/getProducts, {"post":true}][6:53:06 PM], Error: WHERE parameter "SupplierID" has invalid "undefined" value
[2021-06-16T19:08:41.132] [INFO] Paperbird - [/, {"post":true}][6:53:06 PM], Login successful
[2021-06-16T19:08:41.232] [ERROR] Paperbird - Something went wrong: ReferenceError: successResponses is not defined
    at C:\Projects\paperbird\server\routes\Dashboard\index.js:10:5
    at Layer.handle [as handle_request] (C:\Projects\paperbird\server\node_modules\express\lib\router\layer.js:95:5)
    at next (C:\Projects\paperbird\server\node_modules\express\lib\router\route.js:137:13)
    at module.exports (C:\Projects\paperbird\server\middlewares\jwtauth.js:56:5)
    at Layer.handle [as handle_request] (C:\Projects\paperbird\server\node_modules\express\lib\router\layer.js:95:5)
    at next (C:\Projects\paperbird\server\node_modules\express\lib\router\route.js:137:13)
    at Route.dispatch (C:\Projects\paperbird\server\node_modules\express\lib\router\route.js:112:3)
    at Layer.handle [as handle_request] (C:\Projects\paperbird\server\node_modules\express\lib\router\layer.js:95:5)
    at C:\Projects\paperbird\server\node_modules\express\lib\router\index.js:281:22
    at Function.process_params (C:\Projects\paperbird\server\node_modules\express\lib\router\index.js:335:12)
    at next (C:\Projects\paperbird\server\node_modules\express\lib\router\index.js:275:10)
    at Function.handle (C:\Projects\paperbird\server\node_modules\express\lib\router\index.js:174:3)
    at router (C:\Projects\paperbird\server\node_modules\express\lib\router\index.js:47:12)
    at Layer.handle [as handle_request] (C:\Projects\paperbird\server\node_modules\express\lib\router\layer.js:95:5)
    at trim_prefix (C:\Projects\paperbird\server\node_modules\express\lib\router\index.js:317:13)
    at C:\Projects\paperbird\server\node_modules\express\lib\router\index.js:284:7
    at Function.process_params (C:\Projects\paperbird\server\node_modules\express\lib\router\index.js:335:12)
    at next (C:\Projects\paperbird\server\node_modules\express\lib\router\index.js:275:10)
    at C:\Projects\paperbird\server\app.js:187:3
    at Layer.handle [as handle_request] (C:\Projects\paperbird\server\node_modules\express\lib\router\layer.js:95:5)
    at trim_prefix (C:\Projects\paperbird\server\node_modules\express\lib\router\index.js:317:13)
    at C:\Projects\paperbird\server\node_modules\express\lib\router\index.js:284:7
[2021-06-16T19:08:43.250] [INFO] Paperbird - [/getAllProductGroup/:name, {"get":true}][6:53:06 PM], All data
[2021-06-16T19:08:43.264] [INFO] Paperbird - [/getAllProductSubgroup/:name, {"get":true}][6:53:06 PM], All data
[2021-06-16T19:08:43.277] [INFO] Paperbird - [/getAllPaperClass/:name, {"get":true}][6:53:06 PM], All data
[2021-06-16T19:08:43.287] [INFO] Paperbird - [/getAllPaperQuality/:name, {"get":true}][6:53:06 PM], All data
[2021-06-16T19:08:43.298] [INFO] Paperbird - [/getAllPaperPrintibility/:name, {"get":true}][6:53:06 PM], All data
[2021-06-16T19:08:43.313] [INFO] Paperbird - [/getAllPaperColor/:name, {"get":true}][6:53:06 PM], All data
[2021-06-16T19:08:43.328] [INFO] Paperbird - [/getAllMeasurementUnit/:name, {"get":true}][6:53:06 PM], All data
[2021-06-16T19:08:43.338] [INFO] Paperbird - [/getAllPaperGrain/:name, {"get":true}][6:53:06 PM], All data
[2021-06-16T19:08:43.350] [INFO] Paperbird - [/getAllPaperGsm/:name, {"get":true}][6:53:06 PM], All data
[2021-06-16T19:08:43.610] [INFO] Paperbird - [/getProducts, {"post":true}][6:53:06 PM], Product Data
[2021-06-16T19:10:38.856] [INFO] Paperbird - [/getAllProductGroup/:name, {"get":true}][6:53:06 PM], All data
[2021-06-16T19:10:38.858] [INFO] Paperbird - [/getAllProductGroup/:name, {"get":true}][6:53:06 PM], All data
[2021-06-16T19:10:38.903] [INFO] Paperbird - [/getAllProductSubgroup/:name, {"get":true}][6:53:06 PM], All data
[2021-06-16T19:10:38.910] [INFO] Paperbird - [/getAllPaperClass/:name, {"get":true}][6:53:06 PM], All data
[2021-06-16T19:10:38.919] [INFO] Paperbird - [/getAllPaperQuality/:name, {"get":true}][6:53:06 PM], All data
[2021-06-16T19:10:38.925] [INFO] Paperbird - [/getAllPaperPrintibility/:name, {"get":true}][6:53:06 PM], All data
[2021-06-16T19:10:38.940] [INFO] Paperbird - [/getAllPaperColor/:name, {"get":true}][6:53:06 PM], All data
[2021-06-16T19:10:38.950] [INFO] Paperbird - [/getAllMeasurementUnit/:name, {"get":true}][6:53:06 PM], All data
[2021-06-16T19:10:38.957] [INFO] Paperbird - [/getAllPaperGrain/:name, {"get":true}][6:53:06 PM], All data
[2021-06-16T19:10:38.964] [INFO] Paperbird - [/getAllGroupsForCustomer, {"get":true}][6:53:06 PM], All customer groups
[2021-06-16T19:10:38.995] [INFO] Paperbird - [/getSupplier, {"post":true}][6:53:06 PM], Supplier Data
[2021-06-16T19:10:39.068] [INFO] Paperbird - [/allProducts, {"post":true}][6:53:06 PM], All products
[2021-06-16T19:10:41.248] [INFO] Paperbird - [/allProducts, {"post":true}][6:53:06 PM], All products
[2021-06-16T19:10:46.035] [INFO] Paperbird - [/getAllProductGroup/:name, {"get":true}][6:53:06 PM], All data
[2021-06-16T19:10:46.036] [INFO] Paperbird - [/getAllProductGroup/:name, {"get":true}][6:53:06 PM], All data
[2021-06-16T19:10:46.111] [INFO] Paperbird - [/getAllProductSubgroup/:name, {"get":true}][6:53:06 PM], All data
[2021-06-16T19:10:46.127] [INFO] Paperbird - [/getAllPaperClass/:name, {"get":true}][6:53:06 PM], All data
[2021-06-16T19:10:46.174] [INFO] Paperbird - [/getAllPaperQuality/:name, {"get":true}][6:53:06 PM], All data
[2021-06-16T19:10:46.187] [INFO] Paperbird - [/getAllPaperPrintibility/:name, {"get":true}][6:53:06 PM], All data
[2021-06-16T19:10:46.198] [INFO] Paperbird - [/getAllPaperColor/:name, {"get":true}][6:53:06 PM], All data
[2021-06-16T19:10:46.207] [INFO] Paperbird - [/getAllMeasurementUnit/:name, {"get":true}][6:53:06 PM], All data
[2021-06-16T19:10:46.229] [INFO] Paperbird - [/getAllPaperGrain/:name, {"get":true}][6:53:06 PM], All data
[2021-06-16T19:10:46.239] [INFO] Paperbird - [/getAllGroupsForCustomer, {"get":true}][6:53:06 PM], All customer groups
[2021-06-16T19:10:46.275] [INFO] Paperbird - [/getSupplier, {"post":true}][6:53:06 PM], Supplier Data
[2021-06-16T19:10:46.329] [INFO] Paperbird - [/allProducts, {"post":true}][6:53:06 PM], All products
[2021-06-16T19:11:06.206] [INFO] Paperbird - [/getAllPaperClass/:name, {"get":true}][6:53:06 PM], All data
[2021-06-16T19:11:06.232] [INFO] Paperbird - [/getAllPaperQuality/:name, {"get":true}][6:53:06 PM], All data
[2021-06-16T19:11:06.258] [INFO] Paperbird - [/getAllPaperPrintibility/:name, {"get":true}][6:53:06 PM], All data
[2021-06-16T19:11:06.271] [INFO] Paperbird - [/getAllPaperColor/:name, {"get":true}][6:53:06 PM], All data
[2021-06-16T19:11:06.281] [INFO] Paperbird - [/getAllMeasurementUnit/:name, {"get":true}][6:53:06 PM], All data
[2021-06-16T19:11:06.289] [INFO] Paperbird - [/getAllPaperGrain/:name, {"get":true}][6:53:06 PM], All data
[2021-06-16T19:11:06.301] [INFO] Paperbird - [/getAllPaperGsm/:name, {"get":true}][6:53:06 PM], All data
[2021-06-16T19:11:06.344] [INFO] Paperbird - [/getAllProductGroup/:name, {"get":true}][6:53:06 PM], All data
[2021-06-16T19:11:06.356] [INFO] Paperbird - [/getAllGroupsForCustomer, {"get":true}][6:53:06 PM], All customer groups
[2021-06-16T19:11:06.382] [INFO] Paperbird - [/getSinglePublishedProduct/:id, {"get":true}][6:53:06 PM], All products
[2021-06-16T19:11:06.389] [INFO] Paperbird - [/getAllGroupsForCustomer, {"get":true}][6:53:06 PM], All customer groups
[2021-06-16T19:12:00.705] [INFO] Paperbird - [/singleProdFromProperties, {"post":true}][6:53:06 PM], Single Product
[2021-06-16T19:12:46.834] [INFO] Paperbird - [/getAllProductGroup/:name, {"get":true}][6:53:06 PM], All data
[2021-06-16T19:12:46.835] [INFO] Paperbird - [/getAllPaperClass/:name, {"get":true}][6:53:06 PM], All data
[2021-06-16T19:12:46.871] [INFO] Paperbird - [/getAllPaperQuality/:name, {"get":true}][6:53:06 PM], All data
[2021-06-16T19:12:46.900] [INFO] Paperbird - [/getAllPaperPrintibility/:name, {"get":true}][6:53:06 PM], All data
[2021-06-16T19:12:46.965] [INFO] Paperbird - [/getAllPaperColor/:name, {"get":true}][6:53:06 PM], All data
[2021-06-16T19:12:46.982] [INFO] Paperbird - [/getAllMeasurementUnit/:name, {"get":true}][6:53:06 PM], All data
[2021-06-16T19:12:46.988] [INFO] Paperbird - [/getAllPaperGrain/:name, {"get":true}][6:53:06 PM], All data
[2021-06-16T19:12:47.001] [INFO] Paperbird - [/getAllPaperGsm/:name, {"get":true}][6:53:06 PM], All data
[2021-06-16T19:12:47.014] [INFO] Paperbird - [/getAllGroupsForCustomer, {"get":true}][6:53:06 PM], All customer groups
[2021-06-16T19:12:47.038] [INFO] Paperbird - [/getSinglePublishedProduct/:id, {"get":true}][6:53:06 PM], All products
[2021-06-16T19:12:47.045] [INFO] Paperbird - [/getAllGroupsForCustomer, {"get":true}][6:53:06 PM], All customer groups
[2021-06-16T19:14:53.123] [INFO] Paperbird - [/getCart, {"get":true}][6:53:06 PM], User Cart
[2021-06-16T19:14:53.328] [INFO] Paperbird - [/countries, {"get":true}][6:53:06 PM], All countries
[2021-06-16T19:14:53.329] [INFO] Paperbird - [/states/:id, {"get":true}][6:53:06 PM], All States
[2021-06-16T19:14:53.330] [INFO] Paperbird - [/cities/:state_id/:country_id, {"get":true}][6:53:06 PM], All Cities
[2021-06-16T19:14:53.398] [INFO] Paperbird - [/getAllProductGroup/:name, {"get":true}][6:53:06 PM], All data
[2021-06-16T19:14:54.756] [INFO] Paperbird - [/removeCart, {"post":true}][6:53:06 PM], Product removed successfully
[2021-06-16T19:14:56.210] [INFO] Paperbird - [/getAllProductGroup/:name, {"get":true}][6:53:06 PM], All data
[2021-06-16T19:14:56.217] [INFO] Paperbird - [/getAllProductGroup/:name, {"get":true}][6:53:06 PM], All data
[2021-06-16T19:14:56.304] [INFO] Paperbird - [/getAllProductSubgroup/:name, {"get":true}][6:53:06 PM], All data
[2021-06-16T19:14:56.389] [INFO] Paperbird - [/getAllPaperClass/:name, {"get":true}][6:53:06 PM], All data
[2021-06-16T19:14:56.404] [INFO] Paperbird - [/getAllPaperQuality/:name, {"get":true}][6:53:06 PM], All data
[2021-06-16T19:14:56.412] [INFO] Paperbird - [/getAllPaperPrintibility/:name, {"get":true}][6:53:06 PM], All data
[2021-06-16T19:14:56.425] [INFO] Paperbird - [/getAllPaperColor/:name, {"get":true}][6:53:06 PM], All data
[2021-06-16T19:14:56.440] [INFO] Paperbird - [/getAllMeasurementUnit/:name, {"get":true}][6:53:06 PM], All data
[2021-06-16T19:14:56.448] [INFO] Paperbird - [/getAllPaperGrain/:name, {"get":true}][6:53:06 PM], All data
[2021-06-16T19:14:56.459] [INFO] Paperbird - [/getAllGroupsForCustomer, {"get":true}][6:53:06 PM], All customer groups
[2021-06-16T19:14:56.499] [INFO] Paperbird - [/getSupplier, {"post":true}][6:53:06 PM], Supplier Data
[2021-06-16T19:14:56.569] [INFO] Paperbird - [/allProducts, {"post":true}][6:53:06 PM], All products
[2021-06-16T19:14:58.157] [INFO] Paperbird - [/getAllProductGroup/:name, {"get":true}][6:53:06 PM], All data
[2021-06-16T19:14:58.159] [INFO] Paperbird - [/getAllPaperClass/:name, {"get":true}][6:53:06 PM], All data
[2021-06-16T19:14:58.177] [INFO] Paperbird - [/getAllPaperQuality/:name, {"get":true}][6:53:06 PM], All data
[2021-06-16T19:14:58.184] [INFO] Paperbird - [/getAllPaperPrintibility/:name, {"get":true}][6:53:06 PM], All data
[2021-06-16T19:14:58.195] [INFO] Paperbird - [/getAllPaperColor/:name, {"get":true}][6:53:06 PM], All data
[2021-06-16T19:14:58.207] [INFO] Paperbird - [/getAllMeasurementUnit/:name, {"get":true}][6:53:06 PM], All data
[2021-06-16T19:14:58.212] [INFO] Paperbird - [/getAllPaperGrain/:name, {"get":true}][6:53:06 PM], All data
[2021-06-16T19:14:58.220] [INFO] Paperbird - [/getAllPaperGsm/:name, {"get":true}][6:53:06 PM], All data
[2021-06-16T19:14:58.227] [INFO] Paperbird - [/getAllGroupsForCustomer, {"get":true}][6:53:06 PM], All customer groups
[2021-06-16T19:14:58.250] [INFO] Paperbird - [/getSinglePublishedProduct/:id, {"get":true}][6:53:06 PM], All products
[2021-06-16T19:14:58.258] [INFO] Paperbird - [/getAllGroupsForCustomer, {"get":true}][6:53:06 PM], All customer groups
[2021-06-16T19:16:40.568] [INFO] Paperbird - [/getAllProductGroup/:name, {"get":true}][6:53:06 PM], All data
[2021-06-16T19:16:40.572] [INFO] Paperbird - [/getAllProductGroup/:name, {"get":true}][6:53:06 PM], All data
[2021-06-16T19:16:40.591] [INFO] Paperbird - [/getAllProductSubgroup/:name, {"get":true}][6:53:06 PM], All data
[2021-06-16T19:16:40.605] [INFO] Paperbird - [/getAllPaperClass/:name, {"get":true}][6:53:06 PM], All data
[2021-06-16T19:16:40.613] [INFO] Paperbird - [/getAllPaperQuality/:name, {"get":true}][6:53:06 PM], All data
[2021-06-16T19:16:40.621] [INFO] Paperbird - [/getAllPaperPrintibility/:name, {"get":true}][6:53:06 PM], All data
[2021-06-16T19:16:40.631] [INFO] Paperbird - [/getAllPaperColor/:name, {"get":true}][6:53:06 PM], All data
[2021-06-16T19:16:40.640] [INFO] Paperbird - [/getAllMeasurementUnit/:name, {"get":true}][6:53:06 PM], All data
[2021-06-16T19:16:40.646] [INFO] Paperbird - [/getAllPaperGrain/:name, {"get":true}][6:53:06 PM], All data
[2021-06-16T19:16:40.652] [INFO] Paperbird - [/getAllGroupsForCustomer, {"get":true}][6:53:06 PM], All customer groups
[2021-06-16T19:16:40.679] [INFO] Paperbird - [/getSupplier, {"post":true}][6:53:06 PM], Supplier Data
[2021-06-16T19:16:40.739] [INFO] Paperbird - [/allProducts, {"post":true}][6:53:06 PM], All products
[2021-06-16T19:16:42.512] [INFO] Paperbird - [/getAllProductGroup/:name, {"get":true}][6:53:06 PM], All data
[2021-06-16T19:16:42.514] [INFO] Paperbird - [/getAllPaperClass/:name, {"get":true}][6:53:06 PM], All data
[2021-06-16T19:16:42.534] [INFO] Paperbird - [/getAllPaperQuality/:name, {"get":true}][6:53:06 PM], All data
[2021-06-16T19:16:42.542] [INFO] Paperbird - [/getAllPaperPrintibility/:name, {"get":true}][6:53:06 PM], All data
[2021-06-16T19:16:42.550] [INFO] Paperbird - [/getAllPaperColor/:name, {"get":true}][6:53:06 PM], All data
[2021-06-16T19:16:42.558] [INFO] Paperbird - [/getAllMeasurementUnit/:name, {"get":true}][6:53:06 PM], All data
[2021-06-16T19:16:42.563] [INFO] Paperbird - [/getAllPaperGrain/:name, {"get":true}][6:53:06 PM], All data
[2021-06-16T19:16:42.573] [INFO] Paperbird - [/getAllPaperGsm/:name, {"get":true}][6:53:06 PM], All data
[2021-06-16T19:16:42.595] [INFO] Paperbird - [/getAllGroupsForCustomer, {"get":true}][6:53:06 PM], All customer groups
[2021-06-16T19:16:42.614] [INFO] Paperbird - [/getSinglePublishedProduct/:id, {"get":true}][6:53:06 PM], All products
[2021-06-16T19:16:42.621] [INFO] Paperbird - [/getAllGroupsForCustomer, {"get":true}][6:53:06 PM], All customer groups
[2021-06-16T19:16:44.201] [INFO] Paperbird - [/getAllProductGroup/:name, {"get":true}][6:53:06 PM], All data
[2021-06-16T19:16:44.204] [INFO] Paperbird - [/getAllProductGroup/:name, {"get":true}][6:53:06 PM], All data
[2021-06-16T19:16:44.231] [INFO] Paperbird - [/getAllProductSubgroup/:name, {"get":true}][6:53:06 PM], All data
[2021-06-16T19:16:44.247] [INFO] Paperbird - [/getAllPaperClass/:name, {"get":true}][6:53:06 PM], All data
[2021-06-16T19:16:44.263] [INFO] Paperbird - [/getAllPaperQuality/:name, {"get":true}][6:53:06 PM], All data
[2021-06-16T19:16:44.276] [INFO] Paperbird - [/getAllPaperPrintibility/:name, {"get":true}][6:53:06 PM], All data
[2021-06-16T19:16:44.285] [INFO] Paperbird - [/getAllPaperColor/:name, {"get":true}][6:53:06 PM], All data
[2021-06-16T19:16:44.295] [INFO] Paperbird - [/getAllMeasurementUnit/:name, {"get":true}][6:53:06 PM], All data
[2021-06-16T19:16:44.306] [INFO] Paperbird - [/getAllPaperGrain/:name, {"get":true}][6:53:06 PM], All data
[2021-06-16T19:16:44.310] [INFO] Paperbird - [/getAllGroupsForCustomer, {"get":true}][6:53:06 PM], All customer groups
[2021-06-16T19:16:44.332] [INFO] Paperbird - [/getSupplier, {"post":true}][6:53:06 PM], Supplier Data
[2021-06-16T19:16:44.388] [INFO] Paperbird - [/allProducts, {"post":true}][6:53:06 PM], All products
[2021-06-16T19:16:45.180] [INFO] Paperbird - [/getAllProductGroup/:name, {"get":true}][6:53:06 PM], All data
[2021-06-16T19:16:45.181] [INFO] Paperbird - [/getAllPaperClass/:name, {"get":true}][6:53:06 PM], All data
[2021-06-16T19:16:45.213] [INFO] Paperbird - [/getAllPaperQuality/:name, {"get":true}][6:53:06 PM], All data
[2021-06-16T19:16:45.219] [INFO] Paperbird - [/getAllPaperPrintibility/:name, {"get":true}][6:53:06 PM], All data
[2021-06-16T19:16:45.229] [INFO] Paperbird - [/getAllPaperColor/:name, {"get":true}][6:53:06 PM], All data
[2021-06-16T19:16:45.236] [INFO] Paperbird - [/getAllMeasurementUnit/:name, {"get":true}][6:53:06 PM], All data
[2021-06-16T19:16:45.242] [INFO] Paperbird - [/getAllPaperGrain/:name, {"get":true}][6:53:06 PM], All data
[2021-06-16T19:16:45.248] [INFO] Paperbird - [/getAllPaperGsm/:name, {"get":true}][6:53:06 PM], All data
[2021-06-16T19:16:45.256] [INFO] Paperbird - [/getAllGroupsForCustomer, {"get":true}][6:53:06 PM], All customer groups
[2021-06-16T19:16:45.282] [INFO] Paperbird - [/getSinglePublishedProduct/:id, {"get":true}][6:53:06 PM], All products
[2021-06-16T19:16:45.290] [INFO] Paperbird - [/getAllGroupsForCustomer, {"get":true}][6:53:06 PM], All customer groups
[2021-06-16T19:16:47.538] [INFO] Paperbird - [/getAllProductGroup/:name, {"get":true}][6:53:06 PM], All data
[2021-06-16T19:16:47.539] [INFO] Paperbird - [/getAllProductGroup/:name, {"get":true}][6:53:06 PM], All data
[2021-06-16T19:16:47.564] [INFO] Paperbird - [/getAllProductSubgroup/:name, {"get":true}][6:53:06 PM], All data
[2021-06-16T19:16:47.578] [INFO] Paperbird - [/getAllPaperClass/:name, {"get":true}][6:53:06 PM], All data
[2021-06-16T19:16:47.586] [INFO] Paperbird - [/getAllPaperQuality/:name, {"get":true}][6:53:06 PM], All data
[2021-06-16T19:16:47.592] [INFO] Paperbird - [/getAllPaperPrintibility/:name, {"get":true}][6:53:06 PM], All data
[2021-06-16T19:16:47.601] [INFO] Paperbird - [/getAllPaperColor/:name, {"get":true}][6:53:06 PM], All data
[2021-06-16T19:16:47.610] [INFO] Paperbird - [/getAllMeasurementUnit/:name, {"get":true}][6:53:06 PM], All data
[2021-06-16T19:16:47.615] [INFO] Paperbird - [/getAllPaperGrain/:name, {"get":true}][6:53:06 PM], All data
[2021-06-16T19:16:47.625] [INFO] Paperbird - [/getAllGroupsForCustomer, {"get":true}][6:53:06 PM], All customer groups
[2021-06-16T19:16:47.651] [INFO] Paperbird - [/getSupplier, {"post":true}][6:53:06 PM], Supplier Data
[2021-06-16T19:16:47.701] [INFO] Paperbird - [/allProducts, {"post":true}][6:53:06 PM], All products
[2021-06-16T19:16:49.001] [INFO] Paperbird - [/getAllPaperClass/:name, {"get":true}][6:53:06 PM], All data
[2021-06-16T19:16:49.002] [INFO] Paperbird - [/getAllProductGroup/:name, {"get":true}][6:53:06 PM], All data
[2021-06-16T19:16:49.008] [INFO] Paperbird - [/getAllPaperQuality/:name, {"get":true}][6:53:06 PM], All data
[2021-06-16T19:16:49.026] [INFO] Paperbird - [/getAllPaperPrintibility/:name, {"get":true}][6:53:06 PM], All data
[2021-06-16T19:16:49.033] [INFO] Paperbird - [/getAllPaperColor/:name, {"get":true}][6:53:06 PM], All data
[2021-06-16T19:16:49.039] [INFO] Paperbird - [/getAllMeasurementUnit/:name, {"get":true}][6:53:06 PM], All data
[2021-06-16T19:16:49.044] [INFO] Paperbird - [/getAllPaperGrain/:name, {"get":true}][6:53:06 PM], All data
[2021-06-16T19:16:49.052] [INFO] Paperbird - [/getAllPaperGsm/:name, {"get":true}][6:53:06 PM], All data
[2021-06-16T19:16:49.058] [INFO] Paperbird - [/getAllGroupsForCustomer, {"get":true}][6:53:06 PM], All customer groups
[2021-06-16T19:16:49.092] [INFO] Paperbird - [/getSinglePublishedProduct/:id, {"get":true}][6:53:06 PM], All products
[2021-06-16T19:16:49.097] [INFO] Paperbird - [/getAllGroupsForCustomer, {"get":true}][6:53:06 PM], All customer groups
[2021-06-16T19:16:52.224] [INFO] Paperbird - [/getAllGroupsForCustomer, {"get":true}][6:53:06 PM], All customer groups
[2021-06-16T19:16:52.252] [INFO] Paperbird - [/getSinglePublishedProduct/:id, {"get":true}][6:53:06 PM], All products
[2021-06-16T19:16:52.290] [INFO] Paperbird - [/getAllGroupsForCustomer, {"get":true}][6:53:06 PM], All customer groups
[2021-06-16T19:16:53.447] [INFO] Paperbird - [/getAllGroupsForCustomer, {"get":true}][6:53:06 PM], All customer groups
[2021-06-16T19:16:53.461] [INFO] Paperbird - [/getSinglePublishedProduct/:id, {"get":true}][6:53:06 PM], All products
[2021-06-16T19:16:53.489] [INFO] Paperbird - [/getAllGroupsForCustomer, {"get":true}][6:53:06 PM], All customer groups
[2021-06-16T19:16:56.050] [INFO] Paperbird - [/getAllGroupsForCustomer, {"get":true}][6:53:06 PM], All customer groups
[2021-06-16T19:16:56.072] [INFO] Paperbird - [/getSinglePublishedProduct/:id, {"get":true}][6:53:06 PM], All products
[2021-06-16T19:16:56.110] [INFO] Paperbird - [/getAllGroupsForCustomer, {"get":true}][6:53:06 PM], All customer groups
[2021-06-16T19:16:58.665] [INFO] Paperbird - [/getAllGroupsForCustomer, {"get":true}][6:53:06 PM], All customer groups
[2021-06-16T19:16:58.688] [INFO] Paperbird - [/getSinglePublishedProduct/:id, {"get":true}][6:53:06 PM], All products
[2021-06-16T19:16:58.715] [INFO] Paperbird - [/getAllGroupsForCustomer, {"get":true}][6:53:06 PM], All customer groups
[2021-06-16T19:17:02.342] [INFO] Paperbird - [/getAllProductGroup/:name, {"get":true}][6:53:06 PM], All data
[2021-06-16T19:17:02.343] [INFO] Paperbird - [/getAllProductGroup/:name, {"get":true}][6:53:06 PM], All data
[2021-06-16T19:17:02.372] [INFO] Paperbird - [/getAllProductSubgroup/:name, {"get":true}][6:53:06 PM], All data
[2021-06-16T19:17:02.385] [INFO] Paperbird - [/getAllPaperClass/:name, {"get":true}][6:53:06 PM], All data
[2021-06-16T19:17:02.393] [INFO] Paperbird - [/getAllPaperQuality/:name, {"get":true}][6:53:06 PM], All data
[2021-06-16T19:17:02.399] [INFO] Paperbird - [/getAllPaperPrintibility/:name, {"get":true}][6:53:06 PM], All data
[2021-06-16T19:17:02.409] [INFO] Paperbird - [/getAllPaperColor/:name, {"get":true}][6:53:06 PM], All data
[2021-06-16T19:17:02.416] [INFO] Paperbird - [/getAllMeasurementUnit/:name, {"get":true}][6:53:06 PM], All data
[2021-06-16T19:17:02.424] [INFO] Paperbird - [/getAllPaperGrain/:name, {"get":true}][6:53:06 PM], All data
[2021-06-16T19:17:02.428] [INFO] Paperbird - [/getAllGroupsForCustomer, {"get":true}][6:53:06 PM], All customer groups
[2021-06-16T19:17:02.455] [INFO] Paperbird - [/getSupplier, {"post":true}][6:53:06 PM], Supplier Data
[2021-06-16T19:17:02.503] [INFO] Paperbird - [/allProducts, {"post":true}][6:53:06 PM], All products
[2021-06-16T19:17:05.793] [INFO] Paperbird - [/getAllProductGroup/:name, {"get":true}][6:53:06 PM], All data
[2021-06-16T19:17:05.795] [INFO] Paperbird - [/getAllPaperClass/:name, {"get":true}][6:53:06 PM], All data
[2021-06-16T19:17:05.816] [INFO] Paperbird - [/getAllPaperQuality/:name, {"get":true}][6:53:06 PM], All data
[2021-06-16T19:17:05.825] [INFO] Paperbird - [/getAllPaperPrintibility/:name, {"get":true}][6:53:06 PM], All data
[2021-06-16T19:17:05.833] [INFO] Paperbird - [/getAllPaperColor/:name, {"get":true}][6:53:06 PM], All data
[2021-06-16T19:17:05.840] [INFO] Paperbird - [/getAllMeasurementUnit/:name, {"get":true}][6:53:06 PM], All data
[2021-06-16T19:17:05.845] [INFO] Paperbird - [/getAllPaperGrain/:name, {"get":true}][6:53:06 PM], All data
[2021-06-16T19:17:05.857] [INFO] Paperbird - [/getAllPaperGsm/:name, {"get":true}][6:53:06 PM], All data
[2021-06-16T19:17:05.863] [INFO] Paperbird - [/getAllGroupsForCustomer, {"get":true}][6:53:06 PM], All customer groups
[2021-06-16T19:17:05.898] [INFO] Paperbird - [/getSinglePublishedProduct/:id, {"get":true}][6:53:06 PM], All products
[2021-06-16T19:17:05.917] [INFO] Paperbird - [/getAllGroupsForCustomer, {"get":true}][6:53:06 PM], All customer groups
[2021-06-16T19:17:17.968] [INFO] Paperbird - [/getAllProductGroup/:name, {"get":true}][6:53:06 PM], All data
[2021-06-16T19:17:17.970] [INFO] Paperbird - [/getAllProductGroup/:name, {"get":true}][6:53:06 PM], All data
[2021-06-16T19:17:17.994] [INFO] Paperbird - [/getAllProductSubgroup/:name, {"get":true}][6:53:06 PM], All data
[2021-06-16T19:17:18.010] [INFO] Paperbird - [/getAllPaperClass/:name, {"get":true}][6:53:06 PM], All data
[2021-06-16T19:17:18.019] [INFO] Paperbird - [/getAllPaperQuality/:name, {"get":true}][6:53:06 PM], All data
[2021-06-16T19:17:18.025] [INFO] Paperbird - [/getAllPaperPrintibility/:name, {"get":true}][6:53:06 PM], All data
[2021-06-16T19:17:18.034] [INFO] Paperbird - [/getAllPaperColor/:name, {"get":true}][6:53:06 PM], All data
[2021-06-16T19:17:18.042] [INFO] Paperbird - [/getAllMeasurementUnit/:name, {"get":true}][6:53:06 PM], All data
[2021-06-16T19:17:18.047] [INFO] Paperbird - [/getAllPaperGrain/:name, {"get":true}][6:53:06 PM], All data
[2021-06-16T19:17:18.057] [INFO] Paperbird - [/getAllGroupsForCustomer, {"get":true}][6:53:06 PM], All customer groups
[2021-06-16T19:17:18.082] [INFO] Paperbird - [/getSupplier, {"post":true}][6:53:06 PM], Supplier Data
[2021-06-16T19:17:18.134] [INFO] Paperbird - [/allProducts, {"post":true}][6:53:06 PM], All products
[2021-06-16T19:17:20.980] [INFO] Paperbird - [/allProducts, {"post":true}][6:53:06 PM], All products
[2021-06-16T19:17:25.155] [INFO] Paperbird - [/getAllProductGroup/:name, {"get":true}][6:53:06 PM], All data
[2021-06-16T19:17:25.156] [INFO] Paperbird - [/getAllPaperClass/:name, {"get":true}][6:53:06 PM], All data
[2021-06-16T19:17:25.176] [INFO] Paperbird - [/getAllPaperQuality/:name, {"get":true}][6:53:06 PM], All data
[2021-06-16T19:17:25.185] [INFO] Paperbird - [/getAllPaperPrintibility/:name, {"get":true}][6:53:06 PM], All data
[2021-06-16T19:17:25.194] [INFO] Paperbird - [/getAllPaperColor/:name, {"get":true}][6:53:06 PM], All data
[2021-06-16T19:17:25.205] [INFO] Paperbird - [/getAllMeasurementUnit/:name, {"get":true}][6:53:06 PM], All data
[2021-06-16T19:17:25.212] [INFO] Paperbird - [/getAllPaperGrain/:name, {"get":true}][6:53:06 PM], All data
[2021-06-16T19:17:25.222] [INFO] Paperbird - [/getAllPaperGsm/:name, {"get":true}][6:53:06 PM], All data
[2021-06-16T19:17:25.232] [INFO] Paperbird - [/getAllGroupsForCustomer, {"get":true}][6:53:06 PM], All customer groups
[2021-06-16T19:17:25.259] [INFO] Paperbird - [/getSinglePublishedProduct/:id, {"get":true}][6:53:06 PM], All products
[2021-06-16T19:17:25.263] [INFO] Paperbird - [/getAllGroupsForCustomer, {"get":true}][6:53:06 PM], All customer groups
[2021-06-16T19:17:37.336] [INFO] Paperbird - [/getAllProductGroup/:name, {"get":true}][6:53:06 PM], All data
[2021-06-16T19:17:37.337] [INFO] Paperbird - [/getAllProductGroup/:name, {"get":true}][6:53:06 PM], All data
[2021-06-16T19:17:37.355] [INFO] Paperbird - [/getAllProductSubgroup/:name, {"get":true}][6:53:06 PM], All data
[2021-06-16T19:17:37.369] [INFO] Paperbird - [/getAllPaperClass/:name, {"get":true}][6:53:06 PM], All data
[2021-06-16T19:17:37.377] [INFO] Paperbird - [/getAllPaperQuality/:name, {"get":true}][6:53:06 PM], All data
[2021-06-16T19:17:37.385] [INFO] Paperbird - [/getAllPaperPrintibility/:name, {"get":true}][6:53:06 PM], All data
[2021-06-16T19:17:37.395] [INFO] Paperbird - [/getAllPaperColor/:name, {"get":true}][6:53:06 PM], All data
[2021-06-16T19:17:37.403] [INFO] Paperbird - [/getAllMeasurementUnit/:name, {"get":true}][6:53:06 PM], All data
[2021-06-16T19:17:37.409] [INFO] Paperbird - [/getAllPaperGrain/:name, {"get":true}][6:53:06 PM], All data
[2021-06-16T19:17:37.414] [INFO] Paperbird - [/getAllGroupsForCustomer, {"get":true}][6:53:06 PM], All customer groups
[2021-06-16T19:17:37.436] [INFO] Paperbird - [/getSupplier, {"post":true}][6:53:06 PM], Supplier Data
[2021-06-16T19:17:37.479] [INFO] Paperbird - [/allProducts, {"post":true}][6:53:06 PM], All products
[2021-06-16T19:17:40.736] [INFO] Paperbird - [/getAllProductGroup/:name, {"get":true}][6:53:06 PM], All data
[2021-06-16T19:17:40.738] [INFO] Paperbird - [/getAllPaperClass/:name, {"get":true}][6:53:06 PM], All data
[2021-06-16T19:17:40.758] [INFO] Paperbird - [/getAllPaperQuality/:name, {"get":true}][6:53:06 PM], All data
[2021-06-16T19:17:40.765] [INFO] Paperbird - [/getAllPaperPrintibility/:name, {"get":true}][6:53:06 PM], All data
[2021-06-16T19:17:40.775] [INFO] Paperbird - [/getAllPaperColor/:name, {"get":true}][6:53:06 PM], All data
[2021-06-16T19:17:40.781] [INFO] Paperbird - [/getAllMeasurementUnit/:name, {"get":true}][6:53:06 PM], All data
[2021-06-16T19:17:40.789] [INFO] Paperbird - [/getAllPaperGrain/:name, {"get":true}][6:53:06 PM], All data
[2021-06-16T19:17:40.797] [INFO] Paperbird - [/getAllPaperGsm/:name, {"get":true}][6:53:06 PM], All data
[2021-06-16T19:17:40.804] [INFO] Paperbird - [/getAllGroupsForCustomer, {"get":true}][6:53:06 PM], All customer groups
[2021-06-16T19:17:40.837] [INFO] Paperbird - [/getSinglePublishedProduct/:id, {"get":true}][6:53:06 PM], All products
[2021-06-16T19:17:40.843] [INFO] Paperbird - [/getAllGroupsForCustomer, {"get":true}][6:53:06 PM], All customer groups
[2021-06-16T19:17:42.575] [INFO] Paperbird - [/getAllProductGroup/:name, {"get":true}][6:53:06 PM], All data
[2021-06-16T19:17:42.576] [INFO] Paperbird - [/getAllProductGroup/:name, {"get":true}][6:53:06 PM], All data
[2021-06-16T19:17:42.598] [INFO] Paperbird - [/getAllProductSubgroup/:name, {"get":true}][6:53:06 PM], All data
[2021-06-16T19:17:42.611] [INFO] Paperbird - [/getAllPaperClass/:name, {"get":true}][6:53:06 PM], All data
[2021-06-16T19:17:42.618] [INFO] Paperbird - [/getAllPaperQuality/:name, {"get":true}][6:53:06 PM], All data
[2021-06-16T19:17:42.625] [INFO] Paperbird - [/getAllPaperPrintibility/:name, {"get":true}][6:53:06 PM], All data
[2021-06-16T19:17:42.637] [INFO] Paperbird - [/getAllPaperColor/:name, {"get":true}][6:53:06 PM], All data
[2021-06-16T19:17:42.644] [INFO] Paperbird - [/getAllMeasurementUnit/:name, {"get":true}][6:53:06 PM], All data
[2021-06-16T19:17:42.652] [INFO] Paperbird - [/getAllPaperGrain/:name, {"get":true}][6:53:06 PM], All data
[2021-06-16T19:17:42.658] [INFO] Paperbird - [/getAllGroupsForCustomer, {"get":true}][6:53:06 PM], All customer groups
[2021-06-16T19:17:42.681] [INFO] Paperbird - [/getSupplier, {"post":true}][6:53:06 PM], Supplier Data
[2021-06-16T19:17:42.726] [INFO] Paperbird - [/allProducts, {"post":true}][6:53:06 PM], All products
[2021-06-16T19:18:51.067] [INFO] Paperbird - [/getAllProductGroup/:name, {"get":true}][6:53:06 PM], All data
[2021-06-16T19:18:51.068] [INFO] Paperbird - [/getAllPaperClass/:name, {"get":true}][6:53:06 PM], All data
[2021-06-16T19:18:51.081] [INFO] Paperbird - [/getAllPaperQuality/:name, {"get":true}][6:53:06 PM], All data
[2021-06-16T19:18:51.101] [INFO] Paperbird - [/getAllPaperPrintibility/:name, {"get":true}][6:53:06 PM], All data
[2021-06-16T19:18:51.114] [INFO] Paperbird - [/getAllPaperColor/:name, {"get":true}][6:53:06 PM], All data
[2021-06-16T19:18:51.122] [INFO] Paperbird - [/getAllMeasurementUnit/:name, {"get":true}][6:53:06 PM], All data
[2021-06-16T19:18:51.128] [INFO] Paperbird - [/getAllPaperGrain/:name, {"get":true}][6:53:06 PM], All data
[2021-06-16T19:18:51.139] [INFO] Paperbird - [/getAllPaperGsm/:name, {"get":true}][6:53:06 PM], All data
[2021-06-16T19:18:51.147] [INFO] Paperbird - [/getAllGroupsForCustomer, {"get":true}][6:53:06 PM], All customer groups
[2021-06-16T19:18:51.174] [INFO] Paperbird - [/getSinglePublishedProduct/:id, {"get":true}][6:53:06 PM], All products
[2021-06-16T19:18:51.180] [INFO] Paperbird - [/getAllGroupsForCustomer, {"get":true}][6:53:06 PM], All customer groups
[2021-06-16T19:20:29.727] [INFO] Paperbird - [/singleProdFromProperties, {"post":true}][6:53:06 PM], Single Product
[2021-06-16T19:20:43.834] [INFO] Paperbird - [/singleProdFromProperties, {"post":true}][6:53:06 PM], Single Product
[2021-06-16T19:21:58.286] [INFO] Paperbird - [/singleProdFromProperties, {"post":true}][6:53:06 PM], Single Product
[2021-06-16T19:22:05.471] [INFO] Paperbird - [/singleProdFromProperties, {"post":true}][6:53:06 PM], Single Product
[2021-06-16T19:22:57.698] [INFO] Paperbird - [/getProducts, {"post":true}][6:53:06 PM], Product Data
