[2021-07-01T10:31:03.511] [ERROR] Paperbird - Database authentication error ConnectionRefusedError [SequelizeConnectionRefusedError]: connect ECONNREFUSED 127.0.0.1:3306
    at C:\Projects\paperbird\server\node_modules\sequelize\lib\dialects\mysql\connection-manager.js:123:19
    at tryCatcher (C:\Projects\paperbird\server\node_modules\bluebird\js\release\util.js:16:23)
    at Promise._settlePromiseFromHandler (C:\Projects\paperbird\server\node_modules\bluebird\js\release\promise.js:547:31)
    at Promise._settlePromise (C:\Projects\paperbird\server\node_modules\bluebird\js\release\promise.js:604:18)
    at Promise._settlePromise0 (C:\Projects\paperbird\server\node_modules\bluebird\js\release\promise.js:649:10)
    at Promise._settlePromises (C:\Projects\paperbird\server\node_modules\bluebird\js\release\promise.js:725:18)
    at _drainQueueStep (C:\Projects\paperbird\server\node_modules\bluebird\js\release\async.js:93:12)
    at _drainQueue (C:\Projects\paperbird\server\node_modules\bluebird\js\release\async.js:86:9)
    at Async._drainQueues (C:\Projects\paperbird\server\node_modules\bluebird\js\release\async.js:102:5)
    at Immediate.Async.drainQueues [as _onImmediate] (C:\Projects\paperbird\server\node_modules\bluebird\js\release\async.js:15:14)
    at processImmediate (internal/timers.js:461:21) {
  parent: Error: connect ECONNREFUSED 127.0.0.1:3306
      at TCPConnectWrap.afterConnect [as oncomplete] (net.js:1145:16) {
    errno: 'ECONNREFUSED',
    code: 'ECONNREFUSED',
    syscall: 'connect',
    address: '127.0.0.1',
    port: 3306,
    fatal: true
  },
  original: Error: connect ECONNREFUSED 127.0.0.1:3306
      at TCPConnectWrap.afterConnect [as oncomplete] (net.js:1145:16) {
    errno: 'ECONNREFUSED',
    code: 'ECONNREFUSED',
    syscall: 'connect',
    address: '127.0.0.1',
    port: 3306,
    fatal: true
  }
}
[2021-07-01T14:47:28.370] [INFO] Paperbird - [/countries, {"get":true}][2:45:23 PM], All countries
[2021-07-01T14:47:28.402] [INFO] Paperbird - [/states, {"get":true}][2:45:23 PM], All states
[2021-07-01T14:47:28.418] [INFO] Paperbird - [/cities, {"get":true}][2:45:23 PM], All cities
[2021-07-01T14:47:28.624] [INFO] Paperbird - [/getWarehouses, {"post":true}][2:45:23 PM], Supplier's Warehouse Data
[2021-07-01T14:47:31.516] [INFO] Paperbird - [/getAllWarehouse, {"get":true}][2:45:23 PM], all warehouses
[2021-07-01T14:47:31.998] [INFO] Paperbird - [/WarehouseProductsWithoutPagination, {"get":true}][2:45:23 PM], Supplier's Products
[2021-07-01T14:48:22.050] [INFO] Paperbird - [/getAllWarehouseProducts, {"post":true}][2:45:23 PM], Supplier's Products
[2021-07-01T14:48:25.723] [INFO] Paperbird - [/getAllWarehouseProducts, {"post":true}][2:45:23 PM], Supplier's Products
[2021-07-01T14:48:31.880] [INFO] Paperbird - [/updateStock, {"post":true}][2:45:23 PM], Stock quantity added successfully
[2021-07-01T14:48:36.843] [INFO] Paperbird - [/getWarehouses, {"post":true}][2:45:23 PM], Supplier's Warehouse Data
[2021-07-01T14:49:32.543] [INFO] Paperbird - [/getAllWarehouseProducts, {"post":true}][2:45:23 PM], Supplier's Products
[2021-07-01T14:49:35.643] [INFO] Paperbird - [/getAllWarehouseProducts, {"post":true}][2:45:23 PM], Supplier's Products
[2021-07-01T14:50:48.356] [INFO] Paperbird - [/countries, {"get":true}][2:50:44 PM], All countries
[2021-07-01T14:50:48.386] [INFO] Paperbird - [/states, {"get":true}][2:50:44 PM], All states
[2021-07-01T14:50:48.421] [INFO] Paperbird - [/cities, {"get":true}][2:50:44 PM], All cities
[2021-07-01T14:50:48.716] [INFO] Paperbird - [/getWarehouses, {"post":true}][2:50:44 PM], Supplier's Warehouse Data
[2021-07-01T14:50:51.427] [INFO] Paperbird - [/getAllWarehouse, {"get":true}][2:50:44 PM], all warehouses
[2021-07-01T14:50:51.454] [INFO] Paperbird - [/WarehouseProductsWithoutPagination, {"get":true}][2:50:44 PM], Supplier's Products
[2021-07-01T14:51:26.551] [INFO] Paperbird - [/getAllWarehouseProducts, {"post":true}][2:50:44 PM], Supplier's Products
[2021-07-01T14:51:29.682] [INFO] Paperbird - [/getAllWarehouseProducts, {"post":true}][2:50:44 PM], Supplier's Products
[2021-07-01T14:51:46.701] [INFO] Paperbird - [/updateStock, {"post":true}][2:50:44 PM], Stock quantity added successfully
[2021-07-01T14:51:50.201] [INFO] Paperbird - [/getWarehouses, {"post":true}][2:50:44 PM], Supplier's Warehouse Data
[2021-07-01T14:51:52.216] [INFO] Paperbird - [/countries, {"get":true}][2:50:44 PM], All countries
[2021-07-01T14:51:52.257] [INFO] Paperbird - [/states, {"get":true}][2:50:44 PM], All states
[2021-07-01T14:51:52.270] [INFO] Paperbird - [/cities, {"get":true}][2:50:44 PM], All cities
[2021-07-01T14:51:52.464] [INFO] Paperbird - [/getWarehouses, {"post":true}][2:50:44 PM], Supplier's Warehouse Data
[2021-07-01T14:51:56.647] [INFO] Paperbird - [/getAllWarehouse, {"get":true}][2:50:44 PM], all warehouses
[2021-07-01T14:51:56.677] [INFO] Paperbird - [/WarehouseProductsWithoutPagination, {"get":true}][2:50:44 PM], Supplier's Products
[2021-07-01T14:59:19.363] [INFO] Paperbird - [/getAllProductGroup/:name, {"get":true}][2:50:44 PM], All data
[2021-07-01T14:59:19.379] [INFO] Paperbird - [/getAllProductSubgroup/:name, {"get":true}][2:50:44 PM], All data
[2021-07-01T14:59:19.393] [INFO] Paperbird - [/getAllPaperClass/:name, {"get":true}][2:50:44 PM], All data
[2021-07-01T14:59:19.407] [INFO] Paperbird - [/getAllPaperQuality/:name, {"get":true}][2:50:44 PM], All data
[2021-07-01T14:59:19.422] [INFO] Paperbird - [/getAllPaperPrintibility/:name, {"get":true}][2:50:44 PM], All data
[2021-07-01T14:59:19.441] [INFO] Paperbird - [/getAllPaperColor/:name, {"get":true}][2:50:44 PM], All data
[2021-07-01T14:59:19.464] [INFO] Paperbird - [/getAllMeasurementUnit/:name, {"get":true}][2:50:44 PM], All data
[2021-07-01T14:59:19.475] [INFO] Paperbird - [/getAllPaperGrain/:name, {"get":true}][2:50:44 PM], All data
[2021-07-01T14:59:19.493] [INFO] Paperbird - [/getAllPaperGsm/:name, {"get":true}][2:50:44 PM], All data
[2021-07-01T14:59:19.724] [INFO] Paperbird - [/getProducts, {"post":true}][2:50:44 PM], Product Data
[2021-07-01T14:59:21.154] [INFO] Paperbird - [/exportProducts, {"get":true}][2:50:44 PM], Product Data
[2021-07-01T15:02:54.237] [INFO] Paperbird - [/getAllProductGroup/:name, {"get":true}][2:50:44 PM], All data
[2021-07-01T15:02:54.315] [INFO] Paperbird - [/getAllProductSubgroup/:name, {"get":true}][2:50:44 PM], All data
[2021-07-01T15:02:54.352] [INFO] Paperbird - [/getAllPaperClass/:name, {"get":true}][2:50:44 PM], All data
[2021-07-01T15:02:54.370] [INFO] Paperbird - [/getAllPaperQuality/:name, {"get":true}][2:50:44 PM], All data
[2021-07-01T15:02:54.391] [INFO] Paperbird - [/getAllPaperPrintibility/:name, {"get":true}][2:50:44 PM], All data
[2021-07-01T15:02:54.409] [INFO] Paperbird - [/getAllPaperColor/:name, {"get":true}][2:50:44 PM], All data
[2021-07-01T15:02:54.424] [INFO] Paperbird - [/getAllMeasurementUnit/:name, {"get":true}][2:50:44 PM], All data
[2021-07-01T15:02:54.436] [INFO] Paperbird - [/getAllPaperGrain/:name, {"get":true}][2:50:44 PM], All data
[2021-07-01T15:02:54.449] [INFO] Paperbird - [/getAllPaperGsm/:name, {"get":true}][2:50:44 PM], All data
[2021-07-01T15:02:54.558] [INFO] Paperbird - [/getProducts, {"post":true}][2:50:44 PM], Product Data
[2021-07-01T15:04:30.589] [INFO] Paperbird - [/getAllProductGroup/:name, {"get":true}][2:50:44 PM], All data
[2021-07-01T15:04:30.628] [INFO] Paperbird - [/getAllProductSubgroup/:name, {"get":true}][2:50:44 PM], All data
[2021-07-01T15:04:30.663] [INFO] Paperbird - [/getAllPaperClass/:name, {"get":true}][2:50:44 PM], All data
[2021-07-01T15:04:30.702] [INFO] Paperbird - [/getAllPaperQuality/:name, {"get":true}][2:50:44 PM], All data
[2021-07-01T15:04:30.735] [INFO] Paperbird - [/getAllPaperPrintibility/:name, {"get":true}][2:50:44 PM], All data
[2021-07-01T15:04:30.772] [INFO] Paperbird - [/getAllPaperColor/:name, {"get":true}][2:50:44 PM], All data
[2021-07-01T15:04:30.792] [INFO] Paperbird - [/getAllMeasurementUnit/:name, {"get":true}][2:50:44 PM], All data
[2021-07-01T15:04:30.809] [INFO] Paperbird - [/getAllPaperGrain/:name, {"get":true}][2:50:44 PM], All data
[2021-07-01T15:04:30.831] [INFO] Paperbird - [/getAllPaperGsm/:name, {"get":true}][2:50:44 PM], All data
[2021-07-01T15:04:30.920] [INFO] Paperbird - [/getProducts, {"post":true}][2:50:44 PM], Product Data
[2021-07-01T15:07:18.377] [INFO] Paperbird - [/countries, {"get":true}][3:06:00 PM], All countries
[2021-07-01T15:07:18.390] [INFO] Paperbird - [/states, {"get":true}][3:06:00 PM], All states
[2021-07-01T15:07:18.401] [INFO] Paperbird - [/cities, {"get":true}][3:06:00 PM], All cities
[2021-07-01T15:07:18.706] [INFO] Paperbird - [/getWarehouses, {"post":true}][3:06:00 PM], Supplier's Warehouse Data
[2021-07-01T15:07:23.838] [INFO] Paperbird - [/getAllWarehouse, {"get":true}][3:06:00 PM], all warehouses
[2021-07-01T15:07:23.846] [INFO] Paperbird - [/productStock/:id, {"get":true}][3:06:00 PM], Warehouse stock
[2021-07-01T15:13:21.402] [INFO] Paperbird - [/countries, {"get":true}][3:06:00 PM], All countries
[2021-07-01T15:13:21.474] [INFO] Paperbird - [/states, {"get":true}][3:06:00 PM], All states
[2021-07-01T15:13:21.518] [INFO] Paperbird - [/cities, {"get":true}][3:06:00 PM], All cities
[2021-07-01T15:13:21.692] [INFO] Paperbird - [/getWarehouses, {"post":true}][3:06:00 PM], Supplier's Warehouse Data
[2021-07-01T15:13:23.367] [INFO] Paperbird - [/countries, {"get":true}][3:06:00 PM], All countries
[2021-07-01T15:13:23.390] [INFO] Paperbird - [/states, {"get":true}][3:06:00 PM], All states
[2021-07-01T15:13:23.407] [INFO] Paperbird - [/cities, {"get":true}][3:06:00 PM], All cities
[2021-07-01T15:13:23.665] [INFO] Paperbird - [/getWarehouses, {"post":true}][3:06:00 PM], Supplier's Warehouse Data
[2021-07-01T15:13:25.150] [INFO] Paperbird - [/countries, {"get":true}][3:06:00 PM], All countries
[2021-07-01T15:13:25.171] [INFO] Paperbird - [/states, {"get":true}][3:06:00 PM], All states
[2021-07-01T15:13:25.208] [INFO] Paperbird - [/cities, {"get":true}][3:06:00 PM], All cities
[2021-07-01T15:13:25.453] [INFO] Paperbird - [/getWarehouses, {"post":true}][3:06:00 PM], Supplier's Warehouse Data
[2021-07-01T15:14:29.205] [INFO] Paperbird - [/getAllWarehouse, {"get":true}][3:06:00 PM], all warehouses
[2021-07-01T15:14:48.497] [INFO] Paperbird - [/getAllProductGroup/:name, {"get":true}][3:06:00 PM], All data
[2021-07-01T15:14:48.514] [INFO] Paperbird - [/getAllProductSubgroup/:name, {"get":true}][3:06:00 PM], All data
[2021-07-01T15:14:48.527] [INFO] Paperbird - [/getAllPaperClass/:name, {"get":true}][3:06:00 PM], All data
[2021-07-01T15:14:48.542] [INFO] Paperbird - [/getAllPaperQuality/:name, {"get":true}][3:06:00 PM], All data
[2021-07-01T15:14:48.554] [INFO] Paperbird - [/getAllPaperPrintibility/:name, {"get":true}][3:06:00 PM], All data
[2021-07-01T15:14:48.574] [INFO] Paperbird - [/getAllPaperColor/:name, {"get":true}][3:06:00 PM], All data
[2021-07-01T15:14:48.602] [INFO] Paperbird - [/getAllMeasurementUnit/:name, {"get":true}][3:06:00 PM], All data
[2021-07-01T15:14:48.613] [INFO] Paperbird - [/getAllPaperGrain/:name, {"get":true}][3:06:00 PM], All data
[2021-07-01T15:14:48.630] [INFO] Paperbird - [/getAllPaperGsm/:name, {"get":true}][3:06:00 PM], All data
[2021-07-01T15:14:48.865] [INFO] Paperbird - [/getProducts, {"post":true}][3:06:00 PM], Product Data
[2021-07-01T15:15:22.985] [INFO] Paperbird - [/getAllProductGroup/:name, {"get":true}][3:06:00 PM], All data
[2021-07-01T15:15:23.040] [INFO] Paperbird - [/getAllProductSubgroup/:name, {"get":true}][3:06:00 PM], All data
[2021-07-01T15:15:23.065] [INFO] Paperbird - [/getAllPaperClass/:name, {"get":true}][3:06:00 PM], All data
[2021-07-01T15:15:23.082] [INFO] Paperbird - [/getAllPaperQuality/:name, {"get":true}][3:06:00 PM], All data
[2021-07-01T15:15:23.095] [INFO] Paperbird - [/getAllPaperPrintibility/:name, {"get":true}][3:06:00 PM], All data
[2021-07-01T15:15:23.112] [INFO] Paperbird - [/getAllPaperColor/:name, {"get":true}][3:06:00 PM], All data
[2021-07-01T15:15:23.161] [INFO] Paperbird - [/getAllMeasurementUnit/:name, {"get":true}][3:06:00 PM], All data
[2021-07-01T15:15:23.170] [INFO] Paperbird - [/getAllPaperGrain/:name, {"get":true}][3:06:00 PM], All data
[2021-07-01T15:15:23.184] [INFO] Paperbird - [/getAllPaperGsm/:name, {"get":true}][3:06:00 PM], All data
[2021-07-01T15:15:23.291] [INFO] Paperbird - [/getProducts, {"post":true}][3:06:00 PM], Product Data
[2021-07-01T15:15:47.808] [INFO] Paperbird - [/countries, {"get":true}][3:06:00 PM], All countries
[2021-07-01T15:15:47.818] [INFO] Paperbird - [/states, {"get":true}][3:06:00 PM], All states
[2021-07-01T15:15:47.828] [INFO] Paperbird - [/cities, {"get":true}][3:06:00 PM], All cities
[2021-07-01T15:15:48.106] [INFO] Paperbird - [/getWarehouses, {"post":true}][3:06:00 PM], Supplier's Warehouse Data
[2021-07-01T15:15:50.193] [INFO] Paperbird - [/getAllWarehouse, {"get":true}][3:06:00 PM], all warehouses
[2021-07-01T15:15:50.262] [INFO] Paperbird - [/exportProducts, {"get":true}][3:06:00 PM], Product Data
[2021-07-01T15:19:39.328] [INFO] Paperbird - [/countries, {"get":true}][3:06:00 PM], All countries
[2021-07-01T15:19:39.372] [INFO] Paperbird - [/states, {"get":true}][3:06:00 PM], All states
[2021-07-01T15:19:39.427] [INFO] Paperbird - [/cities, {"get":true}][3:06:00 PM], All cities
[2021-07-01T15:19:39.625] [INFO] Paperbird - [/getWarehouses, {"post":true}][3:06:00 PM], Supplier's Warehouse Data
[2021-07-01T15:19:49.233] [INFO] Paperbird - [/countries, {"get":true}][3:06:00 PM], All countries
[2021-07-01T15:19:49.290] [INFO] Paperbird - [/states, {"get":true}][3:06:00 PM], All states
[2021-07-01T15:19:49.328] [INFO] Paperbird - [/cities, {"get":true}][3:06:00 PM], All cities
[2021-07-01T15:19:49.528] [INFO] Paperbird - [/getWarehouses, {"post":true}][3:06:00 PM], Supplier's Warehouse Data
[2021-07-01T15:19:50.869] [INFO] Paperbird - [/exportProducts, {"get":true}][3:06:00 PM], Product Data
[2021-07-01T15:21:56.439] [INFO] Paperbird - [/countries, {"get":true}][3:06:00 PM], All countries
[2021-07-01T15:21:56.459] [INFO] Paperbird - [/states, {"get":true}][3:06:00 PM], All states
[2021-07-01T15:21:56.525] [INFO] Paperbird - [/cities, {"get":true}][3:06:00 PM], All cities
[2021-07-01T15:21:56.716] [INFO] Paperbird - [/getWarehouses, {"post":true}][3:06:00 PM], Supplier's Warehouse Data
[2021-07-01T15:22:02.778] [INFO] Paperbird - [/countries, {"get":true}][3:06:00 PM], All countries
[2021-07-01T15:22:02.803] [INFO] Paperbird - [/states, {"get":true}][3:06:00 PM], All states
[2021-07-01T15:22:02.870] [INFO] Paperbird - [/cities, {"get":true}][3:06:00 PM], All cities
[2021-07-01T15:22:03.066] [INFO] Paperbird - [/getWarehouses, {"post":true}][3:06:00 PM], Supplier's Warehouse Data
[2021-07-01T15:22:06.993] [INFO] Paperbird - [/countries, {"get":true}][3:06:00 PM], All countries
[2021-07-01T15:22:07.023] [INFO] Paperbird - [/states, {"get":true}][3:06:00 PM], All states
[2021-07-01T15:22:07.032] [INFO] Paperbird - [/cities, {"get":true}][3:06:00 PM], All cities
[2021-07-01T15:22:07.287] [INFO] Paperbird - [/getWarehouses, {"post":true}][3:06:00 PM], Supplier's Warehouse Data
[2021-07-01T15:22:11.335] [INFO] Paperbird - [/countries, {"get":true}][3:06:00 PM], All countries
[2021-07-01T15:22:11.356] [INFO] Paperbird - [/states, {"get":true}][3:06:00 PM], All states
[2021-07-01T15:22:11.383] [INFO] Paperbird - [/cities, {"get":true}][3:06:00 PM], All cities
[2021-07-01T15:22:11.639] [INFO] Paperbird - [/getWarehouses, {"post":true}][3:06:00 PM], Supplier's Warehouse Data
[2021-07-01T15:22:16.230] [INFO] Paperbird - [/countries, {"get":true}][3:06:00 PM], All countries
[2021-07-01T15:22:16.251] [INFO] Paperbird - [/states, {"get":true}][3:06:00 PM], All states
[2021-07-01T15:22:16.260] [INFO] Paperbird - [/cities, {"get":true}][3:06:00 PM], All cities
[2021-07-01T15:22:16.535] [INFO] Paperbird - [/getWarehouses, {"post":true}][3:06:00 PM], Supplier's Warehouse Data
[2021-07-01T15:22:18.378] [INFO] Paperbird - [/countries, {"get":true}][3:06:00 PM], All countries
[2021-07-01T15:22:18.429] [INFO] Paperbird - [/states, {"get":true}][3:06:00 PM], All states
[2021-07-01T15:22:18.470] [INFO] Paperbird - [/cities, {"get":true}][3:06:00 PM], All cities
[2021-07-01T15:22:18.678] [INFO] Paperbird - [/getWarehouses, {"post":true}][3:06:00 PM], Supplier's Warehouse Data
[2021-07-01T15:22:20.567] [INFO] Paperbird - [/countries, {"get":true}][3:06:00 PM], All countries
[2021-07-01T15:22:20.595] [INFO] Paperbird - [/states, {"get":true}][3:06:00 PM], All states
[2021-07-01T15:22:20.640] [INFO] Paperbird - [/cities, {"get":true}][3:06:00 PM], All cities
[2021-07-01T15:22:20.870] [INFO] Paperbird - [/getWarehouses, {"post":true}][3:06:00 PM], Supplier's Warehouse Data
[2021-07-01T15:22:21.995] [INFO] Paperbird - [/countries, {"get":true}][3:06:00 PM], All countries
[2021-07-01T15:22:22.017] [INFO] Paperbird - [/states, {"get":true}][3:06:00 PM], All states
[2021-07-01T15:22:22.041] [INFO] Paperbird - [/cities, {"get":true}][3:06:00 PM], All cities
[2021-07-01T15:22:22.305] [INFO] Paperbird - [/getWarehouses, {"post":true}][3:06:00 PM], Supplier's Warehouse Data
[2021-07-01T15:22:25.120] [INFO] Paperbird - [/countries, {"get":true}][3:06:00 PM], All countries
[2021-07-01T15:22:25.172] [INFO] Paperbird - [/states, {"get":true}][3:06:00 PM], All states
[2021-07-01T15:22:25.183] [INFO] Paperbird - [/cities, {"get":true}][3:06:00 PM], All cities
[2021-07-01T15:22:25.413] [INFO] Paperbird - [/getWarehouses, {"post":true}][3:06:00 PM], Supplier's Warehouse Data
[2021-07-01T15:22:43.557] [INFO] Paperbird - [/countries, {"get":true}][3:06:00 PM], All countries
[2021-07-01T15:22:43.584] [INFO] Paperbird - [/states, {"get":true}][3:06:00 PM], All states
[2021-07-01T15:22:43.602] [INFO] Paperbird - [/cities, {"get":true}][3:06:00 PM], All cities
[2021-07-01T15:22:43.859] [INFO] Paperbird - [/getWarehouses, {"post":true}][3:06:00 PM], Supplier's Warehouse Data
[2021-07-01T15:23:08.211] [INFO] Paperbird - [/countries, {"get":true}][3:06:00 PM], All countries
[2021-07-01T15:23:08.320] [INFO] Paperbird - [/states, {"get":true}][3:06:00 PM], All states
[2021-07-01T15:23:08.335] [INFO] Paperbird - [/cities, {"get":true}][3:06:00 PM], All cities
[2021-07-01T15:23:08.503] [INFO] Paperbird - [/getWarehouses, {"post":true}][3:06:00 PM], Supplier's Warehouse Data
[2021-07-01T15:23:12.214] [INFO] Paperbird - [/countries, {"get":true}][3:06:00 PM], All countries
[2021-07-01T15:23:12.255] [INFO] Paperbird - [/states, {"get":true}][3:06:00 PM], All states
[2021-07-01T15:23:12.308] [INFO] Paperbird - [/cities, {"get":true}][3:06:00 PM], All cities
[2021-07-01T15:23:12.513] [INFO] Paperbird - [/getWarehouses, {"post":true}][3:06:00 PM], Supplier's Warehouse Data
[2021-07-01T15:24:55.817] [INFO] Paperbird - [/countries, {"get":true}][3:06:00 PM], All countries
[2021-07-01T15:24:55.834] [INFO] Paperbird - [/states, {"get":true}][3:06:00 PM], All states
[2021-07-01T15:24:55.866] [INFO] Paperbird - [/cities, {"get":true}][3:06:00 PM], All cities
[2021-07-01T15:24:56.119] [INFO] Paperbird - [/getWarehouses, {"post":true}][3:06:00 PM], Supplier's Warehouse Data
[2021-07-01T16:11:31.241] [INFO] Paperbird - [/getWarehouses, {"post":true}][3:06:00 PM], Supplier's Warehouse Data
[2021-07-01T16:11:32.930] [INFO] Paperbird - [/getWarehouses, {"post":true}][3:06:00 PM], Supplier's Warehouse Data
[2021-07-01T16:13:30.860] [INFO] Paperbird - [/countries, {"get":true}][3:06:00 PM], All countries
[2021-07-01T16:13:30.939] [INFO] Paperbird - [/states, {"get":true}][3:06:00 PM], All states
[2021-07-01T16:13:30.978] [INFO] Paperbird - [/cities, {"get":true}][3:06:00 PM], All cities
[2021-07-01T16:13:31.159] [INFO] Paperbird - [/getWarehouses, {"post":true}][3:06:00 PM], Supplier's Warehouse Data
[2021-07-01T16:19:27.963] [INFO] Paperbird - [/exportProducts, {"get":true}][3:06:00 PM], Product Data
[2021-07-01T16:19:43.505] [INFO] Paperbird - [/countries, {"get":true}][3:06:00 PM], All countries
[2021-07-01T16:19:43.539] [INFO] Paperbird - [/states, {"get":true}][3:06:00 PM], All states
[2021-07-01T16:19:43.592] [INFO] Paperbird - [/cities, {"get":true}][3:06:00 PM], All cities
[2021-07-01T16:19:43.812] [INFO] Paperbird - [/getWarehouses, {"post":true}][3:06:00 PM], Supplier's Warehouse Data
[2021-07-01T16:19:45.509] [INFO] Paperbird - [/countries, {"get":true}][3:06:00 PM], All countries
[2021-07-01T16:19:45.528] [INFO] Paperbird - [/states, {"get":true}][3:06:00 PM], All states
[2021-07-01T16:19:45.539] [INFO] Paperbird - [/cities, {"get":true}][3:06:00 PM], All cities
[2021-07-01T16:19:45.833] [INFO] Paperbird - [/getWarehouses, {"post":true}][3:06:00 PM], Supplier's Warehouse Data
[2021-07-01T16:19:47.365] [INFO] Paperbird - [/countries, {"get":true}][3:06:00 PM], All countries
[2021-07-01T16:19:47.391] [INFO] Paperbird - [/states, {"get":true}][3:06:00 PM], All states
[2021-07-01T16:19:47.418] [INFO] Paperbird - [/cities, {"get":true}][3:06:00 PM], All cities
[2021-07-01T16:19:47.673] [INFO] Paperbird - [/getWarehouses, {"post":true}][3:06:00 PM], Supplier's Warehouse Data
[2021-07-01T16:19:49.101] [INFO] Paperbird - [/countries, {"get":true}][3:06:00 PM], All countries
[2021-07-01T16:19:49.144] [INFO] Paperbird - [/states, {"get":true}][3:06:00 PM], All states
[2021-07-01T16:19:49.186] [INFO] Paperbird - [/cities, {"get":true}][3:06:00 PM], All cities
[2021-07-01T16:19:49.404] [INFO] Paperbird - [/getWarehouses, {"post":true}][3:06:00 PM], Supplier's Warehouse Data
[2021-07-01T16:19:51.801] [INFO] Paperbird - [/exportProducts, {"get":true}][3:06:00 PM], Product Data
[2021-07-01T16:20:08.785] [INFO] Paperbird - [/countries, {"get":true}][3:06:00 PM], All countries
[2021-07-01T16:20:08.836] [INFO] Paperbird - [/states, {"get":true}][3:06:00 PM], All states
[2021-07-01T16:20:08.890] [INFO] Paperbird - [/cities, {"get":true}][3:06:00 PM], All cities
[2021-07-01T16:20:09.065] [INFO] Paperbird - [/getWarehouses, {"post":true}][3:06:00 PM], Supplier's Warehouse Data
[2021-07-01T16:20:09.955] [INFO] Paperbird - [/countries, {"get":true}][3:06:00 PM], All countries
[2021-07-01T16:20:09.975] [INFO] Paperbird - [/states, {"get":true}][3:06:00 PM], All states
[2021-07-01T16:20:09.990] [INFO] Paperbird - [/cities, {"get":true}][3:06:00 PM], All cities
[2021-07-01T16:20:10.264] [INFO] Paperbird - [/getWarehouses, {"post":true}][3:06:00 PM], Supplier's Warehouse Data
[2021-07-01T16:20:12.669] [INFO] Paperbird - [/countries, {"get":true}][3:06:00 PM], All countries
[2021-07-01T16:20:12.689] [INFO] Paperbird - [/states, {"get":true}][3:06:00 PM], All states
[2021-07-01T16:20:12.721] [INFO] Paperbird - [/cities, {"get":true}][3:06:00 PM], All cities
[2021-07-01T16:20:12.972] [INFO] Paperbird - [/getWarehouses, {"post":true}][3:06:00 PM], Supplier's Warehouse Data
[2021-07-01T16:20:15.159] [INFO] Paperbird - [/countries, {"get":true}][3:06:00 PM], All countries
[2021-07-01T16:20:15.176] [INFO] Paperbird - [/states, {"get":true}][3:06:00 PM], All states
[2021-07-01T16:20:15.201] [INFO] Paperbird - [/cities, {"get":true}][3:06:00 PM], All cities
[2021-07-01T16:20:15.461] [INFO] Paperbird - [/getWarehouses, {"post":true}][3:06:00 PM], Supplier's Warehouse Data
[2021-07-01T16:20:25.853] [INFO] Paperbird - [/countries, {"get":true}][3:06:00 PM], All countries
[2021-07-01T16:20:25.885] [INFO] Paperbird - [/states, {"get":true}][3:06:00 PM], All states
[2021-07-01T16:20:25.936] [INFO] Paperbird - [/cities, {"get":true}][3:06:00 PM], All cities
[2021-07-01T16:20:26.150] [INFO] Paperbird - [/getWarehouses, {"post":true}][3:06:00 PM], Supplier's Warehouse Data
[2021-07-01T16:20:33.384] [INFO] Paperbird - [/countries, {"get":true}][3:06:00 PM], All countries
[2021-07-01T16:20:33.412] [INFO] Paperbird - [/states, {"get":true}][3:06:00 PM], All states
[2021-07-01T16:20:33.435] [INFO] Paperbird - [/cities, {"get":true}][3:06:00 PM], All cities
[2021-07-01T16:20:33.689] [INFO] Paperbird - [/getWarehouses, {"post":true}][3:06:00 PM], Supplier's Warehouse Data
[2021-07-01T16:20:40.049] [INFO] Paperbird - [/countries, {"get":true}][3:06:00 PM], All countries
[2021-07-01T16:20:40.102] [INFO] Paperbird - [/states, {"get":true}][3:06:00 PM], All states
[2021-07-01T16:20:40.126] [INFO] Paperbird - [/cities, {"get":true}][3:06:00 PM], All cities
[2021-07-01T16:20:40.315] [INFO] Paperbird - [/getWarehouses, {"post":true}][3:06:00 PM], Supplier's Warehouse Data
[2021-07-01T16:20:43.163] [INFO] Paperbird - [/countries, {"get":true}][3:06:00 PM], All countries
[2021-07-01T16:20:43.189] [INFO] Paperbird - [/states, {"get":true}][3:06:00 PM], All states
[2021-07-01T16:20:43.229] [INFO] Paperbird - [/cities, {"get":true}][3:06:00 PM], All cities
[2021-07-01T16:20:43.455] [INFO] Paperbird - [/getWarehouses, {"post":true}][3:06:00 PM], Supplier's Warehouse Data
[2021-07-01T16:20:47.435] [INFO] Paperbird - [/countries, {"get":true}][3:06:00 PM], All countries
[2021-07-01T16:20:47.461] [INFO] Paperbird - [/states, {"get":true}][3:06:00 PM], All states
[2021-07-01T16:20:47.499] [INFO] Paperbird - [/cities, {"get":true}][3:06:00 PM], All cities
[2021-07-01T16:20:47.729] [INFO] Paperbird - [/getWarehouses, {"post":true}][3:06:00 PM], Supplier's Warehouse Data
[2021-07-01T16:20:49.406] [INFO] Paperbird - [/countries, {"get":true}][3:06:00 PM], All countries
[2021-07-01T16:20:49.431] [INFO] Paperbird - [/states, {"get":true}][3:06:00 PM], All states
[2021-07-01T16:20:49.455] [INFO] Paperbird - [/cities, {"get":true}][3:06:00 PM], All cities
[2021-07-01T16:20:49.712] [INFO] Paperbird - [/getWarehouses, {"post":true}][3:06:00 PM], Supplier's Warehouse Data
[2021-07-01T16:36:53.675] [INFO] Paperbird - [/countries, {"get":true}][3:06:00 PM], All countries
[2021-07-01T16:36:53.718] [INFO] Paperbird - [/states, {"get":true}][3:06:00 PM], All states
[2021-07-01T16:36:53.734] [INFO] Paperbird - [/cities, {"get":true}][3:06:00 PM], All cities
[2021-07-01T16:40:41.436] [INFO] Paperbird - [/, {"post":true}][4:40:24 PM], Login successful
[2021-07-01T16:40:41.565] [ERROR] Paperbird - Something went wrong: ReferenceError: successResponses is not defined
    at C:\Projects\paperbird\server\routes\Dashboard\index.js:10:5
    at Layer.handle [as handle_request] (C:\Projects\paperbird\server\node_modules\express\lib\router\layer.js:95:5)
    at next (C:\Projects\paperbird\server\node_modules\express\lib\router\route.js:137:13)
    at module.exports (C:\Projects\paperbird\server\middlewares\jwtauth.js:56:5)
    at Layer.handle [as handle_request] (C:\Projects\paperbird\server\node_modules\express\lib\router\layer.js:95:5)
    at next (C:\Projects\paperbird\server\node_modules\express\lib\router\route.js:137:13)
    at Route.dispatch (C:\Projects\paperbird\server\node_modules\express\lib\router\route.js:112:3)
    at Layer.handle [as handle_request] (C:\Projects\paperbird\server\node_modules\express\lib\router\layer.js:95:5)
    at C:\Projects\paperbird\server\node_modules\express\lib\router\index.js:281:22
    at Function.process_params (C:\Projects\paperbird\server\node_modules\express\lib\router\index.js:335:12)
    at next (C:\Projects\paperbird\server\node_modules\express\lib\router\index.js:275:10)
    at Function.handle (C:\Projects\paperbird\server\node_modules\express\lib\router\index.js:174:3)
    at router (C:\Projects\paperbird\server\node_modules\express\lib\router\index.js:47:12)
    at Layer.handle [as handle_request] (C:\Projects\paperbird\server\node_modules\express\lib\router\layer.js:95:5)
    at trim_prefix (C:\Projects\paperbird\server\node_modules\express\lib\router\index.js:317:13)
    at C:\Projects\paperbird\server\node_modules\express\lib\router\index.js:284:7
    at Function.process_params (C:\Projects\paperbird\server\node_modules\express\lib\router\index.js:335:12)
    at next (C:\Projects\paperbird\server\node_modules\express\lib\router\index.js:275:10)
    at C:\Projects\paperbird\server\app.js:187:3
    at Layer.handle [as handle_request] (C:\Projects\paperbird\server\node_modules\express\lib\router\layer.js:95:5)
    at trim_prefix (C:\Projects\paperbird\server\node_modules\express\lib\router\index.js:317:13)
    at C:\Projects\paperbird\server\node_modules\express\lib\router\index.js:284:7
[2021-07-01T16:40:45.763] [INFO] Paperbird - [/countries, {"get":true}][4:40:24 PM], All countries
[2021-07-01T16:40:45.775] [INFO] Paperbird - [/states, {"get":true}][4:40:24 PM], All states
[2021-07-01T16:40:45.786] [INFO] Paperbird - [/cities, {"get":true}][4:40:24 PM], All cities
[2021-07-01T16:40:46.072] [INFO] Paperbird - [/getWarehouses, {"post":true}][4:40:24 PM], Supplier's Warehouse Data
[2021-07-01T16:41:01.412] [INFO] Paperbird - [/exportProducts, {"get":true}][4:41:00 PM], Product Data
[2021-07-01T16:41:03.516] [INFO] Paperbird - [/exportProducts, {"get":true}][4:41:00 PM], Product Data
[2021-07-01T16:45:14.130] [INFO] Paperbird - [/exportProducts, {"get":true}][4:44:50 PM], Product Data
[2021-07-01T16:45:30.746] [INFO] Paperbird - [/exportProducts, {"get":true}][4:45:28 PM], Product Data
[2021-07-01T16:46:24.815] [INFO] Paperbird - [/exportProducts, {"get":true}][4:46:21 PM], Product Data
[2021-07-01T16:49:54.979] [INFO] Paperbird - [/exportProducts, {"get":true}][4:47:51 PM], Product Data
[2021-07-01T16:57:27.332] [INFO] Paperbird - [/exportProducts, {"get":true}][4:57:17 PM], Product Data
[2021-07-01T16:59:35.324] [INFO] Paperbird - [/exportProducts, {"get":true}][4:59:18 PM], Product Data
[2021-07-01T17:00:46.734] [INFO] Paperbird - [/exportProducts, {"get":true}][5:00:28 PM], Product Data
[2021-07-01T17:01:43.522] [INFO] Paperbird - [/exportProducts, {"get":true}][5:01:40 PM], Product Data
[2021-07-01T17:02:09.883] [INFO] Paperbird - [/exportProducts, {"get":true}][5:02:08 PM], Product Data
[2021-07-01T17:07:02.338] [INFO] Paperbird - [/exportProducts, {"get":true}][5:06:53 PM], Product Data
[2021-07-01T17:08:21.549] [INFO] Paperbird - [/exportProducts, {"get":true}][5:08:17 PM], Product Data
[2021-07-01T17:09:13.643] [INFO] Paperbird - [/countries, {"get":true}][5:09:08 PM], All countries
[2021-07-01T17:09:13.675] [INFO] Paperbird - [/states, {"get":true}][5:09:08 PM], All states
[2021-07-01T17:09:13.726] [INFO] Paperbird - [/cities, {"get":true}][5:09:08 PM], All cities
[2021-07-01T17:09:13.970] [INFO] Paperbird - [/getWarehouses, {"post":true}][5:09:08 PM], Supplier's Warehouse Data
[2021-07-01T17:09:15.161] [INFO] Paperbird - [/exportProducts, {"get":true}][5:09:08 PM], Product Data
[2021-07-01T17:09:39.926] [INFO] Paperbird - [/exportProducts, {"get":true}][5:09:37 PM], Product Data
[2021-07-01T17:10:36.689] [INFO] Paperbird - [/countries, {"get":true}][5:10:33 PM], All countries
[2021-07-01T17:10:36.726] [INFO] Paperbird - [/states, {"get":true}][5:10:33 PM], All states
[2021-07-01T17:10:36.771] [INFO] Paperbird - [/cities, {"get":true}][5:10:33 PM], All cities
[2021-07-01T17:10:37.031] [INFO] Paperbird - [/getWarehouses, {"post":true}][5:10:33 PM], Supplier's Warehouse Data
[2021-07-01T17:10:38.226] [INFO] Paperbird - [/exportProducts, {"get":true}][5:10:33 PM], Product Data
[2021-07-01T17:11:37.491] [INFO] Paperbird - [/exportProducts, {"get":true}][5:11:20 PM], Product Data
[2021-07-01T17:13:07.403] [INFO] Paperbird - [/exportProducts, {"get":true}][5:13:04 PM], Product Data
[2021-07-01T17:14:13.092] [INFO] Paperbird - [/exportProducts, {"get":true}][5:13:39 PM], Product Data
[2021-07-01T17:14:25.220] [INFO] Paperbird - [/exportProducts, {"get":true}][5:14:24 PM], Product Data
[2021-07-01T17:15:09.684] [ERROR] Paperbird - [/exportProducts, {"get":true}][5:15:08 PM], TypeError: arr is not iterable
[2021-07-01T17:15:34.702] [INFO] Paperbird - [/countries, {"get":true}][5:15:31 PM], All countries
[2021-07-01T17:15:34.741] [INFO] Paperbird - [/states, {"get":true}][5:15:31 PM], All states
[2021-07-01T17:15:34.795] [INFO] Paperbird - [/cities, {"get":true}][5:15:31 PM], All cities
[2021-07-01T17:15:35.013] [INFO] Paperbird - [/getWarehouses, {"post":true}][5:15:31 PM], Supplier's Warehouse Data
[2021-07-01T17:15:35.885] [ERROR] Paperbird - [/exportProducts, {"get":true}][5:15:31 PM], TypeError: arr is not iterable
[2021-07-01T17:17:15.337] [INFO] Paperbird - [/countries, {"get":true}][5:17:11 PM], All countries
[2021-07-01T17:17:15.367] [INFO] Paperbird - [/states, {"get":true}][5:17:11 PM], All states
[2021-07-01T17:17:15.397] [INFO] Paperbird - [/cities, {"get":true}][5:17:11 PM], All cities
[2021-07-01T17:17:15.638] [INFO] Paperbird - [/getWarehouses, {"post":true}][5:17:11 PM], Supplier's Warehouse Data
[2021-07-01T17:19:09.818] [INFO] Paperbird - [/exportProducts, {"get":true}][5:17:11 PM], Product Data
[2021-07-01T17:20:04.110] [INFO] Paperbird - [/exportProducts, {"get":true}][5:20:00 PM], Product Data
[2021-07-01T17:21:26.007] [INFO] Paperbird - [/exportProducts, {"get":true}][5:21:22 PM], Product Data
[2021-07-01T18:59:18.606] [INFO] Paperbird - [/exportProducts, {"get":true}][6:59:13 PM], Product Data
[2021-07-01T19:01:16.159] [INFO] Paperbird - [/exportProducts, {"get":true}][7:01:12 PM], Product Data
[2021-07-01T19:02:16.285] [INFO] Paperbird - [/countries, {"get":true}][7:02:00 PM], All countries
[2021-07-01T19:02:16.380] [INFO] Paperbird - [/states, {"get":true}][7:02:00 PM], All states
[2021-07-01T19:02:16.408] [INFO] Paperbird - [/cities, {"get":true}][7:02:00 PM], All cities
[2021-07-01T19:02:16.601] [INFO] Paperbird - [/getWarehouses, {"post":true}][7:02:00 PM], Supplier's Warehouse Data
[2021-07-01T19:02:18.553] [INFO] Paperbird - [/countries, {"get":true}][7:02:00 PM], All countries
[2021-07-01T19:02:18.572] [INFO] Paperbird - [/states, {"get":true}][7:02:00 PM], All states
[2021-07-01T19:02:18.621] [INFO] Paperbird - [/cities, {"get":true}][7:02:00 PM], All cities
[2021-07-01T19:02:18.848] [INFO] Paperbird - [/getWarehouses, {"post":true}][7:02:00 PM], Supplier's Warehouse Data
[2021-07-01T19:02:20.443] [INFO] Paperbird - [/countries, {"get":true}][7:02:00 PM], All countries
[2021-07-01T19:02:20.479] [INFO] Paperbird - [/states, {"get":true}][7:02:00 PM], All states
[2021-07-01T19:02:20.509] [INFO] Paperbird - [/cities, {"get":true}][7:02:00 PM], All cities
[2021-07-01T19:02:20.741] [INFO] Paperbird - [/getWarehouses, {"post":true}][7:02:00 PM], Supplier's Warehouse Data
[2021-07-01T19:02:22.404] [INFO] Paperbird - [/countries, {"get":true}][7:02:00 PM], All countries
[2021-07-01T19:02:22.452] [INFO] Paperbird - [/states, {"get":true}][7:02:00 PM], All states
[2021-07-01T19:02:22.487] [INFO] Paperbird - [/cities, {"get":true}][7:02:00 PM], All cities
[2021-07-01T19:02:22.686] [INFO] Paperbird - [/getWarehouses, {"post":true}][7:02:00 PM], Supplier's Warehouse Data
[2021-07-01T19:02:27.763] [INFO] Paperbird - [/countries, {"get":true}][7:02:00 PM], All countries
[2021-07-01T19:02:27.798] [INFO] Paperbird - [/states, {"get":true}][7:02:00 PM], All states
[2021-07-01T19:02:27.828] [INFO] Paperbird - [/cities, {"get":true}][7:02:00 PM], All cities
[2021-07-01T19:02:28.047] [INFO] Paperbird - [/getWarehouses, {"post":true}][7:02:00 PM], Supplier's Warehouse Data
[2021-07-01T19:02:30.777] [INFO] Paperbird - [/exportProducts, {"get":true}][7:02:00 PM], Product Data
[2021-07-01T19:04:52.382] [INFO] Paperbird - [/countries, {"get":true}][7:02:00 PM], All countries
[2021-07-01T19:04:52.466] [INFO] Paperbird - [/states, {"get":true}][7:02:00 PM], All states
[2021-07-01T19:04:52.493] [INFO] Paperbird - [/cities, {"get":true}][7:02:00 PM], All cities
[2021-07-01T19:04:52.757] [INFO] Paperbird - [/getWarehouses, {"post":true}][7:02:00 PM], Supplier's Warehouse Data
[2021-07-01T19:04:55.947] [INFO] Paperbird - [/getAllProductGroup/:name, {"get":true}][7:02:00 PM], All data
[2021-07-01T19:04:55.958] [INFO] Paperbird - [/getAllProductSubgroup/:name, {"get":true}][7:02:00 PM], All data
[2021-07-01T19:04:55.967] [INFO] Paperbird - [/getAllPaperClass/:name, {"get":true}][7:02:00 PM], All data
[2021-07-01T19:04:55.978] [INFO] Paperbird - [/getAllPaperQuality/:name, {"get":true}][7:02:00 PM], All data
[2021-07-01T19:04:55.987] [INFO] Paperbird - [/getAllPaperPrintibility/:name, {"get":true}][7:02:00 PM], All data
[2021-07-01T19:04:56.002] [INFO] Paperbird - [/getAllPaperColor/:name, {"get":true}][7:02:00 PM], All data
[2021-07-01T19:04:56.015] [INFO] Paperbird - [/getAllMeasurementUnit/:name, {"get":true}][7:02:00 PM], All data
[2021-07-01T19:04:56.025] [INFO] Paperbird - [/getAllPaperGrain/:name, {"get":true}][7:02:00 PM], All data
[2021-07-01T19:04:56.037] [INFO] Paperbird - [/getAllPaperGsm/:name, {"get":true}][7:02:00 PM], All data
[2021-07-01T19:04:56.285] [INFO] Paperbird - [/getProducts, {"post":true}][7:02:00 PM], Product Data
[2021-07-01T19:04:59.107] [INFO] Paperbird - [/countries, {"get":true}][7:02:00 PM], All countries
[2021-07-01T19:04:59.116] [INFO] Paperbird - [/states, {"get":true}][7:02:00 PM], All states
[2021-07-01T19:04:59.125] [INFO] Paperbird - [/cities, {"get":true}][7:02:00 PM], All cities
[2021-07-01T19:04:59.406] [INFO] Paperbird - [/getWarehouses, {"post":true}][7:02:00 PM], Supplier's Warehouse Data
[2021-07-01T19:05:41.261] [INFO] Paperbird - [/getAllWarehouseProducts, {"post":true}][7:02:00 PM], Supplier's Products
[2021-07-01T19:05:54.987] [INFO] Paperbird - [/getWarehouses, {"post":true}][7:02:00 PM], Supplier's Warehouse Data
[2021-07-01T19:06:15.606] [INFO] Paperbird - [/getAllProductGroup/:name, {"get":true}][7:02:00 PM], All data
[2021-07-01T19:06:15.633] [INFO] Paperbird - [/getAllProductSubgroup/:name, {"get":true}][7:02:00 PM], All data
[2021-07-01T19:06:15.657] [INFO] Paperbird - [/getAllPaperClass/:name, {"get":true}][7:02:00 PM], All data
[2021-07-01T19:06:15.669] [INFO] Paperbird - [/getAllPaperQuality/:name, {"get":true}][7:02:00 PM], All data
[2021-07-01T19:06:15.689] [INFO] Paperbird - [/getAllPaperPrintibility/:name, {"get":true}][7:02:00 PM], All data
[2021-07-01T19:06:15.704] [INFO] Paperbird - [/getAllPaperColor/:name, {"get":true}][7:02:00 PM], All data
[2021-07-01T19:06:15.723] [INFO] Paperbird - [/getAllMeasurementUnit/:name, {"get":true}][7:02:00 PM], All data
[2021-07-01T19:06:15.732] [INFO] Paperbird - [/getAllPaperGrain/:name, {"get":true}][7:02:00 PM], All data
[2021-07-01T19:06:15.752] [INFO] Paperbird - [/getAllPaperGsm/:name, {"get":true}][7:02:00 PM], All data
[2021-07-01T19:06:15.910] [INFO] Paperbird - [/getProducts, {"post":true}][7:02:00 PM], Product Data
[2021-07-01T19:08:26.521] [INFO] Paperbird - [/countries, {"get":true}][7:02:00 PM], All countries
[2021-07-01T19:08:26.529] [INFO] Paperbird - [/states, {"get":true}][7:02:00 PM], All states
[2021-07-01T19:08:26.540] [INFO] Paperbird - [/cities, {"get":true}][7:02:00 PM], All cities
[2021-07-01T19:08:26.824] [INFO] Paperbird - [/getWarehouses, {"post":true}][7:02:00 PM], Supplier's Warehouse Data
[2021-07-01T19:08:53.891] [INFO] Paperbird - [/getNotification, {"post":true}][7:02:00 PM], first five notifications
