[2021-05-08T09:33:25.470] [ERROR] Paperbird - Something went wrong: ReferenceError: successResponses is not defined
    at C:\Projects\paperbird\server\routes\Dashboard\index.js:10:5
    at Layer.handle [as handle_request] (C:\Projects\paperbird\server\node_modules\express\lib\router\layer.js:95:5)
    at next (C:\Projects\paperbird\server\node_modules\express\lib\router\route.js:137:13)
    at module.exports (C:\Projects\paperbird\server\middlewares\jwtauth.js:56:5)
    at Layer.handle [as handle_request] (C:\Projects\paperbird\server\node_modules\express\lib\router\layer.js:95:5)
    at next (C:\Projects\paperbird\server\node_modules\express\lib\router\route.js:137:13)
    at Route.dispatch (C:\Projects\paperbird\server\node_modules\express\lib\router\route.js:112:3)
    at Layer.handle [as handle_request] (C:\Projects\paperbird\server\node_modules\express\lib\router\layer.js:95:5)
    at C:\Projects\paperbird\server\node_modules\express\lib\router\index.js:281:22
    at Function.process_params (C:\Projects\paperbird\server\node_modules\express\lib\router\index.js:335:12)
    at next (C:\Projects\paperbird\server\node_modules\express\lib\router\index.js:275:10)
    at Function.handle (C:\Projects\paperbird\server\node_modules\express\lib\router\index.js:174:3)
    at router (C:\Projects\paperbird\server\node_modules\express\lib\router\index.js:47:12)
    at Layer.handle [as handle_request] (C:\Projects\paperbird\server\node_modules\express\lib\router\layer.js:95:5)
    at trim_prefix (C:\Projects\paperbird\server\node_modules\express\lib\router\index.js:317:13)
    at C:\Projects\paperbird\server\node_modules\express\lib\router\index.js:284:7
    at Function.process_params (C:\Projects\paperbird\server\node_modules\express\lib\router\index.js:335:12)
    at next (C:\Projects\paperbird\server\node_modules\express\lib\router\index.js:275:10)
    at C:\Projects\paperbird\server\app.js:177:3
    at Layer.handle [as handle_request] (C:\Projects\paperbird\server\node_modules\express\lib\router\layer.js:95:5)
    at trim_prefix (C:\Projects\paperbird\server\node_modules\express\lib\router\index.js:317:13)
    at C:\Projects\paperbird\server\node_modules\express\lib\router\index.js:284:7
[2021-05-08T09:34:36.590] [INFO] Paperbird - [/allDispatchOrder, {"post":true}][9:32:37 AM], All dispatches
[2021-05-08T09:34:36.650] [INFO] Paperbird - [/getSuppliersOrders/:type, {"post":true}][9:32:37 AM], Purchase order of suppliers
[2021-05-08T09:34:36.684] [INFO] Paperbird - [/getAll, {"get":true}][9:32:37 AM], All supplier warehouse
[2021-05-08T09:34:37.060] [INFO] Paperbird - [/getSuppliersOrders/:type, {"post":true}][9:32:37 AM], Purchase order of suppliers
[2021-05-08T09:34:37.067] [INFO] Paperbird - [/getAll, {"get":true}][9:32:37 AM], All supplier warehouse
[2021-05-08T09:34:39.061] [INFO] Paperbird - [/allDispatchOrder, {"post":true}][9:32:37 AM], All dispatches
[2021-05-08T09:34:39.075] [INFO] Paperbird - [/getSuppliersOrders/:type, {"post":true}][9:32:37 AM], Purchase order of suppliers
[2021-05-08T09:34:39.095] [INFO] Paperbird - [/getAll, {"get":true}][9:32:37 AM], All supplier warehouse
[2021-05-08T09:34:40.588] [INFO] Paperbird - [/getSingleDispatchOrder/:id/:dispatchID, {"get":true}][9:32:37 AM], all order
[2021-05-08T09:37:52.976] [INFO] Paperbird - [/getAllProductGroup/:name, {"get":true}][9:37:14 AM], All data
[2021-05-08T09:41:23.909] [INFO] Paperbird - [/getAll, {"post":true}][9:39:17 AM], All orders
[2021-05-08T09:41:24.399] [INFO] Paperbird - [/getAll, {"post":true}][9:39:17 AM], All orders
[2021-05-08T09:41:25.971] [INFO] Paperbird - [/allDispatchOrder, {"post":true}][9:39:17 AM], All dispatches
[2021-05-08T09:41:25.989] [INFO] Paperbird - [/getSuppliersOrders/:type, {"post":true}][9:39:17 AM], Purchase order of suppliers
[2021-05-08T09:41:26.000] [INFO] Paperbird - [/getAll, {"get":true}][9:39:17 AM], All supplier warehouse
[2021-05-08T09:41:26.601] [INFO] Paperbird - [/getSuppliersOrders/:type, {"post":true}][9:39:17 AM], Purchase order of suppliers
[2021-05-08T09:41:26.608] [INFO] Paperbird - [/getAll, {"get":true}][9:39:17 AM], All supplier warehouse
[2021-05-08T09:41:30.562] [ERROR] Paperbird - Something went wrong: ReferenceError: successResponses is not defined
    at C:\Projects\paperbird\server\routes\Dashboard\index.js:10:5
    at Layer.handle [as handle_request] (C:\Projects\paperbird\server\node_modules\express\lib\router\layer.js:95:5)
    at next (C:\Projects\paperbird\server\node_modules\express\lib\router\route.js:137:13)
    at module.exports (C:\Projects\paperbird\server\middlewares\jwtauth.js:56:5)
    at Layer.handle [as handle_request] (C:\Projects\paperbird\server\node_modules\express\lib\router\layer.js:95:5)
    at next (C:\Projects\paperbird\server\node_modules\express\lib\router\route.js:137:13)
    at Route.dispatch (C:\Projects\paperbird\server\node_modules\express\lib\router\route.js:112:3)
    at Layer.handle [as handle_request] (C:\Projects\paperbird\server\node_modules\express\lib\router\layer.js:95:5)
    at C:\Projects\paperbird\server\node_modules\express\lib\router\index.js:281:22
    at Function.process_params (C:\Projects\paperbird\server\node_modules\express\lib\router\index.js:335:12)
    at next (C:\Projects\paperbird\server\node_modules\express\lib\router\index.js:275:10)
    at Function.handle (C:\Projects\paperbird\server\node_modules\express\lib\router\index.js:174:3)
    at router (C:\Projects\paperbird\server\node_modules\express\lib\router\index.js:47:12)
    at Layer.handle [as handle_request] (C:\Projects\paperbird\server\node_modules\express\lib\router\layer.js:95:5)
    at trim_prefix (C:\Projects\paperbird\server\node_modules\express\lib\router\index.js:317:13)
    at C:\Projects\paperbird\server\node_modules\express\lib\router\index.js:284:7
    at Function.process_params (C:\Projects\paperbird\server\node_modules\express\lib\router\index.js:335:12)
    at next (C:\Projects\paperbird\server\node_modules\express\lib\router\index.js:275:10)
    at C:\Projects\paperbird\server\app.js:177:3
    at Layer.handle [as handle_request] (C:\Projects\paperbird\server\node_modules\express\lib\router\layer.js:95:5)
    at trim_prefix (C:\Projects\paperbird\server\node_modules\express\lib\router\index.js:317:13)
    at C:\Projects\paperbird\server\node_modules\express\lib\router\index.js:284:7
[2021-05-08T09:43:32.973] [INFO] Paperbird - [/getAllProductGroup/:name, {"get":true}][9:39:17 AM], All data
[2021-05-08T09:48:02.760] [INFO] Paperbird - [/getSuppliersOrders/:type, {"post":true}][9:39:17 AM], Purchase order of suppliers
[2021-05-08T09:48:02.771] [INFO] Paperbird - [/getAll, {"get":true}][9:39:17 AM], All supplier warehouse
[2021-05-08T09:48:04.910] [INFO] Paperbird - [/allDispatchOrder, {"post":true}][9:39:17 AM], All dispatches
[2021-05-08T09:48:04.926] [INFO] Paperbird - [/getSuppliersOrders/:type, {"post":true}][9:39:17 AM], Purchase order of suppliers
[2021-05-08T09:48:04.944] [INFO] Paperbird - [/getAll, {"get":true}][9:39:17 AM], All supplier warehouse
[2021-05-08T09:48:07.189] [INFO] Paperbird - [/getSingleDispatchOrder/:id/:dispatchID, {"get":true}][9:39:17 AM], all order
[2021-05-08T09:49:01.222] [INFO] Paperbird - [/allDispatchOrder, {"post":true}][9:39:17 AM], All dispatches
[2021-05-08T09:49:01.238] [INFO] Paperbird - [/getSuppliersOrders/:type, {"post":true}][9:39:17 AM], Purchase order of suppliers
[2021-05-08T09:49:01.298] [INFO] Paperbird - [/getAll, {"get":true}][9:39:17 AM], All supplier warehouse
[2021-05-08T09:51:49.933] [INFO] Paperbird - [/getSingleDispatchOrder/:id/:dispatchID, {"get":true}][9:39:17 AM], all order
[2021-05-08T09:51:52.718] [INFO] Paperbird - [/cancelDispatch/:dispatchID, {"post":true}][9:39:17 AM], Dispatch canceled
[2021-05-08T09:52:01.241] [INFO] Paperbird - [/allDispatchOrder, {"post":true}][9:39:17 AM], All dispatches
[2021-05-08T09:52:01.274] [INFO] Paperbird - [/getSuppliersOrders/:type, {"post":true}][9:39:17 AM], Purchase order of suppliers
[2021-05-08T09:52:01.410] [INFO] Paperbird - [/getAll, {"get":true}][9:39:17 AM], All supplier warehouse
[2021-05-08T09:52:07.585] [INFO] Paperbird - [/getSingleDispatchOrder/:id/:dispatchID, {"get":true}][9:39:17 AM], all order
[2021-05-08T10:30:10.053] [INFO] Paperbird - [/getProductsWithPricing, {"post":true}][10:21:16 AM], Product Data
[2021-05-08T10:30:10.124] [INFO] Paperbird - [/getAllGroups, {"get":true}][10:21:16 AM], All groups
[2021-05-08T10:30:10.238] [INFO] Paperbird - [/getProducts, {"post":true}][10:21:16 AM], Product Data
[2021-05-08T10:30:32.078] [INFO] Paperbird - [/getProducts, {"post":true}][10:21:16 AM], Product Data
[2021-05-08T10:30:45.678] [INFO] Paperbird - [/countries, {"get":true}][10:21:16 AM], All countries
[2021-05-08T10:30:45.689] [INFO] Paperbird - [/states, {"get":true}][10:21:16 AM], All states
[2021-05-08T10:30:45.700] [INFO] Paperbird - [/cities, {"get":true}][10:21:16 AM], All cities
[2021-05-08T10:30:45.984] [INFO] Paperbird - [/getWarehouses, {"post":true}][10:21:16 AM], Supplier's Warehouse Data
[2021-05-08T10:30:50.770] [INFO] Paperbird - [/getWarehouses, {"post":true}][10:21:16 AM], Supplier's Warehouse Data
[2021-05-08T10:30:52.539] [INFO] Paperbird - [/getWarehouses, {"post":true}][10:21:16 AM], Supplier's Warehouse Data
[2021-05-08T10:30:59.120] [INFO] Paperbird - [/, {"post":true}][10:21:16 AM], Login successful
[2021-05-08T10:31:01.813] [INFO] Paperbird - [/countries, {"get":true}][10:21:16 AM], All countries
[2021-05-08T10:31:01.823] [INFO] Paperbird - [/states, {"get":true}][10:21:16 AM], All states
[2021-05-08T10:31:01.831] [INFO] Paperbird - [/cities, {"get":true}][10:21:16 AM], All cities
[2021-05-08T10:31:02.132] [INFO] Paperbird - [/getSupplier, {"post":true}][10:21:16 AM], Supplier Data
[2021-05-08T10:31:15.371] [INFO] Paperbird - [/countries, {"get":true}][10:21:16 AM], All countries
[2021-05-08T10:31:15.402] [INFO] Paperbird - [/states, {"get":true}][10:21:16 AM], All states
[2021-05-08T10:31:15.418] [INFO] Paperbird - [/cities, {"get":true}][10:21:16 AM], All cities
[2021-05-08T10:31:15.422] [INFO] Paperbird - [/getAllProductGroup/:name, {"get":true}][10:21:16 AM], All data
[2021-05-08T10:31:15.433] [INFO] Paperbird - [/getAllProductSubgroup/:name, {"get":true}][10:21:16 AM], All data
[2021-05-08T10:31:15.443] [INFO] Paperbird - [/getAllPaperClass/:name, {"get":true}][10:21:16 AM], All data
[2021-05-08T10:31:15.457] [INFO] Paperbird - [/getAllPaperQuality/:name, {"get":true}][10:21:16 AM], All data
[2021-05-08T10:31:15.467] [INFO] Paperbird - [/getAllPaperPrintibility/:name, {"get":true}][10:21:16 AM], All data
[2021-05-08T10:31:15.482] [INFO] Paperbird - [/getAllPaperColor/:name, {"get":true}][10:21:16 AM], All data
[2021-05-08T10:31:15.494] [INFO] Paperbird - [/getAllMeasurementUnit/:name, {"get":true}][10:21:16 AM], All data
[2021-05-08T10:31:15.503] [INFO] Paperbird - [/getAllPaperGrain/:name, {"get":true}][10:21:16 AM], All data
[2021-05-08T10:31:15.516] [INFO] Paperbird - [/getAllPaperGsm/:name, {"get":true}][10:21:16 AM], All data
[2021-05-08T10:31:15.648] [INFO] Paperbird - [/getWarehouses, {"post":true}][10:21:16 AM], Supplier's Warehouse Data
[2021-05-08T10:31:15.742] [INFO] Paperbird - [/getProducts, {"post":true}][10:21:16 AM], Product Data
[2021-05-08T10:31:18.811] [INFO] Paperbird - [/countries, {"get":true}][10:21:16 AM], All countries
[2021-05-08T10:31:18.914] [INFO] Paperbird - [/states, {"get":true}][10:21:16 AM], All states
[2021-05-08T10:31:18.934] [INFO] Paperbird - [/cities, {"get":true}][10:21:16 AM], All cities
[2021-05-08T10:31:19.117] [INFO] Paperbird - [/getSupplier, {"post":true}][10:21:16 AM], Supplier Data
[2021-05-08T10:31:20.810] [INFO] Paperbird - [/countries, {"get":true}][10:21:16 AM], All countries
[2021-05-08T10:31:20.828] [INFO] Paperbird - [/states, {"get":true}][10:21:16 AM], All states
[2021-05-08T10:31:20.840] [INFO] Paperbird - [/getAllProductGroup/:name, {"get":true}][10:21:16 AM], All data
[2021-05-08T10:31:20.841] [INFO] Paperbird - [/cities, {"get":true}][10:21:16 AM], All cities
[2021-05-08T10:31:20.849] [INFO] Paperbird - [/getAllProductSubgroup/:name, {"get":true}][10:21:16 AM], All data
[2021-05-08T10:31:20.856] [INFO] Paperbird - [/getAllPaperClass/:name, {"get":true}][10:21:16 AM], All data
[2021-05-08T10:31:20.866] [INFO] Paperbird - [/getAllPaperQuality/:name, {"get":true}][10:21:16 AM], All data
[2021-05-08T10:31:20.873] [INFO] Paperbird - [/getAllPaperPrintibility/:name, {"get":true}][10:21:16 AM], All data
[2021-05-08T10:31:20.885] [INFO] Paperbird - [/getAllPaperColor/:name, {"get":true}][10:21:16 AM], All data
[2021-05-08T10:31:20.895] [INFO] Paperbird - [/getAllMeasurementUnit/:name, {"get":true}][10:21:16 AM], All data
[2021-05-08T10:31:20.902] [INFO] Paperbird - [/getAllPaperGrain/:name, {"get":true}][10:21:16 AM], All data
[2021-05-08T10:31:20.911] [INFO] Paperbird - [/getAllPaperGsm/:name, {"get":true}][10:21:16 AM], All data
[2021-05-08T10:31:21.085] [INFO] Paperbird - [/getWarehouses, {"post":true}][10:21:16 AM], Supplier's Warehouse Data
[2021-05-08T10:31:21.145] [INFO] Paperbird - [/getProducts, {"post":true}][10:21:16 AM], Product Data
[2021-05-08T10:31:25.146] [INFO] Paperbird - [/countries, {"get":true}][10:21:16 AM], All countries
[2021-05-08T10:31:25.156] [INFO] Paperbird - [/states, {"get":true}][10:21:16 AM], All states
[2021-05-08T10:31:25.169] [INFO] Paperbird - [/cities, {"get":true}][10:21:16 AM], All cities
[2021-05-08T10:31:25.476] [INFO] Paperbird - [/getSupplier, {"post":true}][10:21:16 AM], Supplier Data
[2021-05-08T10:31:28.300] [INFO] Paperbird - [/getAllGroups, {"get":true}][10:21:16 AM], All groups
[2021-05-08T10:31:28.646] [INFO] Paperbird - [/getCustomer, {"post":true}][10:21:16 AM], Customer Data with Pagination
[2021-05-08T10:31:34.056] [INFO] Paperbird - [/allGroup, {"get":true}][10:21:16 AM], All menu
[2021-05-08T10:31:35.818] [INFO] Paperbird - [/getroles, {"post":true}][10:21:16 AM], All customers
[2021-05-08T10:31:38.066] [INFO] Paperbird - [/countries, {"get":true}][10:21:16 AM], All countries
[2021-05-08T10:31:38.091] [INFO] Paperbird - [/states, {"get":true}][10:21:16 AM], All states
[2021-05-08T10:31:38.104] [INFO] Paperbird - [/cities, {"get":true}][10:21:16 AM], All cities
[2021-05-08T10:31:38.356] [INFO] Paperbird - [/getSupplier, {"post":true}][10:21:16 AM], Supplier Data
[2021-05-08T10:31:49.920] [INFO] Paperbird - [/getPaperStrength, {"post":true}][10:21:16 AM], All /getPaperStrength data
[2021-05-08T10:31:53.950] [INFO] Paperbird - [/getMeasurementUnit, {"post":true}][10:21:16 AM], All /getMeasurementUnit data
[2021-05-08T10:31:54.881] [INFO] Paperbird - [/getPaperGrain, {"post":true}][10:21:16 AM], All /getPaperGrain data
[2021-05-08T10:31:57.201] [INFO] Paperbird - [/countries, {"get":true}][10:21:16 AM], All countries
[2021-05-08T10:31:57.224] [INFO] Paperbird - [/states, {"get":true}][10:21:16 AM], All states
[2021-05-08T10:31:57.234] [INFO] Paperbird - [/cities, {"get":true}][10:21:16 AM], All cities
[2021-05-08T10:31:57.493] [INFO] Paperbird - [/getSupplier, {"post":true}][10:21:16 AM], Supplier Data
[2021-05-08T10:32:21.596] [INFO] Paperbird - [/getAllProductGroup/:name, {"get":true}][10:21:16 AM], All data
[2021-05-08T10:32:21.603] [INFO] Paperbird - [/getAllProductGroup/:name, {"get":true}][10:21:16 AM], All data
[2021-05-08T10:32:21.654] [INFO] Paperbird - [/allProducts, {"post":true}][10:21:16 AM], All products
[2021-05-08T10:32:21.664] [INFO] Paperbird - [/getAllProductSubgroup/:name, {"get":true}][10:21:16 AM], All data
[2021-05-08T10:32:21.931] [INFO] Paperbird - [/getAllPaperClass/:name, {"get":true}][10:21:16 AM], All data
[2021-05-08T10:32:22.010] [INFO] Paperbird - [/getAllPaperQuality/:name, {"get":true}][10:21:16 AM], All data
[2021-05-08T10:32:22.122] [INFO] Paperbird - [/getAllPaperPrintibility/:name, {"get":true}][10:21:16 AM], All data
[2021-05-08T10:32:22.189] [INFO] Paperbird - [/getAllPaperColor/:name, {"get":true}][10:21:16 AM], All data
[2021-05-08T10:32:22.205] [INFO] Paperbird - [/getAllMeasurementUnit/:name, {"get":true}][10:21:16 AM], All data
[2021-05-08T10:32:22.214] [INFO] Paperbird - [/getAllPaperGrain/:name, {"get":true}][10:21:16 AM], All data
[2021-05-08T10:32:22.229] [INFO] Paperbird - [/getSupplier, {"post":true}][10:21:16 AM], Supplier Data
[2021-05-08T10:32:22.358] [INFO] Paperbird - [/allProducts, {"post":true}][10:21:16 AM], All products
[2021-05-08T10:32:22.556] [INFO] Paperbird - [/getAllGroupsForCustomer, {"get":true}][10:21:16 AM], All customer groups
[2021-05-08T10:32:27.551] [INFO] Paperbird - [/getAllGroupsForCustomer, {"get":true}][10:21:16 AM], All customer groups
[2021-05-08T10:32:27.574] [INFO] Paperbird - [/getAllPaperClass/:name, {"get":true}][10:21:16 AM], All data
[2021-05-08T10:32:27.590] [INFO] Paperbird - [/getAllPaperQuality/:name, {"get":true}][10:21:16 AM], All data
[2021-05-08T10:32:27.603] [INFO] Paperbird - [/getAllPaperPrintibility/:name, {"get":true}][10:21:16 AM], All data
[2021-05-08T10:32:27.627] [INFO] Paperbird - [/getAllPaperColor/:name, {"get":true}][10:21:16 AM], All data
[2021-05-08T10:32:27.639] [INFO] Paperbird - [/getAllMeasurementUnit/:name, {"get":true}][10:21:16 AM], All data
[2021-05-08T10:32:27.650] [INFO] Paperbird - [/getAllPaperGrain/:name, {"get":true}][10:21:16 AM], All data
[2021-05-08T10:32:27.665] [INFO] Paperbird - [/getAllPaperGsm/:name, {"get":true}][10:21:16 AM], All data
[2021-05-08T10:32:27.787] [INFO] Paperbird - [/getAllProductGroup/:name, {"get":true}][10:21:16 AM], All data
[2021-05-08T10:32:27.814] [INFO] Paperbird - [/getSinglePublishedProduct/:id, {"get":true}][10:21:16 AM], All products
[2021-05-08T10:32:40.772] [INFO] Paperbird - [/getAllProductGroup/:name, {"get":true}][10:21:16 AM], All data
[2021-05-08T10:32:40.773] [INFO] Paperbird - [/getAllProductGroup/:name, {"get":true}][10:21:16 AM], All data
[2021-05-08T10:32:40.818] [INFO] Paperbird - [/allProducts, {"post":true}][10:21:16 AM], All products
[2021-05-08T10:32:40.830] [INFO] Paperbird - [/getAllProductSubgroup/:name, {"get":true}][10:21:16 AM], All data
[2021-05-08T10:32:40.913] [INFO] Paperbird - [/getAllPaperClass/:name, {"get":true}][10:21:16 AM], All data
[2021-05-08T10:32:40.981] [INFO] Paperbird - [/getAllPaperQuality/:name, {"get":true}][10:21:16 AM], All data
[2021-05-08T10:32:40.994] [INFO] Paperbird - [/getAllPaperPrintibility/:name, {"get":true}][10:21:16 AM], All data
[2021-05-08T10:32:41.009] [INFO] Paperbird - [/getAllPaperColor/:name, {"get":true}][10:21:16 AM], All data
[2021-05-08T10:32:41.024] [INFO] Paperbird - [/getAllMeasurementUnit/:name, {"get":true}][10:21:16 AM], All data
[2021-05-08T10:32:41.036] [INFO] Paperbird - [/getAllPaperGrain/:name, {"get":true}][10:21:16 AM], All data
[2021-05-08T10:32:41.049] [INFO] Paperbird - [/getSupplier, {"post":true}][10:21:16 AM], Supplier Data
[2021-05-08T10:32:41.160] [INFO] Paperbird - [/allProducts, {"post":true}][10:21:16 AM], All products
[2021-05-08T10:32:41.357] [INFO] Paperbird - [/getAllGroupsForCustomer, {"get":true}][10:21:16 AM], All customer groups
[2021-05-08T10:48:22.836] [INFO] Paperbird - [/countries, {"get":true}][10:21:16 AM], All countries
[2021-05-08T10:48:22.846] [INFO] Paperbird - [/states, {"get":true}][10:21:16 AM], All states
[2021-05-08T10:48:22.855] [INFO] Paperbird - [/getAllProductGroup/:name, {"get":true}][10:21:16 AM], All data
[2021-05-08T10:48:22.865] [INFO] Paperbird - [/cities, {"get":true}][10:21:16 AM], All cities
[2021-05-08T10:48:22.869] [INFO] Paperbird - [/getAllProductSubgroup/:name, {"get":true}][10:21:16 AM], All data
[2021-05-08T10:48:22.876] [INFO] Paperbird - [/getAllPaperClass/:name, {"get":true}][10:21:16 AM], All data
[2021-05-08T10:48:22.886] [INFO] Paperbird - [/getAllPaperQuality/:name, {"get":true}][10:21:16 AM], All data
[2021-05-08T10:48:22.894] [INFO] Paperbird - [/getAllPaperPrintibility/:name, {"get":true}][10:21:16 AM], All data
[2021-05-08T10:48:22.908] [INFO] Paperbird - [/getAllPaperColor/:name, {"get":true}][10:21:16 AM], All data
[2021-05-08T10:48:22.916] [INFO] Paperbird - [/getAllMeasurementUnit/:name, {"get":true}][10:21:16 AM], All data
[2021-05-08T10:48:22.924] [INFO] Paperbird - [/getAllPaperGrain/:name, {"get":true}][10:21:16 AM], All data
[2021-05-08T10:48:22.933] [INFO] Paperbird - [/getAllPaperGsm/:name, {"get":true}][10:21:16 AM], All data
[2021-05-08T10:48:23.103] [INFO] Paperbird - [/getWarehouses, {"post":true}][10:21:16 AM], Supplier's Warehouse Data
[2021-05-08T10:48:23.178] [INFO] Paperbird - [/getProducts, {"post":true}][10:21:16 AM], Product Data
[2021-05-08T10:48:25.378] [INFO] Paperbird - [/countries, {"get":true}][10:21:16 AM], All countries
[2021-05-08T10:48:25.389] [INFO] Paperbird - [/states, {"get":true}][10:21:16 AM], All states
[2021-05-08T10:48:25.399] [INFO] Paperbird - [/cities, {"get":true}][10:21:16 AM], All cities
[2021-05-08T10:48:25.678] [INFO] Paperbird - [/getSupplier, {"post":true}][10:21:16 AM], Supplier Data
[2021-05-08T10:48:34.167] [INFO] Paperbird - [/getSupplier, {"post":true}][10:21:16 AM], Supplier Data
[2021-05-08T10:48:42.546] [INFO] Paperbird - [/, {"post":true}][10:21:16 AM], Login successful
[2021-05-08T10:48:42.637] [ERROR] Paperbird - Something went wrong: ReferenceError: successResponses is not defined
    at C:\Projects\paperbird\server\routes\Dashboard\index.js:10:5
    at Layer.handle [as handle_request] (C:\Projects\paperbird\server\node_modules\express\lib\router\layer.js:95:5)
    at next (C:\Projects\paperbird\server\node_modules\express\lib\router\route.js:137:13)
    at module.exports (C:\Projects\paperbird\server\middlewares\jwtauth.js:56:5)
    at Layer.handle [as handle_request] (C:\Projects\paperbird\server\node_modules\express\lib\router\layer.js:95:5)
    at next (C:\Projects\paperbird\server\node_modules\express\lib\router\route.js:137:13)
    at Route.dispatch (C:\Projects\paperbird\server\node_modules\express\lib\router\route.js:112:3)
    at Layer.handle [as handle_request] (C:\Projects\paperbird\server\node_modules\express\lib\router\layer.js:95:5)
    at C:\Projects\paperbird\server\node_modules\express\lib\router\index.js:281:22
    at Function.process_params (C:\Projects\paperbird\server\node_modules\express\lib\router\index.js:335:12)
    at next (C:\Projects\paperbird\server\node_modules\express\lib\router\index.js:275:10)
    at Function.handle (C:\Projects\paperbird\server\node_modules\express\lib\router\index.js:174:3)
    at router (C:\Projects\paperbird\server\node_modules\express\lib\router\index.js:47:12)
    at Layer.handle [as handle_request] (C:\Projects\paperbird\server\node_modules\express\lib\router\layer.js:95:5)
    at trim_prefix (C:\Projects\paperbird\server\node_modules\express\lib\router\index.js:317:13)
    at C:\Projects\paperbird\server\node_modules\express\lib\router\index.js:284:7
    at Function.process_params (C:\Projects\paperbird\server\node_modules\express\lib\router\index.js:335:12)
    at next (C:\Projects\paperbird\server\node_modules\express\lib\router\index.js:275:10)
    at C:\Projects\paperbird\server\app.js:177:3
    at Layer.handle [as handle_request] (C:\Projects\paperbird\server\node_modules\express\lib\router\layer.js:95:5)
    at trim_prefix (C:\Projects\paperbird\server\node_modules\express\lib\router\index.js:317:13)
    at C:\Projects\paperbird\server\node_modules\express\lib\router\index.js:284:7
[2021-05-08T10:48:44.715] [INFO] Paperbird - [/getAll, {"post":true}][10:21:16 AM], All orders
[2021-05-08T10:48:45.229] [INFO] Paperbird - [/getAll, {"post":true}][10:21:16 AM], All orders
[2021-05-08T10:48:45.710] [INFO] Paperbird - [/allDispatchOrder, {"post":true}][10:21:16 AM], All dispatches
[2021-05-08T10:48:45.724] [INFO] Paperbird - [/getSuppliersOrders/:type, {"post":true}][10:21:16 AM], Purchase order of suppliers
[2021-05-08T10:48:45.736] [INFO] Paperbird - [/getAll, {"get":true}][10:21:16 AM], All supplier warehouse
[2021-05-08T10:48:48.222] [INFO] Paperbird - [/getAll, {"post":true}][10:21:16 AM], All orders
[2021-05-08T10:48:48.737] [INFO] Paperbird - [/getAll, {"post":true}][10:21:16 AM], All orders
[2021-05-08T10:48:50.594] [INFO] Paperbird - [/singleOrderDetail/:poID, {"get":true}][10:21:16 AM], Single order details
[2021-05-08T10:48:52.356] [INFO] Paperbird - [/getAll, {"post":true}][10:21:16 AM], All orders
[2021-05-08T10:49:59.944] [INFO] Paperbird - [/allDispatchOrder, {"post":true}][10:21:16 AM], All dispatches
[2021-05-08T10:49:59.960] [INFO] Paperbird - [/getSuppliersOrders/:type, {"post":true}][10:21:16 AM], Purchase order of suppliers
[2021-05-08T10:49:59.968] [INFO] Paperbird - [/getAll, {"get":true}][10:21:16 AM], All supplier warehouse
[2021-05-08T10:50:02.172] [INFO] Paperbird - [/getSingleDispatchOrder/:id/:dispatchID, {"get":true}][10:21:16 AM], all order
[2021-05-08T10:51:11.480] [INFO] Paperbird - [/cancelDispatch/:dispatchID, {"post":true}][10:51:09 AM], Dispatch canceled
[2021-05-08T10:52:57.142] [INFO] Paperbird - [/cancelDispatch/:dispatchID, {"post":true}][10:52:50 AM], Dispatch canceled
[2021-05-08T10:55:36.674] [INFO] Paperbird - [/cancelDispatch/:dispatchID, {"post":true}][10:55:36 AM], Dispatch canceled
[2021-05-08T11:12:43.788] [INFO] Paperbird - [/getUserProfile, {"post":true}][11:12:32 AM], Supplier Profile
[2021-05-08T11:12:43.793] [INFO] Paperbird - [/countries, {"get":true}][11:12:32 AM], All countries
[2021-05-08T11:12:43.816] [INFO] Paperbird - [/states, {"get":true}][11:12:32 AM], All states
[2021-05-08T11:12:43.824] [INFO] Paperbird - [/cities, {"get":true}][11:12:32 AM], All cities
[2021-05-08T12:25:43.411] [INFO] Paperbird - [/allDispatchOrder, {"post":true}][11:16:43 AM], All dispatches
[2021-05-08T12:25:43.430] [INFO] Paperbird - [/getSuppliersOrders/:type, {"post":true}][11:16:43 AM], Purchase order of suppliers
[2021-05-08T12:25:43.456] [INFO] Paperbird - [/getAll, {"get":true}][11:16:43 AM], All supplier warehouse
[2021-05-08T12:25:45.129] [INFO] Paperbird - [/getSingleDispatchOrder/:id/:dispatchID, {"get":true}][11:16:43 AM], all order
[2021-05-08T12:25:50.250] [INFO] Paperbird - [/cancelDispatch/:dispatchID, {"post":true}][11:16:43 AM], Dispatch canceled
[2021-05-08T12:26:18.668] [INFO] Paperbird - [/cancelDispatch/:dispatchID, {"post":true}][11:16:43 AM], Dispatch canceled
[2021-05-08T12:27:14.125] [INFO] Paperbird - [/cancelDispatch/:dispatchID, {"post":true}][12:27:13 PM], Dispatch canceled
[2021-05-08T12:27:46.397] [INFO] Paperbird - [/cancelDispatch/:dispatchID, {"post":true}][12:27:43 PM], Dispatch canceled
[2021-05-08T12:28:17.308] [INFO] Paperbird - [/cancelDispatch/:dispatchID, {"post":true}][12:28:15 PM], Dispatch canceled
[2021-05-08T12:29:25.336] [INFO] Paperbird - [/cancelDispatch/:dispatchID, {"post":true}][12:29:23 PM], Dispatch canceled
[2021-05-08T12:31:49.558] [INFO] Paperbird - [/cancelDispatch/:dispatchID, {"post":true}][12:30:02 PM], Dispatch canceled
[2021-05-08T12:32:56.586] [INFO] Paperbird - [/cancelDispatch/:dispatchID, {"post":true}][12:32:51 PM], Dispatch canceled
[2021-05-08T12:35:26.671] [INFO] Paperbird - [/allDispatchOrder, {"post":true}][12:33:53 PM], All dispatches
[2021-05-08T12:35:26.693] [INFO] Paperbird - [/getSuppliersOrders/:type, {"post":true}][12:33:53 PM], Purchase order of suppliers
[2021-05-08T12:35:26.747] [INFO] Paperbird - [/getAll, {"get":true}][12:33:53 PM], All supplier warehouse
[2021-05-08T12:35:27.805] [INFO] Paperbird - [/getSingleDispatchOrder/:id/:dispatchID, {"get":true}][12:33:53 PM], all order
[2021-05-08T12:37:08.054] [INFO] Paperbird - [/getSuppliersOrders/:type, {"post":true}][12:33:53 PM], Purchase order of suppliers
[2021-05-08T12:37:08.123] [INFO] Paperbird - [/allDispatchOrder, {"post":true}][12:33:53 PM], All dispatches
[2021-05-08T12:37:08.198] [INFO] Paperbird - [/getAll, {"get":true}][12:33:53 PM], All supplier warehouse
[2021-05-08T12:37:18.413] [INFO] Paperbird - [/getSuppliersOrders/:type, {"post":true}][12:33:53 PM], Purchase order of suppliers
[2021-05-08T12:37:18.414] [INFO] Paperbird - [/allDispatchOrder, {"post":true}][12:33:53 PM], All dispatches
[2021-05-08T12:37:18.438] [INFO] Paperbird - [/getAll, {"get":true}][12:33:53 PM], All supplier warehouse
[2021-05-08T12:37:19.477] [INFO] Paperbird - [/allDispatchOrder, {"post":true}][12:33:53 PM], All dispatches
[2021-05-08T12:37:19.488] [INFO] Paperbird - [/getSuppliersOrders/:type, {"post":true}][12:33:53 PM], Purchase order of suppliers
[2021-05-08T12:37:19.535] [INFO] Paperbird - [/getAll, {"get":true}][12:33:53 PM], All supplier warehouse
[2021-05-08T12:37:21.597] [INFO] Paperbird - [/allDispatchOrder, {"post":true}][12:33:53 PM], All dispatches
[2021-05-08T12:37:21.603] [INFO] Paperbird - [/getSuppliersOrders/:type, {"post":true}][12:33:53 PM], Purchase order of suppliers
[2021-05-08T12:37:21.624] [INFO] Paperbird - [/getAll, {"get":true}][12:33:53 PM], All supplier warehouse
[2021-05-08T12:37:31.976] [INFO] Paperbird - [/getSuppliersOrders/:type, {"post":true}][12:33:53 PM], Purchase order of suppliers
[2021-05-08T12:37:31.977] [INFO] Paperbird - [/allDispatchOrder, {"post":true}][12:33:53 PM], All dispatches
[2021-05-08T12:37:32.029] [INFO] Paperbird - [/getAll, {"get":true}][12:33:53 PM], All supplier warehouse
[2021-05-08T12:37:43.948] [INFO] Paperbird - [/getSuppliersOrders/:type, {"post":true}][12:33:53 PM], Purchase order of suppliers
[2021-05-08T12:37:43.957] [INFO] Paperbird - [/getAll, {"get":true}][12:33:53 PM], All supplier warehouse
[2021-05-08T13:49:56.829] [INFO] Paperbird - [/addCart, {"post":true}][12:33:53 PM], Customer Login Successfull
[2021-05-08T13:49:57.516] [INFO] Paperbird - [/addCart, {"post":true}][12:33:53 PM], Customer Login Successfull
[2021-05-08T13:50:02.271] [INFO] Paperbird - [/getCart, {"get":true}][12:33:53 PM], User Cart
[2021-05-08T13:50:02.464] [INFO] Paperbird - [/countries, {"get":true}][12:33:53 PM], All countries
[2021-05-08T13:50:02.467] [INFO] Paperbird - [/states/:id, {"get":true}][12:33:53 PM], All States
[2021-05-08T13:50:02.469] [INFO] Paperbird - [/cities/:state_id/:country_id, {"get":true}][12:33:53 PM], All Cities
[2021-05-08T13:50:02.528] [INFO] Paperbird - [/getAllProductGroup/:name, {"get":true}][12:33:53 PM], All data
[2021-05-08T13:50:06.298] [INFO] Paperbird - [/addCart, {"post":true}][12:33:53 PM], Customer Login Successfull
[2021-05-08T13:50:07.802] [INFO] Paperbird - [/addCart, {"post":true}][12:33:53 PM], Customer Login Successfull
[2021-05-08T13:50:09.159] [INFO] Paperbird - [/getAll, {"get":true}][12:33:53 PM], All addresses
[2021-05-08T13:50:10.722] [INFO] Paperbird - [/newOrder, {"post":true}][12:33:53 PM], Order created successfully
[2021-05-08T13:50:10.792] [INFO] Paperbird - [/removeCart/:id, {"get":true}][12:33:53 PM], Product removed successfully
[2021-05-08T13:50:10.795] [INFO] Paperbird - [/removeCart/:id, {"get":true}][12:33:53 PM], Product removed successfully
[2021-05-08T13:50:10.796] [INFO] Paperbird - [/removeCart/:id, {"get":true}][12:33:53 PM], Product removed successfully
[2021-05-08T13:50:11.874] [INFO] Paperbird - [/getAllProductGroup/:name, {"get":true}][12:33:53 PM], All data
[2021-05-08T13:50:11.883] [INFO] Paperbird - [/getAllProductGroup/:name, {"get":true}][12:33:53 PM], All data
[2021-05-08T13:50:11.919] [INFO] Paperbird - [/getAllProductSubgroup/:name, {"get":true}][12:33:53 PM], All data
[2021-05-08T13:50:11.941] [INFO] Paperbird - [/getAllPaperClass/:name, {"get":true}][12:33:53 PM], All data
[2021-05-08T13:50:11.960] [INFO] Paperbird - [/getAllPaperQuality/:name, {"get":true}][12:33:53 PM], All data
[2021-05-08T13:50:12.026] [INFO] Paperbird - [/allProducts, {"post":true}][12:33:53 PM], All products
[2021-05-08T13:50:12.037] [INFO] Paperbird - [/getAllPaperPrintibility/:name, {"get":true}][12:33:53 PM], All data
[2021-05-08T13:50:12.190] [INFO] Paperbird - [/getAllPaperColor/:name, {"get":true}][12:33:53 PM], All data
[2021-05-08T13:50:12.222] [INFO] Paperbird - [/getAllMeasurementUnit/:name, {"get":true}][12:33:53 PM], All data
[2021-05-08T13:50:12.232] [INFO] Paperbird - [/getAllPaperGrain/:name, {"get":true}][12:33:53 PM], All data
[2021-05-08T13:50:12.252] [INFO] Paperbird - [/getSupplier, {"post":true}][12:33:53 PM], Supplier Data
[2021-05-08T13:50:12.381] [INFO] Paperbird - [/allProducts, {"post":true}][12:33:53 PM], All products
[2021-05-08T13:50:12.585] [INFO] Paperbird - [/getAllGroupsForCustomer, {"get":true}][12:33:53 PM], All customer groups
[2021-05-08T13:50:15.372] [INFO] Paperbird - [/getSuppliersOrders/:type, {"post":true}][12:33:53 PM], Purchase order of suppliers
[2021-05-08T13:50:15.411] [INFO] Paperbird - [/getAll, {"get":true}][12:33:53 PM], All supplier warehouse
[2021-05-08T13:50:16.150] [INFO] Paperbird - [/getOrderDetail/:id/:type, {"get":true}][12:33:53 PM], Order Detail
[2021-05-08T13:50:20.509] [INFO] Paperbird - [/updateOrder/:id, {"post":true}][12:33:53 PM], Purchase orders updated
[2021-05-08T13:50:20.544] [INFO] Paperbird - [/getSuppliersOrders/:type, {"post":true}][12:33:53 PM], Purchase order of suppliers
[2021-05-08T13:50:20.553] [INFO] Paperbird - [/getAll, {"get":true}][12:33:53 PM], All supplier warehouse
[2021-05-08T13:50:22.726] [INFO] Paperbird - [/allDispatchOrder, {"post":true}][12:33:53 PM], All dispatches
[2021-05-08T13:50:22.742] [INFO] Paperbird - [/getSuppliersOrders/:type, {"post":true}][12:33:53 PM], Purchase order of suppliers
[2021-05-08T13:50:22.750] [INFO] Paperbird - [/getAll, {"get":true}][12:33:53 PM], All supplier warehouse
[2021-05-08T13:50:25.323] [INFO] Paperbird - [/getOrderDetail/:id/:type, {"get":true}][12:33:53 PM], Order Detail
[2021-05-08T13:51:04.392] [INFO] Paperbird - [/newDispatch, {"post":true}][12:33:53 PM], Updated
[2021-05-08T13:51:07.061] [INFO] Paperbird - [/allDispatchOrder, {"post":true}][12:33:53 PM], All dispatches
[2021-05-08T13:51:07.079] [INFO] Paperbird - [/getSuppliersOrders/:type, {"post":true}][12:33:53 PM], Purchase order of suppliers
[2021-05-08T13:51:07.138] [INFO] Paperbird - [/getAll, {"get":true}][12:33:53 PM], All supplier warehouse
[2021-05-08T13:51:07.720] [INFO] Paperbird - [/getSingleDispatchOrder/:id/:dispatchID, {"get":true}][12:33:53 PM], all order
[2021-05-08T13:51:44.790] [ERROR] Paperbird - [/updateDispatchOrder/:id, {"post":true}][12:33:53 PM], ReferenceError: headItem is not defined
[2021-05-08T13:53:30.698] [INFO] Paperbird - [/updateDispatchOrder/:id, {"post":true}][1:52:39 PM], Updated
[2021-05-08T13:53:30.751] [INFO] Paperbird - [/allDispatchOrder, {"post":true}][1:52:39 PM], All dispatches
[2021-05-08T13:53:33.723] [INFO] Paperbird - [/getSingleDispatchOrder/:id/:dispatchID, {"get":true}][1:52:39 PM], all order
[2021-05-08T13:54:14.632] [INFO] Paperbird - [/updateDispatchOrder/:id, {"post":true}][1:54:14 PM], Updated
[2021-05-08T13:54:14.679] [INFO] Paperbird - [/allDispatchOrder, {"post":true}][1:54:14 PM], All dispatches
[2021-05-08T13:54:16.576] [INFO] Paperbird - [/getSingleDispatchOrder/:id/:dispatchID, {"get":true}][1:54:14 PM], all order
[2021-05-08T13:56:27.288] [INFO] Paperbird - [/updateDispatchOrder/:id, {"post":true}][1:56:16 PM], Updated
[2021-05-08T13:56:27.338] [INFO] Paperbird - [/allDispatchOrder, {"post":true}][1:56:16 PM], All dispatches
[2021-05-08T13:56:29.191] [INFO] Paperbird - [/getSingleDispatchOrder/:id/:dispatchID, {"get":true}][1:56:16 PM], all order
[2021-05-08T13:56:35.293] [INFO] Paperbird - [/updateDispatchOrder/:id, {"post":true}][1:56:16 PM], Updated
[2021-05-08T13:56:35.324] [INFO] Paperbird - [/allDispatchOrder, {"post":true}][1:56:16 PM], All dispatches
[2021-05-08T13:56:36.976] [INFO] Paperbird - [/getSingleDispatchOrder/:id/:dispatchID, {"get":true}][1:56:16 PM], all order
[2021-05-08T13:57:40.573] [INFO] Paperbird - [/updateDispatchOrder/:id, {"post":true}][1:57:36 PM], Updated
[2021-05-08T13:57:40.620] [INFO] Paperbird - [/allDispatchOrder, {"post":true}][1:57:36 PM], All dispatches
[2021-05-08T13:57:42.617] [INFO] Paperbird - [/getSingleDispatchOrder/:id/:dispatchID, {"get":true}][1:57:36 PM], all order
[2021-05-08T13:58:25.656] [INFO] Paperbird - [/updateDispatchOrder/:id, {"post":true}][1:58:22 PM], Updated
[2021-05-08T13:58:25.703] [INFO] Paperbird - [/allDispatchOrder, {"post":true}][1:58:22 PM], All dispatches
[2021-05-08T13:58:27.384] [INFO] Paperbird - [/getSingleDispatchOrder/:id/:dispatchID, {"get":true}][1:58:22 PM], all order
[2021-05-08T13:58:42.662] [INFO] Paperbird - [/cancelDispatch/:dispatchID, {"post":true}][1:58:22 PM], Dispatch canceled
[2021-05-08T13:58:45.401] [INFO] Paperbird - [/allDispatchOrder, {"post":true}][1:58:22 PM], All dispatches
[2021-05-08T13:58:45.422] [INFO] Paperbird - [/getSuppliersOrders/:type, {"post":true}][1:58:22 PM], Purchase order of suppliers
[2021-05-08T13:58:45.470] [INFO] Paperbird - [/getAll, {"get":true}][1:58:22 PM], All supplier warehouse
[2021-05-08T14:13:51.135] [INFO] Paperbird - [/allDispatchOrder, {"post":true}][2:08:18 PM], All dispatches
[2021-05-08T14:13:51.156] [INFO] Paperbird - [/getSuppliersOrders/:type, {"post":true}][2:08:18 PM], Purchase order of suppliers
[2021-05-08T14:13:51.178] [INFO] Paperbird - [/getAll, {"get":true}][2:08:18 PM], All supplier warehouse
[2021-05-08T14:13:53.466] [INFO] Paperbird - [/allDispatchOrder, {"post":true}][2:08:18 PM], All dispatches
[2021-05-08T14:13:53.487] [INFO] Paperbird - [/getSuppliersOrders/:type, {"post":true}][2:08:18 PM], Purchase order of suppliers
[2021-05-08T14:13:53.549] [INFO] Paperbird - [/getAll, {"get":true}][2:08:18 PM], All supplier warehouse
[2021-05-08T14:16:25.168] [INFO] Paperbird - [/allDispatchOrder, {"post":true}][2:08:18 PM], All dispatches
[2021-05-08T14:16:25.175] [INFO] Paperbird - [/getSuppliersOrders/:type, {"post":true}][2:08:18 PM], Purchase order of suppliers
[2021-05-08T14:16:25.291] [INFO] Paperbird - [/getAll, {"get":true}][2:08:18 PM], All supplier warehouse
[2021-05-08T14:20:15.494] [INFO] Paperbird - [/allDispatchOrder, {"post":true}][2:08:18 PM], All dispatches
[2021-05-08T14:20:15.523] [INFO] Paperbird - [/getSuppliersOrders/:type, {"post":true}][2:08:18 PM], Purchase order of suppliers
[2021-05-08T14:20:15.578] [INFO] Paperbird - [/getAll, {"get":true}][2:08:18 PM], All supplier warehouse
[2021-05-08T14:20:40.768] [INFO] Paperbird - [/allDispatchOrder, {"post":true}][2:08:18 PM], All dispatches
[2021-05-08T14:20:40.780] [INFO] Paperbird - [/getSuppliersOrders/:type, {"post":true}][2:08:18 PM], Purchase order of suppliers
[2021-05-08T14:20:40.835] [INFO] Paperbird - [/getAll, {"get":true}][2:08:18 PM], All supplier warehouse
[2021-05-08T14:20:47.360] [INFO] Paperbird - [/allDispatchOrder, {"post":true}][2:08:18 PM], All dispatches
[2021-05-08T14:20:47.398] [INFO] Paperbird - [/getSuppliersOrders/:type, {"post":true}][2:08:18 PM], Purchase order of suppliers
[2021-05-08T14:20:47.441] [INFO] Paperbird - [/getAll, {"get":true}][2:08:18 PM], All supplier warehouse
[2021-05-08T14:20:58.616] [INFO] Paperbird - [/getSuppliersOrders/:type, {"post":true}][2:08:18 PM], Purchase order of suppliers
[2021-05-08T14:20:58.619] [INFO] Paperbird - [/allDispatchOrder, {"post":true}][2:08:18 PM], All dispatches
[2021-05-08T14:20:58.685] [INFO] Paperbird - [/getAll, {"get":true}][2:08:18 PM], All supplier warehouse
[2021-05-08T14:21:18.284] [INFO] Paperbird - [/allDispatchOrder, {"post":true}][2:08:18 PM], All dispatches
[2021-05-08T14:21:18.300] [INFO] Paperbird - [/getSuppliersOrders/:type, {"post":true}][2:08:18 PM], Purchase order of suppliers
[2021-05-08T14:21:18.367] [INFO] Paperbird - [/getAll, {"get":true}][2:08:18 PM], All supplier warehouse
[2021-05-08T14:21:29.189] [INFO] Paperbird - [/getSuppliersOrders/:type, {"post":true}][2:08:18 PM], Purchase order of suppliers
[2021-05-08T14:21:29.204] [INFO] Paperbird - [/allDispatchOrder, {"post":true}][2:08:18 PM], All dispatches
[2021-05-08T14:21:29.256] [INFO] Paperbird - [/getAll, {"get":true}][2:08:18 PM], All supplier warehouse
[2021-05-08T14:21:31.746] [INFO] Paperbird - [/allDispatchOrder, {"post":true}][2:08:18 PM], All dispatches
[2021-05-08T14:21:31.765] [INFO] Paperbird - [/getSuppliersOrders/:type, {"post":true}][2:08:18 PM], Purchase order of suppliers
[2021-05-08T14:21:31.813] [INFO] Paperbird - [/getAll, {"get":true}][2:08:18 PM], All supplier warehouse
[2021-05-08T14:21:48.432] [INFO] Paperbird - [/allDispatchOrder, {"post":true}][2:08:18 PM], All dispatches
[2021-05-08T14:21:48.435] [INFO] Paperbird - [/getSuppliersOrders/:type, {"post":true}][2:08:18 PM], Purchase order of suppliers
[2021-05-08T14:21:48.505] [INFO] Paperbird - [/getAll, {"get":true}][2:08:18 PM], All supplier warehouse
[2021-05-08T14:21:51.614] [INFO] Paperbird - [/allDispatchOrder, {"post":true}][2:08:18 PM], All dispatches
[2021-05-08T14:21:51.628] [INFO] Paperbird - [/getSuppliersOrders/:type, {"post":true}][2:08:18 PM], Purchase order of suppliers
[2021-05-08T14:21:51.645] [INFO] Paperbird - [/getAll, {"get":true}][2:08:18 PM], All supplier warehouse
[2021-05-08T14:22:14.763] [INFO] Paperbird - [/getSuppliersOrders/:type, {"post":true}][2:08:18 PM], Purchase order of suppliers
[2021-05-08T14:22:14.766] [INFO] Paperbird - [/allDispatchOrder, {"post":true}][2:08:18 PM], All dispatches
[2021-05-08T14:22:14.780] [INFO] Paperbird - [/getAll, {"get":true}][2:08:18 PM], All supplier warehouse
[2021-05-08T14:22:28.134] [INFO] Paperbird - [/getSuppliersOrders/:type, {"post":true}][2:08:18 PM], Purchase order of suppliers
[2021-05-08T14:22:28.136] [INFO] Paperbird - [/allDispatchOrder, {"post":true}][2:08:18 PM], All dispatches
[2021-05-08T14:22:28.170] [INFO] Paperbird - [/getAll, {"get":true}][2:08:18 PM], All supplier warehouse
[2021-05-08T14:22:31.153] [INFO] Paperbird - [/allDispatchOrder, {"post":true}][2:08:18 PM], All dispatches
[2021-05-08T14:22:31.170] [INFO] Paperbird - [/getSuppliersOrders/:type, {"post":true}][2:08:18 PM], Purchase order of suppliers
[2021-05-08T14:22:31.222] [INFO] Paperbird - [/getAll, {"get":true}][2:08:18 PM], All supplier warehouse
[2021-05-08T14:22:39.362] [INFO] Paperbird - [/allDispatchOrder, {"post":true}][2:08:18 PM], All dispatches
[2021-05-08T14:22:39.381] [INFO] Paperbird - [/getSuppliersOrders/:type, {"post":true}][2:08:18 PM], Purchase order of suppliers
[2021-05-08T14:22:39.403] [INFO] Paperbird - [/getAll, {"get":true}][2:08:18 PM], All supplier warehouse
[2021-05-08T14:22:51.380] [INFO] Paperbird - [/allDispatchOrder, {"post":true}][2:08:18 PM], All dispatches
[2021-05-08T14:22:51.398] [INFO] Paperbird - [/getSuppliersOrders/:type, {"post":true}][2:08:18 PM], Purchase order of suppliers
[2021-05-08T14:22:51.478] [INFO] Paperbird - [/getAll, {"get":true}][2:08:18 PM], All supplier warehouse
[2021-05-08T14:22:57.722] [INFO] Paperbird - [/allDispatchOrder, {"post":true}][2:08:18 PM], All dispatches
[2021-05-08T14:22:57.744] [INFO] Paperbird - [/getSuppliersOrders/:type, {"post":true}][2:08:18 PM], Purchase order of suppliers
[2021-05-08T14:22:57.809] [INFO] Paperbird - [/getAll, {"get":true}][2:08:18 PM], All supplier warehouse
[2021-05-08T14:22:59.555] [INFO] Paperbird - [/allDispatchOrder, {"post":true}][2:08:18 PM], All dispatches
[2021-05-08T14:22:59.566] [INFO] Paperbird - [/getSuppliersOrders/:type, {"post":true}][2:08:18 PM], Purchase order of suppliers
[2021-05-08T14:22:59.586] [INFO] Paperbird - [/getAll, {"get":true}][2:08:18 PM], All supplier warehouse
[2021-05-08T14:23:04.754] [INFO] Paperbird - [/getSuppliersOrders/:type, {"post":true}][2:08:18 PM], Purchase order of suppliers
[2021-05-08T14:23:04.757] [INFO] Paperbird - [/allDispatchOrder, {"post":true}][2:08:18 PM], All dispatches
[2021-05-08T14:23:04.810] [INFO] Paperbird - [/getAll, {"get":true}][2:08:18 PM], All supplier warehouse
[2021-05-08T14:23:17.591] [INFO] Paperbird - [/allDispatchOrder, {"post":true}][2:08:18 PM], All dispatches
[2021-05-08T14:23:17.592] [INFO] Paperbird - [/getSuppliersOrders/:type, {"post":true}][2:08:18 PM], Purchase order of suppliers
[2021-05-08T14:23:17.667] [INFO] Paperbird - [/getAll, {"get":true}][2:08:18 PM], All supplier warehouse
[2021-05-08T14:23:56.840] [INFO] Paperbird - [/getSuppliersOrders/:type, {"post":true}][2:08:18 PM], Purchase order of suppliers
[2021-05-08T14:23:56.842] [INFO] Paperbird - [/allDispatchOrder, {"post":true}][2:08:18 PM], All dispatches
[2021-05-08T14:23:56.893] [INFO] Paperbird - [/getAll, {"get":true}][2:08:18 PM], All supplier warehouse
[2021-05-08T14:24:06.016] [INFO] Paperbird - [/allDispatchOrder, {"post":true}][2:08:18 PM], All dispatches
[2021-05-08T14:24:06.030] [INFO] Paperbird - [/getSuppliersOrders/:type, {"post":true}][2:08:18 PM], Purchase order of suppliers
[2021-05-08T14:24:06.057] [INFO] Paperbird - [/getAll, {"get":true}][2:08:18 PM], All supplier warehouse
[2021-05-08T14:24:10.250] [INFO] Paperbird - [/allDispatchOrder, {"post":true}][2:08:18 PM], All dispatches
[2021-05-08T14:24:10.267] [INFO] Paperbird - [/getSuppliersOrders/:type, {"post":true}][2:08:18 PM], Purchase order of suppliers
[2021-05-08T14:24:10.296] [INFO] Paperbird - [/getAll, {"get":true}][2:08:18 PM], All supplier warehouse
[2021-05-08T14:24:18.668] [INFO] Paperbird - [/allDispatchOrder, {"post":true}][2:08:18 PM], All dispatches
[2021-05-08T14:24:18.685] [INFO] Paperbird - [/getSuppliersOrders/:type, {"post":true}][2:08:18 PM], Purchase order of suppliers
[2021-05-08T14:24:18.737] [INFO] Paperbird - [/getAll, {"get":true}][2:08:18 PM], All supplier warehouse
[2021-05-08T14:24:25.600] [INFO] Paperbird - [/getSuppliersOrders/:type, {"post":true}][2:08:18 PM], Purchase order of suppliers
[2021-05-08T14:24:25.617] [INFO] Paperbird - [/allDispatchOrder, {"post":true}][2:08:18 PM], All dispatches
[2021-05-08T14:24:26.067] [INFO] Paperbird - [/allDispatchOrder, {"post":true}][2:08:18 PM], All dispatches
[2021-05-08T14:24:26.082] [INFO] Paperbird - [/getSuppliersOrders/:type, {"post":true}][2:08:18 PM], Purchase order of suppliers
[2021-05-08T14:24:26.142] [INFO] Paperbird - [/getAll, {"get":true}][2:08:18 PM], All supplier warehouse
[2021-05-08T14:24:32.227] [INFO] Paperbird - [/allDispatchOrder, {"post":true}][2:08:18 PM], All dispatches
[2021-05-08T14:24:32.243] [INFO] Paperbird - [/getSuppliersOrders/:type, {"post":true}][2:08:18 PM], Purchase order of suppliers
[2021-05-08T14:24:32.320] [INFO] Paperbird - [/getAll, {"get":true}][2:08:18 PM], All supplier warehouse
[2021-05-08T14:24:37.462] [INFO] Paperbird - [/allDispatchOrder, {"post":true}][2:08:18 PM], All dispatches
[2021-05-08T14:24:37.467] [INFO] Paperbird - [/getSuppliersOrders/:type, {"post":true}][2:08:18 PM], Purchase order of suppliers
[2021-05-08T14:24:37.508] [INFO] Paperbird - [/getAll, {"get":true}][2:08:18 PM], All supplier warehouse
[2021-05-08T14:24:38.727] [INFO] Paperbird - [/allDispatchOrder, {"post":true}][2:08:18 PM], All dispatches
[2021-05-08T14:24:38.742] [INFO] Paperbird - [/getSuppliersOrders/:type, {"post":true}][2:08:18 PM], Purchase order of suppliers
[2021-05-08T14:24:38.774] [INFO] Paperbird - [/getAll, {"get":true}][2:08:18 PM], All supplier warehouse
[2021-05-08T14:24:50.979] [INFO] Paperbird - [/getSuppliersOrders/:type, {"post":true}][2:08:18 PM], Purchase order of suppliers
[2021-05-08T14:24:50.983] [INFO] Paperbird - [/allDispatchOrder, {"post":true}][2:08:18 PM], All dispatches
[2021-05-08T14:24:51.029] [INFO] Paperbird - [/getAll, {"get":true}][2:08:18 PM], All supplier warehouse
[2021-05-08T14:24:52.248] [INFO] Paperbird - [/allDispatchOrder, {"post":true}][2:08:18 PM], All dispatches
[2021-05-08T14:24:52.266] [INFO] Paperbird - [/getSuppliersOrders/:type, {"post":true}][2:08:18 PM], Purchase order of suppliers
[2021-05-08T14:24:52.283] [INFO] Paperbird - [/getAll, {"get":true}][2:08:18 PM], All supplier warehouse
[2021-05-08T14:24:58.285] [INFO] Paperbird - [/allDispatchOrder, {"post":true}][2:08:18 PM], All dispatches
[2021-05-08T14:24:58.288] [INFO] Paperbird - [/getSuppliersOrders/:type, {"post":true}][2:08:18 PM], Purchase order of suppliers
[2021-05-08T14:24:58.348] [INFO] Paperbird - [/getAll, {"get":true}][2:08:18 PM], All supplier warehouse
[2021-05-08T14:26:04.075] [INFO] Paperbird - [/getSuppliersOrders/:type, {"post":true}][2:08:18 PM], Purchase order of suppliers
[2021-05-08T14:26:04.078] [INFO] Paperbird - [/allDispatchOrder, {"post":true}][2:08:18 PM], All dispatches
[2021-05-08T14:26:04.170] [INFO] Paperbird - [/getAll, {"get":true}][2:08:18 PM], All supplier warehouse
[2021-05-08T14:26:08.889] [INFO] Paperbird - [/allDispatchOrder, {"post":true}][2:08:18 PM], All dispatches
[2021-05-08T14:26:08.902] [INFO] Paperbird - [/getSuppliersOrders/:type, {"post":true}][2:08:18 PM], Purchase order of suppliers
[2021-05-08T14:26:08.933] [INFO] Paperbird - [/getAll, {"get":true}][2:08:18 PM], All supplier warehouse
[2021-05-08T14:26:12.827] [INFO] Paperbird - [/allDispatchOrder, {"post":true}][2:08:18 PM], All dispatches
[2021-05-08T14:26:12.848] [INFO] Paperbird - [/getSuppliersOrders/:type, {"post":true}][2:08:18 PM], Purchase order of suppliers
[2021-05-08T14:26:12.908] [INFO] Paperbird - [/getAll, {"get":true}][2:08:18 PM], All supplier warehouse
[2021-05-08T14:26:27.052] [INFO] Paperbird - [/allDispatchOrder, {"post":true}][2:08:18 PM], All dispatches
[2021-05-08T14:26:27.067] [INFO] Paperbird - [/getSuppliersOrders/:type, {"post":true}][2:08:18 PM], Purchase order of suppliers
[2021-05-08T14:26:27.128] [INFO] Paperbird - [/getAll, {"get":true}][2:08:18 PM], All supplier warehouse
[2021-05-08T14:26:29.735] [INFO] Paperbird - [/allDispatchOrder, {"post":true}][2:08:18 PM], All dispatches
[2021-05-08T14:26:29.759] [INFO] Paperbird - [/getSuppliersOrders/:type, {"post":true}][2:08:18 PM], Purchase order of suppliers
[2021-05-08T14:26:29.823] [INFO] Paperbird - [/getAll, {"get":true}][2:08:18 PM], All supplier warehouse
[2021-05-08T14:26:36.735] [INFO] Paperbird - [/allDispatchOrder, {"post":true}][2:08:18 PM], All dispatches
[2021-05-08T14:26:36.750] [INFO] Paperbird - [/getSuppliersOrders/:type, {"post":true}][2:08:18 PM], Purchase order of suppliers
[2021-05-08T14:26:36.778] [INFO] Paperbird - [/getAll, {"get":true}][2:08:18 PM], All supplier warehouse
[2021-05-08T14:26:41.306] [INFO] Paperbird - [/allDispatchOrder, {"post":true}][2:08:18 PM], All dispatches
[2021-05-08T14:26:41.324] [INFO] Paperbird - [/getSuppliersOrders/:type, {"post":true}][2:08:18 PM], Purchase order of suppliers
[2021-05-08T14:26:41.340] [INFO] Paperbird - [/getAll, {"get":true}][2:08:18 PM], All supplier warehouse
[2021-05-08T14:26:47.064] [INFO] Paperbird - [/allDispatchOrder, {"post":true}][2:08:18 PM], All dispatches
[2021-05-08T14:26:47.078] [INFO] Paperbird - [/getSuppliersOrders/:type, {"post":true}][2:08:18 PM], Purchase order of suppliers
[2021-05-08T14:26:47.117] [INFO] Paperbird - [/getAll, {"get":true}][2:08:18 PM], All supplier warehouse
[2021-05-08T14:26:48.179] [INFO] Paperbird - [/allDispatchOrder, {"post":true}][2:08:18 PM], All dispatches
[2021-05-08T14:26:48.193] [INFO] Paperbird - [/getSuppliersOrders/:type, {"post":true}][2:08:18 PM], Purchase order of suppliers
[2021-05-08T14:26:48.202] [INFO] Paperbird - [/getAll, {"get":true}][2:08:18 PM], All supplier warehouse
[2021-05-08T14:28:08.350] [INFO] Paperbird - [/getSuppliersOrders/:type, {"post":true}][2:08:18 PM], Purchase order of suppliers
[2021-05-08T14:28:08.352] [INFO] Paperbird - [/allDispatchOrder, {"post":true}][2:08:18 PM], All dispatches
[2021-05-08T14:28:08.389] [INFO] Paperbird - [/getAll, {"get":true}][2:08:18 PM], All supplier warehouse
[2021-05-08T14:28:08.716] [INFO] Paperbird - [/allDispatchOrder, {"post":true}][2:08:18 PM], All dispatches
[2021-05-08T14:30:41.663] [INFO] Paperbird - [/getSuppliersOrders/:type, {"post":true}][2:30:35 PM], Purchase order of suppliers
[2021-05-08T14:30:41.728] [INFO] Paperbird - [/getAll, {"get":true}][2:30:35 PM], All supplier warehouse
[2021-05-08T14:32:02.531] [INFO] Paperbird - [/allDispatchOrder, {"post":true}][2:31:59 PM], All dispatches
[2021-05-08T14:32:02.535] [INFO] Paperbird - [/getSuppliersOrders/:type, {"post":true}][2:31:59 PM], Purchase order of suppliers
[2021-05-08T14:32:02.564] [INFO] Paperbird - [/getAll, {"get":true}][2:31:59 PM], All supplier warehouse
[2021-05-08T14:32:02.952] [INFO] Paperbird - [/allDispatchOrder, {"post":true}][2:31:59 PM], All dispatches
[2021-05-08T14:32:12.690] [INFO] Paperbird - [/allDispatchOrder, {"post":true}][2:31:59 PM], All dispatches
[2021-05-08T14:32:20.701] [INFO] Paperbird - [/allDispatchOrder, {"post":true}][2:31:59 PM], All dispatches
[2021-05-08T14:32:25.316] [INFO] Paperbird - [/allDispatchOrder, {"post":true}][2:31:59 PM], All dispatches
[2021-05-08T14:32:32.005] [INFO] Paperbird - [/allDispatchOrder, {"post":true}][2:31:59 PM], All dispatches
[2021-05-08T14:34:25.301] [INFO] Paperbird - [/getSingleDispatchOrder/:id/:dispatchID, {"get":true}][2:31:59 PM], all order
[2021-05-08T14:34:36.475] [INFO] Paperbird - [/allDispatchOrder, {"post":true}][2:31:59 PM], All dispatches
[2021-05-08T14:34:44.328] [INFO] Paperbird - [/getSingleDispatchOrder/:id/:dispatchID, {"get":true}][2:31:59 PM], all order
[2021-05-08T14:35:37.113] [INFO] Paperbird - [/allDispatchOrder, {"post":true}][2:31:59 PM], All dispatches
[2021-05-08T14:35:41.169] [INFO] Paperbird - [/getSingleDispatchOrder/:id/:dispatchID, {"get":true}][2:31:59 PM], all order
[2021-05-08T14:35:43.076] [INFO] Paperbird - [/allDispatchOrder, {"post":true}][2:31:59 PM], All dispatches
[2021-05-08T14:36:33.186] [INFO] Paperbird - [/getAllProductGroup/:name, {"get":true}][2:31:59 PM], All data
[2021-05-08T14:36:33.205] [INFO] Paperbird - [/getCustomerOrders, {"post":true}][2:31:59 PM], This are all customer Orders
[2021-05-08T14:36:33.343] [INFO] Paperbird - [/getSingleCustomerOrder/:id, {"get":true}][2:31:59 PM], All Orders
[2021-05-08T14:36:33.367] [INFO] Paperbird - [/getSingleCustomerOrder/:id, {"get":true}][2:31:59 PM], All Orders
[2021-05-08T14:40:24.842] [INFO] Paperbird - [/getCustomerOrders, {"post":true}][2:31:59 PM], This are all customer Orders
[2021-05-08T14:40:24.900] [INFO] Paperbird - [/getSingleCustomerOrder/:id, {"get":true}][2:31:59 PM], All Orders
[2021-05-08T14:41:24.612] [INFO] Paperbird - [/getAllProductGroup/:name, {"get":true}][2:31:59 PM], All data
[2021-05-08T14:41:24.646] [INFO] Paperbird - [/getCustomerOrders, {"post":true}][2:31:59 PM], This are all customer Orders
[2021-05-08T14:41:24.715] [INFO] Paperbird - [/getSingleCustomerOrder/:id, {"get":true}][2:31:59 PM], All Orders
[2021-05-08T14:41:24.727] [INFO] Paperbird - [/getSingleCustomerOrder/:id, {"get":true}][2:31:59 PM], All Orders
[2021-05-08T14:41:25.929] [INFO] Paperbird - [/getCustomerOrders, {"post":true}][2:31:59 PM], This are all customer Orders
[2021-05-08T14:41:25.969] [INFO] Paperbird - [/getSingleCustomerOrder/:id, {"get":true}][2:31:59 PM], All Orders
[2021-05-08T14:41:27.305] [INFO] Paperbird - [/getCustomerOrders, {"post":true}][2:31:59 PM], This are all customer Orders
[2021-05-08T14:41:27.345] [INFO] Paperbird - [/getSingleCustomerOrder/:id, {"get":true}][2:31:59 PM], All Orders
[2021-05-08T14:41:29.712] [INFO] Paperbird - [/getAllProductGroup/:name, {"get":true}][2:31:59 PM], All data
[2021-05-08T14:41:29.732] [INFO] Paperbird - [/getCustomerOrders, {"post":true}][2:31:59 PM], This are all customer Orders
[2021-05-08T14:41:29.792] [INFO] Paperbird - [/getSingleCustomerOrder/:id, {"get":true}][2:31:59 PM], All Orders
[2021-05-08T14:41:29.795] [INFO] Paperbird - [/getSingleCustomerOrder/:id, {"get":true}][2:31:59 PM], All Orders
[2021-05-08T14:41:35.912] [INFO] Paperbird - [/getCustomerOrders, {"post":true}][2:31:59 PM], This are all customer Orders
[2021-05-08T14:41:35.966] [INFO] Paperbird - [/getSingleCustomerOrder/:id, {"get":true}][2:31:59 PM], All Orders
[2021-05-08T14:41:49.123] [INFO] Paperbird - [/getCustomerOrders, {"post":true}][2:31:59 PM], This are all customer Orders
[2021-05-08T14:41:49.176] [INFO] Paperbird - [/getSingleCustomerOrder/:id, {"get":true}][2:31:59 PM], All Orders
[2021-05-08T14:41:53.453] [INFO] Paperbird - [/getCustomerOrders, {"post":true}][2:31:59 PM], This are all customer Orders
[2021-05-08T14:41:53.502] [INFO] Paperbird - [/getSingleCustomerOrder/:id, {"get":true}][2:31:59 PM], All Orders
[2021-05-08T14:42:02.653] [INFO] Paperbird - [/getCustomerOrders, {"post":true}][2:31:59 PM], This are all customer Orders
[2021-05-08T14:42:02.716] [INFO] Paperbird - [/getSingleCustomerOrder/:id, {"get":true}][2:31:59 PM], All Orders
[2021-05-08T14:42:05.909] [INFO] Paperbird - [/getCustomerOrders, {"post":true}][2:31:59 PM], This are all customer Orders
[2021-05-08T14:42:05.943] [INFO] Paperbird - [/getSingleCustomerOrder/:id, {"get":true}][2:31:59 PM], All Orders
[2021-05-08T14:42:12.664] [INFO] Paperbird - [/getCustomerOrders, {"post":true}][2:31:59 PM], This are all customer Orders
[2021-05-08T14:42:12.703] [INFO] Paperbird - [/getSingleCustomerOrder/:id, {"get":true}][2:31:59 PM], All Orders
[2021-05-08T14:42:21.455] [INFO] Paperbird - [/getCustomerOrders, {"post":true}][2:31:59 PM], This are all customer Orders
[2021-05-08T14:42:21.497] [INFO] Paperbird - [/getSingleCustomerOrder/:id, {"get":true}][2:31:59 PM], All Orders
[2021-05-08T14:42:22.845] [INFO] Paperbird - [/getCustomerOrders, {"post":true}][2:31:59 PM], This are all customer Orders
[2021-05-08T14:42:22.887] [INFO] Paperbird - [/getSingleCustomerOrder/:id, {"get":true}][2:31:59 PM], All Orders
[2021-05-08T14:42:26.840] [INFO] Paperbird - [/getCustomerOrders, {"post":true}][2:31:59 PM], This are all customer Orders
[2021-05-08T14:42:26.873] [INFO] Paperbird - [/getSingleCustomerOrder/:id, {"get":true}][2:31:59 PM], All Orders
[2021-05-08T14:42:36.935] [INFO] Paperbird - [/getCustomerOrders, {"post":true}][2:31:59 PM], This are all customer Orders
[2021-05-08T14:42:36.984] [INFO] Paperbird - [/getSingleCustomerOrder/:id, {"get":true}][2:31:59 PM], All Orders
[2021-05-08T14:42:50.237] [INFO] Paperbird - [/getCustomerOrders, {"post":true}][2:31:59 PM], This are all customer Orders
[2021-05-08T14:42:50.288] [INFO] Paperbird - [/getSingleCustomerOrder/:id, {"get":true}][2:31:59 PM], All Orders
[2021-05-08T14:42:52.749] [INFO] Paperbird - [/getCustomerOrders, {"post":true}][2:31:59 PM], This are all customer Orders
[2021-05-08T14:42:52.790] [INFO] Paperbird - [/getSingleCustomerOrder/:id, {"get":true}][2:31:59 PM], All Orders
[2021-05-08T14:42:55.473] [INFO] Paperbird - [/getCustomerOrders, {"post":true}][2:31:59 PM], This are all customer Orders
[2021-05-08T14:42:55.517] [INFO] Paperbird - [/getSingleCustomerOrder/:id, {"get":true}][2:31:59 PM], All Orders
[2021-05-08T14:42:58.229] [INFO] Paperbird - [/getCustomerOrders, {"post":true}][2:31:59 PM], This are all customer Orders
[2021-05-08T14:42:58.276] [INFO] Paperbird - [/getSingleCustomerOrder/:id, {"get":true}][2:31:59 PM], All Orders
[2021-05-08T14:50:44.129] [INFO] Paperbird - [/getCustomerOrders, {"post":true}][2:31:59 PM], This are all customer Orders
[2021-05-08T14:50:44.193] [INFO] Paperbird - [/getSingleCustomerOrder/:id, {"get":true}][2:31:59 PM], All Orders
[2021-05-08T14:50:50.608] [INFO] Paperbird - [/getCustomerOrders, {"post":true}][2:31:59 PM], This are all customer Orders
[2021-05-08T14:50:50.653] [INFO] Paperbird - [/getSingleCustomerOrder/:id, {"get":true}][2:31:59 PM], All Orders
[2021-05-08T14:50:56.716] [INFO] Paperbird - [/getCustomerOrders, {"post":true}][2:31:59 PM], This are all customer Orders
[2021-05-08T14:50:56.753] [INFO] Paperbird - [/getSingleCustomerOrder/:id, {"get":true}][2:31:59 PM], All Orders
[2021-05-08T14:52:02.374] [INFO] Paperbird - [/getAllProductGroup/:name, {"get":true}][2:31:59 PM], All data
[2021-05-08T14:52:02.390] [INFO] Paperbird - [/getCustomerOrders, {"post":true}][2:31:59 PM], This are all customer Orders
[2021-05-08T14:52:02.437] [INFO] Paperbird - [/getSingleCustomerOrder/:id, {"get":true}][2:31:59 PM], All Orders
[2021-05-08T14:52:02.444] [INFO] Paperbird - [/getSingleCustomerOrder/:id, {"get":true}][2:31:59 PM], All Orders
[2021-05-08T14:52:05.124] [INFO] Paperbird - [/getAllProductGroup/:name, {"get":true}][2:31:59 PM], All data
[2021-05-08T14:52:05.143] [INFO] Paperbird - [/getCustomerOrders, {"post":true}][2:31:59 PM], This are all customer Orders
[2021-05-08T14:52:05.180] [INFO] Paperbird - [/getSingleCustomerOrder/:id, {"get":true}][2:31:59 PM], All Orders
[2021-05-08T14:52:05.187] [INFO] Paperbird - [/getSingleCustomerOrder/:id, {"get":true}][2:31:59 PM], All Orders
[2021-05-08T14:52:17.682] [INFO] Paperbird - [/getCustomerOrders, {"post":true}][2:31:59 PM], This are all customer Orders
[2021-05-08T14:52:17.717] [INFO] Paperbird - [/getSingleCustomerOrder/:id, {"get":true}][2:31:59 PM], All Orders
[2021-05-08T14:52:20.408] [INFO] Paperbird - [/getCustomerOrders, {"post":true}][2:31:59 PM], This are all customer Orders
[2021-05-08T14:52:20.443] [INFO] Paperbird - [/getSingleCustomerOrder/:id, {"get":true}][2:31:59 PM], All Orders
[2021-05-08T14:52:25.085] [INFO] Paperbird - [/getCustomerOrders, {"post":true}][2:31:59 PM], This are all customer Orders
[2021-05-08T14:52:25.125] [INFO] Paperbird - [/getSingleCustomerOrder/:id, {"get":true}][2:31:59 PM], All Orders
[2021-05-08T14:52:28.799] [INFO] Paperbird - [/getCustomerOrders, {"post":true}][2:31:59 PM], This are all customer Orders
[2021-05-08T14:52:28.835] [INFO] Paperbird - [/getSingleCustomerOrder/:id, {"get":true}][2:31:59 PM], All Orders
[2021-05-08T14:52:42.181] [INFO] Paperbird - [/getCustomerOrders, {"post":true}][2:31:59 PM], This are all customer Orders
[2021-05-08T14:52:42.236] [INFO] Paperbird - [/getSingleCustomerOrder/:id, {"get":true}][2:31:59 PM], All Orders
[2021-05-08T14:52:47.402] [INFO] Paperbird - [/getCustomerOrders, {"post":true}][2:31:59 PM], This are all customer Orders
[2021-05-08T14:52:47.443] [INFO] Paperbird - [/getSingleCustomerOrder/:id, {"get":true}][2:31:59 PM], All Orders
[2021-05-08T14:52:51.786] [INFO] Paperbird - [/getCustomerOrders, {"post":true}][2:31:59 PM], This are all customer Orders
[2021-05-08T14:52:51.824] [INFO] Paperbird - [/getSingleCustomerOrder/:id, {"get":true}][2:31:59 PM], All Orders
[2021-05-08T14:52:58.532] [INFO] Paperbird - [/getCustomerOrders, {"post":true}][2:31:59 PM], This are all customer Orders
[2021-05-08T14:52:58.567] [INFO] Paperbird - [/getSingleCustomerOrder/:id, {"get":true}][2:31:59 PM], All Orders
[2021-05-08T14:53:01.414] [INFO] Paperbird - [/getCustomerOrders, {"post":true}][2:31:59 PM], This are all customer Orders
[2021-05-08T14:53:01.449] [INFO] Paperbird - [/getSingleCustomerOrder/:id, {"get":true}][2:31:59 PM], All Orders
[2021-05-08T14:53:06.250] [INFO] Paperbird - [/getCustomerOrders, {"post":true}][2:31:59 PM], This are all customer Orders
[2021-05-08T14:53:06.286] [INFO] Paperbird - [/getSingleCustomerOrder/:id, {"get":true}][2:31:59 PM], All Orders
[2021-05-08T14:53:09.781] [INFO] Paperbird - [/getCustomerOrders, {"post":true}][2:31:59 PM], This are all customer Orders
[2021-05-08T14:53:09.817] [INFO] Paperbird - [/getSingleCustomerOrder/:id, {"get":true}][2:31:59 PM], All Orders
[2021-05-08T14:53:36.410] [INFO] Paperbird - [/getCustomerOrders, {"post":true}][2:31:59 PM], This are all customer Orders
[2021-05-08T14:53:36.448] [INFO] Paperbird - [/getSingleCustomerOrder/:id, {"get":true}][2:31:59 PM], All Orders
[2021-05-08T14:53:52.603] [INFO] Paperbird - [/getCustomerOrders, {"post":true}][2:31:59 PM], This are all customer Orders
[2021-05-08T14:53:52.661] [INFO] Paperbird - [/getSingleCustomerOrder/:id, {"get":true}][2:31:59 PM], All Orders
[2021-05-08T14:53:59.219] [INFO] Paperbird - [/getCustomerOrders, {"post":true}][2:31:59 PM], This are all customer Orders
[2021-05-08T14:53:59.261] [INFO] Paperbird - [/getSingleCustomerOrder/:id, {"get":true}][2:31:59 PM], All Orders
[2021-05-08T14:54:06.435] [INFO] Paperbird - [/getCustomerOrders, {"post":true}][2:31:59 PM], This are all customer Orders
[2021-05-08T14:54:06.478] [INFO] Paperbird - [/getSingleCustomerOrder/:id, {"get":true}][2:31:59 PM], All Orders
[2021-05-08T14:54:13.093] [INFO] Paperbird - [/getCustomerOrders, {"post":true}][2:31:59 PM], This are all customer Orders
[2021-05-08T14:54:13.128] [INFO] Paperbird - [/getSingleCustomerOrder/:id, {"get":true}][2:31:59 PM], All Orders
[2021-05-08T14:54:30.139] [INFO] Paperbird - [/getCustomerOrders, {"post":true}][2:31:59 PM], This are all customer Orders
[2021-05-08T14:54:30.178] [INFO] Paperbird - [/getSingleCustomerOrder/:id, {"get":true}][2:31:59 PM], All Orders
[2021-05-08T14:54:34.073] [INFO] Paperbird - [/getCustomerOrders, {"post":true}][2:31:59 PM], This are all customer Orders
[2021-05-08T14:54:34.109] [INFO] Paperbird - [/getSingleCustomerOrder/:id, {"get":true}][2:31:59 PM], All Orders
[2021-05-08T14:54:37.436] [INFO] Paperbird - [/getCustomerOrders, {"post":true}][2:31:59 PM], This are all customer Orders
[2021-05-08T14:54:37.478] [INFO] Paperbird - [/getSingleCustomerOrder/:id, {"get":true}][2:31:59 PM], All Orders
[2021-05-08T14:54:43.673] [INFO] Paperbird - [/getCustomerOrders, {"post":true}][2:31:59 PM], This are all customer Orders
[2021-05-08T14:54:43.730] [INFO] Paperbird - [/getSingleCustomerOrder/:id, {"get":true}][2:31:59 PM], All Orders
[2021-05-08T14:56:17.749] [INFO] Paperbird - [/getAllProductGroup/:name, {"get":true}][2:31:59 PM], All data
[2021-05-08T14:56:17.768] [INFO] Paperbird - [/getCustomerOrders, {"post":true}][2:31:59 PM], This are all customer Orders
[2021-05-08T14:56:17.855] [INFO] Paperbird - [/getSingleCustomerOrder/:id, {"get":true}][2:31:59 PM], All Orders
[2021-05-08T14:56:17.857] [INFO] Paperbird - [/getSingleCustomerOrder/:id, {"get":true}][2:31:59 PM], All Orders
[2021-05-08T14:57:13.515] [INFO] Paperbird - [/getAllProductGroup/:name, {"get":true}][2:31:59 PM], All data
[2021-05-08T14:57:13.544] [INFO] Paperbird - [/getCustomerOrders, {"post":true}][2:31:59 PM], This are all customer Orders
[2021-05-08T14:57:13.626] [INFO] Paperbird - [/getSingleCustomerOrder/:id, {"get":true}][2:31:59 PM], All Orders
[2021-05-08T14:57:13.628] [INFO] Paperbird - [/getSingleCustomerOrder/:id, {"get":true}][2:31:59 PM], All Orders
[2021-05-08T14:57:33.521] [INFO] Paperbird - [/getAllProductGroup/:name, {"get":true}][2:31:59 PM], All data
[2021-05-08T14:57:33.545] [INFO] Paperbird - [/getCustomerOrders, {"post":true}][2:31:59 PM], This are all customer Orders
[2021-05-08T14:57:33.631] [INFO] Paperbird - [/getSingleCustomerOrder/:id, {"get":true}][2:31:59 PM], All Orders
[2021-05-08T14:57:33.632] [INFO] Paperbird - [/getSingleCustomerOrder/:id, {"get":true}][2:31:59 PM], All Orders
[2021-05-08T14:58:12.422] [INFO] Paperbird - [/getAllProductGroup/:name, {"get":true}][2:31:59 PM], All data
[2021-05-08T14:58:12.448] [INFO] Paperbird - [/getCustomerOrders, {"post":true}][2:31:59 PM], This are all customer Orders
[2021-05-08T14:58:13.836] [INFO] Paperbird - [/getSingleCustomerOrder/:id, {"get":true}][2:31:59 PM], All Orders
[2021-05-08T14:58:13.857] [INFO] Paperbird - [/getSingleCustomerOrder/:id, {"get":true}][2:31:59 PM], All Orders
[2021-05-08T14:58:40.621] [INFO] Paperbird - [/getAllProductGroup/:name, {"get":true}][2:31:59 PM], All data
[2021-05-08T14:58:40.638] [INFO] Paperbird - [/getCustomerOrders, {"post":true}][2:31:59 PM], This are all customer Orders
[2021-05-08T14:58:40.715] [INFO] Paperbird - [/getSingleCustomerOrder/:id, {"get":true}][2:31:59 PM], All Orders
[2021-05-08T14:58:40.726] [INFO] Paperbird - [/getSingleCustomerOrder/:id, {"get":true}][2:31:59 PM], All Orders
[2021-05-08T15:00:25.135] [INFO] Paperbird - [/getAllProductGroup/:name, {"get":true}][2:31:59 PM], All data
[2021-05-08T15:00:25.159] [INFO] Paperbird - [/getCustomerOrders, {"post":true}][2:31:59 PM], This are all customer Orders
[2021-05-08T15:00:26.851] [INFO] Paperbird - [/getAllProductGroup/:name, {"get":true}][2:31:59 PM], All data
[2021-05-08T15:00:26.883] [INFO] Paperbird - [/getCustomerOrders, {"post":true}][2:31:59 PM], This are all customer Orders
[2021-05-08T15:00:26.976] [INFO] Paperbird - [/getSingleCustomerOrder/:id, {"get":true}][2:31:59 PM], All Orders
[2021-05-08T15:00:26.989] [INFO] Paperbird - [/getSingleCustomerOrder/:id, {"get":true}][2:31:59 PM], All Orders
[2021-05-08T15:17:04.019] [INFO] Paperbird - [/getOrderDetail/:id/:type, {"get":true}][2:31:59 PM], Order Detail
[2021-05-08T15:17:44.694] [INFO] Paperbird - [/newDispatch, {"post":true}][2:31:59 PM], Updated
[2021-05-08T15:17:47.142] [INFO] Paperbird - [/allDispatchOrder, {"post":true}][2:31:59 PM], All dispatches
[2021-05-08T15:17:47.160] [INFO] Paperbird - [/getSuppliersOrders/:type, {"post":true}][2:31:59 PM], Purchase order of suppliers
[2021-05-08T15:17:47.277] [INFO] Paperbird - [/getAll, {"get":true}][2:31:59 PM], All supplier warehouse
[2021-05-08T15:17:47.624] [INFO] Paperbird - [/allDispatchOrder, {"post":true}][2:31:59 PM], All dispatches
[2021-05-08T15:17:48.233] [INFO] Paperbird - [/getSingleDispatchOrder/:id/:dispatchID, {"get":true}][2:31:59 PM], all order
[2021-05-08T15:17:50.839] [INFO] Paperbird - [/confirmDispatch/:id, {"post":true}][2:31:59 PM], Updated
[2021-05-08T15:17:50.896] [INFO] Paperbird - [/allDispatchOrder, {"post":true}][2:31:59 PM], All dispatches
[2021-05-08T15:17:51.396] [INFO] Paperbird - [/allDispatchOrder, {"post":true}][2:31:59 PM], All dispatches
[2021-05-08T15:17:55.493] [INFO] Paperbird - [/getAllProductGroup/:name, {"get":true}][2:31:59 PM], All data
[2021-05-08T15:17:55.523] [INFO] Paperbird - [/getCustomerOrders, {"post":true}][2:31:59 PM], This are all customer Orders
[2021-05-08T15:17:55.619] [INFO] Paperbird - [/getSingleCustomerOrder/:id, {"get":true}][2:31:59 PM], All Orders
[2021-05-08T15:17:55.636] [INFO] Paperbird - [/getSingleCustomerOrder/:id, {"get":true}][2:31:59 PM], All Orders
[2021-05-08T17:29:21.892] [INFO] Paperbird - [/getAllProductGroup/:name, {"get":true}][3:19:58 PM], All data
[2021-05-08T17:29:21.959] [INFO] Paperbird - [/getCustomerOrders, {"post":true}][3:19:58 PM], This are all customer Orders
[2021-05-08T17:29:22.061] [INFO] Paperbird - [/getSingleCustomerOrder/:id, {"get":true}][3:19:58 PM], All Orders
[2021-05-08T17:29:22.063] [INFO] Paperbird - [/getSingleCustomerOrder/:id, {"get":true}][3:19:58 PM], All Orders
[2021-05-08T17:29:24.881] [INFO] Paperbird - [/getAllProductGroup/:name, {"get":true}][3:19:58 PM], All data
[2021-05-08T17:29:24.904] [INFO] Paperbird - [/getCustomerOrders, {"post":true}][3:19:58 PM], This are all customer Orders
[2021-05-08T17:29:24.973] [INFO] Paperbird - [/getSingleCustomerOrder/:id, {"get":true}][3:19:58 PM], All Orders
[2021-05-08T17:29:24.976] [INFO] Paperbird - [/getSingleCustomerOrder/:id, {"get":true}][3:19:58 PM], All Orders
[2021-05-08T17:29:28.666] [INFO] Paperbird - [/getAllProductGroup/:name, {"get":true}][3:19:58 PM], All data
[2021-05-08T17:29:28.708] [INFO] Paperbird - [/getCustomerOrders, {"post":true}][3:19:58 PM], This are all customer Orders
[2021-05-08T17:29:28.797] [INFO] Paperbird - [/getSingleCustomerOrder/:id, {"get":true}][3:19:58 PM], All Orders
[2021-05-08T17:29:28.816] [INFO] Paperbird - [/getSingleCustomerOrder/:id, {"get":true}][3:19:58 PM], All Orders
[2021-05-08T17:29:31.651] [INFO] Paperbird - [/getAllProductGroup/:name, {"get":true}][3:19:58 PM], All data
[2021-05-08T17:29:31.677] [INFO] Paperbird - [/getCustomerOrders, {"post":true}][3:19:58 PM], This are all customer Orders
[2021-05-08T17:29:31.718] [INFO] Paperbird - [/getSingleCustomerOrder/:id, {"get":true}][3:19:58 PM], All Orders
[2021-05-08T17:29:31.733] [INFO] Paperbird - [/getSingleCustomerOrder/:id, {"get":true}][3:19:58 PM], All Orders
[2021-05-08T17:29:38.793] [INFO] Paperbird - [/getAllProductGroup/:name, {"get":true}][3:19:58 PM], All data
[2021-05-08T17:29:38.820] [INFO] Paperbird - [/getCustomerOrders, {"post":true}][3:19:58 PM], This are all customer Orders
[2021-05-08T17:29:38.885] [INFO] Paperbird - [/getSingleCustomerOrder/:id, {"get":true}][3:19:58 PM], All Orders
[2021-05-08T17:29:38.893] [INFO] Paperbird - [/getSingleCustomerOrder/:id, {"get":true}][3:19:58 PM], All Orders
[2021-05-08T17:29:43.669] [INFO] Paperbird - [/getAllProductGroup/:name, {"get":true}][3:19:58 PM], All data
[2021-05-08T17:29:43.693] [INFO] Paperbird - [/getCustomerOrders, {"post":true}][3:19:58 PM], This are all customer Orders
[2021-05-08T17:29:43.730] [INFO] Paperbird - [/getSingleCustomerOrder/:id, {"get":true}][3:19:58 PM], All Orders
[2021-05-08T17:29:43.742] [INFO] Paperbird - [/getSingleCustomerOrder/:id, {"get":true}][3:19:58 PM], All Orders
[2021-05-08T17:29:47.646] [INFO] Paperbird - [/getAllProductGroup/:name, {"get":true}][3:19:58 PM], All data
[2021-05-08T17:29:47.679] [INFO] Paperbird - [/getCustomerOrders, {"post":true}][3:19:58 PM], This are all customer Orders
[2021-05-08T17:29:47.774] [INFO] Paperbird - [/getSingleCustomerOrder/:id, {"get":true}][3:19:58 PM], All Orders
[2021-05-08T17:29:47.794] [INFO] Paperbird - [/getSingleCustomerOrder/:id, {"get":true}][3:19:58 PM], All Orders
[2021-05-08T17:32:35.084] [INFO] Paperbird - [/getAllProductGroup/:name, {"get":true}][3:19:58 PM], All data
[2021-05-08T17:32:35.109] [INFO] Paperbird - [/getCustomerOrders, {"post":true}][3:19:58 PM], This are all customer Orders
[2021-05-08T17:32:35.209] [INFO] Paperbird - [/getSingleCustomerOrder/:id, {"get":true}][3:19:58 PM], All Orders
[2021-05-08T17:32:35.222] [INFO] Paperbird - [/getSingleCustomerOrder/:id, {"get":true}][3:19:58 PM], All Orders
[2021-05-08T17:33:40.355] [INFO] Paperbird - [/getAllProductGroup/:name, {"get":true}][3:19:58 PM], All data
[2021-05-08T17:33:40.376] [INFO] Paperbird - [/getCustomerOrders, {"post":true}][3:19:58 PM], This are all customer Orders
[2021-05-08T17:33:40.472] [INFO] Paperbird - [/getSingleCustomerOrder/:id, {"get":true}][3:19:58 PM], All Orders
[2021-05-08T17:33:40.474] [INFO] Paperbird - [/getSingleCustomerOrder/:id, {"get":true}][3:19:58 PM], All Orders
[2021-05-08T17:34:21.111] [INFO] Paperbird - [/getAllProductGroup/:name, {"get":true}][3:19:58 PM], All data
[2021-05-08T17:34:21.140] [INFO] Paperbird - [/getCustomerOrders, {"post":true}][3:19:58 PM], This are all customer Orders
[2021-05-08T17:34:21.220] [INFO] Paperbird - [/getSingleCustomerOrder/:id, {"get":true}][3:19:58 PM], All Orders
[2021-05-08T17:34:21.225] [INFO] Paperbird - [/getSingleCustomerOrder/:id, {"get":true}][3:19:58 PM], All Orders
[2021-05-08T17:34:28.722] [INFO] Paperbird - [/getAllProductGroup/:name, {"get":true}][3:19:58 PM], All data
[2021-05-08T17:34:28.753] [INFO] Paperbird - [/getCustomerOrders, {"post":true}][3:19:58 PM], This are all customer Orders
[2021-05-08T17:34:28.882] [INFO] Paperbird - [/getSingleCustomerOrder/:id, {"get":true}][3:19:58 PM], All Orders
[2021-05-08T17:34:28.885] [INFO] Paperbird - [/getSingleCustomerOrder/:id, {"get":true}][3:19:58 PM], All Orders
[2021-05-08T17:34:40.367] [INFO] Paperbird - [/getAllProductGroup/:name, {"get":true}][3:19:58 PM], All data
[2021-05-08T17:34:40.395] [INFO] Paperbird - [/getCustomerOrders, {"post":true}][3:19:58 PM], This are all customer Orders
[2021-05-08T17:34:40.467] [INFO] Paperbird - [/getSingleCustomerOrder/:id, {"get":true}][3:19:58 PM], All Orders
[2021-05-08T17:34:40.480] [INFO] Paperbird - [/getSingleCustomerOrder/:id, {"get":true}][3:19:58 PM], All Orders
[2021-05-08T17:34:44.112] [INFO] Paperbird - [/getAllProductGroup/:name, {"get":true}][3:19:58 PM], All data
[2021-05-08T17:34:44.140] [INFO] Paperbird - [/getCustomerOrders, {"post":true}][3:19:58 PM], This are all customer Orders
[2021-05-08T17:34:44.205] [INFO] Paperbird - [/getSingleCustomerOrder/:id, {"get":true}][3:19:58 PM], All Orders
[2021-05-08T17:34:44.207] [INFO] Paperbird - [/getSingleCustomerOrder/:id, {"get":true}][3:19:58 PM], All Orders
[2021-05-08T17:34:53.738] [INFO] Paperbird - [/getAllProductGroup/:name, {"get":true}][3:19:58 PM], All data
[2021-05-08T17:34:53.759] [INFO] Paperbird - [/getCustomerOrders, {"post":true}][3:19:58 PM], This are all customer Orders
[2021-05-08T17:34:53.843] [INFO] Paperbird - [/getSingleCustomerOrder/:id, {"get":true}][3:19:58 PM], All Orders
[2021-05-08T17:34:53.846] [INFO] Paperbird - [/getSingleCustomerOrder/:id, {"get":true}][3:19:58 PM], All Orders
[2021-05-08T17:35:04.913] [INFO] Paperbird - [/getAllProductGroup/:name, {"get":true}][3:19:58 PM], All data
[2021-05-08T17:35:04.940] [INFO] Paperbird - [/getCustomerOrders, {"post":true}][3:19:58 PM], This are all customer Orders
[2021-05-08T17:35:05.009] [INFO] Paperbird - [/getSingleCustomerOrder/:id, {"get":true}][3:19:58 PM], All Orders
[2021-05-08T17:35:05.030] [INFO] Paperbird - [/getSingleCustomerOrder/:id, {"get":true}][3:19:58 PM], All Orders
[2021-05-08T17:35:08.597] [INFO] Paperbird - [/getAllProductGroup/:name, {"get":true}][3:19:58 PM], All data
[2021-05-08T17:35:08.637] [INFO] Paperbird - [/getCustomerOrders, {"post":true}][3:19:58 PM], This are all customer Orders
[2021-05-08T17:35:08.761] [INFO] Paperbird - [/getSingleCustomerOrder/:id, {"get":true}][3:19:58 PM], All Orders
[2021-05-08T17:35:08.763] [INFO] Paperbird - [/getSingleCustomerOrder/:id, {"get":true}][3:19:58 PM], All Orders
[2021-05-08T17:35:11.975] [INFO] Paperbird - [/getAllProductGroup/:name, {"get":true}][3:19:58 PM], All data
[2021-05-08T17:35:11.997] [INFO] Paperbird - [/getCustomerOrders, {"post":true}][3:19:58 PM], This are all customer Orders
[2021-05-08T17:35:12.085] [INFO] Paperbird - [/getSingleCustomerOrder/:id, {"get":true}][3:19:58 PM], All Orders
[2021-05-08T17:35:12.104] [INFO] Paperbird - [/getSingleCustomerOrder/:id, {"get":true}][3:19:58 PM], All Orders
[2021-05-08T17:35:17.751] [INFO] Paperbird - [/getAllProductGroup/:name, {"get":true}][3:19:58 PM], All data
[2021-05-08T17:35:17.770] [INFO] Paperbird - [/getCustomerOrders, {"post":true}][3:19:58 PM], This are all customer Orders
[2021-05-08T17:35:17.856] [INFO] Paperbird - [/getSingleCustomerOrder/:id, {"get":true}][3:19:58 PM], All Orders
[2021-05-08T17:35:17.857] [INFO] Paperbird - [/getSingleCustomerOrder/:id, {"get":true}][3:19:58 PM], All Orders
[2021-05-08T17:37:41.793] [INFO] Paperbird - [/getAllProductGroup/:name, {"get":true}][3:19:58 PM], All data
[2021-05-08T17:37:41.812] [INFO] Paperbird - [/getCustomerOrders, {"post":true}][3:19:58 PM], This are all customer Orders
[2021-05-08T17:37:41.888] [INFO] Paperbird - [/getSingleCustomerOrder/:id, {"get":true}][3:19:58 PM], All Orders
[2021-05-08T17:37:41.897] [INFO] Paperbird - [/getSingleCustomerOrder/:id, {"get":true}][3:19:58 PM], All Orders
[2021-05-08T17:37:50.296] [INFO] Paperbird - [/getAllProductGroup/:name, {"get":true}][3:19:58 PM], All data
[2021-05-08T17:37:50.312] [INFO] Paperbird - [/getCustomerOrders, {"post":true}][3:19:58 PM], This are all customer Orders
[2021-05-08T17:37:50.416] [INFO] Paperbird - [/getSingleCustomerOrder/:id, {"get":true}][3:19:58 PM], All Orders
[2021-05-08T17:37:50.419] [INFO] Paperbird - [/getSingleCustomerOrder/:id, {"get":true}][3:19:58 PM], All Orders
[2021-05-08T17:47:01.383] [INFO] Paperbird - [/getAllProductGroup/:name, {"get":true}][3:19:58 PM], All data
[2021-05-08T17:47:01.408] [INFO] Paperbird - [/getCustomerOrders, {"post":true}][3:19:58 PM], This are all customer Orders
[2021-05-08T17:47:01.513] [INFO] Paperbird - [/getSingleCustomerOrder/:id, {"get":true}][3:19:58 PM], All Orders
[2021-05-08T17:47:01.521] [INFO] Paperbird - [/getSingleCustomerOrder/:id, {"get":true}][3:19:58 PM], All Orders
[2021-05-08T18:15:20.698] [INFO] Paperbird - [/getSingleDispatchOrder/:id/:dispatchID, {"get":true}][3:19:58 PM], all order
[2021-05-08T18:15:22.112] [INFO] Paperbird - [/allDispatchOrder, {"post":true}][3:19:58 PM], All dispatches
[2021-05-08T18:15:30.230] [INFO] Paperbird - [/allDispatchOrder, {"post":true}][3:19:58 PM], All dispatches
[2021-05-08T18:15:38.583] [INFO] Paperbird - [/allDispatchOrder, {"post":true}][3:19:58 PM], All dispatches
[2021-05-08T18:15:42.759] [INFO] Paperbird - [/allDispatchOrder, {"post":true}][3:19:58 PM], All dispatches
[2021-05-08T18:16:26.191] [INFO] Paperbird - [/allDispatchOrder, {"post":true}][6:16:20 PM], All dispatches
[2021-05-08T18:16:28.565] [INFO] Paperbird - [/allDispatchOrder, {"post":true}][6:16:20 PM], All dispatches
[2021-05-08T18:16:35.349] [INFO] Paperbird - [/allDispatchOrder, {"post":true}][6:16:20 PM], All dispatches
[2021-05-08T18:16:38.907] [INFO] Paperbird - [/allDispatchOrder, {"post":true}][6:16:20 PM], All dispatches
[2021-05-08T18:17:36.816] [INFO] Paperbird - [/getSuppliersOrders/:type, {"post":true}][6:16:20 PM], Purchase order of suppliers
[2021-05-08T18:17:37.056] [INFO] Paperbird - [/getAll, {"get":true}][6:16:20 PM], All supplier warehouse
[2021-05-08T18:17:41.321] [INFO] Paperbird - [/allDispatchOrder, {"post":true}][6:16:20 PM], All dispatches
[2021-05-08T18:17:41.344] [INFO] Paperbird - [/getSuppliersOrders/:type, {"post":true}][6:16:20 PM], Purchase order of suppliers
[2021-05-08T18:17:41.401] [INFO] Paperbird - [/getAll, {"get":true}][6:16:20 PM], All supplier warehouse
[2021-05-08T18:17:41.803] [INFO] Paperbird - [/allDispatchOrder, {"post":true}][6:16:20 PM], All dispatches
[2021-05-08T18:17:43.368] [INFO] Paperbird - [/allDispatchOrder, {"post":true}][6:16:20 PM], All dispatches
[2021-05-08T18:17:43.409] [INFO] Paperbird - [/getSuppliersOrders/:type, {"post":true}][6:16:20 PM], Purchase order of suppliers
[2021-05-08T18:17:43.508] [INFO] Paperbird - [/getAll, {"get":true}][6:16:20 PM], All supplier warehouse
[2021-05-08T18:17:43.844] [INFO] Paperbird - [/allDispatchOrder, {"post":true}][6:16:20 PM], All dispatches
[2021-05-08T18:17:48.849] [INFO] Paperbird - [/getSuppliersOrders/:type, {"post":true}][6:16:20 PM], Purchase order of suppliers
[2021-05-08T18:17:48.860] [INFO] Paperbird - [/allDispatchOrder, {"post":true}][6:16:20 PM], All dispatches
[2021-05-08T18:17:48.955] [INFO] Paperbird - [/getAll, {"get":true}][6:16:20 PM], All supplier warehouse
[2021-05-08T18:17:49.309] [INFO] Paperbird - [/allDispatchOrder, {"post":true}][6:16:20 PM], All dispatches
[2021-05-08T18:18:01.568] [INFO] Paperbird - [/allDispatchOrder, {"post":true}][6:16:20 PM], All dispatches
[2021-05-08T18:18:01.579] [INFO] Paperbird - [/getSuppliersOrders/:type, {"post":true}][6:16:20 PM], Purchase order of suppliers
[2021-05-08T18:18:01.654] [INFO] Paperbird - [/getAll, {"get":true}][6:16:20 PM], All supplier warehouse
[2021-05-08T18:18:02.057] [INFO] Paperbird - [/allDispatchOrder, {"post":true}][6:16:20 PM], All dispatches
[2021-05-08T18:18:05.827] [INFO] Paperbird - [/allDispatchOrder, {"post":true}][6:16:20 PM], All dispatches
[2021-05-08T18:18:08.440] [INFO] Paperbird - [/allDispatchOrder, {"post":true}][6:16:20 PM], All dispatches
[2021-05-08T18:29:40.863] [INFO] Paperbird - [/getSuppliersOrders/:type, {"post":true}][6:16:20 PM], Purchase order of suppliers
[2021-05-08T18:29:40.864] [INFO] Paperbird - [/allDispatchOrder, {"post":true}][6:16:20 PM], All dispatches
[2021-05-08T18:29:40.901] [INFO] Paperbird - [/getAll, {"get":true}][6:16:20 PM], All supplier warehouse
[2021-05-08T18:29:41.305] [INFO] Paperbird - [/allDispatchOrder, {"post":true}][6:16:20 PM], All dispatches
[2021-05-08T18:29:44.113] [INFO] Paperbird - [/allDispatchOrder, {"post":true}][6:16:20 PM], All dispatches
[2021-05-08T18:29:44.134] [INFO] Paperbird - [/getSuppliersOrders/:type, {"post":true}][6:16:20 PM], Purchase order of suppliers
[2021-05-08T18:29:44.175] [INFO] Paperbird - [/getAll, {"get":true}][6:16:20 PM], All supplier warehouse
[2021-05-08T18:29:44.580] [INFO] Paperbird - [/allDispatchOrder, {"post":true}][6:16:20 PM], All dispatches
[2021-05-08T18:29:48.236] [INFO] Paperbird - [/getSuppliersOrders/:type, {"post":true}][6:16:20 PM], Purchase order of suppliers
[2021-05-08T18:29:48.240] [INFO] Paperbird - [/allDispatchOrder, {"post":true}][6:16:20 PM], All dispatches
[2021-05-08T18:29:48.293] [INFO] Paperbird - [/getAll, {"get":true}][6:16:20 PM], All supplier warehouse
[2021-05-08T18:29:48.702] [INFO] Paperbird - [/allDispatchOrder, {"post":true}][6:16:20 PM], All dispatches
[2021-05-08T18:30:14.418] [INFO] Paperbird - [/allDispatchOrder, {"post":true}][6:16:20 PM], All dispatches
[2021-05-08T18:30:14.429] [INFO] Paperbird - [/getSuppliersOrders/:type, {"post":true}][6:16:20 PM], Purchase order of suppliers
[2021-05-08T18:30:14.517] [INFO] Paperbird - [/getAll, {"get":true}][6:16:20 PM], All supplier warehouse
[2021-05-08T18:30:14.921] [INFO] Paperbird - [/allDispatchOrder, {"post":true}][6:16:20 PM], All dispatches
[2021-05-08T18:30:16.379] [INFO] Paperbird - [/allDispatchOrder, {"post":true}][6:16:20 PM], All dispatches
[2021-05-08T18:30:16.400] [INFO] Paperbird - [/getSuppliersOrders/:type, {"post":true}][6:16:20 PM], Purchase order of suppliers
[2021-05-08T18:30:16.472] [INFO] Paperbird - [/getAll, {"get":true}][6:16:20 PM], All supplier warehouse
[2021-05-08T18:30:16.866] [INFO] Paperbird - [/allDispatchOrder, {"post":true}][6:16:20 PM], All dispatches
[2021-05-08T18:30:25.377] [INFO] Paperbird - [/allDispatchOrder, {"post":true}][6:16:20 PM], All dispatches
[2021-05-08T18:30:28.031] [INFO] Paperbird - [/allDispatchOrder, {"post":true}][6:16:20 PM], All dispatches
[2021-05-08T18:30:29.447] [INFO] Paperbird - [/allDispatchOrder, {"post":true}][6:16:20 PM], All dispatches
[2021-05-08T18:30:33.020] [INFO] Paperbird - [/allDispatchOrder, {"post":true}][6:16:20 PM], All dispatches
[2021-05-08T18:30:33.044] [INFO] Paperbird - [/getSuppliersOrders/:type, {"post":true}][6:16:20 PM], Purchase order of suppliers
[2021-05-08T18:30:33.115] [INFO] Paperbird - [/getAll, {"get":true}][6:16:20 PM], All supplier warehouse
[2021-05-08T18:30:33.418] [INFO] Paperbird - [/allDispatchOrder, {"post":true}][6:16:20 PM], All dispatches
[2021-05-08T18:30:48.635] [INFO] Paperbird - [/getSuppliersOrders/:type, {"post":true}][6:16:20 PM], Purchase order of suppliers
[2021-05-08T18:30:48.638] [INFO] Paperbird - [/allDispatchOrder, {"post":true}][6:16:20 PM], All dispatches
[2021-05-08T18:30:48.716] [INFO] Paperbird - [/getAll, {"get":true}][6:16:20 PM], All supplier warehouse
[2021-05-08T18:30:49.101] [INFO] Paperbird - [/allDispatchOrder, {"post":true}][6:16:20 PM], All dispatches
[2021-05-08T18:30:53.831] [INFO] Paperbird - [/getSuppliersOrders/:type, {"post":true}][6:16:20 PM], Purchase order of suppliers
[2021-05-08T18:30:53.853] [INFO] Paperbird - [/allDispatchOrder, {"post":true}][6:16:20 PM], All dispatches
[2021-05-08T18:30:53.899] [INFO] Paperbird - [/getAll, {"get":true}][6:16:20 PM], All supplier warehouse
[2021-05-08T18:30:54.295] [INFO] Paperbird - [/allDispatchOrder, {"post":true}][6:16:20 PM], All dispatches
[2021-05-08T18:30:58.749] [INFO] Paperbird - [/allDispatchOrder, {"post":true}][6:16:20 PM], All dispatches
[2021-05-08T18:30:58.771] [INFO] Paperbird - [/getSuppliersOrders/:type, {"post":true}][6:16:20 PM], Purchase order of suppliers
[2021-05-08T18:30:58.816] [INFO] Paperbird - [/getAll, {"get":true}][6:16:20 PM], All supplier warehouse
[2021-05-08T18:30:59.271] [INFO] Paperbird - [/allDispatchOrder, {"post":true}][6:16:20 PM], All dispatches
[2021-05-08T18:31:09.312] [INFO] Paperbird - [/allDispatchOrder, {"post":true}][6:16:20 PM], All dispatches
[2021-05-08T18:31:09.336] [INFO] Paperbird - [/getSuppliersOrders/:type, {"post":true}][6:16:20 PM], Purchase order of suppliers
[2021-05-08T18:31:09.397] [INFO] Paperbird - [/getAll, {"get":true}][6:16:20 PM], All supplier warehouse
[2021-05-08T18:31:09.780] [INFO] Paperbird - [/allDispatchOrder, {"post":true}][6:16:20 PM], All dispatches
[2021-05-08T18:31:22.213] [INFO] Paperbird - [/allDispatchOrder, {"post":true}][6:16:20 PM], All dispatches
[2021-05-08T18:31:22.233] [INFO] Paperbird - [/getSuppliersOrders/:type, {"post":true}][6:16:20 PM], Purchase order of suppliers
[2021-05-08T18:31:22.300] [INFO] Paperbird - [/getAll, {"get":true}][6:16:20 PM], All supplier warehouse
[2021-05-08T18:31:22.686] [INFO] Paperbird - [/allDispatchOrder, {"post":true}][6:16:20 PM], All dispatches
[2021-05-08T18:33:36.668] [INFO] Paperbird - [/getSingleDispatchOrder/:id/:dispatchID, {"get":true}][6:16:20 PM], all order
[2021-05-08T18:33:48.235] [INFO] Paperbird - [/allDispatchOrder, {"post":true}][6:16:20 PM], All dispatches
[2021-05-08T18:33:49.411] [INFO] Paperbird - [/getSingleDispatchOrder/:id/:dispatchID, {"get":true}][6:16:20 PM], all order
[2021-05-08T18:33:53.829] [INFO] Paperbird - [/allDispatchOrder, {"post":true}][6:16:20 PM], All dispatches
[2021-05-08T18:33:56.062] [INFO] Paperbird - [/getSingleDispatchOrder/:id/:dispatchID, {"get":true}][6:16:20 PM], all order
[2021-05-08T18:34:14.299] [INFO] Paperbird - [/allDispatchOrder, {"post":true}][6:16:20 PM], All dispatches
[2021-05-08T18:37:37.638] [INFO] Paperbird - [/allDispatchOrder, {"post":true}][6:16:20 PM], All dispatches
[2021-05-08T18:37:37.643] [INFO] Paperbird - [/getSuppliersOrders/:type, {"post":true}][6:16:20 PM], Purchase order of suppliers
[2021-05-08T18:37:37.738] [INFO] Paperbird - [/getAll, {"get":true}][6:16:20 PM], All supplier warehouse
[2021-05-08T18:37:38.105] [INFO] Paperbird - [/allDispatchOrder, {"post":true}][6:16:20 PM], All dispatches
[2021-05-08T18:37:51.109] [INFO] Paperbird - [/allDispatchOrder, {"post":true}][6:16:20 PM], All dispatches
[2021-05-08T18:37:51.126] [INFO] Paperbird - [/getSuppliersOrders/:type, {"post":true}][6:16:20 PM], Purchase order of suppliers
[2021-05-08T18:37:51.202] [INFO] Paperbird - [/getAll, {"get":true}][6:16:20 PM], All supplier warehouse
[2021-05-08T18:37:51.589] [INFO] Paperbird - [/allDispatchOrder, {"post":true}][6:16:20 PM], All dispatches
[2021-05-08T18:38:12.732] [INFO] Paperbird - [/allDispatchOrder, {"post":true}][6:16:20 PM], All dispatches
[2021-05-08T18:38:12.744] [INFO] Paperbird - [/getSuppliersOrders/:type, {"post":true}][6:16:20 PM], Purchase order of suppliers
[2021-05-08T18:38:12.822] [INFO] Paperbird - [/getAll, {"get":true}][6:16:20 PM], All supplier warehouse
[2021-05-08T18:38:13.203] [INFO] Paperbird - [/allDispatchOrder, {"post":true}][6:16:20 PM], All dispatches
[2021-05-08T18:39:50.504] [INFO] Paperbird - [/allDispatchOrder, {"post":true}][6:16:20 PM], All dispatches
[2021-05-08T18:39:53.060] [INFO] Paperbird - [/allDispatchOrder, {"post":true}][6:16:20 PM], All dispatches
[2021-05-08T18:39:55.373] [INFO] Paperbird - [/allDispatchOrder, {"post":true}][6:16:20 PM], All dispatches
[2021-05-08T18:39:56.978] [INFO] Paperbird - [/allDispatchOrder, {"post":true}][6:16:20 PM], All dispatches
[2021-05-08T18:40:05.949] [INFO] Paperbird - [/getOrderDetail/:id/:type, {"get":true}][6:16:20 PM], Order Detail
[2021-05-08T18:41:51.516] [INFO] Paperbird - [/allDispatchOrder, {"post":true}][6:16:20 PM], All dispatches
[2021-05-08T18:41:51.536] [INFO] Paperbird - [/getSuppliersOrders/:type, {"post":true}][6:16:20 PM], Purchase order of suppliers
[2021-05-08T18:41:51.558] [INFO] Paperbird - [/getAll, {"get":true}][6:16:20 PM], All supplier warehouse
[2021-05-08T18:41:52.011] [INFO] Paperbird - [/allDispatchOrder, {"post":true}][6:16:20 PM], All dispatches
[2021-05-08T18:42:01.461] [INFO] Paperbird - [/getOrderDetail/:id/:type, {"get":true}][6:16:20 PM], Order Detail
[2021-05-08T18:42:22.736] [INFO] Paperbird - [/allDispatchOrder, {"post":true}][6:16:20 PM], All dispatches
[2021-05-08T18:42:23.377] [INFO] Paperbird - [/getSingleDispatchOrder/:id/:dispatchID, {"get":true}][6:16:20 PM], all order
[2021-05-08T18:46:20.856] [INFO] Paperbird - [/allDispatchOrder, {"post":true}][6:16:20 PM], All dispatches
[2021-05-08T18:46:20.874] [INFO] Paperbird - [/getSuppliersOrders/:type, {"post":true}][6:16:20 PM], Purchase order of suppliers
[2021-05-08T18:46:20.900] [INFO] Paperbird - [/getAll, {"get":true}][6:16:20 PM], All supplier warehouse
[2021-05-08T18:46:21.338] [INFO] Paperbird - [/allDispatchOrder, {"post":true}][6:16:20 PM], All dispatches
[2021-05-08T18:52:00.354] [INFO] Paperbird - [/allDispatchOrder, {"post":true}][6:16:20 PM], All dispatches
[2021-05-08T18:52:15.535] [INFO] Paperbird - [/getSuppliersOrders/:type, {"post":true}][6:16:20 PM], Purchase order of suppliers
[2021-05-08T18:52:15.538] [INFO] Paperbird - [/allDispatchOrder, {"post":true}][6:16:20 PM], All dispatches
[2021-05-08T18:52:15.554] [INFO] Paperbird - [/getAll, {"get":true}][6:16:20 PM], All supplier warehouse
[2021-05-08T18:52:15.993] [INFO] Paperbird - [/allDispatchOrder, {"post":true}][6:16:20 PM], All dispatches
[2021-05-08T18:52:53.372] [INFO] Paperbird - [/getOrderDetail/:id/:type, {"get":true}][6:16:20 PM], Order Detail
[2021-05-08T18:53:54.966] [INFO] Paperbird - [/newDispatch, {"post":true}][6:16:20 PM], Updated
[2021-05-08T18:53:59.036] [INFO] Paperbird - [/allDispatchOrder, {"post":true}][6:16:20 PM], All dispatches
[2021-05-08T18:53:59.053] [INFO] Paperbird - [/getSuppliersOrders/:type, {"post":true}][6:16:20 PM], Purchase order of suppliers
[2021-05-08T18:53:59.110] [INFO] Paperbird - [/getAll, {"get":true}][6:16:20 PM], All supplier warehouse
[2021-05-08T18:53:59.534] [INFO] Paperbird - [/allDispatchOrder, {"post":true}][6:16:20 PM], All dispatches
[2021-05-08T18:54:00.701] [INFO] Paperbird - [/getSingleDispatchOrder/:id/:dispatchID, {"get":true}][6:16:20 PM], all order
[2021-05-08T18:54:15.927] [INFO] Paperbird - [/confirmDispatch/:id, {"post":true}][6:16:20 PM], Updated
[2021-05-08T18:54:15.993] [INFO] Paperbird - [/allDispatchOrder, {"post":true}][6:16:20 PM], All dispatches
[2021-05-08T18:54:16.488] [INFO] Paperbird - [/allDispatchOrder, {"post":true}][6:16:20 PM], All dispatches
[2021-05-08T18:54:21.348] [INFO] Paperbird - [/getAllProductGroup/:name, {"get":true}][6:16:20 PM], All data
[2021-05-08T18:54:26.503] [INFO] Paperbird - [/getAllProductGroup/:name, {"get":true}][6:16:20 PM], All data
[2021-05-08T18:54:32.874] [INFO] Paperbird - [/customer, {"post":true}][6:16:20 PM], Customer Login Successfull
[2021-05-08T18:54:34.952] [INFO] Paperbird - [/getAllProductGroup/:name, {"get":true}][6:16:20 PM], All data
[2021-05-08T18:54:38.702] [INFO] Paperbird - [/getAllProductGroup/:name, {"get":true}][6:16:20 PM], All data
[2021-05-08T18:54:38.736] [INFO] Paperbird - [/getCustomerOrders, {"post":true}][6:16:20 PM], This are all customer Orders
[2021-05-08T18:54:38.894] [INFO] Paperbird - [/getSingleCustomerOrder/:id, {"get":true}][6:16:20 PM], All Orders
[2021-05-08T18:54:38.894] [INFO] Paperbird - [/getSingleCustomerOrder/:id, {"get":true}][6:16:20 PM], All Orders
[2021-05-08T18:59:10.558] [INFO] Paperbird - [/getSuppliersOrders/:type, {"post":true}][6:16:20 PM], Purchase order of suppliers
[2021-05-08T18:59:10.567] [INFO] Paperbird - [/getAll, {"get":true}][6:16:20 PM], All supplier warehouse
[2021-05-08T19:30:16.499] [INFO] Paperbird - [/allDispatchOrder, {"post":true}][6:16:20 PM], All dispatches
[2021-05-08T19:30:16.504] [INFO] Paperbird - [/getSuppliersOrders/:type, {"post":true}][6:16:20 PM], Purchase order of suppliers
[2021-05-08T19:30:16.536] [INFO] Paperbird - [/getAll, {"get":true}][6:16:20 PM], All supplier warehouse
[2021-05-08T19:30:16.980] [INFO] Paperbird - [/allDispatchOrder, {"post":true}][6:16:20 PM], All dispatches
[2021-05-08T19:30:17.098] [INFO] Paperbird - [/getSuppliersOrders/:type, {"post":true}][6:16:20 PM], Purchase order of suppliers
[2021-05-08T19:30:17.104] [INFO] Paperbird - [/getAll, {"get":true}][6:16:20 PM], All supplier warehouse
[2021-05-08T19:32:30.177] [INFO] Paperbird - [/countries, {"get":true}][7:32:03 PM], All countries
[2021-05-08T19:32:30.189] [INFO] Paperbird - [/states, {"get":true}][7:32:03 PM], All states
[2021-05-08T19:32:30.198] [INFO] Paperbird - [/cities, {"get":true}][7:32:03 PM], All cities
[2021-05-08T19:32:30.493] [INFO] Paperbird - [/getWarehouses, {"post":true}][7:32:03 PM], Supplier's Warehouse Data
[2021-05-08T19:32:37.313] [INFO] Paperbird - [/getAllProductGroup/:name, {"get":true}][7:32:03 PM], All data
[2021-05-08T19:32:37.316] [INFO] Paperbird - [/getAllProductGroup/:name, {"get":true}][7:32:03 PM], All data
[2021-05-08T19:32:37.417] [INFO] Paperbird - [/allProducts, {"post":true}][7:32:03 PM], All products
[2021-05-08T19:32:37.431] [INFO] Paperbird - [/getAllProductSubgroup/:name, {"get":true}][7:32:03 PM], All data
[2021-05-08T19:32:37.470] [INFO] Paperbird - [/getAllPaperClass/:name, {"get":true}][7:32:03 PM], All data
[2021-05-08T19:32:37.724] [INFO] Paperbird - [/getAllPaperQuality/:name, {"get":true}][7:32:03 PM], All data
[2021-05-08T19:32:37.778] [INFO] Paperbird - [/getAllPaperPrintibility/:name, {"get":true}][7:32:03 PM], All data
[2021-05-08T19:32:37.863] [INFO] Paperbird - [/getAllPaperColor/:name, {"get":true}][7:32:03 PM], All data
[2021-05-08T19:32:37.897] [INFO] Paperbird - [/getAllMeasurementUnit/:name, {"get":true}][7:32:03 PM], All data
[2021-05-08T19:32:37.907] [INFO] Paperbird - [/getAllPaperGrain/:name, {"get":true}][7:32:03 PM], All data
[2021-05-08T19:32:37.934] [INFO] Paperbird - [/getSupplier, {"post":true}][7:32:03 PM], Supplier Data
[2021-05-08T19:32:38.061] [INFO] Paperbird - [/allProducts, {"post":true}][7:32:03 PM], All products
[2021-05-08T19:32:38.273] [INFO] Paperbird - [/getAllGroupsForCustomer, {"get":true}][7:32:03 PM], All customer groups
[2021-05-08T19:32:43.112] [INFO] Paperbird - [/addCart, {"post":true}][7:32:03 PM], Customer Login Successfull
[2021-05-08T19:32:45.342] [INFO] Paperbird - [/getCart, {"get":true}][7:32:03 PM], User Cart
[2021-05-08T19:32:45.543] [INFO] Paperbird - [/countries, {"get":true}][7:32:03 PM], All countries
[2021-05-08T19:32:45.546] [INFO] Paperbird - [/states/:id, {"get":true}][7:32:03 PM], All States
[2021-05-08T19:32:45.547] [INFO] Paperbird - [/cities/:state_id/:country_id, {"get":true}][7:32:03 PM], All Cities
[2021-05-08T19:32:45.603] [INFO] Paperbird - [/getAllProductGroup/:name, {"get":true}][7:32:03 PM], All data
[2021-05-08T19:32:48.961] [INFO] Paperbird - [/addCart, {"post":true}][7:32:03 PM], Customer Login Successfull
[2021-05-08T19:32:49.329] [INFO] Paperbird - [/getAll, {"get":true}][7:32:03 PM], All addresses
[2021-05-08T19:32:50.997] [INFO] Paperbird - [/newOrder, {"post":true}][7:32:03 PM], Order created successfully
[2021-05-08T19:32:51.035] [INFO] Paperbird - [/removeCart/:id, {"get":true}][7:32:03 PM], Product removed successfully
[2021-05-08T19:32:52.053] [INFO] Paperbird - [/getAllProductGroup/:name, {"get":true}][7:32:03 PM], All data
[2021-05-08T19:32:52.054] [INFO] Paperbird - [/getAllProductGroup/:name, {"get":true}][7:32:03 PM], All data
[2021-05-08T19:32:52.120] [INFO] Paperbird - [/allProducts, {"post":true}][7:32:03 PM], All products
[2021-05-08T19:32:52.137] [INFO] Paperbird - [/getAllProductSubgroup/:name, {"get":true}][7:32:03 PM], All data
[2021-05-08T19:32:52.288] [INFO] Paperbird - [/getAllPaperClass/:name, {"get":true}][7:32:03 PM], All data
[2021-05-08T19:32:52.303] [INFO] Paperbird - [/getAllPaperQuality/:name, {"get":true}][7:32:03 PM], All data
[2021-05-08T19:32:52.316] [INFO] Paperbird - [/getAllPaperPrintibility/:name, {"get":true}][7:32:03 PM], All data
[2021-05-08T19:32:52.331] [INFO] Paperbird - [/getAllPaperColor/:name, {"get":true}][7:32:03 PM], All data
[2021-05-08T19:32:52.343] [INFO] Paperbird - [/getAllMeasurementUnit/:name, {"get":true}][7:32:03 PM], All data
[2021-05-08T19:32:52.350] [INFO] Paperbird - [/getAllPaperGrain/:name, {"get":true}][7:32:03 PM], All data
[2021-05-08T19:32:52.365] [INFO] Paperbird - [/getSupplier, {"post":true}][7:32:03 PM], Supplier Data
[2021-05-08T19:32:52.484] [INFO] Paperbird - [/allProducts, {"post":true}][7:32:03 PM], All products
[2021-05-08T19:32:52.695] [INFO] Paperbird - [/getAllGroupsForCustomer, {"get":true}][7:32:03 PM], All customer groups
[2021-05-08T19:32:55.985] [INFO] Paperbird - [/getSuppliersOrders/:type, {"post":true}][7:32:03 PM], Purchase order of suppliers
[2021-05-08T19:32:55.997] [INFO] Paperbird - [/getAll, {"get":true}][7:32:03 PM], All supplier warehouse
[2021-05-08T19:32:57.430] [INFO] Paperbird - [/getOrderDetail/:id/:type, {"get":true}][7:32:03 PM], Order Detail
[2021-05-08T19:33:00.400] [INFO] Paperbird - [/productStock/:id, {"get":true}][7:32:03 PM], Warehouse stock
[2021-05-08T19:40:45.407] [INFO] Paperbird - [/productStock/:id, {"get":true}][7:32:03 PM], Warehouse stock
