[2020-10-02T17:37:33.121] [ERROR] Orient - Database authentication error ConnectionError [SequelizeConnectionError]: Unknown database 'database_production'
    at D:\vishal\paperbird\server\node_modules\sequelize\lib\dialects\mysql\connection-manager.js:133:19
    at tryCatcher (D:\vishal\paperbird\server\node_modules\bluebird\js\release\util.js:16:23)
    at Promise._settlePromiseFromHandler (D:\vishal\paperbird\server\node_modules\bluebird\js\release\promise.js:547:31)
    at Promise._settlePromise (D:\vishal\paperbird\server\node_modules\bluebird\js\release\promise.js:604:18)
    at Promise._settlePromise0 (D:\vishal\paperbird\server\node_modules\bluebird\js\release\promise.js:649:10)
    at Promise._settlePromises (D:\vishal\paperbird\server\node_modules\bluebird\js\release\promise.js:725:18)
    at _drainQueueStep (D:\vishal\paperbird\server\node_modules\bluebird\js\release\async.js:93:12)
    at _drainQueue (D:\vishal\paperbird\server\node_modules\bluebird\js\release\async.js:86:9)
    at Async._drainQueues (D:\vishal\paperbird\server\node_modules\bluebird\js\release\async.js:102:5)
    at Immediate.Async.drainQueues [as _onImmediate] (D:\vishal\paperbird\server\node_modules\bluebird\js\release\async.js:15:14)
    at processImmediate (internal/timers.js:439:21) {
  name: 'SequelizeConnectionError',
  parent: Error: Unknown database 'database_production'
      at Packet.asError (D:\vishal\paperbird\server\node_modules\mysql2\lib\packets\packet.js:712:17)
      at ClientHandshake.execute (D:\vishal\paperbird\server\node_modules\mysql2\lib\commands\command.js:28:26)
      at Connection.handlePacket (D:\vishal\paperbird\server\node_modules\mysql2\lib\connection.js:417:32)
      at PacketParser.onPacket (D:\vishal\paperbird\server\node_modules\mysql2\lib\connection.js:75:12)
      at PacketParser.executeStart (D:\vishal\paperbird\server\node_modules\mysql2\lib\packet_parser.js:75:16)
      at Socket.<anonymous> (D:\vishal\paperbird\server\node_modules\mysql2\lib\connection.js:82:25)
      at Socket.emit (events.js:210:5)
      at addChunk (_stream_readable.js:308:12)
      at readableAddChunk (_stream_readable.js:289:11)
      at Socket.Readable.push (_stream_readable.js:223:10)
      at TCP.onStreamRead (internal/stream_base_commons.js:182:23) {
    code: 'ER_BAD_DB_ERROR',
    errno: 1049,
    sqlState: '42000',
    sqlMessage: "Unknown database 'database_production'"
  },
  original: Error: Unknown database 'database_production'
      at Packet.asError (D:\vishal\paperbird\server\node_modules\mysql2\lib\packets\packet.js:712:17)
      at ClientHandshake.execute (D:\vishal\paperbird\server\node_modules\mysql2\lib\commands\command.js:28:26)
      at Connection.handlePacket (D:\vishal\paperbird\server\node_modules\mysql2\lib\connection.js:417:32)
      at PacketParser.onPacket (D:\vishal\paperbird\server\node_modules\mysql2\lib\connection.js:75:12)
      at PacketParser.executeStart (D:\vishal\paperbird\server\node_modules\mysql2\lib\packet_parser.js:75:16)
      at Socket.<anonymous> (D:\vishal\paperbird\server\node_modules\mysql2\lib\connection.js:82:25)
      at Socket.emit (events.js:210:5)
      at addChunk (_stream_readable.js:308:12)
      at readableAddChunk (_stream_readable.js:289:11)
      at Socket.Readable.push (_stream_readable.js:223:10)
      at TCP.onStreamRead (internal/stream_base_commons.js:182:23) {
    code: 'ER_BAD_DB_ERROR',
    errno: 1049,
    sqlState: '42000',
    sqlMessage: "Unknown database 'database_production'"
  }
}
