[2021-06-08T18:18:28.490] [INFO] Paperbird - [/getAllProductGroup/:name, {"get":true}][5:51:03 PM], All data
[2021-06-08T18:19:37.399] [INFO] Paperbird - [/getAllProductGroup/:name, {"get":true}][5:51:03 PM], All data
[2021-06-08T18:20:56.915] [INFO] Paperbird - [/getAllProductGroup/:name, {"get":true}][5:51:03 PM], All data
[2021-06-08T18:20:56.919] [INFO] Paperbird - [/getAllProductGroup/:name, {"get":true}][5:51:03 PM], All data
[2021-06-08T18:20:56.980] [INFO] Paperbird - [/getAllProductSubgroup/:name, {"get":true}][5:51:03 PM], All data
[2021-06-08T18:20:57.055] [INFO] Paperbird - [/getAllPaperClass/:name, {"get":true}][5:51:03 PM], All data
[2021-06-08T18:20:57.080] [INFO] Paperbird - [/getAllPaperQuality/:name, {"get":true}][5:51:03 PM], All data
[2021-06-08T18:20:57.099] [INFO] Paperbird - [/getAllPaperPrintibility/:name, {"get":true}][5:51:03 PM], All data
[2021-06-08T18:20:57.128] [INFO] Paperbird - [/getAllPaperColor/:name, {"get":true}][5:51:03 PM], All data
[2021-06-08T18:20:57.156] [INFO] Paperbird - [/getAllMeasurementUnit/:name, {"get":true}][5:51:03 PM], All data
[2021-06-08T18:20:57.175] [INFO] Paperbird - [/getAllPaperGrain/:name, {"get":true}][5:51:03 PM], All data
[2021-06-08T18:20:57.344] [INFO] Paperbird - [/getSupplier, {"post":true}][5:51:03 PM], Supplier Data
[2021-06-08T18:20:57.529] [INFO] Paperbird - [/allProducts, {"post":true}][5:51:03 PM], All products
[2021-06-08T18:21:00.470] [INFO] Paperbird - [/getAllPaperClass/:name, {"get":true}][5:51:03 PM], All data
[2021-06-08T18:21:00.497] [INFO] Paperbird - [/getAllPaperQuality/:name, {"get":true}][5:51:03 PM], All data
[2021-06-08T18:21:00.520] [INFO] Paperbird - [/getAllPaperPrintibility/:name, {"get":true}][5:51:03 PM], All data
[2021-06-08T18:21:00.532] [INFO] Paperbird - [/getAllPaperColor/:name, {"get":true}][5:51:03 PM], All data
[2021-06-08T18:21:00.547] [INFO] Paperbird - [/getAllMeasurementUnit/:name, {"get":true}][5:51:03 PM], All data
[2021-06-08T18:21:00.554] [INFO] Paperbird - [/getAllPaperGrain/:name, {"get":true}][5:51:03 PM], All data
[2021-06-08T18:21:00.566] [INFO] Paperbird - [/getAllPaperGsm/:name, {"get":true}][5:51:03 PM], All data
[2021-06-08T18:21:00.649] [INFO] Paperbird - [/getAllProductGroup/:name, {"get":true}][5:51:03 PM], All data
[2021-06-08T18:21:00.680] [INFO] Paperbird - [/getSinglePublishedProduct/:id, {"get":true}][5:51:03 PM], All products
[2021-06-08T18:21:46.277] [INFO] Paperbird - [/getAllProductGroup/:name, {"get":true}][5:51:03 PM], All data
[2021-06-08T18:21:46.280] [INFO] Paperbird - [/getAllProductGroup/:name, {"get":true}][5:51:03 PM], All data
[2021-06-08T18:21:46.307] [INFO] Paperbird - [/getAllProductSubgroup/:name, {"get":true}][5:51:03 PM], All data
[2021-06-08T18:21:46.319] [INFO] Paperbird - [/getAllPaperClass/:name, {"get":true}][5:51:03 PM], All data
[2021-06-08T18:21:46.327] [INFO] Paperbird - [/getAllPaperQuality/:name, {"get":true}][5:51:03 PM], All data
[2021-06-08T18:21:46.335] [INFO] Paperbird - [/getAllPaperPrintibility/:name, {"get":true}][5:51:03 PM], All data
[2021-06-08T18:21:46.348] [INFO] Paperbird - [/getAllPaperColor/:name, {"get":true}][5:51:03 PM], All data
[2021-06-08T18:21:46.360] [INFO] Paperbird - [/getAllMeasurementUnit/:name, {"get":true}][5:51:03 PM], All data
[2021-06-08T18:21:46.371] [INFO] Paperbird - [/getAllPaperGrain/:name, {"get":true}][5:51:03 PM], All data
[2021-06-08T18:21:46.412] [INFO] Paperbird - [/getSupplier, {"post":true}][5:51:03 PM], Supplier Data
[2021-06-08T18:21:46.483] [INFO] Paperbird - [/allProducts, {"post":true}][5:51:03 PM], All products
[2021-06-08T18:21:48.522] [INFO] Paperbird - [/getAllProductGroup/:name, {"get":true}][5:51:03 PM], All data
[2021-06-08T18:21:48.523] [INFO] Paperbird - [/getAllPaperClass/:name, {"get":true}][5:51:03 PM], All data
[2021-06-08T18:21:48.546] [INFO] Paperbird - [/getAllPaperQuality/:name, {"get":true}][5:51:03 PM], All data
[2021-06-08T18:21:48.554] [INFO] Paperbird - [/getAllPaperPrintibility/:name, {"get":true}][5:51:03 PM], All data
[2021-06-08T18:21:48.564] [INFO] Paperbird - [/getAllPaperColor/:name, {"get":true}][5:51:03 PM], All data
[2021-06-08T18:21:48.576] [INFO] Paperbird - [/getAllMeasurementUnit/:name, {"get":true}][5:51:03 PM], All data
[2021-06-08T18:21:48.583] [INFO] Paperbird - [/getAllPaperGrain/:name, {"get":true}][5:51:03 PM], All data
[2021-06-08T18:21:48.593] [INFO] Paperbird - [/getAllPaperGsm/:name, {"get":true}][5:51:03 PM], All data
[2021-06-08T18:21:48.678] [INFO] Paperbird - [/getSinglePublishedProduct/:id, {"get":true}][5:51:03 PM], All products
[2021-06-08T18:21:50.235] [INFO] Paperbird - [/getAllProductGroup/:name, {"get":true}][5:51:03 PM], All data
[2021-06-08T18:21:52.529] [INFO] Paperbird - [/getAllProductGroup/:name, {"get":true}][5:51:03 PM], All data
[2021-06-08T18:21:52.530] [INFO] Paperbird - [/getAllProductGroup/:name, {"get":true}][5:51:03 PM], All data
[2021-06-08T18:21:52.552] [INFO] Paperbird - [/getAllProductSubgroup/:name, {"get":true}][5:51:03 PM], All data
[2021-06-08T18:21:52.563] [INFO] Paperbird - [/getAllPaperClass/:name, {"get":true}][5:51:03 PM], All data
[2021-06-08T18:21:52.570] [INFO] Paperbird - [/getAllPaperQuality/:name, {"get":true}][5:51:03 PM], All data
[2021-06-08T18:21:52.576] [INFO] Paperbird - [/getAllPaperPrintibility/:name, {"get":true}][5:51:03 PM], All data
[2021-06-08T18:21:52.591] [INFO] Paperbird - [/getAllPaperColor/:name, {"get":true}][5:51:03 PM], All data
[2021-06-08T18:21:52.600] [INFO] Paperbird - [/getAllMeasurementUnit/:name, {"get":true}][5:51:03 PM], All data
[2021-06-08T18:21:52.607] [INFO] Paperbird - [/getAllPaperGrain/:name, {"get":true}][5:51:03 PM], All data
[2021-06-08T18:21:52.641] [INFO] Paperbird - [/getSupplier, {"post":true}][5:51:03 PM], Supplier Data
[2021-06-08T18:21:52.726] [INFO] Paperbird - [/allProducts, {"post":true}][5:51:03 PM], All products
[2021-06-08T18:22:06.192] [INFO] Paperbird - [/getAllProductGroup/:name, {"get":true}][5:51:03 PM], All data
[2021-06-08T18:22:06.196] [INFO] Paperbird - [/getAllProductGroup/:name, {"get":true}][5:51:03 PM], All data
[2021-06-08T18:22:06.271] [INFO] Paperbird - [/getAllProductSubgroup/:name, {"get":true}][5:51:03 PM], All data
[2021-06-08T18:22:06.326] [INFO] Paperbird - [/getAllPaperClass/:name, {"get":true}][5:51:03 PM], All data
[2021-06-08T18:22:06.334] [INFO] Paperbird - [/getAllPaperQuality/:name, {"get":true}][5:51:03 PM], All data
[2021-06-08T18:22:06.345] [INFO] Paperbird - [/getAllPaperPrintibility/:name, {"get":true}][5:51:03 PM], All data
[2021-06-08T18:22:06.362] [INFO] Paperbird - [/getAllPaperColor/:name, {"get":true}][5:51:03 PM], All data
[2021-06-08T18:22:06.372] [INFO] Paperbird - [/getAllMeasurementUnit/:name, {"get":true}][5:51:03 PM], All data
[2021-06-08T18:22:06.380] [INFO] Paperbird - [/getAllPaperGrain/:name, {"get":true}][5:51:03 PM], All data
[2021-06-08T18:22:06.393] [INFO] Paperbird - [/getSupplier, {"post":true}][5:51:03 PM], Supplier Data
[2021-06-08T18:22:06.449] [INFO] Paperbird - [/allProducts, {"post":true}][5:51:03 PM], All products
[2021-06-08T18:22:08.031] [INFO] Paperbird - [/getAllPaperClass/:name, {"get":true}][5:51:03 PM], All data
[2021-06-08T18:22:08.046] [INFO] Paperbird - [/getAllPaperQuality/:name, {"get":true}][5:51:03 PM], All data
[2021-06-08T18:22:08.058] [INFO] Paperbird - [/getAllPaperPrintibility/:name, {"get":true}][5:51:03 PM], All data
[2021-06-08T18:22:08.072] [INFO] Paperbird - [/getAllPaperColor/:name, {"get":true}][5:51:03 PM], All data
[2021-06-08T18:22:08.083] [INFO] Paperbird - [/getAllMeasurementUnit/:name, {"get":true}][5:51:03 PM], All data
[2021-06-08T18:22:08.092] [INFO] Paperbird - [/getAllPaperGrain/:name, {"get":true}][5:51:03 PM], All data
[2021-06-08T18:22:08.102] [INFO] Paperbird - [/getAllPaperGsm/:name, {"get":true}][5:51:03 PM], All data
[2021-06-08T18:22:08.173] [INFO] Paperbird - [/getAllProductGroup/:name, {"get":true}][5:51:03 PM], All data
[2021-06-08T18:22:08.193] [INFO] Paperbird - [/getSinglePublishedProduct/:id, {"get":true}][5:51:03 PM], All products
[2021-06-08T18:22:10.337] [INFO] Paperbird - [/getAllProductGroup/:name, {"get":true}][5:51:03 PM], All data
[2021-06-08T18:22:10.340] [INFO] Paperbird - [/getAllProductGroup/:name, {"get":true}][5:51:03 PM], All data
[2021-06-08T18:22:10.355] [INFO] Paperbird - [/getAllProductSubgroup/:name, {"get":true}][5:51:03 PM], All data
[2021-06-08T18:22:10.366] [INFO] Paperbird - [/getAllPaperClass/:name, {"get":true}][5:51:03 PM], All data
[2021-06-08T18:22:10.372] [INFO] Paperbird - [/getAllPaperQuality/:name, {"get":true}][5:51:03 PM], All data
[2021-06-08T18:22:10.377] [INFO] Paperbird - [/getAllPaperPrintibility/:name, {"get":true}][5:51:03 PM], All data
[2021-06-08T18:22:10.385] [INFO] Paperbird - [/getAllPaperColor/:name, {"get":true}][5:51:03 PM], All data
[2021-06-08T18:22:10.394] [INFO] Paperbird - [/getAllMeasurementUnit/:name, {"get":true}][5:51:03 PM], All data
[2021-06-08T18:22:10.398] [INFO] Paperbird - [/getAllPaperGrain/:name, {"get":true}][5:51:03 PM], All data
[2021-06-08T18:22:10.407] [INFO] Paperbird - [/getSupplier, {"post":true}][5:51:03 PM], Supplier Data
[2021-06-08T18:22:10.453] [INFO] Paperbird - [/allProducts, {"post":true}][5:51:03 PM], All products
[2021-06-08T18:22:11.970] [INFO] Paperbird - [/getAllProductGroup/:name, {"get":true}][5:51:03 PM], All data
[2021-06-08T18:22:11.972] [INFO] Paperbird - [/getAllPaperClass/:name, {"get":true}][5:51:03 PM], All data
[2021-06-08T18:22:11.994] [INFO] Paperbird - [/getAllPaperQuality/:name, {"get":true}][5:51:03 PM], All data
[2021-06-08T18:22:12.001] [INFO] Paperbird - [/getAllPaperPrintibility/:name, {"get":true}][5:51:03 PM], All data
[2021-06-08T18:22:12.012] [INFO] Paperbird - [/getAllPaperColor/:name, {"get":true}][5:51:03 PM], All data
[2021-06-08T18:22:12.019] [INFO] Paperbird - [/getAllMeasurementUnit/:name, {"get":true}][5:51:03 PM], All data
[2021-06-08T18:22:12.027] [INFO] Paperbird - [/getAllPaperGrain/:name, {"get":true}][5:51:03 PM], All data
[2021-06-08T18:22:12.037] [INFO] Paperbird - [/getAllPaperGsm/:name, {"get":true}][5:51:03 PM], All data
[2021-06-08T18:22:12.084] [INFO] Paperbird - [/getSinglePublishedProduct/:id, {"get":true}][5:51:03 PM], All products
[2021-06-08T18:22:14.012] [INFO] Paperbird - [/getAllProductGroup/:name, {"get":true}][5:51:03 PM], All data
[2021-06-08T18:22:20.045] [INFO] Paperbird - [/getAllProductGroup/:name, {"get":true}][5:51:03 PM], All data
[2021-06-08T18:22:20.046] [INFO] Paperbird - [/getAllProductGroup/:name, {"get":true}][5:51:03 PM], All data
[2021-06-08T18:22:20.071] [INFO] Paperbird - [/getAllProductSubgroup/:name, {"get":true}][5:51:03 PM], All data
[2021-06-08T18:22:20.085] [INFO] Paperbird - [/getAllPaperClass/:name, {"get":true}][5:51:03 PM], All data
[2021-06-08T18:22:20.095] [INFO] Paperbird - [/getAllPaperQuality/:name, {"get":true}][5:51:03 PM], All data
[2021-06-08T18:22:20.101] [INFO] Paperbird - [/getAllPaperPrintibility/:name, {"get":true}][5:51:03 PM], All data
[2021-06-08T18:22:20.114] [INFO] Paperbird - [/getAllPaperColor/:name, {"get":true}][5:51:03 PM], All data
[2021-06-08T18:22:20.124] [INFO] Paperbird - [/getAllMeasurementUnit/:name, {"get":true}][5:51:03 PM], All data
[2021-06-08T18:22:20.130] [INFO] Paperbird - [/getAllPaperGrain/:name, {"get":true}][5:51:03 PM], All data
[2021-06-08T18:22:20.143] [INFO] Paperbird - [/getSupplier, {"post":true}][5:51:03 PM], Supplier Data
[2021-06-08T18:22:20.203] [INFO] Paperbird - [/allProducts, {"post":true}][5:51:03 PM], All products
[2021-06-08T18:22:21.861] [INFO] Paperbird - [/getAllProductGroup/:name, {"get":true}][5:51:03 PM], All data
[2021-06-08T18:22:21.862] [INFO] Paperbird - [/getAllPaperClass/:name, {"get":true}][5:51:03 PM], All data
[2021-06-08T18:22:21.880] [INFO] Paperbird - [/getAllPaperQuality/:name, {"get":true}][5:51:03 PM], All data
[2021-06-08T18:22:21.891] [INFO] Paperbird - [/getAllPaperPrintibility/:name, {"get":true}][5:51:03 PM], All data
[2021-06-08T18:22:21.903] [INFO] Paperbird - [/getAllPaperColor/:name, {"get":true}][5:51:03 PM], All data
[2021-06-08T18:22:21.914] [INFO] Paperbird - [/getAllMeasurementUnit/:name, {"get":true}][5:51:03 PM], All data
[2021-06-08T18:22:21.922] [INFO] Paperbird - [/getAllPaperGrain/:name, {"get":true}][5:51:03 PM], All data
[2021-06-08T18:22:21.934] [INFO] Paperbird - [/getAllPaperGsm/:name, {"get":true}][5:51:03 PM], All data
[2021-06-08T18:22:21.991] [INFO] Paperbird - [/getSinglePublishedProduct/:id, {"get":true}][5:51:03 PM], All products
[2021-06-08T18:22:23.442] [INFO] Paperbird - [/getAllProductGroup/:name, {"get":true}][5:51:03 PM], All data
[2021-06-08T18:22:23.443] [INFO] Paperbird - [/getAllProductGroup/:name, {"get":true}][5:51:03 PM], All data
[2021-06-08T18:22:23.461] [INFO] Paperbird - [/getAllProductSubgroup/:name, {"get":true}][5:51:03 PM], All data
[2021-06-08T18:22:23.469] [INFO] Paperbird - [/getAllPaperClass/:name, {"get":true}][5:51:03 PM], All data
[2021-06-08T18:22:23.476] [INFO] Paperbird - [/getAllPaperQuality/:name, {"get":true}][5:51:03 PM], All data
[2021-06-08T18:22:23.481] [INFO] Paperbird - [/getAllPaperPrintibility/:name, {"get":true}][5:51:03 PM], All data
[2021-06-08T18:22:23.493] [INFO] Paperbird - [/getAllPaperColor/:name, {"get":true}][5:51:03 PM], All data
[2021-06-08T18:22:23.500] [INFO] Paperbird - [/getAllMeasurementUnit/:name, {"get":true}][5:51:03 PM], All data
[2021-06-08T18:22:23.506] [INFO] Paperbird - [/getAllPaperGrain/:name, {"get":true}][5:51:03 PM], All data
[2021-06-08T18:22:23.515] [INFO] Paperbird - [/getSupplier, {"post":true}][5:51:03 PM], Supplier Data
[2021-06-08T18:22:23.573] [INFO] Paperbird - [/allProducts, {"post":true}][5:51:03 PM], All products
[2021-06-08T18:22:25.482] [INFO] Paperbird - [/getAllProductGroup/:name, {"get":true}][5:51:03 PM], All data
[2021-06-08T18:22:25.484] [INFO] Paperbird - [/getAllPaperClass/:name, {"get":true}][5:51:03 PM], All data
[2021-06-08T18:22:25.494] [INFO] Paperbird - [/getAllPaperQuality/:name, {"get":true}][5:51:03 PM], All data
[2021-06-08T18:22:25.510] [INFO] Paperbird - [/getAllPaperPrintibility/:name, {"get":true}][5:51:03 PM], All data
[2021-06-08T18:22:25.523] [INFO] Paperbird - [/getAllPaperColor/:name, {"get":true}][5:51:03 PM], All data
[2021-06-08T18:22:25.531] [INFO] Paperbird - [/getAllMeasurementUnit/:name, {"get":true}][5:51:03 PM], All data
[2021-06-08T18:22:25.540] [INFO] Paperbird - [/getAllPaperGrain/:name, {"get":true}][5:51:03 PM], All data
[2021-06-08T18:22:25.548] [INFO] Paperbird - [/getAllPaperGsm/:name, {"get":true}][5:51:03 PM], All data
[2021-06-08T18:22:25.599] [INFO] Paperbird - [/getSinglePublishedProduct/:id, {"get":true}][5:51:03 PM], All products
[2021-06-08T18:22:27.893] [INFO] Paperbird - [/getAllProductGroup/:name, {"get":true}][5:51:03 PM], All data
[2021-06-08T18:22:27.895] [INFO] Paperbird - [/getAllProductGroup/:name, {"get":true}][5:51:03 PM], All data
[2021-06-08T18:22:27.906] [INFO] Paperbird - [/getAllProductSubgroup/:name, {"get":true}][5:51:03 PM], All data
[2021-06-08T18:22:27.931] [INFO] Paperbird - [/getAllPaperClass/:name, {"get":true}][5:51:03 PM], All data
[2021-06-08T18:22:27.939] [INFO] Paperbird - [/getAllPaperQuality/:name, {"get":true}][5:51:03 PM], All data
[2021-06-08T18:22:27.944] [INFO] Paperbird - [/getAllPaperPrintibility/:name, {"get":true}][5:51:03 PM], All data
[2021-06-08T18:22:27.953] [INFO] Paperbird - [/getAllPaperColor/:name, {"get":true}][5:51:03 PM], All data
[2021-06-08T18:22:27.962] [INFO] Paperbird - [/getAllMeasurementUnit/:name, {"get":true}][5:51:03 PM], All data
[2021-06-08T18:22:27.967] [INFO] Paperbird - [/getAllPaperGrain/:name, {"get":true}][5:51:03 PM], All data
[2021-06-08T18:22:27.978] [INFO] Paperbird - [/getSupplier, {"post":true}][5:51:03 PM], Supplier Data
[2021-06-08T18:22:28.034] [INFO] Paperbird - [/allProducts, {"post":true}][5:51:03 PM], All products
[2021-06-08T18:22:30.260] [INFO] Paperbird - [/getAllProductGroup/:name, {"get":true}][5:51:03 PM], All data
[2021-06-08T18:22:30.261] [INFO] Paperbird - [/getAllPaperClass/:name, {"get":true}][5:51:03 PM], All data
[2021-06-08T18:22:30.281] [INFO] Paperbird - [/getAllPaperQuality/:name, {"get":true}][5:51:03 PM], All data
[2021-06-08T18:22:30.289] [INFO] Paperbird - [/getAllPaperPrintibility/:name, {"get":true}][5:51:03 PM], All data
[2021-06-08T18:22:30.300] [INFO] Paperbird - [/getAllPaperColor/:name, {"get":true}][5:51:03 PM], All data
[2021-06-08T18:22:30.310] [INFO] Paperbird - [/getAllMeasurementUnit/:name, {"get":true}][5:51:03 PM], All data
[2021-06-08T18:22:30.316] [INFO] Paperbird - [/getAllPaperGrain/:name, {"get":true}][5:51:03 PM], All data
[2021-06-08T18:22:30.328] [INFO] Paperbird - [/getAllPaperGsm/:name, {"get":true}][5:51:03 PM], All data
[2021-06-08T18:22:30.373] [INFO] Paperbird - [/getSinglePublishedProduct/:id, {"get":true}][5:51:03 PM], All products
[2021-06-08T18:22:48.265] [INFO] Paperbird - [/getAllProductGroup/:name, {"get":true}][5:51:03 PM], All data
[2021-06-08T18:22:48.266] [INFO] Paperbird - [/getAllProductGroup/:name, {"get":true}][5:51:03 PM], All data
[2021-06-08T18:22:48.285] [INFO] Paperbird - [/getAllProductSubgroup/:name, {"get":true}][5:51:03 PM], All data
[2021-06-08T18:22:48.304] [INFO] Paperbird - [/getAllPaperClass/:name, {"get":true}][5:51:03 PM], All data
[2021-06-08T18:22:48.311] [INFO] Paperbird - [/getAllPaperQuality/:name, {"get":true}][5:51:03 PM], All data
[2021-06-08T18:22:48.323] [INFO] Paperbird - [/getAllPaperPrintibility/:name, {"get":true}][5:51:03 PM], All data
[2021-06-08T18:22:48.344] [INFO] Paperbird - [/getAllPaperColor/:name, {"get":true}][5:51:03 PM], All data
[2021-06-08T18:22:48.353] [INFO] Paperbird - [/getAllMeasurementUnit/:name, {"get":true}][5:51:03 PM], All data
[2021-06-08T18:22:48.361] [INFO] Paperbird - [/getAllPaperGrain/:name, {"get":true}][5:51:03 PM], All data
[2021-06-08T18:22:48.374] [INFO] Paperbird - [/getSupplier, {"post":true}][5:51:03 PM], Supplier Data
[2021-06-08T18:22:48.434] [INFO] Paperbird - [/allProducts, {"post":true}][5:51:03 PM], All products
[2021-06-08T18:23:33.956] [INFO] Paperbird - [/getAllProductGroup/:name, {"get":true}][6:23:30 PM], All data
[2021-06-08T18:23:33.962] [INFO] Paperbird - [/getAllProductGroup/:name, {"get":true}][6:23:30 PM], All data
[2021-06-08T18:23:34.017] [INFO] Paperbird - [/getAllProductSubgroup/:name, {"get":true}][6:23:30 PM], All data
[2021-06-08T18:23:34.032] [INFO] Paperbird - [/getAllPaperClass/:name, {"get":true}][6:23:30 PM], All data
[2021-06-08T18:23:34.084] [INFO] Paperbird - [/getAllPaperQuality/:name, {"get":true}][6:23:30 PM], All data
[2021-06-08T18:23:34.096] [INFO] Paperbird - [/getAllPaperPrintibility/:name, {"get":true}][6:23:30 PM], All data
[2021-06-08T18:23:34.114] [INFO] Paperbird - [/getAllPaperColor/:name, {"get":true}][6:23:30 PM], All data
[2021-06-08T18:23:34.131] [INFO] Paperbird - [/getAllMeasurementUnit/:name, {"get":true}][6:23:30 PM], All data
[2021-06-08T18:23:34.141] [INFO] Paperbird - [/getAllPaperGrain/:name, {"get":true}][6:23:30 PM], All data
[2021-06-08T18:23:34.174] [INFO] Paperbird - [/getSupplier, {"post":true}][6:23:30 PM], Supplier Data
[2021-06-08T18:23:34.250] [INFO] Paperbird - [/allProducts, {"post":true}][6:23:30 PM], All products
[2021-06-08T18:37:55.375] [INFO] Paperbird - [/getAllProductGroup/:name, {"get":true}][6:23:30 PM], All data
[2021-06-08T18:38:02.334] [INFO] Paperbird - [/, {"post":true}][6:23:30 PM], Login successful
[2021-06-08T18:38:02.433] [ERROR] Paperbird - Something went wrong: ReferenceError: successResponses is not defined
    at C:\Projects\paperbird\server\routes\Dashboard\index.js:10:5
    at Layer.handle [as handle_request] (C:\Projects\paperbird\server\node_modules\express\lib\router\layer.js:95:5)
    at next (C:\Projects\paperbird\server\node_modules\express\lib\router\route.js:137:13)
    at module.exports (C:\Projects\paperbird\server\middlewares\jwtauth.js:56:5)
    at Layer.handle [as handle_request] (C:\Projects\paperbird\server\node_modules\express\lib\router\layer.js:95:5)
    at next (C:\Projects\paperbird\server\node_modules\express\lib\router\route.js:137:13)
    at Route.dispatch (C:\Projects\paperbird\server\node_modules\express\lib\router\route.js:112:3)
    at Layer.handle [as handle_request] (C:\Projects\paperbird\server\node_modules\express\lib\router\layer.js:95:5)
    at C:\Projects\paperbird\server\node_modules\express\lib\router\index.js:281:22
    at Function.process_params (C:\Projects\paperbird\server\node_modules\express\lib\router\index.js:335:12)
    at next (C:\Projects\paperbird\server\node_modules\express\lib\router\index.js:275:10)
    at Function.handle (C:\Projects\paperbird\server\node_modules\express\lib\router\index.js:174:3)
    at router (C:\Projects\paperbird\server\node_modules\express\lib\router\index.js:47:12)
    at Layer.handle [as handle_request] (C:\Projects\paperbird\server\node_modules\express\lib\router\layer.js:95:5)
    at trim_prefix (C:\Projects\paperbird\server\node_modules\express\lib\router\index.js:317:13)
    at C:\Projects\paperbird\server\node_modules\express\lib\router\index.js:284:7
    at Function.process_params (C:\Projects\paperbird\server\node_modules\express\lib\router\index.js:335:12)
    at next (C:\Projects\paperbird\server\node_modules\express\lib\router\index.js:275:10)
    at C:\Projects\paperbird\server\app.js:187:3
    at Layer.handle [as handle_request] (C:\Projects\paperbird\server\node_modules\express\lib\router\layer.js:95:5)
    at trim_prefix (C:\Projects\paperbird\server\node_modules\express\lib\router\index.js:317:13)
    at C:\Projects\paperbird\server\node_modules\express\lib\router\index.js:284:7
[2021-06-08T18:38:04.042] [INFO] Paperbird - [/getSuppliersOrders/:type, {"post":true}][6:23:30 PM], Purchase order of suppliers
[2021-06-08T18:38:04.060] [INFO] Paperbird - [/getAll, {"get":true}][6:23:30 PM], All supplier warehouse
[2021-06-08T18:38:05.503] [INFO] Paperbird - [/getOrderDetail/:id/:type, {"get":true}][6:23:30 PM], Order Detail
[2021-06-08T18:38:12.217] [INFO] Paperbird - [/getSuppliersOrders/:type, {"post":true}][6:23:30 PM], Purchase order of suppliers
[2021-06-08T18:38:12.226] [INFO] Paperbird - [/allDispatchOrder, {"post":true}][6:23:30 PM], All dispatches
[2021-06-08T18:38:12.229] [INFO] Paperbird - [/getAll, {"get":true}][6:23:30 PM], All supplier warehouse
[2021-06-08T18:38:12.708] [INFO] Paperbird - [/allDispatchOrder, {"post":true}][6:23:30 PM], All dispatches
[2021-06-08T18:38:13.875] [INFO] Paperbird - [/getSuppliersOrders/:type, {"post":true}][6:23:30 PM], Purchase order of suppliers
[2021-06-08T18:38:13.882] [INFO] Paperbird - [/getAll, {"get":true}][6:23:30 PM], All supplier warehouse
[2021-06-08T18:38:17.062] [INFO] Paperbird - [/getOrderDetail/:id/:type, {"get":true}][6:23:30 PM], Order Detail
[2021-06-08T18:40:27.185] [INFO] Paperbird - [/getAllPaperClass/:name, {"get":true}][6:23:30 PM], All data
[2021-06-08T18:40:27.242] [INFO] Paperbird - [/getAllProductGroup/:name, {"get":true}][6:23:30 PM], All data
[2021-06-08T18:40:27.250] [INFO] Paperbird - [/getAllPaperQuality/:name, {"get":true}][6:23:30 PM], All data
[2021-06-08T18:40:27.284] [INFO] Paperbird - [/getAllPaperPrintibility/:name, {"get":true}][6:23:30 PM], All data
[2021-06-08T18:40:27.297] [INFO] Paperbird - [/getAllPaperColor/:name, {"get":true}][6:23:30 PM], All data
[2021-06-08T18:40:27.311] [INFO] Paperbird - [/getAllMeasurementUnit/:name, {"get":true}][6:23:30 PM], All data
[2021-06-08T18:40:27.321] [INFO] Paperbird - [/getAllPaperGrain/:name, {"get":true}][6:23:30 PM], All data
[2021-06-08T18:40:27.331] [INFO] Paperbird - [/getAllPaperGsm/:name, {"get":true}][6:23:30 PM], All data
[2021-06-08T18:40:27.416] [INFO] Paperbird - [/getSinglePublishedProduct/:id, {"get":true}][6:23:30 PM], All products
[2021-06-08T18:40:29.110] [INFO] Paperbird - [/getAllProductGroup/:name, {"get":true}][6:23:30 PM], All data
[2021-06-08T18:40:29.112] [INFO] Paperbird - [/getAllProductGroup/:name, {"get":true}][6:23:30 PM], All data
[2021-06-08T18:40:29.124] [INFO] Paperbird - [/getAllProductSubgroup/:name, {"get":true}][6:23:30 PM], All data
[2021-06-08T18:40:29.157] [INFO] Paperbird - [/getAllPaperClass/:name, {"get":true}][6:23:30 PM], All data
[2021-06-08T18:40:29.163] [INFO] Paperbird - [/getAllPaperQuality/:name, {"get":true}][6:23:30 PM], All data
[2021-06-08T18:40:29.174] [INFO] Paperbird - [/getAllPaperPrintibility/:name, {"get":true}][6:23:30 PM], All data
[2021-06-08T18:40:29.183] [INFO] Paperbird - [/getAllPaperColor/:name, {"get":true}][6:23:30 PM], All data
[2021-06-08T18:40:29.195] [INFO] Paperbird - [/getAllMeasurementUnit/:name, {"get":true}][6:23:30 PM], All data
[2021-06-08T18:40:29.202] [INFO] Paperbird - [/getAllPaperGrain/:name, {"get":true}][6:23:30 PM], All data
[2021-06-08T18:40:29.213] [INFO] Paperbird - [/getSupplier, {"post":true}][6:23:30 PM], Supplier Data
[2021-06-08T18:40:29.278] [INFO] Paperbird - [/allProducts, {"post":true}][6:23:30 PM], All products
[2021-06-08T18:45:57.044] [INFO] Paperbird - [/getAllProductGroup/:name, {"get":true}][6:23:30 PM], All data
[2021-06-08T18:45:57.045] [INFO] Paperbird - [/getAllPaperClass/:name, {"get":true}][6:23:30 PM], All data
[2021-06-08T18:45:57.062] [INFO] Paperbird - [/getAllPaperQuality/:name, {"get":true}][6:23:30 PM], All data
[2021-06-08T18:45:57.074] [INFO] Paperbird - [/getAllPaperPrintibility/:name, {"get":true}][6:23:30 PM], All data
[2021-06-08T18:45:57.086] [INFO] Paperbird - [/getAllPaperColor/:name, {"get":true}][6:23:30 PM], All data
[2021-06-08T18:45:57.099] [INFO] Paperbird - [/getAllMeasurementUnit/:name, {"get":true}][6:23:30 PM], All data
[2021-06-08T18:45:57.106] [INFO] Paperbird - [/getAllPaperGrain/:name, {"get":true}][6:23:30 PM], All data
[2021-06-08T18:45:57.115] [INFO] Paperbird - [/getAllPaperGsm/:name, {"get":true}][6:23:30 PM], All data
[2021-06-08T18:45:57.179] [INFO] Paperbird - [/getSinglePublishedProduct/:id, {"get":true}][6:23:30 PM], All products
[2021-06-08T18:45:59.129] [INFO] Paperbird - [/getAllProductGroup/:name, {"get":true}][6:23:30 PM], All data
[2021-06-08T18:45:59.134] [INFO] Paperbird - [/getAllProductGroup/:name, {"get":true}][6:23:30 PM], All data
[2021-06-08T18:45:59.166] [INFO] Paperbird - [/getAllProductSubgroup/:name, {"get":true}][6:23:30 PM], All data
[2021-06-08T18:45:59.174] [INFO] Paperbird - [/getAllPaperClass/:name, {"get":true}][6:23:30 PM], All data
[2021-06-08T18:45:59.180] [INFO] Paperbird - [/getAllPaperQuality/:name, {"get":true}][6:23:30 PM], All data
[2021-06-08T18:45:59.188] [INFO] Paperbird - [/getAllPaperPrintibility/:name, {"get":true}][6:23:30 PM], All data
[2021-06-08T18:45:59.208] [INFO] Paperbird - [/getAllPaperColor/:name, {"get":true}][6:23:30 PM], All data
[2021-06-08T18:45:59.223] [INFO] Paperbird - [/getAllMeasurementUnit/:name, {"get":true}][6:23:30 PM], All data
[2021-06-08T18:45:59.238] [INFO] Paperbird - [/getAllPaperGrain/:name, {"get":true}][6:23:30 PM], All data
[2021-06-08T18:45:59.250] [INFO] Paperbird - [/getSupplier, {"post":true}][6:23:30 PM], Supplier Data
[2021-06-08T18:45:59.298] [INFO] Paperbird - [/allProducts, {"post":true}][6:23:30 PM], All products
[2021-06-08T18:46:00.378] [INFO] Paperbird - [/getAllProductGroup/:name, {"get":true}][6:23:30 PM], All data
[2021-06-08T18:46:00.381] [INFO] Paperbird - [/getAllPaperClass/:name, {"get":true}][6:23:30 PM], All data
[2021-06-08T18:46:00.395] [INFO] Paperbird - [/getAllPaperQuality/:name, {"get":true}][6:23:30 PM], All data
[2021-06-08T18:46:00.401] [INFO] Paperbird - [/getAllPaperPrintibility/:name, {"get":true}][6:23:30 PM], All data
[2021-06-08T18:46:00.410] [INFO] Paperbird - [/getAllPaperColor/:name, {"get":true}][6:23:30 PM], All data
[2021-06-08T18:46:00.417] [INFO] Paperbird - [/getAllMeasurementUnit/:name, {"get":true}][6:23:30 PM], All data
[2021-06-08T18:46:00.429] [INFO] Paperbird - [/getAllPaperGrain/:name, {"get":true}][6:23:30 PM], All data
[2021-06-08T18:46:00.438] [INFO] Paperbird - [/getAllPaperGsm/:name, {"get":true}][6:23:30 PM], All data
[2021-06-08T18:46:00.467] [INFO] Paperbird - [/getSinglePublishedProduct/:id, {"get":true}][6:23:30 PM], All products
[2021-06-08T18:46:01.531] [INFO] Paperbird - [/getAllProductGroup/:name, {"get":true}][6:23:30 PM], All data
[2021-06-08T18:46:01.532] [INFO] Paperbird - [/getAllProductGroup/:name, {"get":true}][6:23:30 PM], All data
[2021-06-08T18:46:01.549] [INFO] Paperbird - [/getAllProductSubgroup/:name, {"get":true}][6:23:30 PM], All data
[2021-06-08T18:46:01.558] [INFO] Paperbird - [/getAllPaperClass/:name, {"get":true}][6:23:30 PM], All data
[2021-06-08T18:46:01.563] [INFO] Paperbird - [/getAllPaperQuality/:name, {"get":true}][6:23:30 PM], All data
[2021-06-08T18:46:01.570] [INFO] Paperbird - [/getAllPaperPrintibility/:name, {"get":true}][6:23:30 PM], All data
[2021-06-08T18:46:01.579] [INFO] Paperbird - [/getAllPaperColor/:name, {"get":true}][6:23:30 PM], All data
[2021-06-08T18:46:01.605] [INFO] Paperbird - [/getAllMeasurementUnit/:name, {"get":true}][6:23:30 PM], All data
[2021-06-08T18:46:01.611] [INFO] Paperbird - [/getAllPaperGrain/:name, {"get":true}][6:23:30 PM], All data
[2021-06-08T18:46:01.622] [INFO] Paperbird - [/getSupplier, {"post":true}][6:23:30 PM], Supplier Data
[2021-06-08T18:46:01.667] [INFO] Paperbird - [/allProducts, {"post":true}][6:23:30 PM], All products
[2021-06-08T18:46:02.844] [INFO] Paperbird - [/getAllPaperClass/:name, {"get":true}][6:23:30 PM], All data
[2021-06-08T18:46:02.845] [INFO] Paperbird - [/getAllProductGroup/:name, {"get":true}][6:23:30 PM], All data
[2021-06-08T18:46:02.860] [INFO] Paperbird - [/getAllPaperQuality/:name, {"get":true}][6:23:30 PM], All data
[2021-06-08T18:46:02.866] [INFO] Paperbird - [/getAllPaperPrintibility/:name, {"get":true}][6:23:30 PM], All data
[2021-06-08T18:46:02.879] [INFO] Paperbird - [/getAllPaperColor/:name, {"get":true}][6:23:30 PM], All data
[2021-06-08T18:46:02.889] [INFO] Paperbird - [/getAllMeasurementUnit/:name, {"get":true}][6:23:30 PM], All data
[2021-06-08T18:46:02.899] [INFO] Paperbird - [/getAllPaperGrain/:name, {"get":true}][6:23:30 PM], All data
[2021-06-08T18:46:02.909] [INFO] Paperbird - [/getAllPaperGsm/:name, {"get":true}][6:23:30 PM], All data
[2021-06-08T18:46:02.945] [INFO] Paperbird - [/getSinglePublishedProduct/:id, {"get":true}][6:23:30 PM], All products
[2021-06-08T18:46:04.713] [INFO] Paperbird - [/getAllProductGroup/:name, {"get":true}][6:23:30 PM], All data
[2021-06-08T18:46:04.714] [INFO] Paperbird - [/getAllProductGroup/:name, {"get":true}][6:23:30 PM], All data
[2021-06-08T18:46:04.725] [INFO] Paperbird - [/getAllProductSubgroup/:name, {"get":true}][6:23:30 PM], All data
[2021-06-08T18:46:04.747] [INFO] Paperbird - [/getAllPaperClass/:name, {"get":true}][6:23:30 PM], All data
[2021-06-08T18:46:04.753] [INFO] Paperbird - [/getAllPaperQuality/:name, {"get":true}][6:23:30 PM], All data
[2021-06-08T18:46:04.759] [INFO] Paperbird - [/getAllPaperPrintibility/:name, {"get":true}][6:23:30 PM], All data
[2021-06-08T18:46:04.768] [INFO] Paperbird - [/getAllPaperColor/:name, {"get":true}][6:23:30 PM], All data
[2021-06-08T18:46:04.776] [INFO] Paperbird - [/getAllMeasurementUnit/:name, {"get":true}][6:23:30 PM], All data
[2021-06-08T18:46:04.781] [INFO] Paperbird - [/getAllPaperGrain/:name, {"get":true}][6:23:30 PM], All data
[2021-06-08T18:46:04.791] [INFO] Paperbird - [/getSupplier, {"post":true}][6:23:30 PM], Supplier Data
[2021-06-08T18:46:04.842] [INFO] Paperbird - [/allProducts, {"post":true}][6:23:30 PM], All products
[2021-06-08T19:13:31.043] [INFO] Paperbird - [/getAllProductGroup/:name, {"get":true}][6:23:30 PM], All data
[2021-06-08T19:13:31.044] [INFO] Paperbird - [/getAllProductGroup/:name, {"get":true}][6:23:30 PM], All data
[2021-06-08T19:13:31.172] [INFO] Paperbird - [/getAllProductSubgroup/:name, {"get":true}][6:23:30 PM], All data
[2021-06-08T19:13:31.227] [INFO] Paperbird - [/getAllPaperClass/:name, {"get":true}][6:23:30 PM], All data
[2021-06-08T19:13:31.255] [INFO] Paperbird - [/getAllPaperQuality/:name, {"get":true}][6:23:30 PM], All data
[2021-06-08T19:13:31.296] [INFO] Paperbird - [/getAllPaperPrintibility/:name, {"get":true}][6:23:30 PM], All data
[2021-06-08T19:13:31.317] [INFO] Paperbird - [/getAllPaperColor/:name, {"get":true}][6:23:30 PM], All data
[2021-06-08T19:13:31.334] [INFO] Paperbird - [/getAllMeasurementUnit/:name, {"get":true}][6:23:30 PM], All data
[2021-06-08T19:13:31.377] [INFO] Paperbird - [/getAllPaperGrain/:name, {"get":true}][6:23:30 PM], All data
[2021-06-08T19:13:31.391] [INFO] Paperbird - [/getSupplier, {"post":true}][6:23:30 PM], Supplier Data
[2021-06-08T19:13:31.501] [INFO] Paperbird - [/allProducts, {"post":true}][6:23:30 PM], All products
[2021-06-08T19:15:46.548] [INFO] Paperbird - [/getAllProductGroup/:name, {"get":true}][6:23:30 PM], All data
[2021-06-08T19:15:46.549] [INFO] Paperbird - [/getAllProductGroup/:name, {"get":true}][6:23:30 PM], All data
[2021-06-08T19:15:46.672] [INFO] Paperbird - [/getAllProductSubgroup/:name, {"get":true}][6:23:30 PM], All data
[2021-06-08T19:15:46.706] [INFO] Paperbird - [/getAllPaperClass/:name, {"get":true}][6:23:30 PM], All data
[2021-06-08T19:15:46.740] [INFO] Paperbird - [/getAllPaperQuality/:name, {"get":true}][6:23:30 PM], All data
[2021-06-08T19:15:46.779] [INFO] Paperbird - [/getAllPaperPrintibility/:name, {"get":true}][6:23:30 PM], All data
[2021-06-08T19:15:46.794] [INFO] Paperbird - [/getAllPaperColor/:name, {"get":true}][6:23:30 PM], All data
[2021-06-08T19:15:46.806] [INFO] Paperbird - [/getAllMeasurementUnit/:name, {"get":true}][6:23:30 PM], All data
[2021-06-08T19:15:46.818] [INFO] Paperbird - [/getAllPaperGrain/:name, {"get":true}][6:23:30 PM], All data
[2021-06-08T19:15:46.856] [INFO] Paperbird - [/getSupplier, {"post":true}][6:23:30 PM], Supplier Data
[2021-06-08T19:15:46.914] [INFO] Paperbird - [/allProducts, {"post":true}][6:23:30 PM], All products
[2021-06-08T19:17:11.759] [INFO] Paperbird - [/getAllProductGroup/:name, {"get":true}][6:23:30 PM], All data
[2021-06-08T19:17:11.762] [INFO] Paperbird - [/getAllProductGroup/:name, {"get":true}][6:23:30 PM], All data
[2021-06-08T19:17:11.910] [INFO] Paperbird - [/getAllProductSubgroup/:name, {"get":true}][6:23:30 PM], All data
[2021-06-08T19:17:11.950] [INFO] Paperbird - [/getAllPaperClass/:name, {"get":true}][6:23:30 PM], All data
[2021-06-08T19:17:11.973] [INFO] Paperbird - [/getAllPaperQuality/:name, {"get":true}][6:23:30 PM], All data
[2021-06-08T19:17:11.995] [INFO] Paperbird - [/getAllPaperPrintibility/:name, {"get":true}][6:23:30 PM], All data
[2021-06-08T19:17:12.007] [INFO] Paperbird - [/getAllPaperColor/:name, {"get":true}][6:23:30 PM], All data
[2021-06-08T19:17:12.049] [INFO] Paperbird - [/getAllMeasurementUnit/:name, {"get":true}][6:23:30 PM], All data
[2021-06-08T19:17:12.057] [INFO] Paperbird - [/getAllPaperGrain/:name, {"get":true}][6:23:30 PM], All data
[2021-06-08T19:17:12.072] [INFO] Paperbird - [/getSupplier, {"post":true}][6:23:30 PM], Supplier Data
[2021-06-08T19:17:12.142] [INFO] Paperbird - [/allProducts, {"post":true}][6:23:30 PM], All products
[2021-06-08T19:17:42.419] [INFO] Paperbird - [/getAllProductGroup/:name, {"get":true}][6:23:30 PM], All data
[2021-06-08T19:17:42.421] [INFO] Paperbird - [/getAllProductGroup/:name, {"get":true}][6:23:30 PM], All data
[2021-06-08T19:17:42.485] [INFO] Paperbird - [/getAllProductSubgroup/:name, {"get":true}][6:23:30 PM], All data
[2021-06-08T19:17:42.502] [INFO] Paperbird - [/getAllPaperClass/:name, {"get":true}][6:23:30 PM], All data
[2021-06-08T19:17:42.556] [INFO] Paperbird - [/getAllPaperQuality/:name, {"get":true}][6:23:30 PM], All data
[2021-06-08T19:17:42.566] [INFO] Paperbird - [/getAllPaperPrintibility/:name, {"get":true}][6:23:30 PM], All data
[2021-06-08T19:17:42.593] [INFO] Paperbird - [/getAllPaperColor/:name, {"get":true}][6:23:30 PM], All data
[2021-06-08T19:17:42.602] [INFO] Paperbird - [/getAllMeasurementUnit/:name, {"get":true}][6:23:30 PM], All data
[2021-06-08T19:17:42.608] [INFO] Paperbird - [/getAllPaperGrain/:name, {"get":true}][6:23:30 PM], All data
[2021-06-08T19:17:42.620] [INFO] Paperbird - [/getSupplier, {"post":true}][6:23:30 PM], Supplier Data
[2021-06-08T19:17:42.677] [INFO] Paperbird - [/allProducts, {"post":true}][6:23:30 PM], All products
[2021-06-08T19:18:37.764] [INFO] Paperbird - [/getAllPaperClass/:name, {"get":true}][6:23:30 PM], All data
[2021-06-08T19:18:37.845] [INFO] Paperbird - [/getAllPaperQuality/:name, {"get":true}][6:23:30 PM], All data
[2021-06-08T19:18:37.879] [INFO] Paperbird - [/getAllPaperPrintibility/:name, {"get":true}][6:23:30 PM], All data
[2021-06-08T19:18:37.922] [INFO] Paperbird - [/getAllProductGroup/:name, {"get":true}][6:23:30 PM], All data
[2021-06-08T19:18:37.948] [INFO] Paperbird - [/getAllPaperColor/:name, {"get":true}][6:23:30 PM], All data
[2021-06-08T19:18:37.958] [INFO] Paperbird - [/getAllMeasurementUnit/:name, {"get":true}][6:23:30 PM], All data
[2021-06-08T19:18:37.973] [INFO] Paperbird - [/getAllPaperGrain/:name, {"get":true}][6:23:30 PM], All data
[2021-06-08T19:18:37.997] [INFO] Paperbird - [/getAllPaperGsm/:name, {"get":true}][6:23:30 PM], All data
[2021-06-08T19:18:38.063] [INFO] Paperbird - [/getSinglePublishedProduct/:id, {"get":true}][6:23:30 PM], All products
[2021-06-08T19:18:40.563] [INFO] Paperbird - [/getAllProductGroup/:name, {"get":true}][6:23:30 PM], All data
[2021-06-08T19:18:40.565] [INFO] Paperbird - [/getAllProductGroup/:name, {"get":true}][6:23:30 PM], All data
[2021-06-08T19:18:40.592] [INFO] Paperbird - [/getAllProductSubgroup/:name, {"get":true}][6:23:30 PM], All data
[2021-06-08T19:18:40.612] [INFO] Paperbird - [/getAllPaperClass/:name, {"get":true}][6:23:30 PM], All data
[2021-06-08T19:18:40.627] [INFO] Paperbird - [/getAllPaperQuality/:name, {"get":true}][6:23:30 PM], All data
[2021-06-08T19:18:40.643] [INFO] Paperbird - [/getAllPaperPrintibility/:name, {"get":true}][6:23:30 PM], All data
[2021-06-08T19:18:40.658] [INFO] Paperbird - [/getAllPaperColor/:name, {"get":true}][6:23:30 PM], All data
[2021-06-08T19:18:40.673] [INFO] Paperbird - [/getAllMeasurementUnit/:name, {"get":true}][6:23:30 PM], All data
[2021-06-08T19:18:40.696] [INFO] Paperbird - [/getAllPaperGrain/:name, {"get":true}][6:23:30 PM], All data
[2021-06-08T19:18:40.711] [INFO] Paperbird - [/getSupplier, {"post":true}][6:23:30 PM], Supplier Data
[2021-06-08T19:18:40.761] [INFO] Paperbird - [/allProducts, {"post":true}][6:23:30 PM], All products
[2021-06-08T19:18:42.874] [INFO] Paperbird - [/getAllProductGroup/:name, {"get":true}][6:23:30 PM], All data
[2021-06-08T19:18:42.878] [INFO] Paperbird - [/getAllPaperClass/:name, {"get":true}][6:23:30 PM], All data
[2021-06-08T19:18:42.894] [INFO] Paperbird - [/getAllPaperQuality/:name, {"get":true}][6:23:30 PM], All data
[2021-06-08T19:18:42.904] [INFO] Paperbird - [/getAllPaperPrintibility/:name, {"get":true}][6:23:30 PM], All data
[2021-06-08T19:18:42.912] [INFO] Paperbird - [/getAllPaperColor/:name, {"get":true}][6:23:30 PM], All data
[2021-06-08T19:18:42.919] [INFO] Paperbird - [/getAllMeasurementUnit/:name, {"get":true}][6:23:30 PM], All data
[2021-06-08T19:18:42.923] [INFO] Paperbird - [/getAllPaperGrain/:name, {"get":true}][6:23:30 PM], All data
[2021-06-08T19:18:42.932] [INFO] Paperbird - [/getAllPaperGsm/:name, {"get":true}][6:23:30 PM], All data
[2021-06-08T19:18:42.968] [INFO] Paperbird - [/getSinglePublishedProduct/:id, {"get":true}][6:23:30 PM], All products
[2021-06-08T19:18:44.740] [INFO] Paperbird - [/getAllProductGroup/:name, {"get":true}][6:23:30 PM], All data
[2021-06-08T19:18:44.743] [INFO] Paperbird - [/getAllProductGroup/:name, {"get":true}][6:23:30 PM], All data
[2021-06-08T19:18:44.774] [INFO] Paperbird - [/getAllProductSubgroup/:name, {"get":true}][6:23:30 PM], All data
[2021-06-08T19:18:44.782] [INFO] Paperbird - [/getAllPaperClass/:name, {"get":true}][6:23:30 PM], All data
[2021-06-08T19:18:44.788] [INFO] Paperbird - [/getAllPaperQuality/:name, {"get":true}][6:23:30 PM], All data
[2021-06-08T19:18:44.794] [INFO] Paperbird - [/getAllPaperPrintibility/:name, {"get":true}][6:23:30 PM], All data
[2021-06-08T19:18:44.805] [INFO] Paperbird - [/getAllPaperColor/:name, {"get":true}][6:23:30 PM], All data
[2021-06-08T19:18:44.814] [INFO] Paperbird - [/getAllMeasurementUnit/:name, {"get":true}][6:23:30 PM], All data
[2021-06-08T19:18:44.821] [INFO] Paperbird - [/getAllPaperGrain/:name, {"get":true}][6:23:30 PM], All data
[2021-06-08T19:18:44.854] [INFO] Paperbird - [/getSupplier, {"post":true}][6:23:30 PM], Supplier Data
[2021-06-08T19:18:44.909] [INFO] Paperbird - [/allProducts, {"post":true}][6:23:30 PM], All products
[2021-06-08T19:18:59.337] [INFO] Paperbird - [/getAllProductGroup/:name, {"get":true}][6:23:30 PM], All data
[2021-06-08T19:18:59.338] [INFO] Paperbird - [/getAllPaperClass/:name, {"get":true}][6:23:30 PM], All data
[2021-06-08T19:18:59.364] [INFO] Paperbird - [/getAllPaperQuality/:name, {"get":true}][6:23:30 PM], All data
[2021-06-08T19:18:59.373] [INFO] Paperbird - [/getAllPaperPrintibility/:name, {"get":true}][6:23:30 PM], All data
[2021-06-08T19:18:59.386] [INFO] Paperbird - [/getAllPaperColor/:name, {"get":true}][6:23:30 PM], All data
[2021-06-08T19:18:59.395] [INFO] Paperbird - [/getAllMeasurementUnit/:name, {"get":true}][6:23:30 PM], All data
[2021-06-08T19:18:59.403] [INFO] Paperbird - [/getAllPaperGrain/:name, {"get":true}][6:23:30 PM], All data
[2021-06-08T19:18:59.414] [INFO] Paperbird - [/getAllPaperGsm/:name, {"get":true}][6:23:30 PM], All data
[2021-06-08T19:18:59.487] [INFO] Paperbird - [/getSinglePublishedProduct/:id, {"get":true}][6:23:30 PM], All products
[2021-06-08T19:19:02.261] [INFO] Paperbird - [/getAllProductGroup/:name, {"get":true}][6:23:30 PM], All data
[2021-06-08T19:19:02.264] [INFO] Paperbird - [/getAllProductGroup/:name, {"get":true}][6:23:30 PM], All data
[2021-06-08T19:19:02.285] [INFO] Paperbird - [/getAllProductSubgroup/:name, {"get":true}][6:23:30 PM], All data
[2021-06-08T19:19:02.299] [INFO] Paperbird - [/getAllPaperClass/:name, {"get":true}][6:23:30 PM], All data
[2021-06-08T19:19:02.305] [INFO] Paperbird - [/getAllPaperQuality/:name, {"get":true}][6:23:30 PM], All data
[2021-06-08T19:19:02.311] [INFO] Paperbird - [/getAllPaperPrintibility/:name, {"get":true}][6:23:30 PM], All data
[2021-06-08T19:19:02.325] [INFO] Paperbird - [/getAllPaperColor/:name, {"get":true}][6:23:30 PM], All data
[2021-06-08T19:19:02.335] [INFO] Paperbird - [/getAllMeasurementUnit/:name, {"get":true}][6:23:30 PM], All data
[2021-06-08T19:19:02.339] [INFO] Paperbird - [/getAllPaperGrain/:name, {"get":true}][6:23:30 PM], All data
[2021-06-08T19:19:02.350] [INFO] Paperbird - [/getSupplier, {"post":true}][6:23:30 PM], Supplier Data
[2021-06-08T19:19:02.404] [INFO] Paperbird - [/allProducts, {"post":true}][6:23:30 PM], All products
[2021-06-08T19:20:03.698] [INFO] Paperbird - [/getAllProductGroup/:name, {"get":true}][6:23:30 PM], All data
[2021-06-08T19:20:03.700] [INFO] Paperbird - [/getAllPaperClass/:name, {"get":true}][6:23:30 PM], All data
[2021-06-08T19:20:03.723] [INFO] Paperbird - [/getAllPaperQuality/:name, {"get":true}][6:23:30 PM], All data
[2021-06-08T19:20:03.732] [INFO] Paperbird - [/getAllPaperPrintibility/:name, {"get":true}][6:23:30 PM], All data
[2021-06-08T19:20:03.745] [INFO] Paperbird - [/getAllPaperColor/:name, {"get":true}][6:23:30 PM], All data
[2021-06-08T19:20:03.757] [INFO] Paperbird - [/getAllMeasurementUnit/:name, {"get":true}][6:23:30 PM], All data
[2021-06-08T19:20:03.767] [INFO] Paperbird - [/getAllPaperGrain/:name, {"get":true}][6:23:30 PM], All data
[2021-06-08T19:20:03.775] [INFO] Paperbird - [/getAllPaperGsm/:name, {"get":true}][6:23:30 PM], All data
[2021-06-08T19:20:03.861] [INFO] Paperbird - [/getSinglePublishedProduct/:id, {"get":true}][6:23:30 PM], All products
[2021-06-08T19:20:07.294] [INFO] Paperbird - [/getAllProductGroup/:name, {"get":true}][6:23:30 PM], All data
[2021-06-08T19:20:07.299] [INFO] Paperbird - [/getAllProductGroup/:name, {"get":true}][6:23:30 PM], All data
[2021-06-08T19:20:07.327] [INFO] Paperbird - [/getAllProductSubgroup/:name, {"get":true}][6:23:30 PM], All data
[2021-06-08T19:20:07.340] [INFO] Paperbird - [/getAllPaperClass/:name, {"get":true}][6:23:30 PM], All data
[2021-06-08T19:20:07.346] [INFO] Paperbird - [/getAllPaperQuality/:name, {"get":true}][6:23:30 PM], All data
[2021-06-08T19:20:07.355] [INFO] Paperbird - [/getAllPaperPrintibility/:name, {"get":true}][6:23:30 PM], All data
[2021-06-08T19:20:07.365] [INFO] Paperbird - [/getAllPaperColor/:name, {"get":true}][6:23:30 PM], All data
[2021-06-08T19:20:07.373] [INFO] Paperbird - [/getAllMeasurementUnit/:name, {"get":true}][6:23:30 PM], All data
[2021-06-08T19:20:07.377] [INFO] Paperbird - [/getAllPaperGrain/:name, {"get":true}][6:23:30 PM], All data
[2021-06-08T19:20:07.388] [INFO] Paperbird - [/getSupplier, {"post":true}][6:23:30 PM], Supplier Data
[2021-06-08T19:20:07.435] [INFO] Paperbird - [/allProducts, {"post":true}][6:23:30 PM], All products
[2021-06-08T19:20:14.476] [INFO] Paperbird - [/getAllProductGroup/:name, {"get":true}][6:23:30 PM], All data
[2021-06-08T19:20:14.478] [INFO] Paperbird - [/getAllPaperClass/:name, {"get":true}][6:23:30 PM], All data
[2021-06-08T19:20:14.500] [INFO] Paperbird - [/getAllPaperQuality/:name, {"get":true}][6:23:30 PM], All data
[2021-06-08T19:20:14.509] [INFO] Paperbird - [/getAllPaperPrintibility/:name, {"get":true}][6:23:30 PM], All data
[2021-06-08T19:20:14.522] [INFO] Paperbird - [/getAllPaperColor/:name, {"get":true}][6:23:30 PM], All data
[2021-06-08T19:20:14.534] [INFO] Paperbird - [/getAllMeasurementUnit/:name, {"get":true}][6:23:30 PM], All data
[2021-06-08T19:20:14.541] [INFO] Paperbird - [/getAllPaperGrain/:name, {"get":true}][6:23:30 PM], All data
[2021-06-08T19:20:14.554] [INFO] Paperbird - [/getAllPaperGsm/:name, {"get":true}][6:23:30 PM], All data
[2021-06-08T19:20:14.607] [INFO] Paperbird - [/getSinglePublishedProduct/:id, {"get":true}][6:23:30 PM], All products
[2021-06-08T19:20:17.309] [INFO] Paperbird - [/getAllProductGroup/:name, {"get":true}][6:23:30 PM], All data
[2021-06-08T19:20:17.311] [INFO] Paperbird - [/getAllProductGroup/:name, {"get":true}][6:23:30 PM], All data
[2021-06-08T19:20:17.331] [INFO] Paperbird - [/getAllProductSubgroup/:name, {"get":true}][6:23:30 PM], All data
[2021-06-08T19:20:17.347] [INFO] Paperbird - [/getAllPaperClass/:name, {"get":true}][6:23:30 PM], All data
[2021-06-08T19:20:17.353] [INFO] Paperbird - [/getAllPaperQuality/:name, {"get":true}][6:23:30 PM], All data
[2021-06-08T19:20:17.358] [INFO] Paperbird - [/getAllPaperPrintibility/:name, {"get":true}][6:23:30 PM], All data
[2021-06-08T19:20:17.368] [INFO] Paperbird - [/getAllPaperColor/:name, {"get":true}][6:23:30 PM], All data
[2021-06-08T19:20:17.375] [INFO] Paperbird - [/getAllMeasurementUnit/:name, {"get":true}][6:23:30 PM], All data
[2021-06-08T19:20:17.382] [INFO] Paperbird - [/getAllPaperGrain/:name, {"get":true}][6:23:30 PM], All data
[2021-06-08T19:20:17.392] [INFO] Paperbird - [/getSupplier, {"post":true}][6:23:30 PM], Supplier Data
[2021-06-08T19:20:17.438] [INFO] Paperbird - [/allProducts, {"post":true}][6:23:30 PM], All products
[2021-06-08T19:20:20.105] [INFO] Paperbird - [/getAllProductGroup/:name, {"get":true}][6:23:30 PM], All data
[2021-06-08T19:20:20.107] [INFO] Paperbird - [/getAllPaperClass/:name, {"get":true}][6:23:30 PM], All data
[2021-06-08T19:20:20.127] [INFO] Paperbird - [/getAllPaperQuality/:name, {"get":true}][6:23:30 PM], All data
[2021-06-08T19:20:20.137] [INFO] Paperbird - [/getAllPaperPrintibility/:name, {"get":true}][6:23:30 PM], All data
[2021-06-08T19:20:20.149] [INFO] Paperbird - [/getAllPaperColor/:name, {"get":true}][6:23:30 PM], All data
[2021-06-08T19:20:20.157] [INFO] Paperbird - [/getAllMeasurementUnit/:name, {"get":true}][6:23:30 PM], All data
[2021-06-08T19:20:20.168] [INFO] Paperbird - [/getAllPaperGrain/:name, {"get":true}][6:23:30 PM], All data
[2021-06-08T19:20:20.176] [INFO] Paperbird - [/getAllPaperGsm/:name, {"get":true}][6:23:30 PM], All data
[2021-06-08T19:20:20.240] [INFO] Paperbird - [/getSinglePublishedProduct/:id, {"get":true}][6:23:30 PM], All products
[2021-06-08T19:20:21.634] [INFO] Paperbird - [/getAllProductGroup/:name, {"get":true}][6:23:30 PM], All data
[2021-06-08T19:20:21.635] [INFO] Paperbird - [/getAllProductGroup/:name, {"get":true}][6:23:30 PM], All data
[2021-06-08T19:20:21.655] [INFO] Paperbird - [/getAllProductSubgroup/:name, {"get":true}][6:23:30 PM], All data
[2021-06-08T19:20:21.668] [INFO] Paperbird - [/getAllPaperClass/:name, {"get":true}][6:23:30 PM], All data
[2021-06-08T19:20:21.673] [INFO] Paperbird - [/getAllPaperQuality/:name, {"get":true}][6:23:30 PM], All data
[2021-06-08T19:20:21.679] [INFO] Paperbird - [/getAllPaperPrintibility/:name, {"get":true}][6:23:30 PM], All data
[2021-06-08T19:20:21.689] [INFO] Paperbird - [/getAllPaperColor/:name, {"get":true}][6:23:30 PM], All data
[2021-06-08T19:20:21.695] [INFO] Paperbird - [/getAllMeasurementUnit/:name, {"get":true}][6:23:30 PM], All data
[2021-06-08T19:20:21.709] [INFO] Paperbird - [/getAllPaperGrain/:name, {"get":true}][6:23:30 PM], All data
[2021-06-08T19:20:21.721] [INFO] Paperbird - [/getSupplier, {"post":true}][6:23:30 PM], Supplier Data
[2021-06-08T19:20:21.767] [INFO] Paperbird - [/allProducts, {"post":true}][6:23:30 PM], All products
[2021-06-08T19:20:23.437] [INFO] Paperbird - [/getAllProductGroup/:name, {"get":true}][6:23:30 PM], All data
[2021-06-08T19:20:23.438] [INFO] Paperbird - [/getAllPaperClass/:name, {"get":true}][6:23:30 PM], All data
[2021-06-08T19:20:23.454] [INFO] Paperbird - [/getAllPaperQuality/:name, {"get":true}][6:23:30 PM], All data
[2021-06-08T19:20:23.459] [INFO] Paperbird - [/getAllPaperPrintibility/:name, {"get":true}][6:23:30 PM], All data
[2021-06-08T19:20:23.469] [INFO] Paperbird - [/getAllPaperColor/:name, {"get":true}][6:23:30 PM], All data
[2021-06-08T19:20:23.475] [INFO] Paperbird - [/getAllMeasurementUnit/:name, {"get":true}][6:23:30 PM], All data
[2021-06-08T19:20:23.482] [INFO] Paperbird - [/getAllPaperGrain/:name, {"get":true}][6:23:30 PM], All data
[2021-06-08T19:20:23.489] [INFO] Paperbird - [/getAllPaperGsm/:name, {"get":true}][6:23:30 PM], All data
[2021-06-08T19:20:23.542] [INFO] Paperbird - [/getSinglePublishedProduct/:id, {"get":true}][6:23:30 PM], All products
[2021-06-08T19:20:24.987] [INFO] Paperbird - [/getAllProductGroup/:name, {"get":true}][6:23:30 PM], All data
[2021-06-08T19:20:24.988] [INFO] Paperbird - [/getAllProductGroup/:name, {"get":true}][6:23:30 PM], All data
[2021-06-08T19:20:25.008] [INFO] Paperbird - [/getAllProductSubgroup/:name, {"get":true}][6:23:30 PM], All data
[2021-06-08T19:20:25.017] [INFO] Paperbird - [/getAllPaperClass/:name, {"get":true}][6:23:30 PM], All data
[2021-06-08T19:20:25.030] [INFO] Paperbird - [/getAllPaperQuality/:name, {"get":true}][6:23:30 PM], All data
[2021-06-08T19:20:25.038] [INFO] Paperbird - [/getAllPaperPrintibility/:name, {"get":true}][6:23:30 PM], All data
[2021-06-08T19:20:25.045] [INFO] Paperbird - [/getAllPaperColor/:name, {"get":true}][6:23:30 PM], All data
[2021-06-08T19:20:25.054] [INFO] Paperbird - [/getAllMeasurementUnit/:name, {"get":true}][6:23:30 PM], All data
[2021-06-08T19:20:25.059] [INFO] Paperbird - [/getAllPaperGrain/:name, {"get":true}][6:23:30 PM], All data
[2021-06-08T19:20:25.069] [INFO] Paperbird - [/getSupplier, {"post":true}][6:23:30 PM], Supplier Data
[2021-06-08T19:20:25.120] [INFO] Paperbird - [/allProducts, {"post":true}][6:23:30 PM], All products
[2021-06-08T19:20:27.810] [INFO] Paperbird - [/getAllProductGroup/:name, {"get":true}][6:23:30 PM], All data
[2021-06-08T19:20:27.814] [INFO] Paperbird - [/getAllPaperClass/:name, {"get":true}][6:23:30 PM], All data
[2021-06-08T19:20:27.831] [INFO] Paperbird - [/getAllPaperQuality/:name, {"get":true}][6:23:30 PM], All data
[2021-06-08T19:20:27.838] [INFO] Paperbird - [/getAllPaperPrintibility/:name, {"get":true}][6:23:30 PM], All data
[2021-06-08T19:20:27.848] [INFO] Paperbird - [/getAllPaperColor/:name, {"get":true}][6:23:30 PM], All data
[2021-06-08T19:20:27.857] [INFO] Paperbird - [/getAllMeasurementUnit/:name, {"get":true}][6:23:30 PM], All data
[2021-06-08T19:20:27.865] [INFO] Paperbird - [/getAllPaperGrain/:name, {"get":true}][6:23:30 PM], All data
[2021-06-08T19:20:27.872] [INFO] Paperbird - [/getAllPaperGsm/:name, {"get":true}][6:23:30 PM], All data
[2021-06-08T19:20:27.929] [INFO] Paperbird - [/getSinglePublishedProduct/:id, {"get":true}][6:23:30 PM], All products
[2021-06-08T19:20:29.184] [INFO] Paperbird - [/getAllProductGroup/:name, {"get":true}][6:23:30 PM], All data
[2021-06-08T19:20:29.185] [INFO] Paperbird - [/getAllProductGroup/:name, {"get":true}][6:23:30 PM], All data
[2021-06-08T19:20:29.205] [INFO] Paperbird - [/getAllProductSubgroup/:name, {"get":true}][6:23:30 PM], All data
[2021-06-08T19:20:29.215] [INFO] Paperbird - [/getAllPaperClass/:name, {"get":true}][6:23:30 PM], All data
[2021-06-08T19:20:29.220] [INFO] Paperbird - [/getAllPaperQuality/:name, {"get":true}][6:23:30 PM], All data
[2021-06-08T19:20:29.226] [INFO] Paperbird - [/getAllPaperPrintibility/:name, {"get":true}][6:23:30 PM], All data
[2021-06-08T19:20:29.237] [INFO] Paperbird - [/getAllPaperColor/:name, {"get":true}][6:23:30 PM], All data
[2021-06-08T19:20:29.245] [INFO] Paperbird - [/getAllMeasurementUnit/:name, {"get":true}][6:23:30 PM], All data
[2021-06-08T19:20:29.254] [INFO] Paperbird - [/getAllPaperGrain/:name, {"get":true}][6:23:30 PM], All data
[2021-06-08T19:20:29.261] [INFO] Paperbird - [/getSupplier, {"post":true}][6:23:30 PM], Supplier Data
[2021-06-08T19:20:29.303] [INFO] Paperbird - [/allProducts, {"post":true}][6:23:30 PM], All products
[2021-06-08T19:20:42.744] [INFO] Paperbird - [/getAllPaperClass/:name, {"get":true}][6:23:30 PM], All data
[2021-06-08T19:20:42.746] [INFO] Paperbird - [/getAllProductGroup/:name, {"get":true}][6:23:30 PM], All data
[2021-06-08T19:20:42.759] [INFO] Paperbird - [/getAllPaperQuality/:name, {"get":true}][6:23:30 PM], All data
[2021-06-08T19:20:42.778] [INFO] Paperbird - [/getAllPaperPrintibility/:name, {"get":true}][6:23:30 PM], All data
[2021-06-08T19:20:42.789] [INFO] Paperbird - [/getAllPaperColor/:name, {"get":true}][6:23:30 PM], All data
[2021-06-08T19:20:42.801] [INFO] Paperbird - [/getAllMeasurementUnit/:name, {"get":true}][6:23:30 PM], All data
[2021-06-08T19:20:42.807] [INFO] Paperbird - [/getAllPaperGrain/:name, {"get":true}][6:23:30 PM], All data
[2021-06-08T19:20:42.820] [INFO] Paperbird - [/getAllPaperGsm/:name, {"get":true}][6:23:30 PM], All data
[2021-06-08T19:20:42.873] [INFO] Paperbird - [/getSinglePublishedProduct/:id, {"get":true}][6:23:30 PM], All products
[2021-06-08T19:20:48.062] [INFO] Paperbird - [/getAllProductGroup/:name, {"get":true}][6:23:30 PM], All data
[2021-06-08T19:20:48.066] [INFO] Paperbird - [/getAllProductGroup/:name, {"get":true}][6:23:30 PM], All data
[2021-06-08T19:20:48.084] [INFO] Paperbird - [/getAllProductSubgroup/:name, {"get":true}][6:23:30 PM], All data
[2021-06-08T19:20:48.103] [INFO] Paperbird - [/getAllPaperClass/:name, {"get":true}][6:23:30 PM], All data
[2021-06-08T19:20:48.109] [INFO] Paperbird - [/getAllPaperQuality/:name, {"get":true}][6:23:30 PM], All data
[2021-06-08T19:20:48.118] [INFO] Paperbird - [/getAllPaperPrintibility/:name, {"get":true}][6:23:30 PM], All data
[2021-06-08T19:20:48.126] [INFO] Paperbird - [/getAllPaperColor/:name, {"get":true}][6:23:30 PM], All data
[2021-06-08T19:20:48.134] [INFO] Paperbird - [/getAllMeasurementUnit/:name, {"get":true}][6:23:30 PM], All data
[2021-06-08T19:20:48.140] [INFO] Paperbird - [/getAllPaperGrain/:name, {"get":true}][6:23:30 PM], All data
[2021-06-08T19:20:48.150] [INFO] Paperbird - [/getSupplier, {"post":true}][6:23:30 PM], Supplier Data
[2021-06-08T19:20:48.199] [INFO] Paperbird - [/allProducts, {"post":true}][6:23:30 PM], All products
[2021-06-08T19:20:50.734] [INFO] Paperbird - [/getAllProductGroup/:name, {"get":true}][6:23:30 PM], All data
[2021-06-08T19:20:50.735] [INFO] Paperbird - [/getAllPaperClass/:name, {"get":true}][6:23:30 PM], All data
[2021-06-08T19:20:50.754] [INFO] Paperbird - [/getAllPaperQuality/:name, {"get":true}][6:23:30 PM], All data
[2021-06-08T19:20:50.765] [INFO] Paperbird - [/getAllPaperPrintibility/:name, {"get":true}][6:23:30 PM], All data
[2021-06-08T19:20:50.772] [INFO] Paperbird - [/getAllPaperColor/:name, {"get":true}][6:23:30 PM], All data
[2021-06-08T19:20:50.781] [INFO] Paperbird - [/getAllMeasurementUnit/:name, {"get":true}][6:23:30 PM], All data
[2021-06-08T19:20:50.787] [INFO] Paperbird - [/getAllPaperGrain/:name, {"get":true}][6:23:30 PM], All data
[2021-06-08T19:20:50.796] [INFO] Paperbird - [/getAllPaperGsm/:name, {"get":true}][6:23:30 PM], All data
[2021-06-08T19:20:50.849] [INFO] Paperbird - [/getSinglePublishedProduct/:id, {"get":true}][6:23:30 PM], All products
[2021-06-08T19:20:52.782] [INFO] Paperbird - [/getAllProductGroup/:name, {"get":true}][6:23:30 PM], All data
[2021-06-08T19:20:52.783] [INFO] Paperbird - [/getAllProductGroup/:name, {"get":true}][6:23:30 PM], All data
[2021-06-08T19:20:52.796] [INFO] Paperbird - [/getAllProductSubgroup/:name, {"get":true}][6:23:30 PM], All data
[2021-06-08T19:20:52.808] [INFO] Paperbird - [/getAllPaperClass/:name, {"get":true}][6:23:30 PM], All data
[2021-06-08T19:20:52.815] [INFO] Paperbird - [/getAllPaperQuality/:name, {"get":true}][6:23:30 PM], All data
[2021-06-08T19:20:52.820] [INFO] Paperbird - [/getAllPaperPrintibility/:name, {"get":true}][6:23:30 PM], All data
[2021-06-08T19:20:52.828] [INFO] Paperbird - [/getAllPaperColor/:name, {"get":true}][6:23:30 PM], All data
[2021-06-08T19:20:52.836] [INFO] Paperbird - [/getAllMeasurementUnit/:name, {"get":true}][6:23:30 PM], All data
[2021-06-08T19:20:52.841] [INFO] Paperbird - [/getAllPaperGrain/:name, {"get":true}][6:23:30 PM], All data
[2021-06-08T19:20:52.852] [INFO] Paperbird - [/getSupplier, {"post":true}][6:23:30 PM], Supplier Data
[2021-06-08T19:20:52.894] [INFO] Paperbird - [/allProducts, {"post":true}][6:23:30 PM], All products
[2021-06-08T19:20:57.874] [INFO] Paperbird - [/getAllPaperClass/:name, {"get":true}][6:23:30 PM], All data
[2021-06-08T19:20:57.875] [INFO] Paperbird - [/getAllProductGroup/:name, {"get":true}][6:23:30 PM], All data
[2021-06-08T19:20:57.885] [INFO] Paperbird - [/getAllPaperQuality/:name, {"get":true}][6:23:30 PM], All data
[2021-06-08T19:20:57.898] [INFO] Paperbird - [/getAllPaperPrintibility/:name, {"get":true}][6:23:30 PM], All data
[2021-06-08T19:20:57.911] [INFO] Paperbird - [/getAllPaperColor/:name, {"get":true}][6:23:30 PM], All data
[2021-06-08T19:20:57.920] [INFO] Paperbird - [/getAllMeasurementUnit/:name, {"get":true}][6:23:30 PM], All data
[2021-06-08T19:20:57.926] [INFO] Paperbird - [/getAllPaperGrain/:name, {"get":true}][6:23:30 PM], All data
[2021-06-08T19:20:57.935] [INFO] Paperbird - [/getAllPaperGsm/:name, {"get":true}][6:23:30 PM], All data
[2021-06-08T19:20:57.975] [INFO] Paperbird - [/getSinglePublishedProduct/:id, {"get":true}][6:23:30 PM], All products
[2021-06-08T19:21:43.039] [INFO] Paperbird - [/getAllProductGroup/:name, {"get":true}][6:23:30 PM], All data
[2021-06-08T19:21:43.044] [INFO] Paperbird - [/getAllPaperClass/:name, {"get":true}][6:23:30 PM], All data
[2021-06-08T19:21:43.117] [INFO] Paperbird - [/getAllPaperQuality/:name, {"get":true}][6:23:30 PM], All data
[2021-06-08T19:21:43.224] [INFO] Paperbird - [/getAllPaperPrintibility/:name, {"get":true}][6:23:30 PM], All data
[2021-06-08T19:21:43.288] [INFO] Paperbird - [/getAllPaperColor/:name, {"get":true}][6:23:30 PM], All data
[2021-06-08T19:21:43.299] [INFO] Paperbird - [/getAllMeasurementUnit/:name, {"get":true}][6:23:30 PM], All data
[2021-06-08T19:21:43.319] [INFO] Paperbird - [/getAllPaperGrain/:name, {"get":true}][6:23:30 PM], All data
[2021-06-08T19:21:43.335] [INFO] Paperbird - [/getAllPaperGsm/:name, {"get":true}][6:23:30 PM], All data
[2021-06-08T19:21:43.378] [INFO] Paperbird - [/getSinglePublishedProduct/:id, {"get":true}][6:23:30 PM], All products
[2021-06-08T19:25:14.011] [INFO] Paperbird - [/getAllProductGroup/:name, {"get":true}][6:23:30 PM], All data
[2021-06-08T19:25:14.014] [INFO] Paperbird - [/getAllProductGroup/:name, {"get":true}][6:23:30 PM], All data
[2021-06-08T19:25:14.078] [INFO] Paperbird - [/getAllProductSubgroup/:name, {"get":true}][6:23:30 PM], All data
[2021-06-08T19:25:14.131] [INFO] Paperbird - [/getAllPaperClass/:name, {"get":true}][6:23:30 PM], All data
[2021-06-08T19:25:14.142] [INFO] Paperbird - [/getAllPaperQuality/:name, {"get":true}][6:23:30 PM], All data
[2021-06-08T19:25:14.155] [INFO] Paperbird - [/getAllPaperPrintibility/:name, {"get":true}][6:23:30 PM], All data
[2021-06-08T19:25:14.172] [INFO] Paperbird - [/getAllPaperColor/:name, {"get":true}][6:23:30 PM], All data
[2021-06-08T19:25:14.183] [INFO] Paperbird - [/getAllMeasurementUnit/:name, {"get":true}][6:23:30 PM], All data
[2021-06-08T19:25:14.188] [INFO] Paperbird - [/getAllPaperGrain/:name, {"get":true}][6:23:30 PM], All data
[2021-06-08T19:25:14.203] [INFO] Paperbird - [/getSupplier, {"post":true}][6:23:30 PM], Supplier Data
[2021-06-08T19:25:14.255] [INFO] Paperbird - [/allProducts, {"post":true}][6:23:30 PM], All products
[2021-06-08T19:25:16.015] [INFO] Paperbird - [/getAllProductGroup/:name, {"get":true}][6:23:30 PM], All data
[2021-06-08T19:25:16.016] [INFO] Paperbird - [/getAllPaperClass/:name, {"get":true}][6:23:30 PM], All data
[2021-06-08T19:25:16.032] [INFO] Paperbird - [/getAllPaperQuality/:name, {"get":true}][6:23:30 PM], All data
[2021-06-08T19:25:16.037] [INFO] Paperbird - [/getAllPaperPrintibility/:name, {"get":true}][6:23:30 PM], All data
[2021-06-08T19:25:16.048] [INFO] Paperbird - [/getAllPaperColor/:name, {"get":true}][6:23:30 PM], All data
[2021-06-08T19:25:16.054] [INFO] Paperbird - [/getAllMeasurementUnit/:name, {"get":true}][6:23:30 PM], All data
[2021-06-08T19:25:16.061] [INFO] Paperbird - [/getAllPaperGrain/:name, {"get":true}][6:23:30 PM], All data
[2021-06-08T19:25:16.072] [INFO] Paperbird - [/getAllPaperGsm/:name, {"get":true}][6:23:30 PM], All data
[2021-06-08T19:25:16.123] [INFO] Paperbird - [/getSinglePublishedProduct/:id, {"get":true}][6:23:30 PM], All products
[2021-06-08T19:25:18.491] [INFO] Paperbird - [/getAllProductGroup/:name, {"get":true}][6:23:30 PM], All data
[2021-06-08T19:25:18.495] [INFO] Paperbird - [/getAllProductGroup/:name, {"get":true}][6:23:30 PM], All data
[2021-06-08T19:25:18.512] [INFO] Paperbird - [/getAllProductSubgroup/:name, {"get":true}][6:23:30 PM], All data
[2021-06-08T19:25:18.521] [INFO] Paperbird - [/getAllPaperClass/:name, {"get":true}][6:23:30 PM], All data
[2021-06-08T19:25:18.527] [INFO] Paperbird - [/getAllPaperQuality/:name, {"get":true}][6:23:30 PM], All data
[2021-06-08T19:25:18.533] [INFO] Paperbird - [/getAllPaperPrintibility/:name, {"get":true}][6:23:30 PM], All data
[2021-06-08T19:25:18.541] [INFO] Paperbird - [/getAllPaperColor/:name, {"get":true}][6:23:30 PM], All data
[2021-06-08T19:25:18.551] [INFO] Paperbird - [/getAllMeasurementUnit/:name, {"get":true}][6:23:30 PM], All data
[2021-06-08T19:25:18.556] [INFO] Paperbird - [/getAllPaperGrain/:name, {"get":true}][6:23:30 PM], All data
[2021-06-08T19:25:18.565] [INFO] Paperbird - [/getSupplier, {"post":true}][6:23:30 PM], Supplier Data
[2021-06-08T19:25:18.603] [INFO] Paperbird - [/allProducts, {"post":true}][6:23:30 PM], All products
[2021-06-08T19:25:19.592] [INFO] Paperbird - [/getAllPaperClass/:name, {"get":true}][6:23:30 PM], All data
[2021-06-08T19:25:19.594] [INFO] Paperbird - [/getAllProductGroup/:name, {"get":true}][6:23:30 PM], All data
[2021-06-08T19:25:19.611] [INFO] Paperbird - [/getAllPaperQuality/:name, {"get":true}][6:23:30 PM], All data
[2021-06-08T19:25:19.618] [INFO] Paperbird - [/getAllPaperPrintibility/:name, {"get":true}][6:23:30 PM], All data
[2021-06-08T19:25:19.628] [INFO] Paperbird - [/getAllPaperColor/:name, {"get":true}][6:23:30 PM], All data
[2021-06-08T19:25:19.635] [INFO] Paperbird - [/getAllMeasurementUnit/:name, {"get":true}][6:23:30 PM], All data
[2021-06-08T19:25:19.641] [INFO] Paperbird - [/getAllPaperGrain/:name, {"get":true}][6:23:30 PM], All data
[2021-06-08T19:25:19.650] [INFO] Paperbird - [/getAllPaperGsm/:name, {"get":true}][6:23:30 PM], All data
[2021-06-08T19:25:19.681] [INFO] Paperbird - [/getSinglePublishedProduct/:id, {"get":true}][6:23:30 PM], All products
[2021-06-08T19:25:22.290] [INFO] Paperbird - [/getAllProductGroup/:name, {"get":true}][6:23:30 PM], All data
[2021-06-08T19:25:22.291] [INFO] Paperbird - [/getAllProductGroup/:name, {"get":true}][6:23:30 PM], All data
[2021-06-08T19:25:22.307] [INFO] Paperbird - [/getAllProductSubgroup/:name, {"get":true}][6:23:30 PM], All data
[2021-06-08T19:25:22.319] [INFO] Paperbird - [/getAllPaperClass/:name, {"get":true}][6:23:30 PM], All data
[2021-06-08T19:25:22.326] [INFO] Paperbird - [/getAllPaperQuality/:name, {"get":true}][6:23:30 PM], All data
[2021-06-08T19:25:22.332] [INFO] Paperbird - [/getAllPaperPrintibility/:name, {"get":true}][6:23:30 PM], All data
[2021-06-08T19:25:22.341] [INFO] Paperbird - [/getAllPaperColor/:name, {"get":true}][6:23:30 PM], All data
[2021-06-08T19:25:22.349] [INFO] Paperbird - [/getAllMeasurementUnit/:name, {"get":true}][6:23:30 PM], All data
[2021-06-08T19:25:22.354] [INFO] Paperbird - [/getAllPaperGrain/:name, {"get":true}][6:23:30 PM], All data
[2021-06-08T19:25:22.366] [INFO] Paperbird - [/getSupplier, {"post":true}][6:23:30 PM], Supplier Data
[2021-06-08T19:25:22.407] [INFO] Paperbird - [/allProducts, {"post":true}][6:23:30 PM], All products
[2021-06-08T19:25:43.577] [INFO] Paperbird - [/getAllProductGroup/:name, {"get":true}][6:23:30 PM], All data
[2021-06-08T19:25:43.578] [INFO] Paperbird - [/getAllPaperClass/:name, {"get":true}][6:23:30 PM], All data
[2021-06-08T19:25:43.600] [INFO] Paperbird - [/getAllPaperQuality/:name, {"get":true}][6:23:30 PM], All data
[2021-06-08T19:25:43.608] [INFO] Paperbird - [/getAllPaperPrintibility/:name, {"get":true}][6:23:30 PM], All data
[2021-06-08T19:25:43.619] [INFO] Paperbird - [/getAllPaperColor/:name, {"get":true}][6:23:30 PM], All data
[2021-06-08T19:25:43.630] [INFO] Paperbird - [/getAllMeasurementUnit/:name, {"get":true}][6:23:30 PM], All data
[2021-06-08T19:25:43.637] [INFO] Paperbird - [/getAllPaperGrain/:name, {"get":true}][6:23:30 PM], All data
[2021-06-08T19:25:43.647] [INFO] Paperbird - [/getAllPaperGsm/:name, {"get":true}][6:23:30 PM], All data
[2021-06-08T19:25:43.705] [INFO] Paperbird - [/getSinglePublishedProduct/:id, {"get":true}][6:23:30 PM], All products
[2021-06-08T19:25:48.950] [INFO] Paperbird - [/getAllProductGroup/:name, {"get":true}][6:23:30 PM], All data
[2021-06-08T19:25:48.952] [INFO] Paperbird - [/getAllProductGroup/:name, {"get":true}][6:23:30 PM], All data
[2021-06-08T19:25:48.977] [INFO] Paperbird - [/getAllProductSubgroup/:name, {"get":true}][6:23:30 PM], All data
[2021-06-08T19:25:48.990] [INFO] Paperbird - [/getAllPaperClass/:name, {"get":true}][6:23:30 PM], All data
[2021-06-08T19:25:48.998] [INFO] Paperbird - [/getAllPaperQuality/:name, {"get":true}][6:23:30 PM], All data
[2021-06-08T19:25:49.005] [INFO] Paperbird - [/getAllPaperPrintibility/:name, {"get":true}][6:23:30 PM], All data
[2021-06-08T19:25:49.015] [INFO] Paperbird - [/getAllPaperColor/:name, {"get":true}][6:23:30 PM], All data
[2021-06-08T19:25:49.023] [INFO] Paperbird - [/getAllMeasurementUnit/:name, {"get":true}][6:23:30 PM], All data
[2021-06-08T19:25:49.034] [INFO] Paperbird - [/getAllPaperGrain/:name, {"get":true}][6:23:30 PM], All data
[2021-06-08T19:25:49.043] [INFO] Paperbird - [/getSupplier, {"post":true}][6:23:30 PM], Supplier Data
[2021-06-08T19:25:49.089] [INFO] Paperbird - [/allProducts, {"post":true}][6:23:30 PM], All products
[2021-06-08T19:25:52.868] [INFO] Paperbird - [/getAllPaperClass/:name, {"get":true}][6:23:30 PM], All data
[2021-06-08T19:25:52.869] [INFO] Paperbird - [/getAllProductGroup/:name, {"get":true}][6:23:30 PM], All data
[2021-06-08T19:25:52.889] [INFO] Paperbird - [/getAllPaperQuality/:name, {"get":true}][6:23:30 PM], All data
[2021-06-08T19:25:52.899] [INFO] Paperbird - [/getAllPaperPrintibility/:name, {"get":true}][6:23:30 PM], All data
[2021-06-08T19:25:52.906] [INFO] Paperbird - [/getAllPaperColor/:name, {"get":true}][6:23:30 PM], All data
[2021-06-08T19:25:52.916] [INFO] Paperbird - [/getAllMeasurementUnit/:name, {"get":true}][6:23:30 PM], All data
[2021-06-08T19:25:52.921] [INFO] Paperbird - [/getAllPaperGrain/:name, {"get":true}][6:23:30 PM], All data
[2021-06-08T19:25:52.933] [INFO] Paperbird - [/getAllPaperGsm/:name, {"get":true}][6:23:30 PM], All data
[2021-06-08T19:25:53.003] [INFO] Paperbird - [/getSinglePublishedProduct/:id, {"get":true}][6:23:30 PM], All products
[2021-06-08T19:25:56.273] [INFO] Paperbird - [/getAllProductGroup/:name, {"get":true}][6:23:30 PM], All data
[2021-06-08T19:25:56.277] [INFO] Paperbird - [/getAllProductGroup/:name, {"get":true}][6:23:30 PM], All data
[2021-06-08T19:25:56.302] [INFO] Paperbird - [/getAllProductSubgroup/:name, {"get":true}][6:23:30 PM], All data
[2021-06-08T19:25:56.316] [INFO] Paperbird - [/getAllPaperClass/:name, {"get":true}][6:23:30 PM], All data
[2021-06-08T19:25:56.324] [INFO] Paperbird - [/getAllPaperQuality/:name, {"get":true}][6:23:30 PM], All data
[2021-06-08T19:25:56.334] [INFO] Paperbird - [/getAllPaperPrintibility/:name, {"get":true}][6:23:30 PM], All data
[2021-06-08T19:25:56.343] [INFO] Paperbird - [/getAllPaperColor/:name, {"get":true}][6:23:30 PM], All data
[2021-06-08T19:25:56.352] [INFO] Paperbird - [/getAllMeasurementUnit/:name, {"get":true}][6:23:30 PM], All data
[2021-06-08T19:25:56.362] [INFO] Paperbird - [/getAllPaperGrain/:name, {"get":true}][6:23:30 PM], All data
[2021-06-08T19:25:56.370] [INFO] Paperbird - [/getSupplier, {"post":true}][6:23:30 PM], Supplier Data
[2021-06-08T19:25:56.413] [INFO] Paperbird - [/allProducts, {"post":true}][6:23:30 PM], All products
[2021-06-08T19:25:58.398] [INFO] Paperbird - [/getAllProductGroup/:name, {"get":true}][6:23:30 PM], All data
[2021-06-08T19:25:58.400] [INFO] Paperbird - [/getAllPaperClass/:name, {"get":true}][6:23:30 PM], All data
[2021-06-08T19:25:58.419] [INFO] Paperbird - [/getAllPaperQuality/:name, {"get":true}][6:23:30 PM], All data
[2021-06-08T19:25:58.429] [INFO] Paperbird - [/getAllPaperPrintibility/:name, {"get":true}][6:23:30 PM], All data
[2021-06-08T19:25:58.437] [INFO] Paperbird - [/getAllPaperColor/:name, {"get":true}][6:23:30 PM], All data
[2021-06-08T19:25:58.444] [INFO] Paperbird - [/getAllMeasurementUnit/:name, {"get":true}][6:23:30 PM], All data
[2021-06-08T19:25:58.450] [INFO] Paperbird - [/getAllPaperGrain/:name, {"get":true}][6:23:30 PM], All data
[2021-06-08T19:25:58.459] [INFO] Paperbird - [/getAllPaperGsm/:name, {"get":true}][6:23:30 PM], All data
[2021-06-08T19:25:58.488] [INFO] Paperbird - [/getSinglePublishedProduct/:id, {"get":true}][6:23:30 PM], All products
[2021-06-08T19:26:00.548] [INFO] Paperbird - [/getAllProductGroup/:name, {"get":true}][6:23:30 PM], All data
[2021-06-08T19:26:00.550] [INFO] Paperbird - [/getAllProductGroup/:name, {"get":true}][6:23:30 PM], All data
[2021-06-08T19:26:00.576] [INFO] Paperbird - [/getAllProductSubgroup/:name, {"get":true}][6:23:30 PM], All data
[2021-06-08T19:26:00.588] [INFO] Paperbird - [/getAllPaperClass/:name, {"get":true}][6:23:30 PM], All data
[2021-06-08T19:26:00.594] [INFO] Paperbird - [/getAllPaperQuality/:name, {"get":true}][6:23:30 PM], All data
[2021-06-08T19:26:00.600] [INFO] Paperbird - [/getAllPaperPrintibility/:name, {"get":true}][6:23:30 PM], All data
[2021-06-08T19:26:00.608] [INFO] Paperbird - [/getAllPaperColor/:name, {"get":true}][6:23:30 PM], All data
[2021-06-08T19:26:00.616] [INFO] Paperbird - [/getAllMeasurementUnit/:name, {"get":true}][6:23:30 PM], All data
[2021-06-08T19:26:00.621] [INFO] Paperbird - [/getAllPaperGrain/:name, {"get":true}][6:23:30 PM], All data
[2021-06-08T19:26:00.630] [INFO] Paperbird - [/getSupplier, {"post":true}][6:23:30 PM], Supplier Data
[2021-06-08T19:26:00.676] [INFO] Paperbird - [/allProducts, {"post":true}][6:23:30 PM], All products
[2021-06-08T19:26:02.853] [INFO] Paperbird - [/getAllProductGroup/:name, {"get":true}][6:23:30 PM], All data
[2021-06-08T19:26:02.854] [INFO] Paperbird - [/getAllPaperClass/:name, {"get":true}][6:23:30 PM], All data
[2021-06-08T19:26:02.884] [INFO] Paperbird - [/getAllPaperQuality/:name, {"get":true}][6:23:30 PM], All data
[2021-06-08T19:26:02.889] [INFO] Paperbird - [/getAllPaperPrintibility/:name, {"get":true}][6:23:30 PM], All data
[2021-06-08T19:26:02.899] [INFO] Paperbird - [/getAllPaperColor/:name, {"get":true}][6:23:30 PM], All data
[2021-06-08T19:26:02.906] [INFO] Paperbird - [/getAllMeasurementUnit/:name, {"get":true}][6:23:30 PM], All data
[2021-06-08T19:26:02.914] [INFO] Paperbird - [/getAllPaperGrain/:name, {"get":true}][6:23:30 PM], All data
[2021-06-08T19:26:02.920] [INFO] Paperbird - [/getAllPaperGsm/:name, {"get":true}][6:23:30 PM], All data
[2021-06-08T19:26:02.967] [INFO] Paperbird - [/getSinglePublishedProduct/:id, {"get":true}][6:23:30 PM], All products
[2021-06-08T19:26:04.755] [INFO] Paperbird - [/getAllProductGroup/:name, {"get":true}][6:23:30 PM], All data
[2021-06-08T19:26:04.756] [INFO] Paperbird - [/getAllProductGroup/:name, {"get":true}][6:23:30 PM], All data
[2021-06-08T19:26:04.779] [INFO] Paperbird - [/getAllProductSubgroup/:name, {"get":true}][6:23:30 PM], All data
[2021-06-08T19:26:04.795] [INFO] Paperbird - [/getAllPaperClass/:name, {"get":true}][6:23:30 PM], All data
[2021-06-08T19:26:04.802] [INFO] Paperbird - [/getAllPaperQuality/:name, {"get":true}][6:23:30 PM], All data
[2021-06-08T19:26:04.809] [INFO] Paperbird - [/getAllPaperPrintibility/:name, {"get":true}][6:23:30 PM], All data
[2021-06-08T19:26:04.816] [INFO] Paperbird - [/getAllPaperColor/:name, {"get":true}][6:23:30 PM], All data
[2021-06-08T19:26:04.822] [INFO] Paperbird - [/getAllMeasurementUnit/:name, {"get":true}][6:23:30 PM], All data
[2021-06-08T19:26:04.830] [INFO] Paperbird - [/getAllPaperGrain/:name, {"get":true}][6:23:30 PM], All data
[2021-06-08T19:26:04.838] [INFO] Paperbird - [/getSupplier, {"post":true}][6:23:30 PM], Supplier Data
[2021-06-08T19:26:04.882] [INFO] Paperbird - [/allProducts, {"post":true}][6:23:30 PM], All products
[2021-06-08T19:26:06.851] [INFO] Paperbird - [/getAllPaperClass/:name, {"get":true}][6:23:30 PM], All data
[2021-06-08T19:26:06.852] [INFO] Paperbird - [/getAllProductGroup/:name, {"get":true}][6:23:30 PM], All data
[2021-06-08T19:26:06.869] [INFO] Paperbird - [/getAllPaperQuality/:name, {"get":true}][6:23:30 PM], All data
[2021-06-08T19:26:06.875] [INFO] Paperbird - [/getAllPaperPrintibility/:name, {"get":true}][6:23:30 PM], All data
[2021-06-08T19:26:06.884] [INFO] Paperbird - [/getAllPaperColor/:name, {"get":true}][6:23:30 PM], All data
[2021-06-08T19:26:06.890] [INFO] Paperbird - [/getAllMeasurementUnit/:name, {"get":true}][6:23:30 PM], All data
[2021-06-08T19:26:06.897] [INFO] Paperbird - [/getAllPaperGrain/:name, {"get":true}][6:23:30 PM], All data
[2021-06-08T19:26:06.904] [INFO] Paperbird - [/getAllPaperGsm/:name, {"get":true}][6:23:30 PM], All data
[2021-06-08T19:26:06.938] [INFO] Paperbird - [/getSinglePublishedProduct/:id, {"get":true}][6:23:30 PM], All products
[2021-06-08T19:26:08.471] [INFO] Paperbird - [/getAllProductGroup/:name, {"get":true}][6:23:30 PM], All data
[2021-06-08T19:26:08.472] [INFO] Paperbird - [/getAllProductGroup/:name, {"get":true}][6:23:30 PM], All data
[2021-06-08T19:26:08.488] [INFO] Paperbird - [/getAllProductSubgroup/:name, {"get":true}][6:23:30 PM], All data
[2021-06-08T19:26:08.500] [INFO] Paperbird - [/getAllPaperClass/:name, {"get":true}][6:23:30 PM], All data
[2021-06-08T19:26:08.511] [INFO] Paperbird - [/getAllPaperQuality/:name, {"get":true}][6:23:30 PM], All data
[2021-06-08T19:26:08.517] [INFO] Paperbird - [/getAllPaperPrintibility/:name, {"get":true}][6:23:30 PM], All data
[2021-06-08T19:26:08.526] [INFO] Paperbird - [/getAllPaperColor/:name, {"get":true}][6:23:30 PM], All data
[2021-06-08T19:26:08.533] [INFO] Paperbird - [/getAllMeasurementUnit/:name, {"get":true}][6:23:30 PM], All data
[2021-06-08T19:26:08.542] [INFO] Paperbird - [/getAllPaperGrain/:name, {"get":true}][6:23:30 PM], All data
[2021-06-08T19:26:08.550] [INFO] Paperbird - [/getSupplier, {"post":true}][6:23:30 PM], Supplier Data
[2021-06-08T19:26:08.609] [INFO] Paperbird - [/allProducts, {"post":true}][6:23:30 PM], All products
[2021-06-08T19:26:10.396] [INFO] Paperbird - [/getAllPaperClass/:name, {"get":true}][6:23:30 PM], All data
[2021-06-08T19:26:10.397] [INFO] Paperbird - [/getAllProductGroup/:name, {"get":true}][6:23:30 PM], All data
[2021-06-08T19:26:10.409] [INFO] Paperbird - [/getAllPaperQuality/:name, {"get":true}][6:23:30 PM], All data
[2021-06-08T19:26:10.417] [INFO] Paperbird - [/getAllPaperPrintibility/:name, {"get":true}][6:23:30 PM], All data
[2021-06-08T19:26:10.425] [INFO] Paperbird - [/getAllPaperColor/:name, {"get":true}][6:23:30 PM], All data
[2021-06-08T19:26:10.431] [INFO] Paperbird - [/getAllMeasurementUnit/:name, {"get":true}][6:23:30 PM], All data
[2021-06-08T19:26:10.436] [INFO] Paperbird - [/getAllPaperGrain/:name, {"get":true}][6:23:30 PM], All data
[2021-06-08T19:26:10.446] [INFO] Paperbird - [/getAllPaperGsm/:name, {"get":true}][6:23:30 PM], All data
[2021-06-08T19:26:10.494] [INFO] Paperbird - [/getSinglePublishedProduct/:id, {"get":true}][6:23:30 PM], All products
[2021-06-08T19:26:12.951] [INFO] Paperbird - [/getAllProductGroup/:name, {"get":true}][6:23:30 PM], All data
[2021-06-08T19:26:12.952] [INFO] Paperbird - [/getAllProductGroup/:name, {"get":true}][6:23:30 PM], All data
[2021-06-08T19:26:12.970] [INFO] Paperbird - [/getAllProductSubgroup/:name, {"get":true}][6:23:30 PM], All data
[2021-06-08T19:26:12.977] [INFO] Paperbird - [/getAllPaperClass/:name, {"get":true}][6:23:30 PM], All data
[2021-06-08T19:26:12.983] [INFO] Paperbird - [/getAllPaperQuality/:name, {"get":true}][6:23:30 PM], All data
[2021-06-08T19:26:12.988] [INFO] Paperbird - [/getAllPaperPrintibility/:name, {"get":true}][6:23:30 PM], All data
[2021-06-08T19:26:12.997] [INFO] Paperbird - [/getAllPaperColor/:name, {"get":true}][6:23:30 PM], All data
[2021-06-08T19:26:13.004] [INFO] Paperbird - [/getAllMeasurementUnit/:name, {"get":true}][6:23:30 PM], All data
[2021-06-08T19:26:13.010] [INFO] Paperbird - [/getAllPaperGrain/:name, {"get":true}][6:23:30 PM], All data
[2021-06-08T19:26:13.019] [INFO] Paperbird - [/getSupplier, {"post":true}][6:23:30 PM], Supplier Data
[2021-06-08T19:26:13.079] [INFO] Paperbird - [/allProducts, {"post":true}][6:23:30 PM], All products
[2021-06-08T19:26:15.898] [INFO] Paperbird - [/getAllPaperClass/:name, {"get":true}][6:23:30 PM], All data
[2021-06-08T19:26:15.899] [INFO] Paperbird - [/getAllProductGroup/:name, {"get":true}][6:23:30 PM], All data
[2021-06-08T19:26:15.905] [INFO] Paperbird - [/getAllPaperQuality/:name, {"get":true}][6:23:30 PM], All data
[2021-06-08T19:26:15.930] [INFO] Paperbird - [/getAllPaperPrintibility/:name, {"get":true}][6:23:30 PM], All data
[2021-06-08T19:26:15.938] [INFO] Paperbird - [/getAllPaperColor/:name, {"get":true}][6:23:30 PM], All data
[2021-06-08T19:26:15.947] [INFO] Paperbird - [/getAllMeasurementUnit/:name, {"get":true}][6:23:30 PM], All data
[2021-06-08T19:26:15.953] [INFO] Paperbird - [/getAllPaperGrain/:name, {"get":true}][6:23:30 PM], All data
[2021-06-08T19:26:15.964] [INFO] Paperbird - [/getAllPaperGsm/:name, {"get":true}][6:23:30 PM], All data
[2021-06-08T19:26:15.994] [INFO] Paperbird - [/getSinglePublishedProduct/:id, {"get":true}][6:23:30 PM], All products
[2021-06-08T19:26:17.497] [INFO] Paperbird - [/getAllProductGroup/:name, {"get":true}][6:23:30 PM], All data
[2021-06-08T19:26:17.498] [INFO] Paperbird - [/getAllProductGroup/:name, {"get":true}][6:23:30 PM], All data
[2021-06-08T19:26:17.519] [INFO] Paperbird - [/getAllProductSubgroup/:name, {"get":true}][6:23:30 PM], All data
[2021-06-08T19:26:17.528] [INFO] Paperbird - [/getAllPaperClass/:name, {"get":true}][6:23:30 PM], All data
[2021-06-08T19:26:17.534] [INFO] Paperbird - [/getAllPaperQuality/:name, {"get":true}][6:23:30 PM], All data
[2021-06-08T19:26:17.538] [INFO] Paperbird - [/getAllPaperPrintibility/:name, {"get":true}][6:23:30 PM], All data
[2021-06-08T19:26:17.549] [INFO] Paperbird - [/getAllPaperColor/:name, {"get":true}][6:23:30 PM], All data
[2021-06-08T19:26:17.554] [INFO] Paperbird - [/getAllMeasurementUnit/:name, {"get":true}][6:23:30 PM], All data
[2021-06-08T19:26:17.562] [INFO] Paperbird - [/getAllPaperGrain/:name, {"get":true}][6:23:30 PM], All data
[2021-06-08T19:26:17.569] [INFO] Paperbird - [/getSupplier, {"post":true}][6:23:30 PM], Supplier Data
[2021-06-08T19:26:17.617] [INFO] Paperbird - [/allProducts, {"post":true}][6:23:30 PM], All products
[2021-06-08T19:26:19.031] [INFO] Paperbird - [/getAllProductGroup/:name, {"get":true}][6:23:30 PM], All data
[2021-06-08T19:26:19.032] [INFO] Paperbird - [/getAllPaperClass/:name, {"get":true}][6:23:30 PM], All data
[2021-06-08T19:26:19.053] [INFO] Paperbird - [/getAllPaperQuality/:name, {"get":true}][6:23:30 PM], All data
[2021-06-08T19:26:19.058] [INFO] Paperbird - [/getAllPaperPrintibility/:name, {"get":true}][6:23:30 PM], All data
[2021-06-08T19:26:19.068] [INFO] Paperbird - [/getAllPaperColor/:name, {"get":true}][6:23:30 PM], All data
[2021-06-08T19:26:19.073] [INFO] Paperbird - [/getAllMeasurementUnit/:name, {"get":true}][6:23:30 PM], All data
[2021-06-08T19:26:19.080] [INFO] Paperbird - [/getAllPaperGrain/:name, {"get":true}][6:23:30 PM], All data
[2021-06-08T19:26:19.089] [INFO] Paperbird - [/getAllPaperGsm/:name, {"get":true}][6:23:30 PM], All data
[2021-06-08T19:26:19.138] [INFO] Paperbird - [/getSinglePublishedProduct/:id, {"get":true}][6:23:30 PM], All products
[2021-06-08T19:26:20.464] [INFO] Paperbird - [/getAllProductGroup/:name, {"get":true}][6:23:30 PM], All data
[2021-06-08T19:26:20.465] [INFO] Paperbird - [/getAllProductGroup/:name, {"get":true}][6:23:30 PM], All data
[2021-06-08T19:26:20.487] [INFO] Paperbird - [/getAllProductSubgroup/:name, {"get":true}][6:23:30 PM], All data
[2021-06-08T19:26:20.501] [INFO] Paperbird - [/getAllPaperClass/:name, {"get":true}][6:23:30 PM], All data
[2021-06-08T19:26:20.506] [INFO] Paperbird - [/getAllPaperQuality/:name, {"get":true}][6:23:30 PM], All data
[2021-06-08T19:26:20.514] [INFO] Paperbird - [/getAllPaperPrintibility/:name, {"get":true}][6:23:30 PM], All data
[2021-06-08T19:26:20.521] [INFO] Paperbird - [/getAllPaperColor/:name, {"get":true}][6:23:30 PM], All data
[2021-06-08T19:26:20.529] [INFO] Paperbird - [/getAllMeasurementUnit/:name, {"get":true}][6:23:30 PM], All data
[2021-06-08T19:26:20.534] [INFO] Paperbird - [/getAllPaperGrain/:name, {"get":true}][6:23:30 PM], All data
[2021-06-08T19:26:20.543] [INFO] Paperbird - [/getSupplier, {"post":true}][6:23:30 PM], Supplier Data
[2021-06-08T19:26:20.586] [INFO] Paperbird - [/allProducts, {"post":true}][6:23:30 PM], All products
[2021-06-08T19:26:22.569] [INFO] Paperbird - [/getAllProductGroup/:name, {"get":true}][6:23:30 PM], All data
[2021-06-08T19:26:22.570] [INFO] Paperbird - [/getAllPaperClass/:name, {"get":true}][6:23:30 PM], All data
[2021-06-08T19:26:22.594] [INFO] Paperbird - [/getAllPaperQuality/:name, {"get":true}][6:23:30 PM], All data
[2021-06-08T19:26:22.601] [INFO] Paperbird - [/getAllPaperPrintibility/:name, {"get":true}][6:23:30 PM], All data
[2021-06-08T19:26:22.610] [INFO] Paperbird - [/getAllPaperColor/:name, {"get":true}][6:23:30 PM], All data
[2021-06-08T19:26:22.617] [INFO] Paperbird - [/getAllMeasurementUnit/:name, {"get":true}][6:23:30 PM], All data
[2021-06-08T19:26:22.622] [INFO] Paperbird - [/getAllPaperGrain/:name, {"get":true}][6:23:30 PM], All data
[2021-06-08T19:26:22.632] [INFO] Paperbird - [/getAllPaperGsm/:name, {"get":true}][6:23:30 PM], All data
[2021-06-08T19:26:22.660] [INFO] Paperbird - [/getSinglePublishedProduct/:id, {"get":true}][6:23:30 PM], All products
[2021-06-08T19:26:25.132] [INFO] Paperbird - [/getAllProductGroup/:name, {"get":true}][6:23:30 PM], All data
[2021-06-08T19:26:25.134] [INFO] Paperbird - [/getAllProductGroup/:name, {"get":true}][6:23:30 PM], All data
[2021-06-08T19:26:25.155] [INFO] Paperbird - [/getAllProductSubgroup/:name, {"get":true}][6:23:30 PM], All data
[2021-06-08T19:26:25.169] [INFO] Paperbird - [/getAllPaperClass/:name, {"get":true}][6:23:30 PM], All data
[2021-06-08T19:26:25.175] [INFO] Paperbird - [/getAllPaperQuality/:name, {"get":true}][6:23:30 PM], All data
[2021-06-08T19:26:25.183] [INFO] Paperbird - [/getAllPaperPrintibility/:name, {"get":true}][6:23:30 PM], All data
[2021-06-08T19:26:25.189] [INFO] Paperbird - [/getAllPaperColor/:name, {"get":true}][6:23:30 PM], All data
[2021-06-08T19:26:25.199] [INFO] Paperbird - [/getAllMeasurementUnit/:name, {"get":true}][6:23:30 PM], All data
[2021-06-08T19:26:25.204] [INFO] Paperbird - [/getAllPaperGrain/:name, {"get":true}][6:23:30 PM], All data
[2021-06-08T19:26:25.214] [INFO] Paperbird - [/getSupplier, {"post":true}][6:23:30 PM], Supplier Data
[2021-06-08T19:26:25.259] [INFO] Paperbird - [/allProducts, {"post":true}][6:23:30 PM], All products
[2021-06-08T19:26:28.340] [INFO] Paperbird - [/allProducts, {"post":true}][6:23:30 PM], All products
[2021-06-08T19:26:29.553] [INFO] Paperbird - [/getAllProductGroup/:name, {"get":true}][6:23:30 PM], All data
[2021-06-08T19:26:29.554] [INFO] Paperbird - [/getAllPaperClass/:name, {"get":true}][6:23:30 PM], All data
[2021-06-08T19:26:29.573] [INFO] Paperbird - [/getAllPaperQuality/:name, {"get":true}][6:23:30 PM], All data
[2021-06-08T19:26:29.582] [INFO] Paperbird - [/getAllPaperPrintibility/:name, {"get":true}][6:23:30 PM], All data
[2021-06-08T19:26:29.590] [INFO] Paperbird - [/getAllPaperColor/:name, {"get":true}][6:23:30 PM], All data
[2021-06-08T19:26:29.600] [INFO] Paperbird - [/getAllMeasurementUnit/:name, {"get":true}][6:23:30 PM], All data
[2021-06-08T19:26:29.606] [INFO] Paperbird - [/getAllPaperGrain/:name, {"get":true}][6:23:30 PM], All data
[2021-06-08T19:26:29.614] [INFO] Paperbird - [/getAllPaperGsm/:name, {"get":true}][6:23:30 PM], All data
[2021-06-08T19:26:29.643] [INFO] Paperbird - [/getSinglePublishedProduct/:id, {"get":true}][6:23:30 PM], All products
[2021-06-08T19:26:32.554] [INFO] Paperbird - [/getAllProductGroup/:name, {"get":true}][6:23:30 PM], All data
[2021-06-08T19:26:32.556] [INFO] Paperbird - [/getAllProductGroup/:name, {"get":true}][6:23:30 PM], All data
[2021-06-08T19:26:32.579] [INFO] Paperbird - [/getAllProductSubgroup/:name, {"get":true}][6:23:30 PM], All data
[2021-06-08T19:26:32.596] [INFO] Paperbird - [/getAllPaperClass/:name, {"get":true}][6:23:30 PM], All data
[2021-06-08T19:26:32.601] [INFO] Paperbird - [/getAllPaperQuality/:name, {"get":true}][6:23:30 PM], All data
[2021-06-08T19:26:32.607] [INFO] Paperbird - [/getAllPaperPrintibility/:name, {"get":true}][6:23:30 PM], All data
[2021-06-08T19:26:32.618] [INFO] Paperbird - [/getAllPaperColor/:name, {"get":true}][6:23:30 PM], All data
[2021-06-08T19:26:32.624] [INFO] Paperbird - [/getAllMeasurementUnit/:name, {"get":true}][6:23:30 PM], All data
[2021-06-08T19:26:32.632] [INFO] Paperbird - [/getAllPaperGrain/:name, {"get":true}][6:23:30 PM], All data
[2021-06-08T19:26:32.639] [INFO] Paperbird - [/getSupplier, {"post":true}][6:23:30 PM], Supplier Data
[2021-06-08T19:26:32.689] [INFO] Paperbird - [/allProducts, {"post":true}][6:23:30 PM], All products
[2021-06-08T19:26:40.504] [INFO] Paperbird - [/getAllProductGroup/:name, {"get":true}][6:23:30 PM], All data
[2021-06-08T19:26:40.506] [INFO] Paperbird - [/getAllPaperClass/:name, {"get":true}][6:23:30 PM], All data
[2021-06-08T19:26:40.532] [INFO] Paperbird - [/getAllPaperQuality/:name, {"get":true}][6:23:30 PM], All data
[2021-06-08T19:26:40.539] [INFO] Paperbird - [/getAllPaperPrintibility/:name, {"get":true}][6:23:30 PM], All data
[2021-06-08T19:26:40.549] [INFO] Paperbird - [/getAllPaperColor/:name, {"get":true}][6:23:30 PM], All data
[2021-06-08T19:26:40.556] [INFO] Paperbird - [/getAllMeasurementUnit/:name, {"get":true}][6:23:30 PM], All data
[2021-06-08T19:26:40.563] [INFO] Paperbird - [/getAllPaperGrain/:name, {"get":true}][6:23:30 PM], All data
[2021-06-08T19:26:40.570] [INFO] Paperbird - [/getAllPaperGsm/:name, {"get":true}][6:23:30 PM], All data
[2021-06-08T19:26:40.620] [INFO] Paperbird - [/getSinglePublishedProduct/:id, {"get":true}][6:23:30 PM], All products
[2021-06-08T19:26:42.321] [INFO] Paperbird - [/getAllProductGroup/:name, {"get":true}][6:23:30 PM], All data
[2021-06-08T19:26:42.322] [INFO] Paperbird - [/getAllProductGroup/:name, {"get":true}][6:23:30 PM], All data
[2021-06-08T19:26:42.343] [INFO] Paperbird - [/getAllProductSubgroup/:name, {"get":true}][6:23:30 PM], All data
[2021-06-08T19:26:42.355] [INFO] Paperbird - [/getAllPaperClass/:name, {"get":true}][6:23:30 PM], All data
[2021-06-08T19:26:42.361] [INFO] Paperbird - [/getAllPaperQuality/:name, {"get":true}][6:23:30 PM], All data
[2021-06-08T19:26:42.366] [INFO] Paperbird - [/getAllPaperPrintibility/:name, {"get":true}][6:23:30 PM], All data
[2021-06-08T19:26:42.373] [INFO] Paperbird - [/getAllPaperColor/:name, {"get":true}][6:23:30 PM], All data
[2021-06-08T19:26:42.382] [INFO] Paperbird - [/getAllMeasurementUnit/:name, {"get":true}][6:23:30 PM], All data
[2021-06-08T19:26:42.387] [INFO] Paperbird - [/getAllPaperGrain/:name, {"get":true}][6:23:30 PM], All data
[2021-06-08T19:26:42.395] [INFO] Paperbird - [/getSupplier, {"post":true}][6:23:30 PM], Supplier Data
[2021-06-08T19:26:42.439] [INFO] Paperbird - [/allProducts, {"post":true}][6:23:30 PM], All products
[2021-06-08T19:26:58.257] [INFO] Paperbird - [/countries, {"get":true}][6:23:30 PM], All countries
[2021-06-08T19:26:58.257] [INFO] Paperbird - [/states/:id, {"get":true}][6:23:30 PM], All States
[2021-06-08T19:26:58.259] [INFO] Paperbird - [/cities/:state_id/:country_id, {"get":true}][6:23:30 PM], All Cities
[2021-06-08T19:26:58.349] [INFO] Paperbird - [/getAllProductGroup/:name, {"get":true}][6:23:30 PM], All data
[2021-06-08T19:27:11.484] [INFO] Paperbird - [/getAllProductGroup/:name, {"get":true}][6:23:30 PM], All data
[2021-06-08T19:27:11.485] [INFO] Paperbird - [/getAllProductGroup/:name, {"get":true}][6:23:30 PM], All data
[2021-06-08T19:27:11.509] [INFO] Paperbird - [/getAllProductSubgroup/:name, {"get":true}][6:23:30 PM], All data
[2021-06-08T19:27:11.523] [INFO] Paperbird - [/getAllPaperClass/:name, {"get":true}][6:23:30 PM], All data
[2021-06-08T19:27:11.531] [INFO] Paperbird - [/getAllPaperQuality/:name, {"get":true}][6:23:30 PM], All data
[2021-06-08T19:27:11.537] [INFO] Paperbird - [/getAllPaperPrintibility/:name, {"get":true}][6:23:30 PM], All data
[2021-06-08T19:27:11.548] [INFO] Paperbird - [/getAllPaperColor/:name, {"get":true}][6:23:30 PM], All data
[2021-06-08T19:27:11.554] [INFO] Paperbird - [/getAllMeasurementUnit/:name, {"get":true}][6:23:30 PM], All data
[2021-06-08T19:27:11.562] [INFO] Paperbird - [/getAllPaperGrain/:name, {"get":true}][6:23:30 PM], All data
[2021-06-08T19:27:11.569] [INFO] Paperbird - [/getSupplier, {"post":true}][6:23:30 PM], Supplier Data
[2021-06-08T19:27:11.617] [INFO] Paperbird - [/allProducts, {"post":true}][6:23:30 PM], All products
[2021-06-08T19:27:26.257] [INFO] Paperbird - [/getAllProductGroup/:name, {"get":true}][6:23:30 PM], All data
[2021-06-08T19:27:26.258] [INFO] Paperbird - [/getAllPaperClass/:name, {"get":true}][6:23:30 PM], All data
[2021-06-08T19:27:26.277] [INFO] Paperbird - [/getAllPaperQuality/:name, {"get":true}][6:23:30 PM], All data
[2021-06-08T19:27:26.284] [INFO] Paperbird - [/getAllPaperPrintibility/:name, {"get":true}][6:23:30 PM], All data
[2021-06-08T19:27:26.296] [INFO] Paperbird - [/getAllPaperColor/:name, {"get":true}][6:23:30 PM], All data
[2021-06-08T19:27:26.303] [INFO] Paperbird - [/getAllMeasurementUnit/:name, {"get":true}][6:23:30 PM], All data
[2021-06-08T19:27:26.311] [INFO] Paperbird - [/getAllPaperGrain/:name, {"get":true}][6:23:30 PM], All data
[2021-06-08T19:27:26.320] [INFO] Paperbird - [/getAllPaperGsm/:name, {"get":true}][6:23:30 PM], All data
[2021-06-08T19:27:26.372] [INFO] Paperbird - [/getSinglePublishedProduct/:id, {"get":true}][6:23:30 PM], All products
[2021-06-08T19:27:28.423] [INFO] Paperbird - [/getAllProductGroup/:name, {"get":true}][6:23:30 PM], All data
[2021-06-08T19:27:28.424] [INFO] Paperbird - [/getAllProductGroup/:name, {"get":true}][6:23:30 PM], All data
[2021-06-08T19:27:28.444] [INFO] Paperbird - [/getAllProductSubgroup/:name, {"get":true}][6:23:30 PM], All data
[2021-06-08T19:27:28.461] [INFO] Paperbird - [/getAllPaperClass/:name, {"get":true}][6:23:30 PM], All data
[2021-06-08T19:27:28.467] [INFO] Paperbird - [/getAllPaperQuality/:name, {"get":true}][6:23:30 PM], All data
[2021-06-08T19:27:28.472] [INFO] Paperbird - [/getAllPaperPrintibility/:name, {"get":true}][6:23:30 PM], All data
[2021-06-08T19:27:28.483] [INFO] Paperbird - [/getAllPaperColor/:name, {"get":true}][6:23:30 PM], All data
[2021-06-08T19:27:28.489] [INFO] Paperbird - [/getAllMeasurementUnit/:name, {"get":true}][6:23:30 PM], All data
[2021-06-08T19:27:28.497] [INFO] Paperbird - [/getAllPaperGrain/:name, {"get":true}][6:23:30 PM], All data
[2021-06-08T19:27:28.507] [INFO] Paperbird - [/getSupplier, {"post":true}][6:23:30 PM], Supplier Data
[2021-06-08T19:27:28.550] [INFO] Paperbird - [/allProducts, {"post":true}][6:23:30 PM], All products
[2021-06-08T19:27:31.122] [INFO] Paperbird - [/getAllProductGroup/:name, {"get":true}][6:23:30 PM], All data
[2021-06-08T19:27:31.123] [INFO] Paperbird - [/getAllPaperClass/:name, {"get":true}][6:23:30 PM], All data
[2021-06-08T19:27:31.144] [INFO] Paperbird - [/getAllPaperQuality/:name, {"get":true}][6:23:30 PM], All data
[2021-06-08T19:27:31.154] [INFO] Paperbird - [/getAllPaperPrintibility/:name, {"get":true}][6:23:30 PM], All data
[2021-06-08T19:27:31.166] [INFO] Paperbird - [/getAllPaperColor/:name, {"get":true}][6:23:30 PM], All data
[2021-06-08T19:27:31.173] [INFO] Paperbird - [/getAllMeasurementUnit/:name, {"get":true}][6:23:30 PM], All data
[2021-06-08T19:27:31.180] [INFO] Paperbird - [/getAllPaperGrain/:name, {"get":true}][6:23:30 PM], All data
[2021-06-08T19:27:31.187] [INFO] Paperbird - [/getAllPaperGsm/:name, {"get":true}][6:23:30 PM], All data
[2021-06-08T19:27:31.234] [INFO] Paperbird - [/getSinglePublishedProduct/:id, {"get":true}][6:23:30 PM], All products
[2021-06-08T19:27:35.824] [INFO] Paperbird - [/getAllProductGroup/:name, {"get":true}][6:23:30 PM], All data
[2021-06-08T19:27:35.827] [INFO] Paperbird - [/getAllProductGroup/:name, {"get":true}][6:23:30 PM], All data
[2021-06-08T19:27:35.843] [INFO] Paperbird - [/getAllProductSubgroup/:name, {"get":true}][6:23:30 PM], All data
[2021-06-08T19:27:35.868] [INFO] Paperbird - [/getAllPaperClass/:name, {"get":true}][6:23:30 PM], All data
[2021-06-08T19:27:35.876] [INFO] Paperbird - [/getAllPaperQuality/:name, {"get":true}][6:23:30 PM], All data
[2021-06-08T19:27:35.883] [INFO] Paperbird - [/getAllPaperPrintibility/:name, {"get":true}][6:23:30 PM], All data
[2021-06-08T19:27:35.892] [INFO] Paperbird - [/getAllPaperColor/:name, {"get":true}][6:23:30 PM], All data
[2021-06-08T19:27:35.901] [INFO] Paperbird - [/getAllMeasurementUnit/:name, {"get":true}][6:23:30 PM], All data
[2021-06-08T19:27:35.908] [INFO] Paperbird - [/getAllPaperGrain/:name, {"get":true}][6:23:30 PM], All data
[2021-06-08T19:27:35.917] [INFO] Paperbird - [/getSupplier, {"post":true}][6:23:30 PM], Supplier Data
[2021-06-08T19:27:35.962] [INFO] Paperbird - [/allProducts, {"post":true}][6:23:30 PM], All products
[2021-06-08T19:27:40.213] [INFO] Paperbird - [/getAllPaperClass/:name, {"get":true}][6:23:30 PM], All data
[2021-06-08T19:27:40.214] [INFO] Paperbird - [/getAllProductGroup/:name, {"get":true}][6:23:30 PM], All data
[2021-06-08T19:27:40.222] [INFO] Paperbird - [/getAllPaperQuality/:name, {"get":true}][6:23:30 PM], All data
[2021-06-08T19:27:40.243] [INFO] Paperbird - [/getAllPaperPrintibility/:name, {"get":true}][6:23:30 PM], All data
[2021-06-08T19:27:40.252] [INFO] Paperbird - [/getAllPaperColor/:name, {"get":true}][6:23:30 PM], All data
[2021-06-08T19:27:40.260] [INFO] Paperbird - [/getAllMeasurementUnit/:name, {"get":true}][6:23:30 PM], All data
[2021-06-08T19:27:40.266] [INFO] Paperbird - [/getAllPaperGrain/:name, {"get":true}][6:23:30 PM], All data
[2021-06-08T19:27:40.276] [INFO] Paperbird - [/getAllPaperGsm/:name, {"get":true}][6:23:30 PM], All data
[2021-06-08T19:27:40.327] [INFO] Paperbird - [/getSinglePublishedProduct/:id, {"get":true}][6:23:30 PM], All products
[2021-06-08T19:27:43.068] [INFO] Paperbird - [/getAllProductGroup/:name, {"get":true}][6:23:30 PM], All data
[2021-06-08T19:27:43.068] [INFO] Paperbird - [/getAllProductGroup/:name, {"get":true}][6:23:30 PM], All data
[2021-06-08T19:27:43.093] [INFO] Paperbird - [/getAllProductSubgroup/:name, {"get":true}][6:23:30 PM], All data
[2021-06-08T19:27:43.113] [INFO] Paperbird - [/getAllPaperClass/:name, {"get":true}][6:23:30 PM], All data
[2021-06-08T19:27:43.120] [INFO] Paperbird - [/getAllPaperQuality/:name, {"get":true}][6:23:30 PM], All data
[2021-06-08T19:27:43.129] [INFO] Paperbird - [/getAllPaperPrintibility/:name, {"get":true}][6:23:30 PM], All data
[2021-06-08T19:27:43.139] [INFO] Paperbird - [/getAllPaperColor/:name, {"get":true}][6:23:30 PM], All data
[2021-06-08T19:27:43.151] [INFO] Paperbird - [/getAllMeasurementUnit/:name, {"get":true}][6:23:30 PM], All data
[2021-06-08T19:27:43.159] [INFO] Paperbird - [/getAllPaperGrain/:name, {"get":true}][6:23:30 PM], All data
[2021-06-08T19:27:43.166] [INFO] Paperbird - [/getSupplier, {"post":true}][6:23:30 PM], Supplier Data
[2021-06-08T19:27:43.213] [INFO] Paperbird - [/allProducts, {"post":true}][6:23:30 PM], All products
[2021-06-08T19:27:45.060] [INFO] Paperbird - [/getAllProductGroup/:name, {"get":true}][6:23:30 PM], All data
[2021-06-08T19:27:45.061] [INFO] Paperbird - [/getAllPaperClass/:name, {"get":true}][6:23:30 PM], All data
[2021-06-08T19:27:45.077] [INFO] Paperbird - [/getAllPaperQuality/:name, {"get":true}][6:23:30 PM], All data
[2021-06-08T19:27:45.084] [INFO] Paperbird - [/getAllPaperPrintibility/:name, {"get":true}][6:23:30 PM], All data
[2021-06-08T19:27:45.093] [INFO] Paperbird - [/getAllPaperColor/:name, {"get":true}][6:23:30 PM], All data
[2021-06-08T19:27:45.100] [INFO] Paperbird - [/getAllMeasurementUnit/:name, {"get":true}][6:23:30 PM], All data
[2021-06-08T19:27:45.105] [INFO] Paperbird - [/getAllPaperGrain/:name, {"get":true}][6:23:30 PM], All data
[2021-06-08T19:27:45.114] [INFO] Paperbird - [/getAllPaperGsm/:name, {"get":true}][6:23:30 PM], All data
[2021-06-08T19:27:45.171] [INFO] Paperbird - [/getSinglePublishedProduct/:id, {"get":true}][6:23:30 PM], All products
[2021-06-08T19:27:47.072] [INFO] Paperbird - [/getAllProductGroup/:name, {"get":true}][6:23:30 PM], All data
[2021-06-08T19:27:47.076] [INFO] Paperbird - [/getAllProductGroup/:name, {"get":true}][6:23:30 PM], All data
[2021-06-08T19:27:47.110] [INFO] Paperbird - [/getAllProductSubgroup/:name, {"get":true}][6:23:30 PM], All data
[2021-06-08T19:27:47.117] [INFO] Paperbird - [/getAllPaperClass/:name, {"get":true}][6:23:30 PM], All data
[2021-06-08T19:27:47.123] [INFO] Paperbird - [/getAllPaperQuality/:name, {"get":true}][6:23:30 PM], All data
[2021-06-08T19:27:47.131] [INFO] Paperbird - [/getAllPaperPrintibility/:name, {"get":true}][6:23:30 PM], All data
[2021-06-08T19:27:47.139] [INFO] Paperbird - [/getAllPaperColor/:name, {"get":true}][6:23:30 PM], All data
[2021-06-08T19:27:47.148] [INFO] Paperbird - [/getAllMeasurementUnit/:name, {"get":true}][6:23:30 PM], All data
[2021-06-08T19:27:47.154] [INFO] Paperbird - [/getAllPaperGrain/:name, {"get":true}][6:23:30 PM], All data
[2021-06-08T19:27:47.162] [INFO] Paperbird - [/getSupplier, {"post":true}][6:23:30 PM], Supplier Data
[2021-06-08T19:27:47.222] [INFO] Paperbird - [/allProducts, {"post":true}][6:23:30 PM], All products
