[2021-04-22T10:52:48.918] [INFO] Paperbird - [/customer, {"post":true}][10:49:20 AM], Customer Login Successfull
[2021-04-22T10:52:56.411] [INFO] Paperbird - [/, {"post":true}][10:49:20 AM], Login successful
[2021-04-22T10:52:56.486] [ERROR] Paperbird - Something went wrong: ReferenceError: successResponses is not defined
    at C:\Projects\paperbird\server\routes\Dashboard\index.js:10:5
    at Layer.handle [as handle_request] (C:\Projects\paperbird\server\node_modules\express\lib\router\layer.js:95:5)
    at next (C:\Projects\paperbird\server\node_modules\express\lib\router\route.js:137:13)
    at module.exports (C:\Projects\paperbird\server\middlewares\jwtauth.js:56:5)
    at Layer.handle [as handle_request] (C:\Projects\paperbird\server\node_modules\express\lib\router\layer.js:95:5)
    at next (C:\Projects\paperbird\server\node_modules\express\lib\router\route.js:137:13)
    at Route.dispatch (C:\Projects\paperbird\server\node_modules\express\lib\router\route.js:112:3)
    at Layer.handle [as handle_request] (C:\Projects\paperbird\server\node_modules\express\lib\router\layer.js:95:5)
    at C:\Projects\paperbird\server\node_modules\express\lib\router\index.js:281:22
    at Function.process_params (C:\Projects\paperbird\server\node_modules\express\lib\router\index.js:335:12)
    at next (C:\Projects\paperbird\server\node_modules\express\lib\router\index.js:275:10)
    at Function.handle (C:\Projects\paperbird\server\node_modules\express\lib\router\index.js:174:3)
    at router (C:\Projects\paperbird\server\node_modules\express\lib\router\index.js:47:12)
    at Layer.handle [as handle_request] (C:\Projects\paperbird\server\node_modules\express\lib\router\layer.js:95:5)
    at trim_prefix (C:\Projects\paperbird\server\node_modules\express\lib\router\index.js:317:13)
    at C:\Projects\paperbird\server\node_modules\express\lib\router\index.js:284:7
    at Function.process_params (C:\Projects\paperbird\server\node_modules\express\lib\router\index.js:335:12)
    at next (C:\Projects\paperbird\server\node_modules\express\lib\router\index.js:275:10)
    at C:\Projects\paperbird\server\app.js:177:3
    at Layer.handle [as handle_request] (C:\Projects\paperbird\server\node_modules\express\lib\router\layer.js:95:5)
    at trim_prefix (C:\Projects\paperbird\server\node_modules\express\lib\router\index.js:317:13)
    at C:\Projects\paperbird\server\node_modules\express\lib\router\index.js:284:7
[2021-04-22T10:53:05.415] [INFO] Paperbird - [/getAllProductGroup/:name, {"get":true}][10:49:20 AM], All data
[2021-04-22T10:53:05.440] [INFO] Paperbird - [/getAllProductSubgroup/:name, {"get":true}][10:49:20 AM], All data
[2021-04-22T10:53:05.466] [INFO] Paperbird - [/getAllPaperClass/:name, {"get":true}][10:49:20 AM], All data
[2021-04-22T10:53:05.494] [INFO] Paperbird - [/getAllPaperQuality/:name, {"get":true}][10:49:20 AM], All data
[2021-04-22T10:53:05.517] [INFO] Paperbird - [/getAllPaperPrintibility/:name, {"get":true}][10:49:20 AM], All data
[2021-04-22T10:53:05.549] [INFO] Paperbird - [/getAllPaperColor/:name, {"get":true}][10:49:20 AM], All data
[2021-04-22T10:53:05.576] [INFO] Paperbird - [/getAllMeasurementUnit/:name, {"get":true}][10:49:20 AM], All data
[2021-04-22T10:53:05.602] [INFO] Paperbird - [/getAllPaperGrain/:name, {"get":true}][10:49:20 AM], All data
[2021-04-22T10:53:05.633] [INFO] Paperbird - [/getAllPaperGsm/:name, {"get":true}][10:49:20 AM], All data
[2021-04-22T10:53:05.790] [INFO] Paperbird - [/getProducts, {"post":true}][10:49:20 AM], Product Data
[2021-04-22T10:53:06.731] [ERROR] Paperbird - [/getSuppliersOrders/:type, {"post":true}][10:49:20 AM], SequelizeDatabaseError: You have an error in your SQL syntax; check the manual that corresponds to your MariaDB server version for the right syntax to use near '.IsActive,
    Customer_Address.CustomerID AS Customer_Address.CustomerID,
    C' at line 26
[2021-04-22T11:05:27.921] [INFO] Paperbird - [/getSuppliersOrders/:type, {"post":true}][11:05:26 AM], Purchase order of suppliers
[2021-04-22T11:05:27.942] [INFO] Paperbird - [/getAll, {"get":true}][11:05:26 AM], All supplier warehouse
[2021-04-22T11:05:33.356] [INFO] Paperbird - [/getAllProductGroup/:name, {"get":true}][11:05:26 AM], All data
[2021-04-22T11:05:33.397] [INFO] Paperbird - [/getAllProductSubgroup/:name, {"get":true}][11:05:26 AM], All data
[2021-04-22T11:05:33.479] [INFO] Paperbird - [/allProducts, {"post":true}][11:05:26 AM], All products
[2021-04-22T11:05:33.514] [INFO] Paperbird - [/getAllPaperClass/:name, {"get":true}][11:05:26 AM], All data
[2021-04-22T11:05:33.783] [INFO] Paperbird - [/getAllPaperQuality/:name, {"get":true}][11:05:26 AM], All data
[2021-04-22T11:05:33.805] [INFO] Paperbird - [/getAllPaperPrintibility/:name, {"get":true}][11:05:26 AM], All data
[2021-04-22T11:05:33.864] [INFO] Paperbird - [/getAllPaperColor/:name, {"get":true}][11:05:26 AM], All data
[2021-04-22T11:05:33.923] [INFO] Paperbird - [/getAllMeasurementUnit/:name, {"get":true}][11:05:26 AM], All data
[2021-04-22T11:05:33.940] [INFO] Paperbird - [/getAllPaperGrain/:name, {"get":true}][11:05:26 AM], All data
[2021-04-22T11:05:33.964] [INFO] Paperbird - [/getSupplier, {"post":true}][11:05:26 AM], Supplier Data
[2021-04-22T11:05:34.088] [INFO] Paperbird - [/allProducts, {"post":true}][11:05:26 AM], All products
[2021-04-22T11:05:34.251] [INFO] Paperbird - [/getAllGroupsForCustomer, {"get":true}][11:05:26 AM], All customer groups
[2021-04-22T11:05:36.003] [INFO] Paperbird - [/addCart, {"post":true}][11:05:26 AM], Customer Login Successfull
[2021-04-22T11:05:44.090] [INFO] Paperbird - [/getAllProductGroup/:name, {"get":true}][11:05:26 AM], All data
[2021-04-22T11:05:44.182] [INFO] Paperbird - [/allProducts, {"post":true}][11:05:26 AM], All products
[2021-04-22T11:05:44.191] [INFO] Paperbird - [/getAllProductSubgroup/:name, {"get":true}][11:05:26 AM], All data
[2021-04-22T11:05:44.253] [INFO] Paperbird - [/getAllPaperClass/:name, {"get":true}][11:05:26 AM], All data
[2021-04-22T11:05:44.483] [INFO] Paperbird - [/getAllPaperQuality/:name, {"get":true}][11:05:26 AM], All data
[2021-04-22T11:05:44.519] [INFO] Paperbird - [/getAllPaperPrintibility/:name, {"get":true}][11:05:26 AM], All data
[2021-04-22T11:05:44.601] [INFO] Paperbird - [/getAllPaperColor/:name, {"get":true}][11:05:26 AM], All data
[2021-04-22T11:05:44.665] [INFO] Paperbird - [/getAllMeasurementUnit/:name, {"get":true}][11:05:26 AM], All data
[2021-04-22T11:05:44.695] [INFO] Paperbird - [/getAllPaperGrain/:name, {"get":true}][11:05:26 AM], All data
[2021-04-22T11:05:44.713] [INFO] Paperbird - [/getSupplier, {"post":true}][11:05:26 AM], Supplier Data
[2021-04-22T11:05:44.834] [INFO] Paperbird - [/allProducts, {"post":true}][11:05:26 AM], All products
[2021-04-22T11:05:45.001] [INFO] Paperbird - [/getAllGroupsForCustomer, {"get":true}][11:05:26 AM], All customer groups
[2021-04-22T11:05:45.784] [INFO] Paperbird - [/getCart, {"get":true}][11:05:26 AM], User Cart
[2021-04-22T11:05:45.959] [INFO] Paperbird - [/countries, {"get":true}][11:05:26 AM], All countries
[2021-04-22T11:05:45.960] [INFO] Paperbird - [/states/:id, {"get":true}][11:05:26 AM], All States
[2021-04-22T11:05:45.961] [INFO] Paperbird - [/cities/:state_id/:country_id, {"get":true}][11:05:26 AM], All Cities
[2021-04-22T11:05:48.969] [INFO] Paperbird - [/addCart, {"post":true}][11:05:26 AM], Customer Login Successfull
[2021-04-22T11:05:50.531] [INFO] Paperbird - [/getAll, {"get":true}][11:05:26 AM], All addresses
[2021-04-22T11:05:52.431] [ERROR] Paperbird - [/newOrder, {"post":true}][11:05:26 AM], SequelizeDatabaseError: Column 'Discount' cannot be null
[2021-04-22T11:07:25.795] [INFO] Paperbird - [/newOrder, {"post":true}][11:07:01 AM], Order created successfully
[2021-04-22T11:07:25.849] [INFO] Paperbird - [/removeCart/:id, {"get":true}][11:07:01 AM], Product removed successfully
[2021-04-22T11:07:26.983] [INFO] Paperbird - [/getAllProductGroup/:name, {"get":true}][11:07:01 AM], All data
[2021-04-22T11:07:27.009] [INFO] Paperbird - [/getAllProductSubgroup/:name, {"get":true}][11:07:01 AM], All data
[2021-04-22T11:07:27.029] [INFO] Paperbird - [/getAllPaperClass/:name, {"get":true}][11:07:01 AM], All data
[2021-04-22T11:07:27.043] [INFO] Paperbird - [/getAllPaperQuality/:name, {"get":true}][11:07:01 AM], All data
[2021-04-22T11:07:27.057] [INFO] Paperbird - [/getAllPaperPrintibility/:name, {"get":true}][11:07:01 AM], All data
[2021-04-22T11:07:27.132] [INFO] Paperbird - [/getAllPaperColor/:name, {"get":true}][11:07:01 AM], All data
[2021-04-22T11:07:27.144] [INFO] Paperbird - [/allProducts, {"post":true}][11:07:01 AM], All products
[2021-04-22T11:07:27.164] [INFO] Paperbird - [/getAllMeasurementUnit/:name, {"get":true}][11:07:01 AM], All data
[2021-04-22T11:07:27.260] [INFO] Paperbird - [/getAllPaperGrain/:name, {"get":true}][11:07:01 AM], All data
[2021-04-22T11:07:27.281] [INFO] Paperbird - [/getSupplier, {"post":true}][11:07:01 AM], Supplier Data
[2021-04-22T11:07:27.394] [INFO] Paperbird - [/allProducts, {"post":true}][11:07:01 AM], All products
[2021-04-22T11:07:27.544] [INFO] Paperbird - [/getAllGroupsForCustomer, {"get":true}][11:07:01 AM], All customer groups
[2021-04-22T11:07:35.799] [INFO] Paperbird - [/getCustomerOrders, {"post":true}][11:07:01 AM], This are all customer Orders
[2021-04-22T11:07:35.904] [INFO] Paperbird - [/getSingleCustomerOrder/:id, {"get":true}][11:07:01 AM], All Orders
[2021-04-22T11:07:35.945] [INFO] Paperbird - [/getSingleCustomerOrder/:id, {"get":true}][11:07:01 AM], All Orders
[2021-04-22T11:07:37.149] [INFO] Paperbird - [/getSingleCustomerOrder/:id, {"get":true}][11:07:01 AM], All Orders
[2021-04-22T11:07:37.557] [INFO] Paperbird - [/getSingleCustomerOrder/:id, {"get":true}][11:07:01 AM], All Orders
[2021-04-22T11:07:38.042] [INFO] Paperbird - [/getSingleCustomerOrder/:id, {"get":true}][11:07:01 AM], All Orders
[2021-04-22T11:07:40.381] [INFO] Paperbird - [/getSuppliersOrders/:type, {"post":true}][11:07:01 AM], Purchase order of suppliers
[2021-04-22T11:07:40.413] [INFO] Paperbird - [/getAll, {"get":true}][11:07:01 AM], All supplier warehouse
[2021-04-22T11:07:41.514] [INFO] Paperbird - [/getOrderDetail/:id/:type, {"get":true}][11:07:01 AM], Order Detail
[2021-04-22T11:10:50.797] [INFO] Paperbird - [/getSuppliersOrders/:type, {"post":true}][11:08:46 AM], Purchase order of suppliers
[2021-04-22T11:10:50.835] [INFO] Paperbird - [/getAll, {"get":true}][11:08:46 AM], All supplier warehouse
[2021-04-22T11:10:52.257] [INFO] Paperbird - [/getOrderDetail/:id/:type, {"get":true}][11:08:46 AM], Order Detail
[2021-04-22T11:12:59.393] [INFO] Paperbird - [/getSuppliersOrders/:type, {"post":true}][11:12:34 AM], Purchase order of suppliers
[2021-04-22T11:12:59.442] [INFO] Paperbird - [/getAll, {"get":true}][11:12:34 AM], All supplier warehouse
[2021-04-22T11:13:00.929] [INFO] Paperbird - [/getOrderDetail/:id/:type, {"get":true}][11:12:34 AM], Order Detail
[2021-04-22T11:16:28.707] [INFO] Paperbird - [/getSuppliersOrders/:type, {"post":true}][11:16:25 AM], Purchase order of suppliers
[2021-04-22T11:16:28.730] [INFO] Paperbird - [/getAll, {"get":true}][11:16:25 AM], All supplier warehouse
[2021-04-22T11:16:29.790] [INFO] Paperbird - [/getOrderDetail/:id/:type, {"get":true}][11:16:25 AM], Order Detail
[2021-04-22T11:21:43.338] [INFO] Paperbird - [/getSuppliersOrders/:type, {"post":true}][11:17:15 AM], Purchase order of suppliers
[2021-04-22T11:21:43.591] [INFO] Paperbird - [/getAll, {"get":true}][11:17:15 AM], All supplier warehouse
[2021-04-22T11:21:54.558] [INFO] Paperbird - [/getOrderDetail/:id/:type, {"get":true}][11:17:15 AM], Order Detail
[2021-04-22T11:22:21.055] [INFO] Paperbird - [/getSuppliersOrders/:type, {"post":true}][11:17:15 AM], Purchase order of suppliers
[2021-04-22T11:22:21.097] [INFO] Paperbird - [/getAll, {"get":true}][11:17:15 AM], All supplier warehouse
[2021-04-22T11:22:41.624] [INFO] Paperbird - [/getSuppliersOrders/:type, {"post":true}][11:17:15 AM], Purchase order of suppliers
[2021-04-22T11:22:41.709] [INFO] Paperbird - [/getAll, {"get":true}][11:17:15 AM], All supplier warehouse
[2021-04-22T11:22:46.550] [INFO] Paperbird - [/getSuppliersOrders/:type, {"post":true}][11:17:15 AM], Purchase order of suppliers
[2021-04-22T11:22:46.670] [INFO] Paperbird - [/getAll, {"get":true}][11:17:15 AM], All supplier warehouse
[2021-04-22T11:22:58.376] [INFO] Paperbird - [/getOrderDetail/:id/:type, {"get":true}][11:17:15 AM], Order Detail
[2021-04-22T11:23:09.739] [INFO] Paperbird - [/getSuppliersOrders/:type, {"post":true}][11:17:15 AM], Purchase order of suppliers
[2021-04-22T11:23:09.881] [INFO] Paperbird - [/getAll, {"get":true}][11:17:15 AM], All supplier warehouse
[2021-04-22T11:23:21.757] [INFO] Paperbird - [/getOrderDetail/:id/:type, {"get":true}][11:17:15 AM], Order Detail
[2021-04-22T11:23:40.817] [INFO] Paperbird - [/getSuppliersOrders/:type, {"post":true}][11:17:15 AM], Purchase order of suppliers
[2021-04-22T11:23:41.003] [INFO] Paperbird - [/getAll, {"get":true}][11:17:15 AM], All supplier warehouse
[2021-04-22T11:23:51.982] [INFO] Paperbird - [/getOrderDetail/:id/:type, {"get":true}][11:17:15 AM], Order Detail
[2021-04-22T11:24:06.215] [INFO] Paperbird - [/getSuppliersOrders/:type, {"post":true}][11:17:15 AM], Purchase order of suppliers
[2021-04-22T11:24:06.294] [INFO] Paperbird - [/getAll, {"get":true}][11:17:15 AM], All supplier warehouse
[2021-04-22T11:24:35.854] [INFO] Paperbird - [/getOrderDetail/:id/:type, {"get":true}][11:17:15 AM], Order Detail
[2021-04-22T11:24:54.590] [INFO] Paperbird - [/getSuppliersOrders/:type, {"post":true}][11:17:15 AM], Purchase order of suppliers
[2021-04-22T11:24:54.739] [INFO] Paperbird - [/getAll, {"get":true}][11:17:15 AM], All supplier warehouse
[2021-04-22T11:24:55.625] [INFO] Paperbird - [/getOrderDetail/:id/:type, {"get":true}][11:17:15 AM], Order Detail
[2021-04-22T11:25:11.128] [INFO] Paperbird - [/getSuppliersOrders/:type, {"post":true}][11:17:15 AM], Purchase order of suppliers
[2021-04-22T11:25:11.290] [INFO] Paperbird - [/getAll, {"get":true}][11:17:15 AM], All supplier warehouse
[2021-04-22T11:25:18.943] [INFO] Paperbird - [/getOrderDetail/:id/:type, {"get":true}][11:17:15 AM], Order Detail
[2021-04-22T11:26:09.480] [INFO] Paperbird - [/getSuppliersOrders/:type, {"post":true}][11:17:15 AM], Purchase order of suppliers
[2021-04-22T11:26:09.535] [INFO] Paperbird - [/getAll, {"get":true}][11:17:15 AM], All supplier warehouse
[2021-04-22T11:36:33.158] [INFO] Paperbird - [/getSuppliersOrders/:type, {"post":true}][11:17:15 AM], Purchase order of suppliers
[2021-04-22T11:36:33.351] [INFO] Paperbird - [/getAll, {"get":true}][11:17:15 AM], All supplier warehouse
[2021-04-22T11:36:43.808] [INFO] Paperbird - [/getOrderDetail/:id/:type, {"get":true}][11:17:15 AM], Order Detail
[2021-04-22T11:37:04.566] [INFO] Paperbird - [/getSuppliersOrders/:type, {"post":true}][11:17:15 AM], Purchase order of suppliers
[2021-04-22T11:37:04.745] [INFO] Paperbird - [/getAll, {"get":true}][11:17:15 AM], All supplier warehouse
[2021-04-22T11:37:05.447] [INFO] Paperbird - [/getOrderDetail/:id/:type, {"get":true}][11:17:15 AM], Order Detail
[2021-04-22T11:37:27.048] [INFO] Paperbird - [/getSuppliersOrders/:type, {"post":true}][11:17:15 AM], Purchase order of suppliers
[2021-04-22T11:37:28.527] [INFO] Paperbird - [/getOrderDetail/:id/:type, {"get":true}][11:17:15 AM], Order Detail
[2021-04-22T11:38:07.169] [INFO] Paperbird - [/getSuppliersOrders/:type, {"post":true}][11:17:15 AM], Purchase order of suppliers
[2021-04-22T11:38:07.325] [INFO] Paperbird - [/getAll, {"get":true}][11:17:15 AM], All supplier warehouse
[2021-04-22T11:38:07.943] [INFO] Paperbird - [/getOrderDetail/:id/:type, {"get":true}][11:17:15 AM], Order Detail
[2021-04-22T11:38:31.744] [INFO] Paperbird - [/getSuppliersOrders/:type, {"post":true}][11:17:15 AM], Purchase order of suppliers
[2021-04-22T11:38:31.863] [INFO] Paperbird - [/getAll, {"get":true}][11:17:15 AM], All supplier warehouse
[2021-04-22T11:38:32.830] [INFO] Paperbird - [/getOrderDetail/:id/:type, {"get":true}][11:17:15 AM], Order Detail
[2021-04-22T11:38:47.090] [INFO] Paperbird - [/getSuppliersOrders/:type, {"post":true}][11:17:15 AM], Purchase order of suppliers
[2021-04-22T11:38:47.198] [INFO] Paperbird - [/getAll, {"get":true}][11:17:15 AM], All supplier warehouse
[2021-04-22T11:38:48.410] [INFO] Paperbird - [/getOrderDetail/:id/:type, {"get":true}][11:17:15 AM], Order Detail
[2021-04-22T11:39:09.701] [INFO] Paperbird - [/getSuppliersOrders/:type, {"post":true}][11:17:15 AM], Purchase order of suppliers
[2021-04-22T11:39:09.731] [INFO] Paperbird - [/getAll, {"get":true}][11:17:15 AM], All supplier warehouse
[2021-04-22T11:39:11.805] [INFO] Paperbird - [/getOrderDetail/:id/:type, {"get":true}][11:17:15 AM], Order Detail
[2021-04-22T11:39:29.373] [INFO] Paperbird - [/getSuppliersOrders/:type, {"post":true}][11:17:15 AM], Purchase order of suppliers
[2021-04-22T11:39:29.528] [INFO] Paperbird - [/getAll, {"get":true}][11:17:15 AM], All supplier warehouse
[2021-04-22T11:39:50.053] [INFO] Paperbird - [/getOrderDetail/:id/:type, {"get":true}][11:17:15 AM], Order Detail
[2021-04-22T11:40:04.363] [INFO] Paperbird - [/getSuppliersOrders/:type, {"post":true}][11:17:15 AM], Purchase order of suppliers
[2021-04-22T11:40:04.570] [INFO] Paperbird - [/getAll, {"get":true}][11:17:15 AM], All supplier warehouse
[2021-04-22T11:40:53.807] [INFO] Paperbird - [/getOrderDetail/:id/:type, {"get":true}][11:17:15 AM], Order Detail
[2021-04-22T11:41:12.644] [INFO] Paperbird - [/getSuppliersOrders/:type, {"post":true}][11:17:15 AM], Purchase order of suppliers
[2021-04-22T11:41:12.687] [INFO] Paperbird - [/getAll, {"get":true}][11:17:15 AM], All supplier warehouse
[2021-04-22T11:41:13.934] [INFO] Paperbird - [/getOrderDetail/:id/:type, {"get":true}][11:17:15 AM], Order Detail
[2021-04-22T11:42:23.535] [INFO] Paperbird - [/getSuppliersOrders/:type, {"post":true}][11:17:15 AM], Purchase order of suppliers
[2021-04-22T11:42:23.705] [INFO] Paperbird - [/getAll, {"get":true}][11:17:15 AM], All supplier warehouse
[2021-04-22T11:42:24.623] [INFO] Paperbird - [/getOrderDetail/:id/:type, {"get":true}][11:17:15 AM], Order Detail
[2021-04-22T11:42:49.030] [INFO] Paperbird - [/getSuppliersOrders/:type, {"post":true}][11:17:15 AM], Purchase order of suppliers
[2021-04-22T11:42:49.167] [INFO] Paperbird - [/getAll, {"get":true}][11:17:15 AM], All supplier warehouse
[2021-04-22T11:43:07.356] [INFO] Paperbird - [/getSuppliersOrders/:type, {"post":true}][11:17:15 AM], Purchase order of suppliers
[2021-04-22T11:43:07.427] [INFO] Paperbird - [/getAll, {"get":true}][11:17:15 AM], All supplier warehouse
[2021-04-22T11:43:26.612] [INFO] Paperbird - [/getSuppliersOrders/:type, {"post":true}][11:17:15 AM], Purchase order of suppliers
[2021-04-22T11:43:26.760] [INFO] Paperbird - [/getAll, {"get":true}][11:17:15 AM], All supplier warehouse
[2021-04-22T11:44:06.563] [INFO] Paperbird - [/getOrderDetail/:id/:type, {"get":true}][11:17:15 AM], Order Detail
[2021-04-22T11:44:44.905] [INFO] Paperbird - [/countries, {"get":true}][11:17:15 AM], All countries
[2021-04-22T11:44:44.921] [INFO] Paperbird - [/states, {"get":true}][11:17:15 AM], All states
[2021-04-22T11:44:44.935] [INFO] Paperbird - [/cities, {"get":true}][11:17:15 AM], All cities
[2021-04-22T11:44:45.207] [INFO] Paperbird - [/getWarehouses, {"post":true}][11:17:15 AM], Supplier's Warehouse Data
[2021-04-22T11:44:48.723] [INFO] Paperbird - [/getAllWarehouseProducts, {"post":true}][11:17:15 AM], Supplier's Products
[2021-04-22T11:44:57.623] [INFO] Paperbird - [/getAllWarehouseProducts, {"post":true}][11:17:15 AM], Supplier's Products
[2021-04-22T11:44:58.541] [INFO] Paperbird - [/getAllWarehouseProducts, {"post":true}][11:17:15 AM], Supplier's Products
[2021-04-22T11:45:03.639] [INFO] Paperbird - [/getAllWarehouseProducts, {"post":true}][11:17:15 AM], Supplier's Products
[2021-04-22T11:45:08.892] [INFO] Paperbird - [/getSuppliersOrders/:type, {"post":true}][11:17:15 AM], Purchase order of suppliers
[2021-04-22T11:45:08.922] [INFO] Paperbird - [/getAll, {"get":true}][11:17:15 AM], All supplier warehouse
[2021-04-22T11:45:10.296] [INFO] Paperbird - [/getOrderDetail/:id/:type, {"get":true}][11:17:15 AM], Order Detail
[2021-04-22T11:45:14.012] [INFO] Paperbird - [/countries, {"get":true}][11:17:15 AM], All countries
[2021-04-22T11:45:14.023] [INFO] Paperbird - [/states, {"get":true}][11:17:15 AM], All states
[2021-04-22T11:45:14.037] [INFO] Paperbird - [/cities, {"get":true}][11:17:15 AM], All cities
[2021-04-22T11:45:14.312] [INFO] Paperbird - [/getWarehouses, {"post":true}][11:17:15 AM], Supplier's Warehouse Data
[2021-04-22T11:45:16.037] [INFO] Paperbird - [/getAllWarehouseProducts, {"post":true}][11:17:15 AM], Supplier's Products
[2021-04-22T11:45:24.353] [INFO] Paperbird - [/getSuppliersOrders/:type, {"post":true}][11:17:15 AM], Purchase order of suppliers
[2021-04-22T11:45:24.361] [INFO] Paperbird - [/getAll, {"get":true}][11:17:15 AM], All supplier warehouse
[2021-04-22T11:46:39.757] [ERROR] Paperbird - Something went wrong: ReferenceError: successResponses is not defined
    at C:\Projects\paperbird\server\routes\Dashboard\index.js:10:5
    at Layer.handle [as handle_request] (C:\Projects\paperbird\server\node_modules\express\lib\router\layer.js:95:5)
    at next (C:\Projects\paperbird\server\node_modules\express\lib\router\route.js:137:13)
    at module.exports (C:\Projects\paperbird\server\middlewares\jwtauth.js:56:5)
    at Layer.handle [as handle_request] (C:\Projects\paperbird\server\node_modules\express\lib\router\layer.js:95:5)
    at next (C:\Projects\paperbird\server\node_modules\express\lib\router\route.js:137:13)
    at Route.dispatch (C:\Projects\paperbird\server\node_modules\express\lib\router\route.js:112:3)
    at Layer.handle [as handle_request] (C:\Projects\paperbird\server\node_modules\express\lib\router\layer.js:95:5)
    at C:\Projects\paperbird\server\node_modules\express\lib\router\index.js:281:22
    at Function.process_params (C:\Projects\paperbird\server\node_modules\express\lib\router\index.js:335:12)
    at next (C:\Projects\paperbird\server\node_modules\express\lib\router\index.js:275:10)
    at Function.handle (C:\Projects\paperbird\server\node_modules\express\lib\router\index.js:174:3)
    at router (C:\Projects\paperbird\server\node_modules\express\lib\router\index.js:47:12)
    at Layer.handle [as handle_request] (C:\Projects\paperbird\server\node_modules\express\lib\router\layer.js:95:5)
    at trim_prefix (C:\Projects\paperbird\server\node_modules\express\lib\router\index.js:317:13)
    at C:\Projects\paperbird\server\node_modules\express\lib\router\index.js:284:7
    at Function.process_params (C:\Projects\paperbird\server\node_modules\express\lib\router\index.js:335:12)
    at next (C:\Projects\paperbird\server\node_modules\express\lib\router\index.js:275:10)
    at C:\Projects\paperbird\server\app.js:177:3
    at Layer.handle [as handle_request] (C:\Projects\paperbird\server\node_modules\express\lib\router\layer.js:95:5)
    at trim_prefix (C:\Projects\paperbird\server\node_modules\express\lib\router\index.js:317:13)
    at C:\Projects\paperbird\server\node_modules\express\lib\router\index.js:284:7
[2021-04-22T11:46:44.245] [INFO] Paperbird - [/getSuppliersOrders/:type, {"post":true}][11:17:15 AM], Purchase order of suppliers
[2021-04-22T11:46:44.253] [INFO] Paperbird - [/getAll, {"get":true}][11:17:15 AM], All supplier warehouse
[2021-04-22T11:46:48.687] [INFO] Paperbird - [/countries, {"get":true}][11:17:15 AM], All countries
[2021-04-22T11:46:48.696] [INFO] Paperbird - [/states, {"get":true}][11:17:15 AM], All states
[2021-04-22T11:46:48.707] [INFO] Paperbird - [/cities, {"get":true}][11:17:15 AM], All cities
[2021-04-22T11:46:48.995] [INFO] Paperbird - [/getWarehouses, {"post":true}][11:17:15 AM], Supplier's Warehouse Data
[2021-04-22T11:46:51.683] [INFO] Paperbird - [/getAllWarehouseProducts, {"post":true}][11:17:15 AM], Supplier's Products
[2021-04-22T11:46:55.553] [INFO] Paperbird - [/getAllWarehouseProducts, {"post":true}][11:17:15 AM], Supplier's Products
[2021-04-22T11:47:14.650] [INFO] Paperbird - [/updateStock, {"post":true}][11:17:15 AM], Stock quantity added successfully
[2021-04-22T11:47:19.344] [INFO] Paperbird - [/getSuppliersOrders/:type, {"post":true}][11:17:15 AM], Purchase order of suppliers
[2021-04-22T11:47:19.353] [INFO] Paperbird - [/getAll, {"get":true}][11:17:15 AM], All supplier warehouse
[2021-04-22T11:47:20.798] [INFO] Paperbird - [/getOrderDetail/:id/:type, {"get":true}][11:17:15 AM], Order Detail
[2021-04-22T11:47:37.588] [INFO] Paperbird - [/getSuppliersOrders/:type, {"post":true}][11:17:15 AM], Purchase order of suppliers
[2021-04-22T11:47:37.602] [INFO] Paperbird - [/getAll, {"get":true}][11:17:15 AM], All supplier warehouse
[2021-04-22T11:47:43.785] [INFO] Paperbird - [/getOrderDetail/:id/:type, {"get":true}][11:17:15 AM], Order Detail
[2021-04-22T11:49:27.868] [INFO] Paperbird - [/updateOrder/:id, {"post":true}][11:17:15 AM], Purchase orders updated
[2021-04-22T11:49:27.923] [INFO] Paperbird - [/getSuppliersOrders/:type, {"post":true}][11:17:15 AM], Purchase order of suppliers
[2021-04-22T11:49:27.932] [INFO] Paperbird - [/getAll, {"get":true}][11:17:15 AM], All supplier warehouse
[2021-04-22T11:49:30.540] [INFO] Paperbird - [/allDispatchOrder, {"post":true}][11:17:15 AM], All dispatches
[2021-04-22T11:49:30.550] [INFO] Paperbird - [/getSuppliersOrders/:type, {"post":true}][11:17:15 AM], Purchase order of suppliers
[2021-04-22T11:49:30.557] [INFO] Paperbird - [/getAll, {"get":true}][11:17:15 AM], All supplier warehouse
[2021-04-22T11:49:34.504] [INFO] Paperbird - [/getOrderDetail/:id/:type, {"get":true}][11:17:15 AM], Order Detail
[2021-04-22T11:49:48.817] [INFO] Paperbird - [/getSingleDispatchOrder/:id, {"get":true}][11:17:15 AM], all order
[2021-04-22T11:57:14.860] [INFO] Paperbird - [/getSingleDispatchOrder/:id, {"get":true}][11:50:45 AM], all order
[2021-04-22T11:57:23.293] [INFO] Paperbird - [/getSuppliersOrders/:type, {"post":true}][11:50:45 AM], Purchase order of suppliers
[2021-04-22T11:57:23.305] [INFO] Paperbird - [/getAll, {"get":true}][11:50:45 AM], All supplier warehouse
[2021-04-22T11:57:25.775] [INFO] Paperbird - [/allDispatchOrder, {"post":true}][11:50:45 AM], All dispatches
[2021-04-22T11:57:25.788] [INFO] Paperbird - [/getSuppliersOrders/:type, {"post":true}][11:50:45 AM], Purchase order of suppliers
[2021-04-22T11:57:25.804] [INFO] Paperbird - [/getAll, {"get":true}][11:50:45 AM], All supplier warehouse
[2021-04-22T11:57:27.711] [INFO] Paperbird - [/getOrderDetail/:id/:type, {"get":true}][11:50:45 AM], Order Detail
[2021-04-22T11:57:37.200] [INFO] Paperbird - [/getCustomerOrders, {"post":true}][11:50:45 AM], This are all customer Orders
[2021-04-22T11:57:37.316] [INFO] Paperbird - [/getSingleCustomerOrder/:id, {"get":true}][11:50:45 AM], All Orders
[2021-04-22T11:57:37.356] [INFO] Paperbird - [/getSingleCustomerOrder/:id, {"get":true}][11:50:45 AM], All Orders
[2021-04-22T11:59:18.078] [INFO] Paperbird - [/getSuppliersOrders/:type, {"post":true}][11:59:16 AM], Purchase order of suppliers
[2021-04-22T11:59:18.120] [INFO] Paperbird - [/getAll, {"get":true}][11:59:16 AM], All supplier warehouse
[2021-04-22T11:59:25.355] [INFO] Paperbird - [/getAllProductGroup/:name, {"get":true}][11:59:16 AM], All data
[2021-04-22T11:59:25.435] [INFO] Paperbird - [/getAllProductSubgroup/:name, {"get":true}][11:59:16 AM], All data
[2021-04-22T11:59:25.437] [INFO] Paperbird - [/allProducts, {"post":true}][11:59:16 AM], All products
[2021-04-22T11:59:25.469] [INFO] Paperbird - [/getAllPaperClass/:name, {"get":true}][11:59:16 AM], All data
[2021-04-22T11:59:25.547] [INFO] Paperbird - [/getAllPaperQuality/:name, {"get":true}][11:59:16 AM], All data
[2021-04-22T11:59:25.777] [INFO] Paperbird - [/getAllPaperPrintibility/:name, {"get":true}][11:59:16 AM], All data
[2021-04-22T11:59:25.841] [INFO] Paperbird - [/getAllPaperColor/:name, {"get":true}][11:59:16 AM], All data
[2021-04-22T11:59:25.871] [INFO] Paperbird - [/getAllMeasurementUnit/:name, {"get":true}][11:59:16 AM], All data
[2021-04-22T11:59:25.915] [INFO] Paperbird - [/getAllPaperGrain/:name, {"get":true}][11:59:16 AM], All data
[2021-04-22T11:59:25.951] [INFO] Paperbird - [/getSupplier, {"post":true}][11:59:16 AM], Supplier Data
[2021-04-22T11:59:26.086] [INFO] Paperbird - [/allProducts, {"post":true}][11:59:16 AM], All products
[2021-04-22T11:59:26.264] [INFO] Paperbird - [/getAllGroupsForCustomer, {"get":true}][11:59:16 AM], All customer groups
[2021-04-22T11:59:27.614] [INFO] Paperbird - [/addCart, {"post":true}][11:59:16 AM], Customer Login Successfull
[2021-04-22T11:59:28.780] [INFO] Paperbird - [/getCart, {"get":true}][11:59:16 AM], User Cart
[2021-04-22T11:59:28.952] [INFO] Paperbird - [/countries, {"get":true}][11:59:16 AM], All countries
[2021-04-22T11:59:28.953] [INFO] Paperbird - [/states/:id, {"get":true}][11:59:16 AM], All States
[2021-04-22T11:59:28.955] [INFO] Paperbird - [/cities/:state_id/:country_id, {"get":true}][11:59:16 AM], All Cities
[2021-04-22T11:59:31.687] [INFO] Paperbird - [/addCart, {"post":true}][11:59:16 AM], Customer Login Successfull
[2021-04-22T11:59:32.537] [INFO] Paperbird - [/getAll, {"get":true}][11:59:16 AM], All addresses
[2021-04-22T11:59:34.272] [INFO] Paperbird - [/newOrder, {"post":true}][11:59:16 AM], Order created successfully
[2021-04-22T11:59:34.307] [INFO] Paperbird - [/removeCart/:id, {"get":true}][11:59:16 AM], Product removed successfully
[2021-04-22T11:59:35.336] [INFO] Paperbird - [/getAllProductGroup/:name, {"get":true}][11:59:16 AM], All data
[2021-04-22T11:59:35.354] [INFO] Paperbird - [/getAllProductSubgroup/:name, {"get":true}][11:59:16 AM], All data
[2021-04-22T11:59:35.383] [INFO] Paperbird - [/allProducts, {"post":true}][11:59:16 AM], All products
[2021-04-22T11:59:35.401] [INFO] Paperbird - [/getAllPaperClass/:name, {"get":true}][11:59:16 AM], All data
[2021-04-22T11:59:35.461] [INFO] Paperbird - [/getAllPaperQuality/:name, {"get":true}][11:59:16 AM], All data
[2021-04-22T11:59:35.512] [INFO] Paperbird - [/getAllPaperPrintibility/:name, {"get":true}][11:59:16 AM], All data
[2021-04-22T11:59:35.540] [INFO] Paperbird - [/getAllPaperColor/:name, {"get":true}][11:59:16 AM], All data
[2021-04-22T11:59:35.562] [INFO] Paperbird - [/getAllMeasurementUnit/:name, {"get":true}][11:59:16 AM], All data
[2021-04-22T11:59:35.572] [INFO] Paperbird - [/getAllPaperGrain/:name, {"get":true}][11:59:16 AM], All data
[2021-04-22T11:59:35.589] [INFO] Paperbird - [/getSupplier, {"post":true}][11:59:16 AM], Supplier Data
[2021-04-22T11:59:35.686] [INFO] Paperbird - [/allProducts, {"post":true}][11:59:16 AM], All products
[2021-04-22T11:59:35.946] [INFO] Paperbird - [/getAllGroupsForCustomer, {"get":true}][11:59:16 AM], All customer groups
[2021-04-22T11:59:38.890] [INFO] Paperbird - [/getSuppliersOrders/:type, {"post":true}][11:59:16 AM], Purchase order of suppliers
[2021-04-22T11:59:38.916] [INFO] Paperbird - [/getAll, {"get":true}][11:59:16 AM], All supplier warehouse
[2021-04-22T11:59:42.036] [ERROR] Paperbird - [/getOrderDetail/:id/:type, {"get":true}][11:59:16 AM], Error: Unable to find a valid association for model, 'Warehouse_Products'
[2021-04-22T12:00:06.159] [INFO] Paperbird - [/getSuppliersOrders/:type, {"post":true}][12:00:02 PM], Purchase order of suppliers
[2021-04-22T12:00:06.187] [INFO] Paperbird - [/getAll, {"get":true}][12:00:02 PM], All supplier warehouse
[2021-04-22T12:00:07.023] [INFO] Paperbird - [/getOrderDetail/:id/:type, {"get":true}][12:00:02 PM], Order Detail
[2021-04-22T12:01:20.900] [INFO] Paperbird - [/getSuppliersOrders/:type, {"post":true}][12:00:02 PM], Purchase order of suppliers
[2021-04-22T12:01:20.938] [INFO] Paperbird - [/getAll, {"get":true}][12:00:02 PM], All supplier warehouse
[2021-04-22T12:01:34.326] [INFO] Paperbird - [/getOrderDetail/:id/:type, {"get":true}][12:01:31 PM], Order Detail
[2021-04-22T12:01:58.025] [INFO] Paperbird - [/getSuppliersOrders/:type, {"post":true}][12:01:31 PM], Purchase order of suppliers
[2021-04-22T12:01:58.049] [INFO] Paperbird - [/getAll, {"get":true}][12:01:31 PM], All supplier warehouse
[2021-04-22T12:01:59.991] [INFO] Paperbird - [/getOrderDetail/:id/:type, {"get":true}][12:01:31 PM], Order Detail
[2021-04-22T12:06:17.017] [INFO] Paperbird - [/getSuppliersOrders/:type, {"post":true}][12:05:41 PM], Purchase order of suppliers
[2021-04-22T12:06:17.066] [INFO] Paperbird - [/getAll, {"get":true}][12:05:41 PM], All supplier warehouse
[2021-04-22T12:06:18.105] [ERROR] Paperbird - [/getOrderDetail/:id/:type, {"get":true}][12:05:41 PM], SequelizeEagerLoadingError: Warehouse_Products is not associated to Purchase_Order_Detail!
[2021-04-22T12:11:36.366] [INFO] Paperbird - [/getSuppliersOrders/:type, {"post":true}][12:11:32 PM], Purchase order of suppliers
[2021-04-22T12:11:36.393] [INFO] Paperbird - [/getAll, {"get":true}][12:11:32 PM], All supplier warehouse
[2021-04-22T12:11:56.794] [INFO] Paperbird - [/getOrderDetail/:id/:type, {"get":true}][12:11:56 PM], Order Detail
[2021-04-22T12:15:46.454] [INFO] Paperbird - [/countries, {"get":true}][12:11:56 PM], All countries
[2021-04-22T12:15:46.472] [INFO] Paperbird - [/states, {"get":true}][12:11:56 PM], All states
[2021-04-22T12:15:46.501] [INFO] Paperbird - [/cities, {"get":true}][12:11:56 PM], All cities
[2021-04-22T12:15:46.767] [INFO] Paperbird - [/getWarehouses, {"post":true}][12:11:56 PM], Supplier's Warehouse Data
[2021-04-22T12:15:49.163] [INFO] Paperbird - [/getAllWarehouseProducts, {"post":true}][12:11:56 PM], Supplier's Products
[2021-04-22T12:15:56.111] [INFO] Paperbird - [/getAllWarehouseProducts, {"post":true}][12:11:56 PM], Supplier's Products
[2021-04-22T12:16:01.159] [INFO] Paperbird - [/updateStock, {"post":true}][12:11:56 PM], Stock quantity added successfully
[2021-04-22T12:16:06.333] [INFO] Paperbird - [/allDispatchOrder, {"post":true}][12:11:56 PM], All dispatches
[2021-04-22T12:16:06.350] [INFO] Paperbird - [/getSuppliersOrders/:type, {"post":true}][12:11:56 PM], Purchase order of suppliers
[2021-04-22T12:16:06.360] [INFO] Paperbird - [/getAll, {"get":true}][12:11:56 PM], All supplier warehouse
[2021-04-22T12:16:07.041] [INFO] Paperbird - [/getSuppliersOrders/:type, {"post":true}][12:11:56 PM], Purchase order of suppliers
[2021-04-22T12:16:07.048] [INFO] Paperbird - [/getAll, {"get":true}][12:11:56 PM], All supplier warehouse
[2021-04-22T12:16:08.340] [INFO] Paperbird - [/getOrderDetail/:id/:type, {"get":true}][12:11:56 PM], Order Detail
[2021-04-22T12:16:20.121] [INFO] Paperbird - [/getSuppliersOrders/:type, {"post":true}][12:11:56 PM], Purchase order of suppliers
[2021-04-22T12:16:20.179] [INFO] Paperbird - [/getAll, {"get":true}][12:11:56 PM], All supplier warehouse
[2021-04-22T12:16:23.015] [INFO] Paperbird - [/getOrderDetail/:id/:type, {"get":true}][12:11:56 PM], Order Detail
[2021-04-22T12:22:57.880] [INFO] Paperbird - [/getSuppliersOrders/:type, {"post":true}][12:11:56 PM], Purchase order of suppliers
[2021-04-22T12:22:57.921] [INFO] Paperbird - [/getAll, {"get":true}][12:11:56 PM], All supplier warehouse
[2021-04-22T12:23:02.372] [INFO] Paperbird - [/getSuppliersOrders/:type, {"post":true}][12:11:56 PM], Purchase order of suppliers
[2021-04-22T12:23:02.437] [INFO] Paperbird - [/getAll, {"get":true}][12:11:56 PM], All supplier warehouse
[2021-04-22T12:24:28.531] [INFO] Paperbird - [/getSuppliersOrders/:type, {"post":true}][12:11:56 PM], Purchase order of suppliers
[2021-04-22T12:24:28.599] [INFO] Paperbird - [/getAll, {"get":true}][12:11:56 PM], All supplier warehouse
[2021-04-22T12:26:22.677] [INFO] Paperbird - [/getSuppliersOrders/:type, {"post":true}][12:11:56 PM], Purchase order of suppliers
[2021-04-22T12:26:22.712] [INFO] Paperbird - [/getAll, {"get":true}][12:11:56 PM], All supplier warehouse
[2021-04-22T12:26:24.004] [INFO] Paperbird - [/getOrderDetail/:id/:type, {"get":true}][12:11:56 PM], Order Detail
[2021-04-22T12:26:25.713] [INFO] Paperbird - [/productStock/:id, {"get":true}][12:11:56 PM], Warehouse stock
[2021-04-22T12:28:00.670] [INFO] Paperbird - [/getSuppliersOrders/:type, {"post":true}][12:11:56 PM], Purchase order of suppliers
[2021-04-22T12:28:00.720] [INFO] Paperbird - [/getAll, {"get":true}][12:11:56 PM], All supplier warehouse
[2021-04-22T12:28:49.428] [INFO] Paperbird - [/getOrderDetail/:id/:type, {"get":true}][12:11:56 PM], Order Detail
[2021-04-22T12:28:51.321] [INFO] Paperbird - [/productStock/:id, {"get":true}][12:11:56 PM], Warehouse stock
[2021-04-22T12:29:18.634] [INFO] Paperbird - [/productStock/:id, {"get":true}][12:29:17 PM], Warehouse stock
[2021-04-22T12:30:05.339] [INFO] Paperbird - [/getSuppliersOrders/:type, {"post":true}][12:29:33 PM], Purchase order of suppliers
[2021-04-22T12:30:05.397] [INFO] Paperbird - [/getAll, {"get":true}][12:29:33 PM], All supplier warehouse
[2021-04-22T12:30:06.430] [INFO] Paperbird - [/getOrderDetail/:id/:type, {"get":true}][12:29:33 PM], Order Detail
[2021-04-22T12:30:08.052] [INFO] Paperbird - [/productStock/:id, {"get":true}][12:29:33 PM], Warehouse stock
[2021-04-22T12:30:23.343] [INFO] Paperbird - [/getSuppliersOrders/:type, {"post":true}][12:29:33 PM], Purchase order of suppliers
[2021-04-22T12:30:23.393] [INFO] Paperbird - [/getAll, {"get":true}][12:29:33 PM], All supplier warehouse
[2021-04-22T12:30:25.456] [INFO] Paperbird - [/getOrderDetail/:id/:type, {"get":true}][12:29:33 PM], Order Detail
[2021-04-22T12:30:26.748] [INFO] Paperbird - [/productStock/:id, {"get":true}][12:29:33 PM], Warehouse stock
[2021-04-22T12:30:27.875] [INFO] Paperbird - [/productStock/:id, {"get":true}][12:29:33 PM], Warehouse stock
[2021-04-22T12:30:36.969] [INFO] Paperbird - [/getSuppliersOrders/:type, {"post":true}][12:29:33 PM], Purchase order of suppliers
[2021-04-22T12:30:37.033] [INFO] Paperbird - [/getAll, {"get":true}][12:29:33 PM], All supplier warehouse
[2021-04-22T12:30:37.930] [INFO] Paperbird - [/getOrderDetail/:id/:type, {"get":true}][12:29:33 PM], Order Detail
[2021-04-22T12:30:39.652] [INFO] Paperbird - [/productStock/:id, {"get":true}][12:29:33 PM], Warehouse stock
[2021-04-22T12:30:40.537] [INFO] Paperbird - [/productStock/:id, {"get":true}][12:29:33 PM], Warehouse stock
[2021-04-22T12:30:41.312] [INFO] Paperbird - [/productStock/:id, {"get":true}][12:29:33 PM], Warehouse stock
[2021-04-22T12:32:17.425] [INFO] Paperbird - [/getSuppliersOrders/:type, {"post":true}][12:29:33 PM], Purchase order of suppliers
[2021-04-22T12:32:17.468] [INFO] Paperbird - [/getAll, {"get":true}][12:29:33 PM], All supplier warehouse
[2021-04-22T12:32:37.371] [INFO] Paperbird - [/getSuppliersOrders/:type, {"post":true}][12:29:33 PM], Purchase order of suppliers
[2021-04-22T12:32:37.433] [INFO] Paperbird - [/getAll, {"get":true}][12:29:33 PM], All supplier warehouse
[2021-04-22T12:33:12.953] [INFO] Paperbird - [/getSuppliersOrders/:type, {"post":true}][12:29:33 PM], Purchase order of suppliers
[2021-04-22T12:33:13.014] [INFO] Paperbird - [/getAll, {"get":true}][12:29:33 PM], All supplier warehouse
[2021-04-22T12:33:14.858] [INFO] Paperbird - [/getOrderDetail/:id/:type, {"get":true}][12:29:33 PM], Order Detail
[2021-04-22T12:33:16.794] [INFO] Paperbird - [/productStock/:id, {"get":true}][12:29:33 PM], Warehouse stock
[2021-04-22T12:33:33.961] [INFO] Paperbird - [/getSuppliersOrders/:type, {"post":true}][12:29:33 PM], Purchase order of suppliers
[2021-04-22T12:33:34.012] [INFO] Paperbird - [/getAll, {"get":true}][12:29:33 PM], All supplier warehouse
[2021-04-22T12:33:35.137] [INFO] Paperbird - [/getOrderDetail/:id/:type, {"get":true}][12:29:33 PM], Order Detail
[2021-04-22T12:33:36.565] [INFO] Paperbird - [/productStock/:id, {"get":true}][12:29:33 PM], Warehouse stock
[2021-04-22T12:34:50.829] [INFO] Paperbird - [/getSuppliersOrders/:type, {"post":true}][12:29:33 PM], Purchase order of suppliers
[2021-04-22T12:34:50.867] [INFO] Paperbird - [/getAll, {"get":true}][12:29:33 PM], All supplier warehouse
[2021-04-22T12:34:51.611] [INFO] Paperbird - [/getOrderDetail/:id/:type, {"get":true}][12:29:33 PM], Order Detail
[2021-04-22T12:34:53.403] [INFO] Paperbird - [/productStock/:id, {"get":true}][12:29:33 PM], Warehouse stock
[2021-04-22T12:35:04.535] [INFO] Paperbird - [/getSuppliersOrders/:type, {"post":true}][12:29:33 PM], Purchase order of suppliers
[2021-04-22T12:35:04.548] [INFO] Paperbird - [/getAll, {"get":true}][12:29:33 PM], All supplier warehouse
[2021-04-22T12:37:21.908] [INFO] Paperbird - [/getOrderDetail/:id/:type, {"get":true}][12:29:33 PM], Order Detail
[2021-04-22T12:37:23.398] [INFO] Paperbird - [/productStock/:id, {"get":true}][12:29:33 PM], Warehouse stock
[2021-04-22T12:37:56.320] [INFO] Paperbird - [/getSuppliersOrders/:type, {"post":true}][12:29:33 PM], Purchase order of suppliers
[2021-04-22T12:37:56.354] [INFO] Paperbird - [/getAll, {"get":true}][12:29:33 PM], All supplier warehouse
[2021-04-22T12:38:26.043] [INFO] Paperbird - [/getOrderDetail/:id/:type, {"get":true}][12:29:33 PM], Order Detail
[2021-04-22T12:38:27.597] [INFO] Paperbird - [/productStock/:id, {"get":true}][12:29:33 PM], Warehouse stock
[2021-04-22T12:38:59.193] [INFO] Paperbird - [/getSuppliersOrders/:type, {"post":true}][12:29:33 PM], Purchase order of suppliers
[2021-04-22T12:38:59.214] [INFO] Paperbird - [/getAll, {"get":true}][12:29:33 PM], All supplier warehouse
[2021-04-22T12:39:14.466] [INFO] Paperbird - [/getOrderDetail/:id/:type, {"get":true}][12:29:33 PM], Order Detail
[2021-04-22T12:39:15.860] [INFO] Paperbird - [/productStock/:id, {"get":true}][12:29:33 PM], Warehouse stock
[2021-04-22T12:39:16.904] [INFO] Paperbird - [/productStock/:id, {"get":true}][12:29:33 PM], Warehouse stock
[2021-04-22T14:14:09.826] [ERROR] Paperbird - Something went wrong: ReferenceError: successResponses is not defined
    at C:\Projects\paperbird\server\routes\Dashboard\index.js:10:5
    at Layer.handle [as handle_request] (C:\Projects\paperbird\server\node_modules\express\lib\router\layer.js:95:5)
    at next (C:\Projects\paperbird\server\node_modules\express\lib\router\route.js:137:13)
    at module.exports (C:\Projects\paperbird\server\middlewares\jwtauth.js:56:5)
    at Layer.handle [as handle_request] (C:\Projects\paperbird\server\node_modules\express\lib\router\layer.js:95:5)
    at next (C:\Projects\paperbird\server\node_modules\express\lib\router\route.js:137:13)
    at Route.dispatch (C:\Projects\paperbird\server\node_modules\express\lib\router\route.js:112:3)
    at Layer.handle [as handle_request] (C:\Projects\paperbird\server\node_modules\express\lib\router\layer.js:95:5)
    at C:\Projects\paperbird\server\node_modules\express\lib\router\index.js:281:22
    at Function.process_params (C:\Projects\paperbird\server\node_modules\express\lib\router\index.js:335:12)
    at next (C:\Projects\paperbird\server\node_modules\express\lib\router\index.js:275:10)
    at Function.handle (C:\Projects\paperbird\server\node_modules\express\lib\router\index.js:174:3)
    at router (C:\Projects\paperbird\server\node_modules\express\lib\router\index.js:47:12)
    at Layer.handle [as handle_request] (C:\Projects\paperbird\server\node_modules\express\lib\router\layer.js:95:5)
    at trim_prefix (C:\Projects\paperbird\server\node_modules\express\lib\router\index.js:317:13)
    at C:\Projects\paperbird\server\node_modules\express\lib\router\index.js:284:7
    at Function.process_params (C:\Projects\paperbird\server\node_modules\express\lib\router\index.js:335:12)
    at next (C:\Projects\paperbird\server\node_modules\express\lib\router\index.js:275:10)
    at C:\Projects\paperbird\server\app.js:177:3
    at Layer.handle [as handle_request] (C:\Projects\paperbird\server\node_modules\express\lib\router\layer.js:95:5)
    at trim_prefix (C:\Projects\paperbird\server\node_modules\express\lib\router\index.js:317:13)
    at C:\Projects\paperbird\server\node_modules\express\lib\router\index.js:284:7
[2021-04-22T14:16:57.822] [INFO] Paperbird - [/getAllPaperClass/:name, {"get":true}][2:14:08 PM], All data
[2021-04-22T14:16:57.849] [INFO] Paperbird - [/getAllPaperQuality/:name, {"get":true}][2:14:08 PM], All data
[2021-04-22T14:16:57.875] [INFO] Paperbird - [/getAllPaperPrintibility/:name, {"get":true}][2:14:08 PM], All data
[2021-04-22T14:16:57.907] [INFO] Paperbird - [/getAllPaperColor/:name, {"get":true}][2:14:08 PM], All data
[2021-04-22T14:16:57.984] [INFO] Paperbird - [/getAllMeasurementUnit/:name, {"get":true}][2:14:08 PM], All data
[2021-04-22T14:16:58.008] [INFO] Paperbird - [/allProducts, {"post":true}][2:14:08 PM], All products
[2021-04-22T14:16:58.024] [INFO] Paperbird - [/getAllPaperGrain/:name, {"get":true}][2:14:08 PM], All data
[2021-04-22T14:16:58.485] [INFO] Paperbird - [/getSupplier, {"post":true}][2:14:08 PM], Supplier Data
[2021-04-22T14:16:58.683] [INFO] Paperbird - [/allProducts, {"post":true}][2:14:08 PM], All products
[2021-04-22T14:16:58.911] [INFO] Paperbird - [/getAllGroupsForCustomer, {"get":true}][2:14:08 PM], All customer groups
[2021-04-22T14:26:22.664] [ERROR] Paperbird - Something went wrong: ReferenceError: successResponses is not defined
    at C:\Projects\paperbird\server\routes\Dashboard\index.js:10:5
    at Layer.handle [as handle_request] (C:\Projects\paperbird\server\node_modules\express\lib\router\layer.js:95:5)
    at next (C:\Projects\paperbird\server\node_modules\express\lib\router\route.js:137:13)
    at module.exports (C:\Projects\paperbird\server\middlewares\jwtauth.js:56:5)
    at Layer.handle [as handle_request] (C:\Projects\paperbird\server\node_modules\express\lib\router\layer.js:95:5)
    at next (C:\Projects\paperbird\server\node_modules\express\lib\router\route.js:137:13)
    at Route.dispatch (C:\Projects\paperbird\server\node_modules\express\lib\router\route.js:112:3)
    at Layer.handle [as handle_request] (C:\Projects\paperbird\server\node_modules\express\lib\router\layer.js:95:5)
    at C:\Projects\paperbird\server\node_modules\express\lib\router\index.js:281:22
    at Function.process_params (C:\Projects\paperbird\server\node_modules\express\lib\router\index.js:335:12)
    at next (C:\Projects\paperbird\server\node_modules\express\lib\router\index.js:275:10)
    at Function.handle (C:\Projects\paperbird\server\node_modules\express\lib\router\index.js:174:3)
    at router (C:\Projects\paperbird\server\node_modules\express\lib\router\index.js:47:12)
    at Layer.handle [as handle_request] (C:\Projects\paperbird\server\node_modules\express\lib\router\layer.js:95:5)
    at trim_prefix (C:\Projects\paperbird\server\node_modules\express\lib\router\index.js:317:13)
    at C:\Projects\paperbird\server\node_modules\express\lib\router\index.js:284:7
    at Function.process_params (C:\Projects\paperbird\server\node_modules\express\lib\router\index.js:335:12)
    at next (C:\Projects\paperbird\server\node_modules\express\lib\router\index.js:275:10)
    at C:\Projects\paperbird\server\app.js:177:3
    at Layer.handle [as handle_request] (C:\Projects\paperbird\server\node_modules\express\lib\router\layer.js:95:5)
    at trim_prefix (C:\Projects\paperbird\server\node_modules\express\lib\router\index.js:317:13)
    at C:\Projects\paperbird\server\node_modules\express\lib\router\index.js:284:7
[2021-04-22T14:26:28.124] [INFO] Paperbird - [/getSuppliersOrders/:type, {"post":true}][2:14:08 PM], Purchase order of suppliers
[2021-04-22T14:26:28.142] [INFO] Paperbird - [/getAll, {"get":true}][2:14:08 PM], All supplier warehouse
[2021-04-22T14:26:28.345] [INFO] Paperbird - [/getCustomerOrders, {"post":true}][2:14:08 PM], This are all customer Orders
[2021-04-22T14:26:28.455] [INFO] Paperbird - [/getSingleCustomerOrder/:id, {"get":true}][2:14:08 PM], All Orders
[2021-04-22T14:26:28.473] [INFO] Paperbird - [/getSingleCustomerOrder/:id, {"get":true}][2:14:08 PM], All Orders
[2021-04-22T14:26:29.480] [INFO] Paperbird - [/getOrderDetail/:id/:type, {"get":true}][2:14:08 PM], Order Detail
[2021-04-22T14:26:31.521] [INFO] Paperbird - [/productStock/:id, {"get":true}][2:14:08 PM], Warehouse stock
[2021-04-22T14:26:43.491] [INFO] Paperbird - [/productStock/:id, {"get":true}][2:14:08 PM], Warehouse stock
[2021-04-22T14:26:44.766] [INFO] Paperbird - [/productStock/:id, {"get":true}][2:14:08 PM], Warehouse stock
[2021-04-22T14:26:45.608] [INFO] Paperbird - [/productStock/:id, {"get":true}][2:14:08 PM], Warehouse stock
[2021-04-22T14:26:50.063] [INFO] Paperbird - [/countries, {"get":true}][2:14:08 PM], All countries
[2021-04-22T14:26:50.073] [INFO] Paperbird - [/states, {"get":true}][2:14:08 PM], All states
[2021-04-22T14:26:50.085] [INFO] Paperbird - [/cities, {"get":true}][2:14:08 PM], All cities
[2021-04-22T14:26:50.411] [INFO] Paperbird - [/getWarehouses, {"post":true}][2:14:08 PM], Supplier's Warehouse Data
[2021-04-22T14:26:51.595] [INFO] Paperbird - [/getAllWarehouseProducts, {"post":true}][2:14:08 PM], Supplier's Products
[2021-04-22T14:27:36.407] [INFO] Paperbird - [/getSuppliersOrders/:type, {"post":true}][2:14:08 PM], Purchase order of suppliers
[2021-04-22T14:27:36.414] [INFO] Paperbird - [/getAll, {"get":true}][2:14:08 PM], All supplier warehouse
[2021-04-22T14:27:37.809] [INFO] Paperbird - [/getOrderDetail/:id/:type, {"get":true}][2:14:08 PM], Order Detail
[2021-04-22T14:27:39.722] [INFO] Paperbird - [/productStock/:id, {"get":true}][2:14:08 PM], Warehouse stock
[2021-04-22T14:27:40.717] [INFO] Paperbird - [/productStock/:id, {"get":true}][2:14:08 PM], Warehouse stock
[2021-04-22T14:27:47.001] [INFO] Paperbird - [/productStock/:id, {"get":true}][2:14:08 PM], Warehouse stock
[2021-04-22T14:27:47.671] [INFO] Paperbird - [/productStock/:id, {"get":true}][2:14:08 PM], Warehouse stock
[2021-04-22T14:28:03.374] [INFO] Paperbird - [/getSingleCustomerOrder/:id, {"get":true}][2:14:08 PM], All Orders
[2021-04-22T14:28:04.160] [INFO] Paperbird - [/getSingleCustomerOrder/:id, {"get":true}][2:14:08 PM], All Orders
[2021-04-22T14:28:04.492] [INFO] Paperbird - [/getSingleCustomerOrder/:id, {"get":true}][2:14:08 PM], All Orders
[2021-04-22T14:28:04.803] [INFO] Paperbird - [/getSingleCustomerOrder/:id, {"get":true}][2:14:08 PM], All Orders
[2021-04-22T14:28:10.178] [INFO] Paperbird - [/getSingleCustomerOrder/:id, {"get":true}][2:14:08 PM], All Orders
[2021-04-22T14:28:14.638] [INFO] Paperbird - [/getSingleCustomerOrder/:id, {"get":true}][2:14:08 PM], All Orders
[2021-04-22T14:28:16.170] [INFO] Paperbird - [/getSingleCustomerOrder/:id, {"get":true}][2:14:08 PM], All Orders
[2021-04-22T14:28:17.066] [INFO] Paperbird - [/getSingleCustomerOrder/:id, {"get":true}][2:14:08 PM], All Orders
[2021-04-22T14:28:18.503] [INFO] Paperbird - [/getSingleCustomerOrder/:id, {"get":true}][2:14:08 PM], All Orders
[2021-04-22T14:28:19.153] [INFO] Paperbird - [/getSingleCustomerOrder/:id, {"get":true}][2:14:08 PM], All Orders
[2021-04-22T14:28:19.920] [INFO] Paperbird - [/getSingleCustomerOrder/:id, {"get":true}][2:14:08 PM], All Orders
[2021-04-22T14:29:40.490] [INFO] Paperbird - [/getCustomerOrders, {"post":true}][2:29:22 PM], This are all customer Orders
[2021-04-22T14:29:40.568] [INFO] Paperbird - [/getSingleCustomerOrder/:id, {"get":true}][2:29:22 PM], All Orders
[2021-04-22T14:29:40.570] [INFO] Paperbird - [/getSingleCustomerOrder/:id, {"get":true}][2:29:22 PM], All Orders
[2021-04-22T14:29:42.715] [INFO] Paperbird - [/allDispatchOrder, {"post":true}][2:29:22 PM], All dispatches
[2021-04-22T14:29:42.726] [INFO] Paperbird - [/getSuppliersOrders/:type, {"post":true}][2:29:22 PM], Purchase order of suppliers
[2021-04-22T14:29:42.739] [INFO] Paperbird - [/getAll, {"get":true}][2:29:22 PM], All supplier warehouse
[2021-04-22T14:30:14.846] [INFO] Paperbird - [/getSingleDispatchOrder/:id, {"get":true}][2:29:22 PM], all order
[2021-04-22T14:30:24.644] [INFO] Paperbird - [/getOrderDetail/:id/:type, {"get":true}][2:29:22 PM], Order Detail
[2021-04-22T14:30:28.181] [INFO] Paperbird - [/getSuppliersOrders/:type, {"post":true}][2:29:22 PM], Purchase order of suppliers
[2021-04-22T14:30:28.190] [INFO] Paperbird - [/getAll, {"get":true}][2:29:22 PM], All supplier warehouse
[2021-04-22T14:30:29.820] [INFO] Paperbird - [/getOrderDetail/:id/:type, {"get":true}][2:29:22 PM], Order Detail
[2021-04-22T14:30:31.593] [INFO] Paperbird - [/productStock/:id, {"get":true}][2:29:22 PM], Warehouse stock
[2021-04-22T14:30:32.583] [INFO] Paperbird - [/productStock/:id, {"get":true}][2:29:22 PM], Warehouse stock
[2021-04-22T14:30:33.242] [INFO] Paperbird - [/productStock/:id, {"get":true}][2:29:22 PM], Warehouse stock
[2021-04-22T14:30:33.802] [INFO] Paperbird - [/productStock/:id, {"get":true}][2:29:22 PM], Warehouse stock
[2021-04-22T15:11:52.719] [INFO] Paperbird - [/getSuppliersOrders/:type, {"post":true}][3:09:07 PM], Purchase order of suppliers
[2021-04-22T15:11:52.740] [INFO] Paperbird - [/getAll, {"get":true}][3:09:07 PM], All supplier warehouse
[2021-04-22T15:11:54.178] [INFO] Paperbird - [/getOrderDetail/:id/:type, {"get":true}][3:09:07 PM], Order Detail
[2021-04-22T15:12:41.713] [INFO] Paperbird - [/getSuppliersOrders/:type, {"post":true}][3:09:07 PM], Purchase order of suppliers
[2021-04-22T15:12:41.776] [INFO] Paperbird - [/getAll, {"get":true}][3:09:07 PM], All supplier warehouse
[2021-04-22T15:12:44.219] [INFO] Paperbird - [/getOrderDetail/:id/:type, {"get":true}][3:09:07 PM], Order Detail
[2021-04-22T15:16:43.016] [INFO] Paperbird - [/getSuppliersOrders/:type, {"post":true}][3:09:07 PM], Purchase order of suppliers
[2021-04-22T15:16:43.040] [INFO] Paperbird - [/getAll, {"get":true}][3:09:07 PM], All supplier warehouse
[2021-04-22T15:16:46.472] [INFO] Paperbird - [/getSuppliersOrders/:type, {"post":true}][3:09:07 PM], Purchase order of suppliers
[2021-04-22T15:16:46.480] [INFO] Paperbird - [/getAll, {"get":true}][3:09:07 PM], All supplier warehouse
[2021-04-22T15:17:04.696] [INFO] Paperbird - [/getSuppliersOrders/:type, {"post":true}][3:09:07 PM], Purchase order of suppliers
[2021-04-22T15:17:04.738] [INFO] Paperbird - [/getAll, {"get":true}][3:09:07 PM], All supplier warehouse
[2021-04-22T15:27:18.202] [INFO] Paperbird - [/getOrderDetail/:id/:type, {"get":true}][3:26:39 PM], Order Detail
[2021-04-22T15:37:58.506] [INFO] Paperbird - [/allDispatchOrder, {"post":true}][3:37:16 PM], All dispatches
[2021-04-22T15:37:58.534] [INFO] Paperbird - [/getSuppliersOrders/:type, {"post":true}][3:37:16 PM], Purchase order of suppliers
[2021-04-22T15:37:58.550] [INFO] Paperbird - [/getAll, {"get":true}][3:37:16 PM], All supplier warehouse
[2021-04-22T15:37:59.988] [INFO] Paperbird - [/getSingleDispatchOrder/:id, {"get":true}][3:37:16 PM], all order
[2021-04-22T15:50:00.704] [INFO] Paperbird - [/allDispatchOrder, {"post":true}][3:38:38 PM], All dispatches
[2021-04-22T15:50:00.722] [INFO] Paperbird - [/getSuppliersOrders/:type, {"post":true}][3:38:38 PM], Purchase order of suppliers
[2021-04-22T15:50:00.770] [INFO] Paperbird - [/getAll, {"get":true}][3:38:38 PM], All supplier warehouse
[2021-04-22T15:57:25.073] [INFO] Paperbird - [/getSingleDispatchOrder/:id, {"get":true}][3:38:38 PM], all order
[2021-04-22T15:57:41.711] [INFO] Paperbird - [/allDispatchOrder, {"post":true}][3:38:38 PM], All dispatches
[2021-04-22T15:57:41.728] [INFO] Paperbird - [/getSuppliersOrders/:type, {"post":true}][3:38:38 PM], Purchase order of suppliers
[2021-04-22T15:57:41.897] [INFO] Paperbird - [/getAll, {"get":true}][3:38:38 PM], All supplier warehouse
[2021-04-22T15:57:44.800] [INFO] Paperbird - [/getSuppliersOrders/:type, {"post":true}][3:38:38 PM], Purchase order of suppliers
[2021-04-22T15:57:44.808] [INFO] Paperbird - [/getAll, {"get":true}][3:38:38 PM], All supplier warehouse
[2021-04-22T15:58:00.426] [INFO] Paperbird - [/getOrderDetail/:id/:type, {"get":true}][3:38:38 PM], Order Detail
[2021-04-22T15:58:25.724] [INFO] Paperbird - [/allDispatchOrder, {"post":true}][3:38:38 PM], All dispatches
[2021-04-22T15:58:25.752] [INFO] Paperbird - [/getSuppliersOrders/:type, {"post":true}][3:38:38 PM], Purchase order of suppliers
[2021-04-22T15:58:25.764] [INFO] Paperbird - [/getAll, {"get":true}][3:38:38 PM], All supplier warehouse
[2021-04-22T15:59:06.115] [INFO] Paperbird - [/getOrderDetail/:id/:type, {"get":true}][3:38:38 PM], Order Detail
[2021-04-22T16:01:29.293] [INFO] Paperbird - [/getSuppliersOrders/:type, {"post":true}][3:38:38 PM], Purchase order of suppliers
[2021-04-22T16:01:29.296] [INFO] Paperbird - [/allDispatchOrder, {"post":true}][3:38:38 PM], All dispatches
[2021-04-22T16:01:29.324] [INFO] Paperbird - [/getAll, {"get":true}][3:38:38 PM], All supplier warehouse
[2021-04-22T16:01:32.412] [INFO] Paperbird - [/getSingleDispatchOrder/:id, {"get":true}][3:38:38 PM], all order
[2021-04-22T16:12:00.074] [INFO] Paperbird - [/getSuppliersOrders/:type, {"post":true}][3:38:38 PM], Purchase order of suppliers
[2021-04-22T16:12:00.099] [INFO] Paperbird - [/getAll, {"get":true}][3:38:38 PM], All supplier warehouse
[2021-04-22T16:12:01.732] [INFO] Paperbird - [/getOrderDetail/:id/:type, {"get":true}][3:38:38 PM], Order Detail
[2021-04-22T16:12:20.408] [INFO] Paperbird - [/productStock/:id, {"get":true}][3:38:38 PM], Warehouse stock
[2021-04-22T16:12:39.556] [INFO] Paperbird - [/productStock/:id, {"get":true}][3:38:38 PM], Warehouse stock
[2021-04-22T16:12:41.952] [INFO] Paperbird - [/allDispatchOrder, {"post":true}][3:38:38 PM], All dispatches
[2021-04-22T16:12:41.982] [INFO] Paperbird - [/getSuppliersOrders/:type, {"post":true}][3:38:38 PM], Purchase order of suppliers
[2021-04-22T16:12:41.994] [INFO] Paperbird - [/getAll, {"get":true}][3:38:38 PM], All supplier warehouse
[2021-04-22T16:12:43.961] [INFO] Paperbird - [/getSuppliersOrders/:type, {"post":true}][3:38:38 PM], Purchase order of suppliers
[2021-04-22T16:12:43.972] [INFO] Paperbird - [/getAll, {"get":true}][3:38:38 PM], All supplier warehouse
[2021-04-22T16:12:46.751] [INFO] Paperbird - [/allDispatchOrder, {"post":true}][3:38:38 PM], All dispatches
[2021-04-22T16:12:46.798] [INFO] Paperbird - [/getSuppliersOrders/:type, {"post":true}][3:38:38 PM], Purchase order of suppliers
[2021-04-22T16:12:46.806] [INFO] Paperbird - [/getAll, {"get":true}][3:38:38 PM], All supplier warehouse
[2021-04-22T16:12:49.118] [INFO] Paperbird - [/getOrderDetail/:id/:type, {"get":true}][3:38:38 PM], Order Detail
[2021-04-22T16:13:53.775] [INFO] Paperbird - [/getSuppliersOrders/:type, {"post":true}][3:38:38 PM], Purchase order of suppliers
[2021-04-22T16:13:53.788] [INFO] Paperbird - [/getAll, {"get":true}][3:38:38 PM], All supplier warehouse
[2021-04-22T16:13:55.346] [INFO] Paperbird - [/getOrderDetail/:id/:type, {"get":true}][3:38:38 PM], Order Detail
[2021-04-22T16:15:29.419] [INFO] Paperbird - [/productStock/:id, {"get":true}][3:38:38 PM], Warehouse stock
[2021-04-22T16:15:33.689] [INFO] Paperbird - [/allDispatchOrder, {"post":true}][3:38:38 PM], All dispatches
[2021-04-22T16:15:33.709] [INFO] Paperbird - [/getSuppliersOrders/:type, {"post":true}][3:38:38 PM], Purchase order of suppliers
[2021-04-22T16:15:33.728] [INFO] Paperbird - [/getAll, {"get":true}][3:38:38 PM], All supplier warehouse
[2021-04-22T16:15:40.937] [INFO] Paperbird - [/getOrderDetail/:id/:type, {"get":true}][3:38:38 PM], Order Detail
[2021-04-22T16:16:10.259] [INFO] Paperbird - [/getAllProductGroup/:name, {"get":true}][3:38:38 PM], All data
[2021-04-22T16:16:10.308] [INFO] Paperbird - [/allProducts, {"post":true}][3:38:38 PM], All products
[2021-04-22T16:16:10.321] [INFO] Paperbird - [/getAllProductSubgroup/:name, {"get":true}][3:38:38 PM], All data
[2021-04-22T16:16:10.378] [INFO] Paperbird - [/getAllPaperClass/:name, {"get":true}][3:38:38 PM], All data
[2021-04-22T16:16:10.435] [INFO] Paperbird - [/getAllPaperQuality/:name, {"get":true}][3:38:38 PM], All data
[2021-04-22T16:16:10.665] [INFO] Paperbird - [/getAllPaperPrintibility/:name, {"get":true}][3:38:38 PM], All data
[2021-04-22T16:16:10.710] [INFO] Paperbird - [/getAllPaperColor/:name, {"get":true}][3:38:38 PM], All data
[2021-04-22T16:16:10.773] [INFO] Paperbird - [/getAllMeasurementUnit/:name, {"get":true}][3:38:38 PM], All data
[2021-04-22T16:16:10.815] [INFO] Paperbird - [/getAllPaperGrain/:name, {"get":true}][3:38:38 PM], All data
[2021-04-22T16:16:10.850] [INFO] Paperbird - [/getSupplier, {"post":true}][3:38:38 PM], Supplier Data
[2021-04-22T16:16:10.980] [INFO] Paperbird - [/allProducts, {"post":true}][3:38:38 PM], All products
[2021-04-22T16:16:11.227] [INFO] Paperbird - [/getAllGroupsForCustomer, {"get":true}][3:38:38 PM], All customer groups
[2021-04-22T16:16:12.564] [INFO] Paperbird - [/addCart, {"post":true}][3:38:38 PM], Customer Login Successfull
[2021-04-22T16:16:13.339] [INFO] Paperbird - [/addCart, {"post":true}][3:38:38 PM], Customer Login Successfull
[2021-04-22T16:16:17.862] [INFO] Paperbird - [/getCart, {"get":true}][3:38:38 PM], User Cart
[2021-04-22T16:16:18.096] [INFO] Paperbird - [/countries, {"get":true}][3:38:38 PM], All countries
[2021-04-22T16:16:18.097] [INFO] Paperbird - [/states/:id, {"get":true}][3:38:38 PM], All States
[2021-04-22T16:16:18.098] [INFO] Paperbird - [/cities/:state_id/:country_id, {"get":true}][3:38:38 PM], All Cities
[2021-04-22T16:16:20.969] [INFO] Paperbird - [/addCart, {"post":true}][3:38:38 PM], Customer Login Successfull
[2021-04-22T16:16:22.370] [INFO] Paperbird - [/addCart, {"post":true}][3:38:38 PM], Customer Login Successfull
[2021-04-22T16:16:23.162] [INFO] Paperbird - [/getAll, {"get":true}][3:38:38 PM], All addresses
[2021-04-22T16:16:25.425] [INFO] Paperbird - [/newOrder, {"post":true}][3:38:38 PM], Order created successfully
[2021-04-22T16:16:25.488] [INFO] Paperbird - [/removeCart/:id, {"get":true}][3:38:38 PM], Product removed successfully
[2021-04-22T16:16:25.492] [INFO] Paperbird - [/removeCart/:id, {"get":true}][3:38:38 PM], Product removed successfully
[2021-04-22T16:16:25.494] [INFO] Paperbird - [/removeCart/:id, {"get":true}][3:38:38 PM], Product removed successfully
[2021-04-22T16:16:28.716] [INFO] Paperbird - [/getAllProductGroup/:name, {"get":true}][3:38:38 PM], All data
[2021-04-22T16:16:28.744] [INFO] Paperbird - [/getAllProductSubgroup/:name, {"get":true}][3:38:38 PM], All data
[2021-04-22T16:16:28.753] [INFO] Paperbird - [/getAllPaperClass/:name, {"get":true}][3:38:38 PM], All data
[2021-04-22T16:16:28.769] [INFO] Paperbird - [/getAllPaperQuality/:name, {"get":true}][3:38:38 PM], All data
[2021-04-22T16:16:28.779] [INFO] Paperbird - [/getAllPaperPrintibility/:name, {"get":true}][3:38:38 PM], All data
[2021-04-22T16:16:28.813] [INFO] Paperbird - [/getAllPaperColor/:name, {"get":true}][3:38:38 PM], All data
[2021-04-22T16:16:28.829] [INFO] Paperbird - [/getAllMeasurementUnit/:name, {"get":true}][3:38:38 PM], All data
[2021-04-22T16:16:28.847] [INFO] Paperbird - [/allProducts, {"post":true}][3:38:38 PM], All products
[2021-04-22T16:16:28.851] [INFO] Paperbird - [/getAllPaperGrain/:name, {"get":true}][3:38:38 PM], All data
[2021-04-22T16:16:28.971] [INFO] Paperbird - [/getSupplier, {"post":true}][3:38:38 PM], Supplier Data
[2021-04-22T16:16:29.058] [INFO] Paperbird - [/allProducts, {"post":true}][3:38:38 PM], All products
[2021-04-22T16:16:29.221] [INFO] Paperbird - [/getAllGroupsForCustomer, {"get":true}][3:38:38 PM], All customer groups
[2021-04-22T16:16:32.661] [INFO] Paperbird - [/getSuppliersOrders/:type, {"post":true}][3:38:38 PM], Purchase order of suppliers
[2021-04-22T16:16:32.684] [INFO] Paperbird - [/getAll, {"get":true}][3:38:38 PM], All supplier warehouse
[2021-04-22T16:16:37.589] [INFO] Paperbird - [/getOrderDetail/:id/:type, {"get":true}][3:38:38 PM], Order Detail
[2021-04-22T16:16:55.361] [INFO] Paperbird - [/productStock/:id, {"get":true}][3:38:38 PM], Warehouse stock
[2021-04-22T16:17:00.643] [INFO] Paperbird - [/getOrderDetail/:id/:type, {"get":true}][3:38:38 PM], Order Detail
[2021-04-22T16:17:03.884] [INFO] Paperbird - [/getOrderDetail/:id/:type, {"get":true}][3:38:38 PM], Order Detail
[2021-04-22T16:17:05.442] [INFO] Paperbird - [/productStock/:id, {"get":true}][3:38:38 PM], Warehouse stock
[2021-04-22T16:17:08.013] [INFO] Paperbird - [/productStock/:id, {"get":true}][3:38:38 PM], Warehouse stock
[2021-04-22T16:17:12.475] [INFO] Paperbird - [/getOrderDetail/:id/:type, {"get":true}][3:38:38 PM], Order Detail
[2021-04-22T16:17:13.514] [INFO] Paperbird - [/productStock/:id, {"get":true}][3:38:38 PM], Warehouse stock
[2021-04-22T16:17:28.609] [INFO] Paperbird - [/getSuppliersOrders/:type, {"post":true}][3:38:38 PM], Purchase order of suppliers
[2021-04-22T16:17:28.645] [INFO] Paperbird - [/getAll, {"get":true}][3:38:38 PM], All supplier warehouse
[2021-04-22T16:17:30.038] [INFO] Paperbird - [/getOrderDetail/:id/:type, {"get":true}][3:38:38 PM], Order Detail
[2021-04-22T16:17:31.392] [INFO] Paperbird - [/productStock/:id, {"get":true}][3:38:38 PM], Warehouse stock
[2021-04-22T16:17:32.189] [INFO] Paperbird - [/productStock/:id, {"get":true}][3:38:38 PM], Warehouse stock
[2021-04-22T16:18:06.546] [INFO] Paperbird - [/productStock/:id, {"get":true}][3:38:38 PM], Warehouse stock
[2021-04-22T16:19:46.430] [INFO] Paperbird - [/productStock/:id, {"get":true}][3:38:38 PM], Warehouse stock
[2021-04-22T16:19:48.184] [INFO] Paperbird - [/countries, {"get":true}][3:38:38 PM], All countries
[2021-04-22T16:19:48.198] [INFO] Paperbird - [/states, {"get":true}][3:38:38 PM], All states
[2021-04-22T16:19:48.210] [INFO] Paperbird - [/cities, {"get":true}][3:38:38 PM], All cities
[2021-04-22T16:19:48.493] [INFO] Paperbird - [/getWarehouses, {"post":true}][3:38:38 PM], Supplier's Warehouse Data
[2021-04-22T16:19:50.061] [INFO] Paperbird - [/getAllWarehouseProducts, {"post":true}][3:38:38 PM], Supplier's Products
[2021-04-22T16:24:41.286] [INFO] Paperbird - [/getSuppliersOrders/:type, {"post":true}][3:38:38 PM], Purchase order of suppliers
[2021-04-22T16:24:41.303] [INFO] Paperbird - [/getAll, {"get":true}][3:38:38 PM], All supplier warehouse
[2021-04-22T16:24:43.402] [INFO] Paperbird - [/allDispatchOrder, {"post":true}][3:38:38 PM], All dispatches
[2021-04-22T16:24:43.445] [INFO] Paperbird - [/getSuppliersOrders/:type, {"post":true}][3:38:38 PM], Purchase order of suppliers
[2021-04-22T16:24:43.454] [INFO] Paperbird - [/getAll, {"get":true}][3:38:38 PM], All supplier warehouse
[2021-04-22T16:24:44.895] [INFO] Paperbird - [/getSingleDispatchOrder/:id, {"get":true}][3:38:38 PM], all order
[2021-04-22T16:26:42.871] [INFO] Paperbird - [/countries, {"get":true}][3:38:38 PM], All countries
[2021-04-22T16:26:42.873] [INFO] Paperbird - [/states/:id, {"get":true}][3:38:38 PM], All States
[2021-04-22T16:26:42.873] [INFO] Paperbird - [/getCart, {"get":true}][3:38:38 PM], User Cart
[2021-04-22T16:26:42.873] [INFO] Paperbird - [/cities/:state_id/:country_id, {"get":true}][3:38:38 PM], All Cities
[2021-04-22T16:27:32.512] [INFO] Paperbird - [/getSuppliersOrders/:type, {"post":true}][3:38:38 PM], Purchase order of suppliers
[2021-04-22T16:27:32.525] [INFO] Paperbird - [/getAll, {"get":true}][3:38:38 PM], All supplier warehouse
[2021-04-22T16:27:34.106] [INFO] Paperbird - [/getOrderDetail/:id/:type, {"get":true}][3:38:38 PM], Order Detail
[2021-04-22T16:27:35.748] [INFO] Paperbird - [/productStock/:id, {"get":true}][3:38:38 PM], Warehouse stock
[2021-04-22T16:27:36.541] [INFO] Paperbird - [/productStock/:id, {"get":true}][3:38:38 PM], Warehouse stock
[2021-04-22T16:27:40.092] [INFO] Paperbird - [/productStock/:id, {"get":true}][3:38:38 PM], Warehouse stock
[2021-04-22T16:27:40.881] [INFO] Paperbird - [/productStock/:id, {"get":true}][3:38:38 PM], Warehouse stock
[2021-04-22T16:27:41.526] [INFO] Paperbird - [/productStock/:id, {"get":true}][3:38:38 PM], Warehouse stock
[2021-04-22T16:35:34.534] [INFO] Paperbird - [/productStock/:id, {"get":true}][3:38:38 PM], Warehouse stock
[2021-04-22T16:35:36.145] [INFO] Paperbird - [/productStock/:id, {"get":true}][3:38:38 PM], Warehouse stock
[2021-04-22T16:35:36.590] [INFO] Paperbird - [/productStock/:id, {"get":true}][3:38:38 PM], Warehouse stock
[2021-04-22T16:45:45.022] [INFO] Paperbird - [/allDispatchOrder, {"post":true}][4:44:24 PM], All dispatches
[2021-04-22T16:45:45.028] [INFO] Paperbird - [/getSuppliersOrders/:type, {"post":true}][4:44:24 PM], Purchase order of suppliers
[2021-04-22T16:45:45.051] [INFO] Paperbird - [/getAll, {"get":true}][4:44:24 PM], All supplier warehouse
[2021-04-22T16:45:45.974] [INFO] Paperbird - [/getSingleDispatchOrder/:id, {"get":true}][4:44:24 PM], all order
[2021-04-22T16:49:26.636] [INFO] Paperbird - [/getAllProductGroup/:name, {"get":true}][4:48:26 PM], All data
[2021-04-22T16:49:26.700] [INFO] Paperbird - [/allProducts, {"post":true}][4:48:26 PM], All products
[2021-04-22T16:49:26.768] [INFO] Paperbird - [/getAllProductSubgroup/:name, {"get":true}][4:48:26 PM], All data
[2021-04-22T16:49:27.123] [INFO] Paperbird - [/getAllPaperClass/:name, {"get":true}][4:48:26 PM], All data
[2021-04-22T16:49:27.136] [INFO] Paperbird - [/getAllPaperQuality/:name, {"get":true}][4:48:26 PM], All data
[2021-04-22T16:49:27.146] [INFO] Paperbird - [/getAllPaperPrintibility/:name, {"get":true}][4:48:26 PM], All data
[2021-04-22T16:49:27.164] [INFO] Paperbird - [/getAllPaperColor/:name, {"get":true}][4:48:26 PM], All data
[2021-04-22T16:49:27.181] [INFO] Paperbird - [/getAllMeasurementUnit/:name, {"get":true}][4:48:26 PM], All data
[2021-04-22T16:49:27.193] [INFO] Paperbird - [/getAllPaperGrain/:name, {"get":true}][4:48:26 PM], All data
[2021-04-22T16:49:27.209] [INFO] Paperbird - [/getSupplier, {"post":true}][4:48:26 PM], Supplier Data
[2021-04-22T16:49:27.305] [INFO] Paperbird - [/allProducts, {"post":true}][4:48:26 PM], All products
[2021-04-22T16:49:27.495] [INFO] Paperbird - [/getAllGroupsForCustomer, {"get":true}][4:48:26 PM], All customer groups
[2021-04-22T17:24:06.829] [INFO] Paperbird - [/getAllProductGroup/:name, {"get":true}][5:20:43 PM], All data
[2021-04-22T17:24:06.909] [INFO] Paperbird - [/allProducts, {"post":true}][5:20:43 PM], All products
[2021-04-22T17:24:06.925] [INFO] Paperbird - [/getAllProductSubgroup/:name, {"get":true}][5:20:43 PM], All data
[2021-04-22T17:24:07.160] [INFO] Paperbird - [/getAllPaperClass/:name, {"get":true}][5:20:43 PM], All data
[2021-04-22T17:24:07.186] [INFO] Paperbird - [/getAllPaperQuality/:name, {"get":true}][5:20:43 PM], All data
[2021-04-22T17:24:07.232] [INFO] Paperbird - [/getAllPaperPrintibility/:name, {"get":true}][5:20:43 PM], All data
[2021-04-22T17:24:07.298] [INFO] Paperbird - [/getAllPaperColor/:name, {"get":true}][5:20:43 PM], All data
[2021-04-22T17:24:07.322] [INFO] Paperbird - [/getAllMeasurementUnit/:name, {"get":true}][5:20:43 PM], All data
[2021-04-22T17:24:07.333] [INFO] Paperbird - [/getAllPaperGrain/:name, {"get":true}][5:20:43 PM], All data
[2021-04-22T17:24:07.365] [INFO] Paperbird - [/getSupplier, {"post":true}][5:20:43 PM], Supplier Data
[2021-04-22T17:24:07.473] [INFO] Paperbird - [/allProducts, {"post":true}][5:20:43 PM], All products
[2021-04-22T17:24:07.629] [INFO] Paperbird - [/getAllGroupsForCustomer, {"get":true}][5:20:43 PM], All customer groups
[2021-04-22T17:27:32.868] [INFO] Paperbird - [/getSuppliersOrders/:type, {"post":true}][5:20:43 PM], Purchase order of suppliers
[2021-04-22T17:27:32.870] [INFO] Paperbird - [/allDispatchOrder, {"post":true}][5:20:43 PM], All dispatches
[2021-04-22T17:27:32.906] [INFO] Paperbird - [/getAll, {"get":true}][5:20:43 PM], All supplier warehouse
[2021-04-22T17:27:34.485] [INFO] Paperbird - [/getSuppliersOrders/:type, {"post":true}][5:20:43 PM], Purchase order of suppliers
[2021-04-22T17:27:34.492] [INFO] Paperbird - [/getAll, {"get":true}][5:20:43 PM], All supplier warehouse
[2021-04-22T17:27:35.947] [INFO] Paperbird - [/getSuppliersOrders/:type, {"post":true}][5:20:43 PM], Purchase order of suppliers
[2021-04-22T17:27:36.010] [INFO] Paperbird - [/getAll, {"get":true}][5:20:43 PM], All supplier warehouse
[2021-04-22T17:56:43.020] [INFO] Paperbird - [/getSuppliersOrders/:type, {"post":true}][5:53:35 PM], Purchase order of suppliers
[2021-04-22T17:56:43.064] [INFO] Paperbird - [/getAll, {"get":true}][5:53:35 PM], All supplier warehouse
[2021-04-22T17:57:16.967] [INFO] Paperbird - [/getSuppliersOrders/:type, {"post":true}][5:53:35 PM], Purchase order of suppliers
[2021-04-22T17:57:17.008] [INFO] Paperbird - [/getAll, {"get":true}][5:53:35 PM], All supplier warehouse
[2021-04-22T17:57:47.153] [INFO] Paperbird - [/getSuppliersOrders/:type, {"post":true}][5:53:35 PM], Purchase order of suppliers
[2021-04-22T17:57:47.179] [INFO] Paperbird - [/getAll, {"get":true}][5:53:35 PM], All supplier warehouse
[2021-04-22T17:58:14.214] [INFO] Paperbird - [/getSuppliersOrders/:type, {"post":true}][5:53:35 PM], Purchase order of suppliers
[2021-04-22T17:58:14.228] [INFO] Paperbird - [/getAll, {"get":true}][5:53:35 PM], All supplier warehouse
[2021-04-22T17:58:50.904] [INFO] Paperbird - [/getSuppliersOrders/:type, {"post":true}][5:53:35 PM], Purchase order of suppliers
[2021-04-22T17:58:50.957] [INFO] Paperbird - [/getAll, {"get":true}][5:53:35 PM], All supplier warehouse
[2021-04-22T17:59:16.540] [INFO] Paperbird - [/getSuppliersOrders/:type, {"post":true}][5:53:35 PM], Purchase order of suppliers
[2021-04-22T17:59:16.569] [INFO] Paperbird - [/getAll, {"get":true}][5:53:35 PM], All supplier warehouse
[2021-04-22T18:02:09.573] [INFO] Paperbird - [/getSuppliersOrders/:type, {"post":true}][5:53:35 PM], Purchase order of suppliers
[2021-04-22T18:02:09.603] [INFO] Paperbird - [/getAll, {"get":true}][5:53:35 PM], All supplier warehouse
[2021-04-22T18:04:42.879] [INFO] Paperbird - [/getSuppliersOrders/:type, {"post":true}][5:53:35 PM], Purchase order of suppliers
[2021-04-22T18:04:42.894] [INFO] Paperbird - [/getAll, {"get":true}][5:53:35 PM], All supplier warehouse
[2021-04-22T18:05:43.484] [INFO] Paperbird - [/addCart, {"post":true}][6:05:32 PM], Customer Login Successfull
[2021-04-22T18:05:46.407] [INFO] Paperbird - [/getCart, {"get":true}][6:05:32 PM], User Cart
[2021-04-22T18:05:46.597] [INFO] Paperbird - [/countries, {"get":true}][6:05:32 PM], All countries
[2021-04-22T18:05:46.601] [INFO] Paperbird - [/states/:id, {"get":true}][6:05:32 PM], All States
[2021-04-22T18:05:46.604] [INFO] Paperbird - [/cities/:state_id/:country_id, {"get":true}][6:05:32 PM], All Cities
[2021-04-22T18:05:49.852] [INFO] Paperbird - [/addCart, {"post":true}][6:05:32 PM], Customer Login Successfull
[2021-04-22T18:05:51.501] [INFO] Paperbird - [/addCart, {"post":true}][6:05:32 PM], Customer Login Successfull
[2021-04-22T18:05:53.644] [INFO] Paperbird - [/getAll, {"get":true}][6:05:32 PM], All addresses
[2021-04-22T18:05:55.800] [INFO] Paperbird - [/newOrder, {"post":true}][6:05:32 PM], Order created successfully
[2021-04-22T18:05:55.835] [INFO] Paperbird - [/removeCart/:id, {"get":true}][6:05:32 PM], Product removed successfully
[2021-04-22T18:05:57.025] [INFO] Paperbird - [/getAllProductGroup/:name, {"get":true}][6:05:32 PM], All data
[2021-04-22T18:05:57.085] [INFO] Paperbird - [/allProducts, {"post":true}][6:05:32 PM], All products
[2021-04-22T18:05:57.091] [INFO] Paperbird - [/getAllProductSubgroup/:name, {"get":true}][6:05:32 PM], All data
[2021-04-22T18:05:57.148] [INFO] Paperbird - [/getAllPaperClass/:name, {"get":true}][6:05:32 PM], All data
[2021-04-22T18:05:57.210] [INFO] Paperbird - [/getAllPaperQuality/:name, {"get":true}][6:05:32 PM], All data
[2021-04-22T18:05:57.220] [INFO] Paperbird - [/getAllPaperPrintibility/:name, {"get":true}][6:05:32 PM], All data
[2021-04-22T18:05:57.237] [INFO] Paperbird - [/getAllPaperColor/:name, {"get":true}][6:05:32 PM], All data
[2021-04-22T18:05:57.249] [INFO] Paperbird - [/getAllMeasurementUnit/:name, {"get":true}][6:05:32 PM], All data
[2021-04-22T18:05:57.262] [INFO] Paperbird - [/getAllPaperGrain/:name, {"get":true}][6:05:32 PM], All data
[2021-04-22T18:05:57.277] [INFO] Paperbird - [/getSupplier, {"post":true}][6:05:32 PM], Supplier Data
[2021-04-22T18:05:57.367] [INFO] Paperbird - [/allProducts, {"post":true}][6:05:32 PM], All products
[2021-04-22T18:05:57.519] [INFO] Paperbird - [/getAllGroupsForCustomer, {"get":true}][6:05:32 PM], All customer groups
[2021-04-22T18:06:00.412] [INFO] Paperbird - [/allDispatchOrder, {"post":true}][6:05:32 PM], All dispatches
[2021-04-22T18:06:00.420] [INFO] Paperbird - [/getSuppliersOrders/:type, {"post":true}][6:05:32 PM], Purchase order of suppliers
[2021-04-22T18:06:00.439] [INFO] Paperbird - [/getAll, {"get":true}][6:05:32 PM], All supplier warehouse
[2021-04-22T18:06:01.013] [INFO] Paperbird - [/getSuppliersOrders/:type, {"post":true}][6:05:32 PM], Purchase order of suppliers
[2021-04-22T18:06:01.025] [INFO] Paperbird - [/getAll, {"get":true}][6:05:32 PM], All supplier warehouse
[2021-04-22T18:06:02.680] [INFO] Paperbird - [/getOrderDetail/:id/:type, {"get":true}][6:05:32 PM], Order Detail
[2021-04-22T18:06:08.255] [INFO] Paperbird - [/updateOrder/:id, {"post":true}][6:05:32 PM], Purchase orders updated
[2021-04-22T18:06:08.298] [INFO] Paperbird - [/getSuppliersOrders/:type, {"post":true}][6:05:32 PM], Purchase order of suppliers
[2021-04-22T18:06:08.308] [INFO] Paperbird - [/getAll, {"get":true}][6:05:32 PM], All supplier warehouse
[2021-04-22T18:06:10.324] [INFO] Paperbird - [/allDispatchOrder, {"post":true}][6:05:32 PM], All dispatches
[2021-04-22T18:06:10.339] [INFO] Paperbird - [/getSuppliersOrders/:type, {"post":true}][6:05:32 PM], Purchase order of suppliers
[2021-04-22T18:06:10.347] [INFO] Paperbird - [/getAll, {"get":true}][6:05:32 PM], All supplier warehouse
[2021-04-22T18:06:13.723] [ERROR] Paperbird - [/getOrderDetail/:id/:type, {"get":true}][6:05:32 PM], SequelizeDatabaseError: Unknown column 'DispatchQuantity' in 'field list'
[2021-04-22T18:06:19.238] [INFO] Paperbird - [/allDispatchOrder, {"post":true}][6:05:32 PM], All dispatches
[2021-04-22T18:06:19.250] [INFO] Paperbird - [/getSuppliersOrders/:type, {"post":true}][6:05:32 PM], Purchase order of suppliers
[2021-04-22T18:06:19.276] [INFO] Paperbird - [/getAll, {"get":true}][6:05:32 PM], All supplier warehouse
[2021-04-22T18:08:04.480] [ERROR] Paperbird - [/getOrderDetail/:id/:type, {"get":true}][6:05:32 PM], SequelizeDatabaseError: Unknown column 'DispatchQuantity' in 'field list'
[2021-04-22T18:09:07.467] [INFO] Paperbird - [/getSuppliersOrders/:type, {"post":true}][6:08:58 PM], Purchase order of suppliers
[2021-04-22T18:09:07.487] [INFO] Paperbird - [/allDispatchOrder, {"post":true}][6:08:58 PM], All dispatches
[2021-04-22T18:09:07.526] [INFO] Paperbird - [/getAll, {"get":true}][6:08:58 PM], All supplier warehouse
[2021-04-22T18:09:10.359] [ERROR] Paperbird - [/getOrderDetail/:id/:type, {"get":true}][6:08:58 PM], SequelizeDatabaseError: Unknown column 'Purchase_Order_Detail.RemainingQuantity' in 'field list'
[2021-04-22T18:09:28.214] [INFO] Paperbird - [/allDispatchOrder, {"post":true}][6:09:24 PM], All dispatches
[2021-04-22T18:09:28.239] [INFO] Paperbird - [/getSuppliersOrders/:type, {"post":true}][6:09:24 PM], Purchase order of suppliers
[2021-04-22T18:09:28.303] [INFO] Paperbird - [/getAll, {"get":true}][6:09:24 PM], All supplier warehouse
[2021-04-22T18:09:30.524] [INFO] Paperbird - [/getOrderDetail/:id/:type, {"get":true}][6:09:24 PM], Order Detail
[2021-04-22T18:10:21.686] [INFO] Paperbird - [/getSuppliersOrders/:type, {"post":true}][6:09:24 PM], Purchase order of suppliers
[2021-04-22T18:10:21.691] [INFO] Paperbird - [/allDispatchOrder, {"post":true}][6:09:24 PM], All dispatches
[2021-04-22T18:10:21.737] [INFO] Paperbird - [/getAll, {"get":true}][6:09:24 PM], All supplier warehouse
[2021-04-22T18:10:29.658] [INFO] Paperbird - [/getOrderDetail/:id/:type, {"get":true}][6:09:24 PM], Order Detail
[2021-04-22T18:29:22.597] [INFO] Paperbird - [/allDispatchOrder, {"post":true}][6:29:17 PM], All dispatches
[2021-04-22T18:29:22.614] [INFO] Paperbird - [/getSuppliersOrders/:type, {"post":true}][6:29:17 PM], Purchase order of suppliers
[2021-04-22T18:29:22.660] [INFO] Paperbird - [/getAll, {"get":true}][6:29:17 PM], All supplier warehouse
[2021-04-22T18:29:25.676] [INFO] Paperbird - [/getOrderDetail/:id/:type, {"get":true}][6:29:17 PM], Order Detail
[2021-04-22T18:29:53.062] [ERROR] Paperbird - [/newDispatch, {"post":true}][6:29:17 PM], SequelizeForeignKeyConstraintError: Cannot add or update a child row: a foreign key constraint fails (`paperbird`.`do_detail_quantity`, CONSTRAINT `do_detail_quantity_ibfk_3` FOREIGN KEY (`DispatchOrderDetailID`) REFERENCES `Dispatch_Order_Detail` (`ID`) ON DELETE NO ACTION ON UPDATE CASCADE)
[2021-04-22T18:33:27.849] [INFO] Paperbird - [/newDispatch, {"post":true}][6:33:14 PM], Updated
[2021-04-22T18:40:41.768] [INFO] Paperbird - [/newDispatch, {"post":true}][6:33:14 PM], Updated
[2021-04-22T18:45:57.533] [INFO] Paperbird - [/newDispatch, {"post":true}][6:45:17 PM], Updated
[2021-04-22T19:03:39.583] [INFO] Paperbird - [/newDispatch, {"post":true}][7:03:25 PM], Updated
[2021-04-22T19:04:44.103] [INFO] Paperbird - [/allDispatchOrder, {"post":true}][7:03:25 PM], All dispatches
[2021-04-22T19:04:44.120] [INFO] Paperbird - [/getSuppliersOrders/:type, {"post":true}][7:03:25 PM], Purchase order of suppliers
[2021-04-22T19:04:44.243] [INFO] Paperbird - [/getAll, {"get":true}][7:03:25 PM], All supplier warehouse
[2021-04-22T19:04:46.252] [ERROR] Paperbird - [/getSingleDispatchOrder/:id, {"get":true}][7:03:25 PM], SequelizeEagerLoadingError: Supplier_Warehouse is not associated to Dispatch_Order_Detail!
[2021-04-22T19:05:00.603] [INFO] Paperbird - [/getOrderDetail/:id/:type, {"get":true}][7:03:25 PM], Order Detail
[2021-04-22T19:05:05.655] [INFO] Paperbird - [/getOrderDetail/:id/:type, {"get":true}][7:03:25 PM], Order Detail
[2021-04-22T19:08:09.990] [INFO] Paperbird - [/getSuppliersOrders/:type, {"post":true}][7:08:07 PM], Purchase order of suppliers
[2021-04-22T19:08:10.005] [INFO] Paperbird - [/allDispatchOrder, {"post":true}][7:08:07 PM], All dispatches
[2021-04-22T19:08:10.062] [INFO] Paperbird - [/getAll, {"get":true}][7:08:07 PM], All supplier warehouse
[2021-04-22T19:08:13.109] [INFO] Paperbird - [/getOrderDetail/:id/:type, {"get":true}][7:08:07 PM], Order Detail
[2021-04-22T19:11:39.998] [INFO] Paperbird - [/allDispatchOrder, {"post":true}][7:10:26 PM], All dispatches
[2021-04-22T19:11:40.014] [INFO] Paperbird - [/getSuppliersOrders/:type, {"post":true}][7:10:26 PM], Purchase order of suppliers
[2021-04-22T19:11:40.047] [INFO] Paperbird - [/getAll, {"get":true}][7:10:26 PM], All supplier warehouse
[2021-04-22T19:11:49.356] [INFO] Paperbird - [/getOrderDetail/:id/:type, {"get":true}][7:10:26 PM], Order Detail
[2021-04-22T19:12:19.170] [INFO] Paperbird - [/allDispatchOrder, {"post":true}][7:10:26 PM], All dispatches
[2021-04-22T19:12:19.190] [INFO] Paperbird - [/getSuppliersOrders/:type, {"post":true}][7:10:26 PM], Purchase order of suppliers
[2021-04-22T19:12:19.229] [INFO] Paperbird - [/getAll, {"get":true}][7:10:26 PM], All supplier warehouse
[2021-04-22T19:12:21.215] [INFO] Paperbird - [/getOrderDetail/:id/:type, {"get":true}][7:10:26 PM], Order Detail
[2021-04-22T19:12:33.981] [INFO] Paperbird - [/allDispatchOrder, {"post":true}][7:10:26 PM], All dispatches
[2021-04-22T19:12:33.995] [INFO] Paperbird - [/getSuppliersOrders/:type, {"post":true}][7:10:26 PM], Purchase order of suppliers
[2021-04-22T19:12:34.034] [INFO] Paperbird - [/getAll, {"get":true}][7:10:26 PM], All supplier warehouse
[2021-04-22T19:12:46.041] [INFO] Paperbird - [/getOrderDetail/:id/:type, {"get":true}][7:10:26 PM], Order Detail
[2021-04-22T19:13:02.997] [INFO] Paperbird - [/allDispatchOrder, {"post":true}][7:10:26 PM], All dispatches
[2021-04-22T19:13:03.003] [INFO] Paperbird - [/getSuppliersOrders/:type, {"post":true}][7:10:26 PM], Purchase order of suppliers
[2021-04-22T19:13:03.045] [INFO] Paperbird - [/getAll, {"get":true}][7:10:26 PM], All supplier warehouse
[2021-04-22T19:13:12.354] [INFO] Paperbird - [/getOrderDetail/:id/:type, {"get":true}][7:10:26 PM], Order Detail
[2021-04-22T19:14:01.708] [INFO] Paperbird - [/newDispatch, {"post":true}][7:10:26 PM], Updated
[2021-04-22T19:14:04.258] [INFO] Paperbird - [/allDispatchOrder, {"post":true}][7:10:26 PM], All dispatches
[2021-04-22T19:14:04.292] [INFO] Paperbird - [/getSuppliersOrders/:type, {"post":true}][7:10:26 PM], Purchase order of suppliers
[2021-04-22T19:14:04.369] [INFO] Paperbird - [/getAll, {"get":true}][7:10:26 PM], All supplier warehouse
[2021-04-22T19:14:06.142] [INFO] Paperbird - [/getOrderDetail/:id/:type, {"get":true}][7:10:26 PM], Order Detail
[2021-04-22T19:21:10.050] [INFO] Paperbird - [/getSuppliersOrders/:type, {"post":true}][7:21:06 PM], Purchase order of suppliers
[2021-04-22T19:21:10.067] [INFO] Paperbird - [/allDispatchOrder, {"post":true}][7:21:06 PM], All dispatches
[2021-04-22T19:21:10.130] [INFO] Paperbird - [/getAll, {"get":true}][7:21:06 PM], All supplier warehouse
[2021-04-22T19:21:13.252] [ERROR] Paperbird - [/getOrderDetail/:id/:type, {"get":true}][7:21:06 PM], Error: Unknown structure passed to order / group: Dispatch_Order_Details
[2021-04-22T19:21:37.204] [INFO] Paperbird - [/allDispatchOrder, {"post":true}][7:21:27 PM], All dispatches
[2021-04-22T19:21:37.226] [INFO] Paperbird - [/getSuppliersOrders/:type, {"post":true}][7:21:27 PM], Purchase order of suppliers
[2021-04-22T19:21:37.301] [INFO] Paperbird - [/getAll, {"get":true}][7:21:27 PM], All supplier warehouse
[2021-04-22T19:21:40.733] [INFO] Paperbird - [/getOrderDetail/:id/:type, {"get":true}][7:21:27 PM], Order Detail
[2021-04-22T19:21:46.625] [INFO] Paperbird - [/allDispatchOrder, {"post":true}][7:21:27 PM], All dispatches
[2021-04-22T19:21:46.656] [INFO] Paperbird - [/getSuppliersOrders/:type, {"post":true}][7:21:27 PM], Purchase order of suppliers
[2021-04-22T19:21:46.780] [INFO] Paperbird - [/getAll, {"get":true}][7:21:27 PM], All supplier warehouse
[2021-04-22T19:21:49.746] [INFO] Paperbird - [/getOrderDetail/:id/:type, {"get":true}][7:21:27 PM], Order Detail
[2021-04-22T19:22:36.800] [INFO] Paperbird - [/allDispatchOrder, {"post":true}][7:22:31 PM], All dispatches
[2021-04-22T19:22:36.821] [INFO] Paperbird - [/getSuppliersOrders/:type, {"post":true}][7:22:31 PM], Purchase order of suppliers
[2021-04-22T19:22:36.866] [INFO] Paperbird - [/getAll, {"get":true}][7:22:31 PM], All supplier warehouse
[2021-04-22T19:22:39.134] [INFO] Paperbird - [/getOrderDetail/:id/:type, {"get":true}][7:22:31 PM], Order Detail
[2021-04-22T19:22:57.569] [INFO] Paperbird - [/allDispatchOrder, {"post":true}][7:22:53 PM], All dispatches
[2021-04-22T19:22:57.611] [INFO] Paperbird - [/getSuppliersOrders/:type, {"post":true}][7:22:53 PM], Purchase order of suppliers
[2021-04-22T19:22:57.700] [INFO] Paperbird - [/getAll, {"get":true}][7:22:53 PM], All supplier warehouse
[2021-04-22T19:23:00.114] [INFO] Paperbird - [/getOrderDetail/:id/:type, {"get":true}][7:22:53 PM], Order Detail
[2021-04-22T19:23:46.573] [INFO] Paperbird - [/newDispatch, {"post":true}][7:22:53 PM], Updated
[2021-04-22T19:23:49.545] [INFO] Paperbird - [/allDispatchOrder, {"post":true}][7:22:53 PM], All dispatches
[2021-04-22T19:23:49.563] [INFO] Paperbird - [/getSuppliersOrders/:type, {"post":true}][7:22:53 PM], Purchase order of suppliers
[2021-04-22T19:23:49.614] [INFO] Paperbird - [/getAll, {"get":true}][7:22:53 PM], All supplier warehouse
[2021-04-22T19:23:51.404] [INFO] Paperbird - [/getOrderDetail/:id/:type, {"get":true}][7:22:53 PM], Order Detail
[2021-04-22T19:24:14.114] [INFO] Paperbird - [/getSuppliersOrders/:type, {"post":true}][7:22:53 PM], Purchase order of suppliers
[2021-04-22T19:24:14.122] [INFO] Paperbird - [/getAll, {"get":true}][7:22:53 PM], All supplier warehouse
[2021-04-22T19:24:14.756] [INFO] Paperbird - [/allDispatchOrder, {"post":true}][7:22:53 PM], All dispatches
[2021-04-22T19:24:14.760] [INFO] Paperbird - [/getSuppliersOrders/:type, {"post":true}][7:22:53 PM], Purchase order of suppliers
[2021-04-22T19:24:14.790] [INFO] Paperbird - [/getAll, {"get":true}][7:22:53 PM], All supplier warehouse
