[2021-09-24T11:43:32.173] [INFO] Paperbird - [/getAllProductGroup/:name, {"get":true}][11:41:20 AM], All data
[2021-09-24T11:43:56.457] [INFO] Paperbird - [/getAllProductGroup/:name, {"get":true}][11:41:20 AM], All data
[2021-09-24T11:44:00.222] [INFO] Paperbird - [/getAllProductGroup/:name, {"get":true}][11:41:20 AM], All data
[2021-09-24T11:44:07.973] [INFO] Paperbird - [/customer, {"post":true}][11:41:20 AM], Customer Login Successfull
[2021-09-24T11:44:09.173] [INFO] Paperbird - [/getAllProductGroup/:name, {"get":true}][11:41:20 AM], All data
[2021-09-24T11:44:09.268] [INFO] Paperbird - [/getCustomerOrders, {"post":true}][11:41:20 AM], This are all customer Orders
[2021-09-24T11:44:09.451] [INFO] Paperbird - [/getSingleCustomerOrder/:id, {"get":true}][11:41:20 AM], All Orders
[2021-09-24T11:44:09.454] [INFO] Paperbird - [/getSingleCustomerOrder/:id, {"get":true}][11:41:20 AM], All Orders
[2021-09-24T11:45:52.267] [INFO] Paperbird - [/getSingleCustomerOrder/:id, {"get":true}][11:41:20 AM], All Orders
[2021-09-24T11:45:54.000] [INFO] Paperbird - [/getSingleCustomerOrder/:id, {"get":true}][11:41:20 AM], All Orders
[2021-09-24T11:45:55.075] [INFO] Paperbird - [/getSingleCustomerOrder/:id, {"get":true}][11:41:20 AM], All Orders
[2021-09-24T11:45:56.768] [INFO] Paperbird - [/getSingleCustomerOrder/:id, {"get":true}][11:41:20 AM], All Orders
[2021-09-24T11:46:32.329] [INFO] Paperbird - [/getSingleCustomerOrder/:id, {"get":true}][11:41:20 AM], All Orders
[2021-09-24T12:01:57.154] [INFO] Paperbird - [/getCustomerChats/:id, {"get":true}][11:41:20 AM], Customers chat room
[2021-09-24T12:01:58.122] [INFO] Paperbird - [/getChatMessages/:id, {"get":true}][11:41:20 AM], Chat Messages
[2021-09-24T12:17:14.053] [INFO] Paperbird - [/getAllProductGroup/:name, {"get":true}][12:16:41 PM], All data
[2021-09-24T12:17:14.081] [INFO] Paperbird - [/getCustomerOrders, {"post":true}][12:16:41 PM], This are all customer Orders
[2021-09-24T12:17:14.177] [INFO] Paperbird - [/getSingleCustomerOrder/:id, {"get":true}][12:16:41 PM], All Orders
[2021-09-24T12:17:14.179] [INFO] Paperbird - [/getSingleCustomerOrder/:id, {"get":true}][12:16:41 PM], All Orders
[2021-09-24T12:19:27.762] [INFO] Paperbird - [/getAllProductGroup/:name, {"get":true}][12:16:41 PM], All data
[2021-09-24T12:19:27.774] [INFO] Paperbird - [/getCustomerOrders, {"post":true}][12:16:41 PM], This are all customer Orders
[2021-09-24T12:19:27.851] [INFO] Paperbird - [/getSingleCustomerOrder/:id, {"get":true}][12:16:41 PM], All Orders
[2021-09-24T12:19:27.854] [INFO] Paperbird - [/getSingleCustomerOrder/:id, {"get":true}][12:16:41 PM], All Orders
[2021-09-24T12:19:51.860] [INFO] Paperbird - [/getAllProductGroup/:name, {"get":true}][12:16:41 PM], All data
[2021-09-24T12:19:51.876] [INFO] Paperbird - [/getCustomerOrders, {"post":true}][12:16:41 PM], This are all customer Orders
[2021-09-24T12:19:51.968] [INFO] Paperbird - [/getSingleCustomerOrder/:id, {"get":true}][12:16:41 PM], All Orders
[2021-09-24T12:19:51.969] [INFO] Paperbird - [/getSingleCustomerOrder/:id, {"get":true}][12:16:41 PM], All Orders
[2021-09-24T12:20:50.893] [INFO] Paperbird - [/getNotification, {"post":true}][12:16:41 PM], first five notifications
[2021-09-24T12:22:00.695] [INFO] Paperbird - [/getAllProductGroup/:name, {"get":true}][12:16:41 PM], All data
[2021-09-24T12:22:00.718] [INFO] Paperbird - [/getCustomerOrders, {"post":true}][12:16:41 PM], This are all customer Orders
[2021-09-24T12:22:00.933] [INFO] Paperbird - [/getSingleCustomerOrder/:id, {"get":true}][12:16:41 PM], All Orders
[2021-09-24T12:22:00.934] [INFO] Paperbird - [/getSingleCustomerOrder/:id, {"get":true}][12:16:41 PM], All Orders
[2021-09-24T12:22:11.258] [INFO] Paperbird - [/getAllProductGroup/:name, {"get":true}][12:16:41 PM], All data
[2021-09-24T12:22:11.269] [INFO] Paperbird - [/getCustomerOrders, {"post":true}][12:16:41 PM], This are all customer Orders
[2021-09-24T12:22:11.465] [INFO] Paperbird - [/getSingleCustomerOrder/:id, {"get":true}][12:16:41 PM], All Orders
[2021-09-24T12:22:11.467] [INFO] Paperbird - [/getSingleCustomerOrder/:id, {"get":true}][12:16:41 PM], All Orders
[2021-09-24T12:25:26.137] [INFO] Paperbird - [/getAllProductGroup/:name, {"get":true}][12:16:41 PM], All data
[2021-09-24T12:25:26.149] [INFO] Paperbird - [/getCustomerOrders, {"post":true}][12:16:41 PM], This are all customer Orders
[2021-09-24T12:25:26.320] [INFO] Paperbird - [/getSingleCustomerOrder/:id, {"get":true}][12:16:41 PM], All Orders
[2021-09-24T12:25:26.343] [INFO] Paperbird - [/getSingleCustomerOrder/:id, {"get":true}][12:16:41 PM], All Orders
[2021-09-24T12:26:11.784] [INFO] Paperbird - [/getAllProductGroup/:name, {"get":true}][12:16:41 PM], All data
[2021-09-24T12:26:11.805] [INFO] Paperbird - [/getCustomerOrders, {"post":true}][12:16:41 PM], This are all customer Orders
[2021-09-24T12:26:11.942] [INFO] Paperbird - [/getSingleCustomerOrder/:id, {"get":true}][12:16:41 PM], All Orders
[2021-09-24T12:26:11.955] [INFO] Paperbird - [/getSingleCustomerOrder/:id, {"get":true}][12:16:41 PM], All Orders
[2021-09-24T12:26:47.246] [INFO] Paperbird - [/getAllProductGroup/:name, {"get":true}][12:16:41 PM], All data
[2021-09-24T12:26:47.266] [INFO] Paperbird - [/getCustomerOrders, {"post":true}][12:16:41 PM], This are all customer Orders
[2021-09-24T12:26:47.435] [INFO] Paperbird - [/getSingleCustomerOrder/:id, {"get":true}][12:16:41 PM], All Orders
[2021-09-24T12:26:47.453] [INFO] Paperbird - [/getSingleCustomerOrder/:id, {"get":true}][12:16:41 PM], All Orders
[2021-09-24T12:26:54.952] [INFO] Paperbird - [/getAllProductGroup/:name, {"get":true}][12:16:41 PM], All data
[2021-09-24T12:26:54.964] [INFO] Paperbird - [/getCustomerOrders, {"post":true}][12:16:41 PM], This are all customer Orders
[2021-09-24T12:26:55.142] [INFO] Paperbird - [/getSingleCustomerOrder/:id, {"get":true}][12:16:41 PM], All Orders
[2021-09-24T12:26:55.145] [INFO] Paperbird - [/getSingleCustomerOrder/:id, {"get":true}][12:16:41 PM], All Orders
[2021-09-24T12:27:01.312] [INFO] Paperbird - [/getAllProductGroup/:name, {"get":true}][12:16:41 PM], All data
[2021-09-24T12:27:01.334] [INFO] Paperbird - [/getCustomerOrders, {"post":true}][12:16:41 PM], This are all customer Orders
[2021-09-24T12:27:01.467] [INFO] Paperbird - [/getSingleCustomerOrder/:id, {"get":true}][12:16:41 PM], All Orders
[2021-09-24T12:27:01.469] [INFO] Paperbird - [/getSingleCustomerOrder/:id, {"get":true}][12:16:41 PM], All Orders
[2021-09-24T12:29:51.221] [INFO] Paperbird - [/getCustomerChats/:id, {"get":true}][12:16:41 PM], Customers chat room
[2021-09-24T12:29:53.218] [INFO] Paperbird - [/getChatMessages/:id, {"get":true}][12:16:41 PM], Chat Messages
[2021-09-24T12:30:02.926] [INFO] Paperbird - [/getChatMessages/:id, {"get":true}][12:16:41 PM], Chat Messages
[2021-09-24T12:30:07.913] [INFO] Paperbird - [/, {"post":true}][12:16:41 PM], Login successful
[2021-09-24T12:30:08.012] [ERROR] Paperbird - Something went wrong: ReferenceError: successResponses is not defined
    at C:\Projects\paperbird\server\routes\Dashboard\index.js:10:5
    at Layer.handle [as handle_request] (C:\Projects\paperbird\server\node_modules\express\lib\router\layer.js:95:5)
    at next (C:\Projects\paperbird\server\node_modules\express\lib\router\route.js:137:13)
    at module.exports (C:\Projects\paperbird\server\middlewares\jwtauth.js:56:5)
    at Layer.handle [as handle_request] (C:\Projects\paperbird\server\node_modules\express\lib\router\layer.js:95:5)
    at next (C:\Projects\paperbird\server\node_modules\express\lib\router\route.js:137:13)
    at Route.dispatch (C:\Projects\paperbird\server\node_modules\express\lib\router\route.js:112:3)
    at Layer.handle [as handle_request] (C:\Projects\paperbird\server\node_modules\express\lib\router\layer.js:95:5)
    at C:\Projects\paperbird\server\node_modules\express\lib\router\index.js:281:22
    at Function.process_params (C:\Projects\paperbird\server\node_modules\express\lib\router\index.js:335:12)
    at next (C:\Projects\paperbird\server\node_modules\express\lib\router\index.js:275:10)
    at Function.handle (C:\Projects\paperbird\server\node_modules\express\lib\router\index.js:174:3)
    at router (C:\Projects\paperbird\server\node_modules\express\lib\router\index.js:47:12)
    at Layer.handle [as handle_request] (C:\Projects\paperbird\server\node_modules\express\lib\router\layer.js:95:5)
    at trim_prefix (C:\Projects\paperbird\server\node_modules\express\lib\router\index.js:317:13)
    at C:\Projects\paperbird\server\node_modules\express\lib\router\index.js:284:7
    at Function.process_params (C:\Projects\paperbird\server\node_modules\express\lib\router\index.js:335:12)
    at next (C:\Projects\paperbird\server\node_modules\express\lib\router\index.js:275:10)
    at C:\Projects\paperbird\server\app.js:184:3
    at Layer.handle [as handle_request] (C:\Projects\paperbird\server\node_modules\express\lib\router\layer.js:95:5)
    at trim_prefix (C:\Projects\paperbird\server\node_modules\express\lib\router\index.js:317:13)
    at C:\Projects\paperbird\server\node_modules\express\lib\router\index.js:284:7
    at Function.process_params (C:\Projects\paperbird\server\node_modules\express\lib\router\index.js:335:12)
    at next (C:\Projects\paperbird\server\node_modules\express\lib\router\index.js:275:10)
    at next (C:\Projects\paperbird\server\node_modules\express\lib\router\route.js:127:14)
    at next (C:\Projects\paperbird\server\node_modules\express\lib\router\route.js:131:14)
    at next (C:\Projects\paperbird\server\node_modules\express\lib\router\route.js:131:14)
    at next (C:\Projects\paperbird\server\node_modules\express\lib\router\route.js:131:14)
[2021-09-24T12:30:13.240] [INFO] Paperbird - [/getSupplierMessages/:id, {"get":true}][12:16:41 PM], Customers chat room
[2021-09-24T12:30:14.248] [INFO] Paperbird - [/getChatMessages/:id, {"get":true}][12:16:41 PM], Chat Messages
[2021-09-24T12:30:28.651] [INFO] Paperbird - [/getAllProductGroup/:name, {"get":true}][12:16:41 PM], All data
[2021-09-24T12:30:28.668] [INFO] Paperbird - [/getCustomerOrders, {"post":true}][12:16:41 PM], This are all customer Orders
[2021-09-24T12:30:28.781] [INFO] Paperbird - [/getSingleCustomerOrder/:id, {"get":true}][12:16:41 PM], All Orders
[2021-09-24T12:30:28.784] [INFO] Paperbird - [/getSingleCustomerOrder/:id, {"get":true}][12:16:41 PM], All Orders
[2021-09-24T12:30:29.958] [INFO] Paperbird - [/getCustomerChats/:id, {"get":true}][12:16:41 PM], Customers chat room
[2021-09-24T12:30:31.097] [INFO] Paperbird - [/getChatMessages/:id, {"get":true}][12:16:41 PM], Chat Messages
[2021-09-24T12:30:39.176] [INFO] Paperbird - [/getSupplierMessages/:id, {"get":true}][12:16:41 PM], Customers chat room
[2021-09-24T12:30:40.023] [INFO] Paperbird - [/getChatMessages/:id, {"get":true}][12:16:41 PM], Chat Messages
[2021-09-24T12:31:01.398] [INFO] Paperbird - [/getCustomerChats/:id, {"get":true}][12:16:41 PM], Customers chat room
[2021-09-24T12:32:23.779] [INFO] Paperbird - [/getCustomerChats/:id, {"get":true}][12:16:41 PM], Customers chat room
[2021-09-24T12:32:27.441] [INFO] Paperbird - [/getAllProductGroup/:name, {"get":true}][12:16:41 PM], All data
[2021-09-24T12:32:27.456] [INFO] Paperbird - [/getCustomerOrders, {"post":true}][12:16:41 PM], This are all customer Orders
[2021-09-24T12:32:27.548] [INFO] Paperbird - [/getSingleCustomerOrder/:id, {"get":true}][12:16:41 PM], All Orders
[2021-09-24T12:32:27.550] [INFO] Paperbird - [/getSingleCustomerOrder/:id, {"get":true}][12:16:41 PM], All Orders
[2021-09-24T12:32:30.831] [INFO] Paperbird - [/getSupplierMessages/:id, {"get":true}][12:16:41 PM], Customers chat room
[2021-09-24T12:32:31.351] [INFO] Paperbird - [/getChatMessages/:id, {"get":true}][12:16:41 PM], Chat Messages
[2021-09-24T12:32:34.468] [INFO] Paperbird - [/getCustomerChats/:id, {"get":true}][12:16:41 PM], Customers chat room
[2021-09-24T12:32:35.409] [INFO] Paperbird - [/getChatMessages/:id, {"get":true}][12:16:41 PM], Chat Messages
[2021-09-24T12:33:38.813] [INFO] Paperbird - [/getAllProductGroup/:name, {"get":true}][12:16:41 PM], All data
[2021-09-24T12:33:38.833] [INFO] Paperbird - [/getCustomerOrders, {"post":true}][12:16:41 PM], This are all customer Orders
[2021-09-24T12:33:39.089] [INFO] Paperbird - [/getSingleCustomerOrder/:id, {"get":true}][12:16:41 PM], All Orders
[2021-09-24T12:33:39.128] [INFO] Paperbird - [/getSingleCustomerOrder/:id, {"get":true}][12:16:41 PM], All Orders
[2021-09-24T12:33:42.296] [INFO] Paperbird - [/getAllProductGroup/:name, {"get":true}][12:16:41 PM], All data
[2021-09-24T12:33:42.307] [INFO] Paperbird - [/getCustomerOrders, {"post":true}][12:16:41 PM], This are all customer Orders
[2021-09-24T12:33:42.634] [INFO] Paperbird - [/getSingleCustomerOrder/:id, {"get":true}][12:16:41 PM], All Orders
[2021-09-24T12:33:42.635] [INFO] Paperbird - [/getSingleCustomerOrder/:id, {"get":true}][12:16:41 PM], All Orders
[2021-09-24T12:34:06.049] [INFO] Paperbird - [/getCustomerOrders, {"post":true}][12:16:41 PM], This are all customer Orders
[2021-09-24T12:34:06.052] [INFO] Paperbird - [/getAllProductGroup/:name, {"get":true}][12:16:41 PM], All data
[2021-09-24T12:34:06.245] [INFO] Paperbird - [/getSingleCustomerOrder/:id, {"get":true}][12:16:41 PM], All Orders
[2021-09-24T12:34:06.247] [INFO] Paperbird - [/getSingleCustomerOrder/:id, {"get":true}][12:16:41 PM], All Orders
[2021-09-24T12:34:07.422] [INFO] Paperbird - [/getCustomerChats/:id, {"get":true}][12:16:41 PM], Customers chat room
[2021-09-24T12:34:08.263] [INFO] Paperbird - [/getChatMessages/:id, {"get":true}][12:16:41 PM], Chat Messages
[2021-09-24T12:34:12.717] [INFO] Paperbird - [/getSupplierMessages/:id, {"get":true}][12:16:41 PM], Customers chat room
[2021-09-24T12:34:13.509] [INFO] Paperbird - [/getChatMessages/:id, {"get":true}][12:16:41 PM], Chat Messages
[2021-09-24T12:34:50.498] [INFO] Paperbird - [/getAllProductGroup/:name, {"get":true}][12:16:41 PM], All data
[2021-09-24T12:34:50.510] [INFO] Paperbird - [/getCustomerOrders, {"post":true}][12:16:41 PM], This are all customer Orders
[2021-09-24T12:34:50.774] [INFO] Paperbird - [/getSingleCustomerOrder/:id, {"get":true}][12:16:41 PM], All Orders
[2021-09-24T12:34:50.776] [INFO] Paperbird - [/getSingleCustomerOrder/:id, {"get":true}][12:16:41 PM], All Orders
[2021-09-24T12:35:07.831] [INFO] Paperbird - [/getAllProductGroup/:name, {"get":true}][12:16:41 PM], All data
[2021-09-24T12:35:07.853] [INFO] Paperbird - [/getCustomerOrders, {"post":true}][12:16:41 PM], This are all customer Orders
[2021-09-24T12:35:07.981] [INFO] Paperbird - [/getSingleCustomerOrder/:id, {"get":true}][12:16:41 PM], All Orders
[2021-09-24T12:35:07.994] [INFO] Paperbird - [/getSingleCustomerOrder/:id, {"get":true}][12:16:41 PM], All Orders
[2021-09-24T12:36:12.307] [INFO] Paperbird - [/getAllProductGroup/:name, {"get":true}][12:16:41 PM], All data
[2021-09-24T12:36:12.320] [INFO] Paperbird - [/getCustomerOrders, {"post":true}][12:16:41 PM], This are all customer Orders
[2021-09-24T12:36:12.582] [INFO] Paperbird - [/getSingleCustomerOrder/:id, {"get":true}][12:16:41 PM], All Orders
[2021-09-24T12:36:12.618] [INFO] Paperbird - [/getSingleCustomerOrder/:id, {"get":true}][12:16:41 PM], All Orders
[2021-09-24T12:52:09.668] [INFO] Paperbird - [/getCustomerChats/:id, {"get":true}][12:52:07 PM], Customers chat room
[2021-09-24T12:52:28.656] [INFO] Paperbird - [/getCustomerChats/:id, {"get":true}][12:52:24 PM], Customers chat room
[2021-09-24T12:52:32.986] [INFO] Paperbird - [/getAllProductGroup/:name, {"get":true}][12:52:24 PM], All data
[2021-09-24T12:52:33.014] [INFO] Paperbird - [/getCustomerOrders, {"post":true}][12:52:24 PM], This are all customer Orders
[2021-09-24T12:52:33.252] [INFO] Paperbird - [/getSingleCustomerOrder/:id, {"get":true}][12:52:24 PM], All Orders
[2021-09-24T12:52:33.259] [INFO] Paperbird - [/getSingleCustomerOrder/:id, {"get":true}][12:52:24 PM], All Orders
[2021-09-24T12:52:41.798] [INFO] Paperbird - [/getCustomerChats/:id, {"get":true}][12:52:24 PM], Customers chat room
[2021-09-24T12:53:16.181] [INFO] Paperbird - [/getCustomerChats/:id, {"get":true}][12:53:11 PM], Customers chat room
[2021-09-24T12:53:33.621] [INFO] Paperbird - [/getCustomerChats/:id, {"get":true}][12:53:29 PM], Customers chat room
[2021-09-24T12:53:59.832] [INFO] Paperbird - [/getCustomerChats/:id, {"get":true}][12:53:55 PM], Customers chat room
[2021-09-24T13:08:38.293] [ERROR] Paperbird - [/getCustomerChats/:id, {"get":true}][1:08:33 PM], TypeError: Cannot convert undefined or null to object
[2021-09-24T13:09:09.026] [ERROR] Paperbird - [/getCustomerChats/:id, {"get":true}][1:09:05 PM], TypeError: Cannot convert undefined or null to object
[2021-09-24T13:09:20.627] [ERROR] Paperbird - [/getCustomerChats/:id, {"get":true}][1:09:16 PM], TypeError: Cannot convert undefined or null to object
[2021-09-24T13:14:58.358] [INFO] Paperbird - [/getAllProductGroup/:name, {"get":true}][1:14:53 PM], All data
[2021-09-24T13:14:58.386] [INFO] Paperbird - [/getCustomerOrders, {"post":true}][1:14:53 PM], This are all customer Orders
[2021-09-24T13:14:58.565] [INFO] Paperbird - [/getSingleCustomerOrder/:id, {"get":true}][1:14:53 PM], All Orders
[2021-09-24T13:14:58.573] [INFO] Paperbird - [/getSingleCustomerOrder/:id, {"get":true}][1:14:53 PM], All Orders
[2021-09-24T13:14:59.352] [ERROR] Paperbird - [/getCustomerChats/:id, {"get":true}][1:14:53 PM], ReferenceError: sequelize is not defined
[2021-09-24T13:15:20.776] [INFO] Paperbird - [/getAllProductGroup/:name, {"get":true}][1:15:17 PM], All data
[2021-09-24T13:15:20.811] [INFO] Paperbird - [/getCustomerOrders, {"post":true}][1:15:17 PM], This are all customer Orders
[2021-09-24T13:15:20.949] [INFO] Paperbird - [/getSingleCustomerOrder/:id, {"get":true}][1:15:17 PM], All Orders
[2021-09-24T13:15:20.951] [INFO] Paperbird - [/getSingleCustomerOrder/:id, {"get":true}][1:15:17 PM], All Orders
[2021-09-24T13:15:22.634] [ERROR] Paperbird - [/getCustomerChats/:id, {"get":true}][1:15:17 PM], SequelizeDatabaseError: You have an error in your SQL syntax; check the manual that corresponds to your MariaDB server version for the right syntax to use near '"User_Master" WHERE "User_Master"."ReferenceID" = "Chat"."CustomerID") AS `Custo' at line 1
[2021-09-24T13:15:45.069] [INFO] Paperbird - [/getAllProductGroup/:name, {"get":true}][1:15:40 PM], All data
[2021-09-24T13:15:45.104] [INFO] Paperbird - [/getCustomerOrders, {"post":true}][1:15:40 PM], This are all customer Orders
[2021-09-24T13:15:45.253] [INFO] Paperbird - [/getSingleCustomerOrder/:id, {"get":true}][1:15:40 PM], All Orders
[2021-09-24T13:15:45.278] [INFO] Paperbird - [/getSingleCustomerOrder/:id, {"get":true}][1:15:40 PM], All Orders
[2021-09-24T13:15:45.697] [ERROR] Paperbird - [/getCustomerChats/:id, {"get":true}][1:15:40 PM], SequelizeDatabaseError: You have an error in your SQL syntax; check the manual that corresponds to your MariaDB server version for the right syntax to use near '"User_Master" WHERE "User_Master"."ReferenceID" = "Chat"."CustomerID") AS `Custo' at line 1
[2021-09-24T13:17:29.213] [ERROR] Paperbird - [/getCustomerChats/:id, {"get":true}][1:17:22 PM], SequelizeDatabaseError: You have an error in your SQL syntax; check the manual that corresponds to your MariaDB server version for the right syntax to use near '"User_Master" WHERE "User_Master"."ReferenceID" = "Chat"."CustomerID") AS `Custo' at line 1
[2021-09-24T13:19:08.583] [INFO] Paperbird - [/getAllProductGroup/:name, {"get":true}][1:19:02 PM], All data
[2021-09-24T13:19:08.613] [INFO] Paperbird - [/getCustomerOrders, {"post":true}][1:19:02 PM], This are all customer Orders
[2021-09-24T13:19:08.787] [INFO] Paperbird - [/getSingleCustomerOrder/:id, {"get":true}][1:19:02 PM], All Orders
[2021-09-24T13:19:08.797] [INFO] Paperbird - [/getSingleCustomerOrder/:id, {"get":true}][1:19:02 PM], All Orders
[2021-09-24T13:19:09.288] [ERROR] Paperbird - [/getCustomerChats/:id, {"get":true}][1:19:02 PM], SequelizeDatabaseError: You have an error in your SQL syntax; check the manual that corresponds to your MariaDB server version for the right syntax to use near '"User_Master" WHERE "User_Master"."ReferenceID" = "Chat"."CustomerID") AS `Custo' at line 1
[2021-09-24T13:19:31.209] [INFO] Paperbird - [/getAllProductGroup/:name, {"get":true}][1:19:28 PM], All data
[2021-09-24T13:19:31.242] [INFO] Paperbird - [/getCustomerOrders, {"post":true}][1:19:28 PM], This are all customer Orders
[2021-09-24T13:19:31.419] [INFO] Paperbird - [/getSingleCustomerOrder/:id, {"get":true}][1:19:28 PM], All Orders
[2021-09-24T13:19:31.430] [INFO] Paperbird - [/getSingleCustomerOrder/:id, {"get":true}][1:19:28 PM], All Orders
[2021-09-24T13:19:31.735] [INFO] Paperbird - [/getCustomerChats/:id, {"get":true}][1:19:28 PM], Customers chat room
[2021-09-24T13:19:50.438] [ERROR] Paperbird - [/getCustomerChats/:id, {"get":true}][1:19:37 PM], SequelizeDatabaseError: You have an error in your SQL syntax; check the manual that corresponds to your MariaDB server version for the right syntax to use near '"User_Master" WHERE "User_Master"."ReferenceID" = "Chat"."CustomerID") AS `Custo' at line 1
[2021-09-24T14:12:13.751] [INFO] Paperbird - [/getAllProductGroup/:name, {"get":true}][2:12:09 PM], All data
[2021-09-24T14:12:13.778] [INFO] Paperbird - [/getCustomerOrders, {"post":true}][2:12:09 PM], This are all customer Orders
[2021-09-24T14:12:13.944] [INFO] Paperbird - [/getSingleCustomerOrder/:id, {"get":true}][2:12:09 PM], All Orders
[2021-09-24T14:12:13.968] [INFO] Paperbird - [/getSingleCustomerOrder/:id, {"get":true}][2:12:09 PM], All Orders
[2021-09-24T14:12:14.796] [ERROR] Paperbird - [/getCustomerChats/:id, {"get":true}][2:12:09 PM], SequelizeDatabaseError: You have an error in your SQL syntax; check the manual that corresponds to your MariaDB server version for the right syntax to use near '."ID") FROM "User_Master" WHERE "User_Master"."ReferenceID" = "Chat"."CustomerID' at line 1
[2021-09-24T14:33:05.165] [INFO] Paperbird - [/getCustomerChats/:id, {"get":true}][2:33:00 PM], Customers chat room
[2021-09-24T15:25:59.954] [ERROR] Paperbird - [/getCustomerChats/:id, {"get":true}][3:25:46 PM], SequelizeDatabaseError: You have an error in your SQL syntax; check the manual that corresponds to your MariaDB server version for the right syntax to use near 'Role`.`ID` = 3) AS `Customer.users` FROM `Chat` AS `Chat` LEFT OUTER JOIN `Suppl' at line 1
[2021-09-24T15:26:51.173] [INFO] Paperbird - [/getAllProductGroup/:name, {"get":true}][3:26:31 PM], All data
[2021-09-24T15:26:51.215] [INFO] Paperbird - [/getCustomerOrders, {"post":true}][3:26:31 PM], This are all customer Orders
[2021-09-24T15:26:51.309] [INFO] Paperbird - [/getSingleCustomerOrder/:id, {"get":true}][3:26:31 PM], All Orders
[2021-09-24T15:26:51.312] [INFO] Paperbird - [/getSingleCustomerOrder/:id, {"get":true}][3:26:31 PM], All Orders
[2021-09-24T15:26:52.808] [ERROR] Paperbird - [/getCustomerChats/:id, {"get":true}][3:26:31 PM], SequelizeDatabaseError: You have an error in your SQL syntax; check the manual that corresponds to your MariaDB server version for the right syntax to use near 'User_Master`.RoleID` = 3) AS `Customer.users` FROM `Chat` AS `Chat` LEFT OUTER J' at line 1
[2021-09-24T15:27:54.166] [ERROR] Paperbird - [/getCustomerChats/:id, {"get":true}][3:27:44 PM], SequelizeDatabaseError: You have an error in your SQL syntax; check the manual that corresponds to your MariaDB server version for the right syntax to use near '` = 3) AS `Customer.users` FROM `Chat` AS `Chat` LEFT OUTER JOIN `Supplier` AS `' at line 1
[2021-09-24T15:29:24.449] [INFO] Paperbird - [/getAllProductGroup/:name, {"get":true}][3:29:19 PM], All data
[2021-09-24T15:29:24.473] [INFO] Paperbird - [/getCustomerOrders, {"post":true}][3:29:19 PM], This are all customer Orders
[2021-09-24T15:29:24.578] [INFO] Paperbird - [/getSingleCustomerOrder/:id, {"get":true}][3:29:19 PM], All Orders
[2021-09-24T15:29:24.580] [INFO] Paperbird - [/getSingleCustomerOrder/:id, {"get":true}][3:29:19 PM], All Orders
[2021-09-24T15:29:25.205] [INFO] Paperbird - [/getCustomerChats/:id, {"get":true}][3:29:19 PM], Customers chat room
[2021-09-24T15:31:16.458] [INFO] Paperbird - [/getCustomerChats/:id, {"get":true}][3:31:09 PM], Customers chat room
[2021-09-24T15:33:04.664] [INFO] Paperbird - [/getCustomerChats/:id, {"get":true}][3:33:00 PM], Customers chat room
[2021-09-24T15:33:28.060] [INFO] Paperbird - [/getSupplierMessages/:id, {"get":true}][3:33:00 PM], Customers chat room
[2021-09-24T15:34:27.647] [INFO] Paperbird - [/getSupplierMessages/:id, {"get":true}][3:34:20 PM], Customers chat room
[2021-09-24T15:34:40.782] [INFO] Paperbird - [/getSupplierMessages/:id, {"get":true}][3:34:20 PM], Customers chat room
[2021-09-24T15:34:51.734] [INFO] Paperbird - [/getCustomerChats/:id, {"get":true}][3:34:20 PM], Customers chat room
[2021-09-24T15:37:30.445] [INFO] Paperbird - [/getCustomerChats/:id, {"get":true}][3:37:08 PM], Customers chat room
[2021-09-24T15:38:14.194] [INFO] Paperbird - [/getCustomerChats/:id, {"get":true}][3:38:12 PM], Customers chat room
[2021-09-24T15:39:16.869] [INFO] Paperbird - [/getCustomerChats/:id, {"get":true}][3:39:13 PM], Customers chat room
[2021-09-24T15:40:09.329] [INFO] Paperbird - [/getCustomerChats/:id, {"get":true}][3:40:01 PM], Customers chat room
[2021-09-24T15:41:03.377] [INFO] Paperbird - [/getCustomerChats/:id, {"get":true}][3:40:01 PM], Customers chat room
[2021-09-24T15:42:09.563] [INFO] Paperbird - [/getCustomerChats/:id, {"get":true}][3:40:01 PM], Customers chat room
[2021-09-24T15:42:48.257] [INFO] Paperbird - [/getCustomerChats/:id, {"get":true}][3:40:01 PM], Customers chat room
[2021-09-24T15:43:03.986] [INFO] Paperbird - [/getCustomerChats/:id, {"get":true}][3:40:01 PM], Customers chat room
[2021-09-24T15:43:13.528] [INFO] Paperbird - [/getCustomerChats/:id, {"get":true}][3:40:01 PM], Customers chat room
[2021-09-24T15:44:07.529] [INFO] Paperbird - [/getCustomerChats/:id, {"get":true}][3:40:01 PM], Customers chat room
[2021-09-24T15:44:26.297] [INFO] Paperbird - [/getCustomerChats/:id, {"get":true}][3:40:01 PM], Customers chat room
[2021-09-24T15:44:51.169] [INFO] Paperbird - [/getCustomerChats/:id, {"get":true}][3:40:01 PM], Customers chat room
[2021-09-24T15:45:00.751] [INFO] Paperbird - [/getCustomerChats/:id, {"get":true}][3:40:01 PM], Customers chat room
[2021-09-24T15:45:07.515] [INFO] Paperbird - [/getCustomerChats/:id, {"get":true}][3:40:01 PM], Customers chat room
[2021-09-24T15:45:12.208] [INFO] Paperbird - [/getCustomerChats/:id, {"get":true}][3:40:01 PM], Customers chat room
[2021-09-24T15:45:14.127] [INFO] Paperbird - [/getCustomerChats/:id, {"get":true}][3:40:01 PM], Customers chat room
[2021-09-24T15:45:22.639] [INFO] Paperbird - [/getCustomerChats/:id, {"get":true}][3:40:01 PM], Customers chat room
[2021-09-24T15:47:01.456] [INFO] Paperbird - [/getCustomerChats/:id, {"get":true}][3:40:01 PM], Customers chat room
[2021-09-24T15:47:13.609] [INFO] Paperbird - [/getCustomerChats/:id, {"get":true}][3:40:01 PM], Customers chat room
[2021-09-24T15:47:18.679] [INFO] Paperbird - [/getCustomerChats/:id, {"get":true}][3:40:01 PM], Customers chat room
[2021-09-24T15:47:20.039] [INFO] Paperbird - [/getCustomerChats/:id, {"get":true}][3:40:01 PM], Customers chat room
[2021-09-24T15:47:21.953] [INFO] Paperbird - [/getCustomerChats/:id, {"get":true}][3:40:01 PM], Customers chat room
[2021-09-24T15:47:41.741] [INFO] Paperbird - [/getCustomerChats/:id, {"get":true}][3:40:01 PM], Customers chat room
[2021-09-24T15:47:49.589] [INFO] Paperbird - [/getCustomerChats/:id, {"get":true}][3:40:01 PM], Customers chat room
[2021-09-24T15:48:25.751] [INFO] Paperbird - [/getCustomerChats/:id, {"get":true}][3:40:01 PM], Customers chat room
[2021-09-24T15:48:25.795] [INFO] Paperbird - [/getAllProductGroup/:name, {"get":true}][3:40:01 PM], All data
[2021-09-24T15:48:25.818] [INFO] Paperbird - [/getCustomerOrders, {"post":true}][3:40:01 PM], This are all customer Orders
[2021-09-24T15:48:25.918] [INFO] Paperbird - [/getSingleCustomerOrder/:id, {"get":true}][3:40:01 PM], All Orders
[2021-09-24T15:48:25.951] [INFO] Paperbird - [/getSingleCustomerOrder/:id, {"get":true}][3:40:01 PM], All Orders
[2021-09-24T15:48:27.489] [INFO] Paperbird - [/getCustomerChats/:id, {"get":true}][3:40:01 PM], Customers chat room
[2021-09-24T15:51:39.780] [INFO] Paperbird - [/getCustomerChats/:id, {"get":true}][3:40:01 PM], Customers chat room
[2021-09-24T15:51:50.538] [INFO] Paperbird - [/getCustomerChats/:id, {"get":true}][3:40:01 PM], Customers chat room
[2021-09-24T15:53:03.845] [INFO] Paperbird - [/getCustomerChats/:id, {"get":true}][3:53:00 PM], Customers chat room
[2021-09-24T15:53:06.372] [INFO] Paperbird - [/getCustomerChats/:id, {"get":true}][3:53:00 PM], Customers chat room
[2021-09-24T15:53:23.003] [INFO] Paperbird - [/getCustomerChats/:id, {"get":true}][3:53:00 PM], Customers chat room
[2021-09-24T15:53:36.273] [INFO] Paperbird - [/getCustomerChats/:id, {"get":true}][3:53:00 PM], Customers chat room
[2021-09-24T15:53:38.573] [INFO] Paperbird - [/getCustomerChats/:id, {"get":true}][3:53:00 PM], Customers chat room
[2021-09-24T15:53:44.711] [INFO] Paperbird - [/getCustomerChats/:id, {"get":true}][3:53:00 PM], Customers chat room
[2021-09-24T15:53:49.283] [INFO] Paperbird - [/getCustomerChats/:id, {"get":true}][3:53:00 PM], Customers chat room
[2021-09-24T15:54:25.867] [INFO] Paperbird - [/getCustomerChats/:id, {"get":true}][3:54:20 PM], Customers chat room
[2021-09-24T15:54:41.500] [INFO] Paperbird - [/getCustomerChats/:id, {"get":true}][3:54:20 PM], Customers chat room
[2021-09-24T15:55:26.110] [INFO] Paperbird - [/getCustomerChats/:id, {"get":true}][3:55:16 PM], Customers chat room
[2021-09-24T16:01:36.055] [INFO] Paperbird - [/getAllProductGroup/:name, {"get":true}][4:01:30 PM], All data
[2021-09-24T16:01:36.083] [INFO] Paperbird - [/getCustomerOrders, {"post":true}][4:01:30 PM], This are all customer Orders
[2021-09-24T16:01:36.258] [INFO] Paperbird - [/getSingleCustomerOrder/:id, {"get":true}][4:01:30 PM], All Orders
[2021-09-24T16:01:36.261] [INFO] Paperbird - [/getSingleCustomerOrder/:id, {"get":true}][4:01:30 PM], All Orders
[2021-09-24T16:01:59.514] [INFO] Paperbird - [/getCustomerChats/:id, {"get":true}][4:01:30 PM], Customers chat room
[2021-09-24T16:02:03.973] [INFO] Paperbird - [/getCustomerChats/:id, {"get":true}][4:01:30 PM], Customers chat room
[2021-09-24T16:03:44.570] [INFO] Paperbird - [/getAllProductGroup/:name, {"get":true}][4:01:30 PM], All data
[2021-09-24T16:03:44.598] [INFO] Paperbird - [/getCustomerOrders, {"post":true}][4:01:30 PM], This are all customer Orders
[2021-09-24T16:03:44.819] [INFO] Paperbird - [/getSingleCustomerOrder/:id, {"get":true}][4:01:30 PM], All Orders
[2021-09-24T16:03:44.842] [INFO] Paperbird - [/getSingleCustomerOrder/:id, {"get":true}][4:01:30 PM], All Orders
[2021-09-24T16:04:41.717] [INFO] Paperbird - [/getCustomerOrders, {"post":true}][4:01:30 PM], This are all customer Orders
[2021-09-24T16:04:41.792] [INFO] Paperbird - [/getSingleCustomerOrder/:id, {"get":true}][4:01:30 PM], All Orders
[2021-09-24T16:05:25.011] [INFO] Paperbird - [/getAllProductGroup/:name, {"get":true}][4:01:30 PM], All data
[2021-09-24T16:05:25.026] [INFO] Paperbird - [/getCustomerOrders, {"post":true}][4:01:30 PM], This are all customer Orders
[2021-09-24T16:05:25.109] [INFO] Paperbird - [/getSingleCustomerOrder/:id, {"get":true}][4:01:30 PM], All Orders
[2021-09-24T16:05:25.112] [INFO] Paperbird - [/getSingleCustomerOrder/:id, {"get":true}][4:01:30 PM], All Orders
[2021-09-24T16:05:28.461] [INFO] Paperbird - [/getCustomerOrders, {"post":true}][4:01:30 PM], This are all customer Orders
[2021-09-24T16:05:28.533] [INFO] Paperbird - [/getSingleCustomerOrder/:id, {"get":true}][4:01:30 PM], All Orders
[2021-09-24T16:05:32.576] [INFO] Paperbird - [/getAllProductGroup/:name, {"get":true}][4:01:30 PM], All data
[2021-09-24T16:05:32.597] [INFO] Paperbird - [/getCustomerOrders, {"post":true}][4:01:30 PM], This are all customer Orders
[2021-09-24T16:05:32.656] [INFO] Paperbird - [/getSingleCustomerOrder/:id, {"get":true}][4:01:30 PM], All Orders
[2021-09-24T16:05:32.658] [INFO] Paperbird - [/getSingleCustomerOrder/:id, {"get":true}][4:01:30 PM], All Orders
[2021-09-24T16:05:38.570] [INFO] Paperbird - [/getCustomerOrders, {"post":true}][4:01:30 PM], This are all customer Orders
[2021-09-24T16:05:38.624] [INFO] Paperbird - [/getSingleCustomerOrder/:id, {"get":true}][4:01:30 PM], All Orders
[2021-09-24T16:29:37.476] [INFO] Paperbird - [/getCustomerChats/:id, {"get":true}][4:28:17 PM], Customers chat room
[2021-09-24T16:31:03.831] [INFO] Paperbird - [/getSupplierMessages/:id, {"get":true}][4:28:17 PM], Customers chat room
[2021-09-24T16:31:06.665] [INFO] Paperbird - [/getChatMessages/:id, {"get":true}][4:28:17 PM], Chat Messages
[2021-09-24T16:31:11.204] [INFO] Paperbird - [/getSupplierMessages/:id, {"get":true}][4:28:17 PM], Customers chat room
[2021-09-24T16:31:18.749] [ERROR] Paperbird - [/getSupplierMessages/:id, {"get":true}][4:28:17 PM], ReferenceError: onlineUsers is not defined
[2021-09-24T16:31:43.395] [ERROR] Paperbird - [/getSupplierMessages/:id, {"get":true}][4:31:40 PM], TypeError: Cannot read property 'toString' of undefined
[2021-09-24T16:32:15.159] [INFO] Paperbird - [/getSupplierMessages/:id, {"get":true}][4:32:12 PM], Customers chat room
[2021-09-24T16:32:37.950] [INFO] Paperbird - [/getChatMessages/:id, {"get":true}][4:32:12 PM], Chat Messages
[2021-09-24T16:32:44.975] [INFO] Paperbird - [/getSupplierMessages/:id, {"get":true}][4:32:12 PM], Customers chat room
[2021-09-24T16:34:03.889] [INFO] Paperbird - [/getSupplierMessages/:id, {"get":true}][4:33:52 PM], Customers chat room
[2021-09-24T16:34:50.265] [INFO] Paperbird - [/getSupplierMessages/:id, {"get":true}][4:34:44 PM], Customers chat room
[2021-09-24T16:35:00.400] [INFO] Paperbird - [/getSupplierMessages/:id, {"get":true}][4:34:44 PM], Customers chat room
[2021-09-24T16:35:22.056] [INFO] Paperbird - [/getCustomerChats/:id, {"get":true}][4:35:11 PM], Customers chat room
[2021-09-24T16:35:23.041] [INFO] Paperbird - [/getChatMessages/:id, {"get":true}][4:35:11 PM], Chat Messages
[2021-09-24T16:36:09.277] [INFO] Paperbird - [/getAllProductGroup/:name, {"get":true}][4:35:11 PM], All data
[2021-09-24T16:36:09.301] [INFO] Paperbird - [/getCustomerOrders, {"post":true}][4:35:11 PM], This are all customer Orders
[2021-09-24T16:36:09.542] [INFO] Paperbird - [/getSingleCustomerOrder/:id, {"get":true}][4:35:11 PM], All Orders
[2021-09-24T16:36:09.544] [INFO] Paperbird - [/getSingleCustomerOrder/:id, {"get":true}][4:35:11 PM], All Orders
[2021-09-24T16:36:12.177] [INFO] Paperbird - [/getAllProductGroup/:name, {"get":true}][4:35:11 PM], All data
[2021-09-24T16:36:12.191] [INFO] Paperbird - [/getCustomerOrders, {"post":true}][4:35:11 PM], This are all customer Orders
[2021-09-24T16:36:12.389] [INFO] Paperbird - [/getSingleCustomerOrder/:id, {"get":true}][4:35:11 PM], All Orders
[2021-09-24T16:36:12.392] [INFO] Paperbird - [/getSingleCustomerOrder/:id, {"get":true}][4:35:11 PM], All Orders
[2021-09-24T16:36:17.196] [INFO] Paperbird - [/getAllProductGroup/:name, {"get":true}][4:35:11 PM], All data
[2021-09-24T16:36:17.215] [INFO] Paperbird - [/getCustomerOrders, {"post":true}][4:35:11 PM], This are all customer Orders
[2021-09-24T16:36:17.416] [INFO] Paperbird - [/getSingleCustomerOrder/:id, {"get":true}][4:35:11 PM], All Orders
[2021-09-24T16:36:17.418] [INFO] Paperbird - [/getSingleCustomerOrder/:id, {"get":true}][4:35:11 PM], All Orders
[2021-09-24T16:36:27.536] [INFO] Paperbird - [/getAllProductGroup/:name, {"get":true}][4:35:11 PM], All data
[2021-09-24T16:36:27.560] [INFO] Paperbird - [/getCustomerOrders, {"post":true}][4:35:11 PM], This are all customer Orders
[2021-09-24T16:36:27.762] [INFO] Paperbird - [/getSingleCustomerOrder/:id, {"get":true}][4:35:11 PM], All Orders
[2021-09-24T16:36:27.792] [INFO] Paperbird - [/getSingleCustomerOrder/:id, {"get":true}][4:35:11 PM], All Orders
[2021-09-24T16:36:31.366] [INFO] Paperbird - [/getAllProductGroup/:name, {"get":true}][4:35:11 PM], All data
[2021-09-24T16:36:31.379] [INFO] Paperbird - [/getCustomerOrders, {"post":true}][4:35:11 PM], This are all customer Orders
[2021-09-24T16:36:31.485] [INFO] Paperbird - [/getSingleCustomerOrder/:id, {"get":true}][4:35:11 PM], All Orders
[2021-09-24T16:36:31.496] [INFO] Paperbird - [/getSingleCustomerOrder/:id, {"get":true}][4:35:11 PM], All Orders
[2021-09-24T16:36:36.191] [INFO] Paperbird - [/getCustomerChats/:id, {"get":true}][4:35:11 PM], Customers chat room
[2021-09-24T16:36:37.678] [INFO] Paperbird - [/getChatMessages/:id, {"get":true}][4:35:11 PM], Chat Messages
[2021-09-24T16:38:14.265] [INFO] Paperbird - [/getAllProductGroup/:name, {"get":true}][4:35:11 PM], All data
[2021-09-24T16:38:14.277] [INFO] Paperbird - [/getCustomerOrders, {"post":true}][4:35:11 PM], This are all customer Orders
[2021-09-24T16:38:14.373] [INFO] Paperbird - [/getSingleCustomerOrder/:id, {"get":true}][4:35:11 PM], All Orders
[2021-09-24T16:38:14.374] [INFO] Paperbird - [/getSingleCustomerOrder/:id, {"get":true}][4:35:11 PM], All Orders
[2021-09-24T16:40:46.366] [INFO] Paperbird - [/getSupplierMessages/:id, {"get":true}][4:39:36 PM], Customers chat room
[2021-09-24T16:40:47.360] [INFO] Paperbird - [/getChatMessages/:id, {"get":true}][4:39:36 PM], Chat Messages
[2021-09-24T16:40:52.846] [INFO] Paperbird - [/getCustomerChats/:id, {"get":true}][4:39:36 PM], Customers chat room
[2021-09-24T16:40:54.007] [INFO] Paperbird - [/getChatMessages/:id, {"get":true}][4:39:36 PM], Chat Messages
[2021-09-24T16:41:35.791] [INFO] Paperbird - [/getCustomerChats/:id, {"get":true}][4:39:36 PM], Customers chat room
[2021-09-24T16:41:42.590] [INFO] Paperbird - [/getSupplierMessages/:id, {"get":true}][4:39:36 PM], Customers chat room
[2021-09-24T16:46:09.811] [INFO] Paperbird - [/getSupplierMessages/:id, {"get":true}][4:39:36 PM], Customers chat room
[2021-09-24T16:46:10.534] [INFO] Paperbird - [/getChatMessages/:id, {"get":true}][4:39:36 PM], Chat Messages
[2021-09-24T16:46:15.395] [INFO] Paperbird - [/getCustomerChats/:id, {"get":true}][4:39:36 PM], Customers chat room
[2021-09-24T16:46:16.007] [INFO] Paperbird - [/getChatMessages/:id, {"get":true}][4:39:36 PM], Chat Messages
[2021-09-24T16:46:24.964] [INFO] Paperbird - [/getSupplierMessages/:id, {"get":true}][4:39:36 PM], Customers chat room
[2021-09-24T16:46:25.806] [INFO] Paperbird - [/getChatMessages/:id, {"get":true}][4:39:36 PM], Chat Messages
[2021-09-24T16:46:38.918] [INFO] Paperbird - [/getSupplierMessages/:id, {"get":true}][4:39:36 PM], Customers chat room
[2021-09-24T16:48:01.647] [INFO] Paperbird - [/getCustomerChats/:id, {"get":true}][4:47:55 PM], Customers chat room
[2021-09-24T16:49:52.659] [INFO] Paperbird - [/getChatMessages/:id, {"get":true}][4:49:50 PM], Chat Messages
[2021-09-24T16:52:21.036] [INFO] Paperbird - [/getChatMessages/:id, {"get":true}][4:52:17 PM], Chat Messages
[2021-09-24T16:55:31.313] [INFO] Paperbird - [/getChatMessages/:id, {"get":true}][4:55:28 PM], Chat Messages
[2021-09-24T17:05:08.585] [INFO] Paperbird - [/getChatMessages/:id, {"get":true}][5:05:04 PM], Chat Messages
[2021-09-24T17:15:10.917] [INFO] Paperbird - [/getChatMessages/:id, {"get":true}][5:15:06 PM], Chat Messages
[2021-09-24T17:16:25.125] [INFO] Paperbird - [/getChatMessages/:id, {"get":true}][5:16:14 PM], Chat Messages
[2021-09-24T17:19:10.405] [INFO] Paperbird - [/getAllProductGroup/:name, {"get":true}][5:19:03 PM], All data
[2021-09-24T17:19:10.445] [INFO] Paperbird - [/getCustomerOrders, {"post":true}][5:19:03 PM], This are all customer Orders
[2021-09-24T17:19:10.545] [INFO] Paperbird - [/getSingleCustomerOrder/:id, {"get":true}][5:19:03 PM], All Orders
[2021-09-24T17:19:10.548] [INFO] Paperbird - [/getSingleCustomerOrder/:id, {"get":true}][5:19:03 PM], All Orders
[2021-09-24T17:19:12.003] [INFO] Paperbird - [/getCustomerChats/:id, {"get":true}][5:19:03 PM], Customers chat room
[2021-09-24T17:19:12.681] [INFO] Paperbird - [/getChatMessages/:id, {"get":true}][5:19:03 PM], Chat Messages
[2021-09-24T17:26:00.574] [INFO] Paperbird - [/getChatMessages/:id, {"get":true}][5:25:56 PM], Chat Messages
[2021-09-24T17:26:25.895] [INFO] Paperbird - [/getChatMessages/:id, {"get":true}][5:26:20 PM], Chat Messages
[2021-09-24T17:26:40.147] [INFO] Paperbird - [/getAllProductGroup/:name, {"get":true}][5:26:20 PM], All data
[2021-09-24T17:26:40.177] [INFO] Paperbird - [/getCustomerOrders, {"post":true}][5:26:20 PM], This are all customer Orders
[2021-09-24T17:26:40.393] [INFO] Paperbird - [/getSingleCustomerOrder/:id, {"get":true}][5:26:20 PM], All Orders
[2021-09-24T17:26:40.400] [INFO] Paperbird - [/getSingleCustomerOrder/:id, {"get":true}][5:26:20 PM], All Orders
[2021-09-24T17:26:44.152] [INFO] Paperbird - [/getCustomerChats/:id, {"get":true}][5:26:20 PM], Customers chat room
[2021-09-24T17:26:45.087] [INFO] Paperbird - [/getChatMessages/:id, {"get":true}][5:26:20 PM], Chat Messages
[2021-09-24T17:27:42.686] [INFO] Paperbird - [/getAllProductGroup/:name, {"get":true}][5:27:36 PM], All data
[2021-09-24T17:27:42.715] [INFO] Paperbird - [/getCustomerOrders, {"post":true}][5:27:36 PM], This are all customer Orders
[2021-09-24T17:27:42.924] [INFO] Paperbird - [/getSingleCustomerOrder/:id, {"get":true}][5:27:36 PM], All Orders
[2021-09-24T17:27:42.928] [INFO] Paperbird - [/getSingleCustomerOrder/:id, {"get":true}][5:27:36 PM], All Orders
[2021-09-24T17:27:44.281] [INFO] Paperbird - [/getCustomerChats/:id, {"get":true}][5:27:36 PM], Customers chat room
[2021-09-24T17:27:47.194] [INFO] Paperbird - [/getChatMessages/:id, {"get":true}][5:27:36 PM], Chat Messages
[2021-09-24T17:29:09.814] [INFO] Paperbird - [/getAllProductGroup/:name, {"get":true}][5:28:59 PM], All data
[2021-09-24T17:29:09.853] [INFO] Paperbird - [/getCustomerOrders, {"post":true}][5:28:59 PM], This are all customer Orders
[2021-09-24T17:29:10.032] [INFO] Paperbird - [/getSingleCustomerOrder/:id, {"get":true}][5:28:59 PM], All Orders
[2021-09-24T17:29:10.062] [INFO] Paperbird - [/getSingleCustomerOrder/:id, {"get":true}][5:28:59 PM], All Orders
[2021-09-24T17:29:11.697] [INFO] Paperbird - [/getCustomerChats/:id, {"get":true}][5:28:59 PM], Customers chat room
[2021-09-24T17:29:12.824] [INFO] Paperbird - [/getChatMessages/:id, {"get":true}][5:28:59 PM], Chat Messages
[2021-09-24T17:33:28.201] [INFO] Paperbird - [/getAllProductGroup/:name, {"get":true}][5:33:25 PM], All data
[2021-09-24T17:33:28.232] [INFO] Paperbird - [/getCustomerOrders, {"post":true}][5:33:25 PM], This are all customer Orders
[2021-09-24T17:33:28.411] [INFO] Paperbird - [/getSingleCustomerOrder/:id, {"get":true}][5:33:25 PM], All Orders
[2021-09-24T17:33:28.441] [INFO] Paperbird - [/getSingleCustomerOrder/:id, {"get":true}][5:33:25 PM], All Orders
[2021-09-24T17:33:33.770] [INFO] Paperbird - [/getCustomerChats/:id, {"get":true}][5:33:25 PM], Customers chat room
[2021-09-24T17:33:34.376] [INFO] Paperbird - [/getChatMessages/:id, {"get":true}][5:33:25 PM], Chat Messages
[2021-09-24T17:35:12.289] [INFO] Paperbird - [/getAllProductGroup/:name, {"get":true}][5:35:10 PM], All data
[2021-09-24T17:35:12.293] [INFO] Paperbird - [/getCustomerOrders, {"post":true}][5:35:10 PM], This are all customer Orders
[2021-09-24T17:35:12.489] [INFO] Paperbird - [/getSingleCustomerOrder/:id, {"get":true}][5:35:10 PM], All Orders
[2021-09-24T17:35:12.509] [INFO] Paperbird - [/getSingleCustomerOrder/:id, {"get":true}][5:35:10 PM], All Orders
[2021-09-24T17:35:16.865] [INFO] Paperbird - [/getCustomerChats/:id, {"get":true}][5:35:10 PM], Customers chat room
[2021-09-24T17:35:17.681] [INFO] Paperbird - [/getChatMessages/:id, {"get":true}][5:35:10 PM], Chat Messages
[2021-09-24T17:41:02.340] [INFO] Paperbird - [/getAllProductGroup/:name, {"get":true}][5:40:56 PM], All data
[2021-09-24T17:41:02.374] [INFO] Paperbird - [/getCustomerOrders, {"post":true}][5:40:56 PM], This are all customer Orders
[2021-09-24T17:41:02.563] [INFO] Paperbird - [/getSingleCustomerOrder/:id, {"get":true}][5:40:56 PM], All Orders
[2021-09-24T17:41:02.590] [INFO] Paperbird - [/getSingleCustomerOrder/:id, {"get":true}][5:40:56 PM], All Orders
[2021-09-24T17:41:09.687] [INFO] Paperbird - [/getCustomerChats/:id, {"get":true}][5:40:56 PM], Customers chat room
[2021-09-24T17:41:10.507] [INFO] Paperbird - [/getChatMessages/:id, {"get":true}][5:40:56 PM], Chat Messages
[2021-09-24T17:41:52.879] [INFO] Paperbird - [/getAllProductGroup/:name, {"get":true}][5:41:46 PM], All data
[2021-09-24T17:41:52.910] [INFO] Paperbird - [/getCustomerOrders, {"post":true}][5:41:46 PM], This are all customer Orders
[2021-09-24T17:41:53.110] [INFO] Paperbird - [/getSingleCustomerOrder/:id, {"get":true}][5:41:46 PM], All Orders
[2021-09-24T17:41:53.114] [INFO] Paperbird - [/getSingleCustomerOrder/:id, {"get":true}][5:41:46 PM], All Orders
[2021-09-24T17:41:53.518] [INFO] Paperbird - [/getCustomerChats/:id, {"get":true}][5:41:46 PM], Customers chat room
[2021-09-24T17:41:54.790] [INFO] Paperbird - [/getChatMessages/:id, {"get":true}][5:41:46 PM], Chat Messages
[2021-09-24T17:42:23.138] [INFO] Paperbird - [/getAllProductGroup/:name, {"get":true}][5:42:18 PM], All data
[2021-09-24T17:42:23.169] [INFO] Paperbird - [/getCustomerOrders, {"post":true}][5:42:18 PM], This are all customer Orders
[2021-09-24T17:42:23.364] [INFO] Paperbird - [/getSingleCustomerOrder/:id, {"get":true}][5:42:18 PM], All Orders
[2021-09-24T17:42:23.391] [INFO] Paperbird - [/getSingleCustomerOrder/:id, {"get":true}][5:42:18 PM], All Orders
[2021-09-24T17:42:26.943] [INFO] Paperbird - [/getCustomerChats/:id, {"get":true}][5:42:18 PM], Customers chat room
[2021-09-24T17:42:27.606] [INFO] Paperbird - [/getChatMessages/:id, {"get":true}][5:42:18 PM], Chat Messages
[2021-09-24T17:42:53.548] [INFO] Paperbird - [/getAllProductGroup/:name, {"get":true}][5:42:18 PM], All data
[2021-09-24T17:42:53.567] [INFO] Paperbird - [/getCustomerOrders, {"post":true}][5:42:18 PM], This are all customer Orders
[2021-09-24T17:42:53.789] [INFO] Paperbird - [/getSingleCustomerOrder/:id, {"get":true}][5:42:18 PM], All Orders
[2021-09-24T17:42:53.796] [INFO] Paperbird - [/getSingleCustomerOrder/:id, {"get":true}][5:42:18 PM], All Orders
[2021-09-24T17:42:56.399] [INFO] Paperbird - [/getSupplierMessages/:id, {"get":true}][5:42:18 PM], Customers chat room
[2021-09-24T17:42:57.238] [INFO] Paperbird - [/getChatMessages/:id, {"get":true}][5:42:18 PM], Chat Messages
[2021-09-24T17:43:45.263] [INFO] Paperbird - [/getAllProductGroup/:name, {"get":true}][5:42:18 PM], All data
[2021-09-24T17:43:45.278] [INFO] Paperbird - [/getCustomerOrders, {"post":true}][5:42:18 PM], This are all customer Orders
[2021-09-24T17:43:45.508] [INFO] Paperbird - [/getSingleCustomerOrder/:id, {"get":true}][5:42:18 PM], All Orders
[2021-09-24T17:43:45.510] [INFO] Paperbird - [/getSingleCustomerOrder/:id, {"get":true}][5:42:18 PM], All Orders
[2021-09-24T17:43:50.001] [INFO] Paperbird - [/getAllProductGroup/:name, {"get":true}][5:42:18 PM], All data
[2021-09-24T17:43:50.012] [INFO] Paperbird - [/getCustomerOrders, {"post":true}][5:42:18 PM], This are all customer Orders
[2021-09-24T17:43:50.235] [INFO] Paperbird - [/getSingleCustomerOrder/:id, {"get":true}][5:42:18 PM], All Orders
[2021-09-24T17:43:50.237] [INFO] Paperbird - [/getSingleCustomerOrder/:id, {"get":true}][5:42:18 PM], All Orders
[2021-09-24T17:44:00.422] [INFO] Paperbird - [/getSupplierMessages/:id, {"get":true}][5:42:18 PM], Customers chat room
[2021-09-24T17:44:01.133] [INFO] Paperbird - [/getChatMessages/:id, {"get":true}][5:42:18 PM], Chat Messages
[2021-09-24T17:44:18.511] [INFO] Paperbird - [/getCustomerChats/:id, {"get":true}][5:42:18 PM], Customers chat room
[2021-09-24T17:44:19.621] [INFO] Paperbird - [/getChatMessages/:id, {"get":true}][5:42:18 PM], Chat Messages
[2021-09-24T17:44:51.457] [INFO] Paperbird - [/getAllProductGroup/:name, {"get":true}][5:42:18 PM], All data
[2021-09-24T17:44:51.474] [INFO] Paperbird - [/getCustomerOrders, {"post":true}][5:42:18 PM], This are all customer Orders
[2021-09-24T17:44:51.708] [INFO] Paperbird - [/getSingleCustomerOrder/:id, {"get":true}][5:42:18 PM], All Orders
[2021-09-24T17:44:51.747] [INFO] Paperbird - [/getSingleCustomerOrder/:id, {"get":true}][5:42:18 PM], All Orders
[2021-09-24T17:44:55.447] [INFO] Paperbird - [/getCustomerChats/:id, {"get":true}][5:42:18 PM], Customers chat room
[2021-09-24T17:44:56.010] [INFO] Paperbird - [/getChatMessages/:id, {"get":true}][5:42:18 PM], Chat Messages
[2021-09-24T17:45:12.805] [INFO] Paperbird - [/getSupplierMessages/:id, {"get":true}][5:42:18 PM], Customers chat room
[2021-09-24T17:45:13.438] [INFO] Paperbird - [/getChatMessages/:id, {"get":true}][5:42:18 PM], Chat Messages
[2021-09-24T17:47:08.518] [INFO] Paperbird - [/getAllProductGroup/:name, {"get":true}][5:47:04 PM], All data
[2021-09-24T17:47:08.546] [INFO] Paperbird - [/getCustomerOrders, {"post":true}][5:47:04 PM], This are all customer Orders
[2021-09-24T17:47:08.788] [INFO] Paperbird - [/getSingleCustomerOrder/:id, {"get":true}][5:47:04 PM], All Orders
[2021-09-24T17:47:08.795] [INFO] Paperbird - [/getSingleCustomerOrder/:id, {"get":true}][5:47:04 PM], All Orders
[2021-09-24T17:47:12.289] [INFO] Paperbird - [/getCustomerChats/:id, {"get":true}][5:47:04 PM], Customers chat room
[2021-09-24T17:47:12.904] [INFO] Paperbird - [/getChatMessages/:id, {"get":true}][5:47:04 PM], Chat Messages
[2021-09-24T17:49:11.215] [INFO] Paperbird - [/getAllProductGroup/:name, {"get":true}][5:47:04 PM], All data
[2021-09-24T17:49:11.222] [INFO] Paperbird - [/getCustomerOrders, {"post":true}][5:47:04 PM], This are all customer Orders
[2021-09-24T17:49:11.437] [INFO] Paperbird - [/getSingleCustomerOrder/:id, {"get":true}][5:47:04 PM], All Orders
[2021-09-24T17:49:11.441] [INFO] Paperbird - [/getSingleCustomerOrder/:id, {"get":true}][5:47:04 PM], All Orders
[2021-09-24T17:49:15.390] [INFO] Paperbird - [/getCustomerChats/:id, {"get":true}][5:47:04 PM], Customers chat room
[2021-09-24T17:49:15.991] [INFO] Paperbird - [/getChatMessages/:id, {"get":true}][5:47:04 PM], Chat Messages
[2021-09-24T17:50:10.982] [INFO] Paperbird - [/getAllProductGroup/:name, {"get":true}][5:47:04 PM], All data
[2021-09-24T17:50:11.003] [INFO] Paperbird - [/getCustomerOrders, {"post":true}][5:47:04 PM], This are all customer Orders
[2021-09-24T17:50:11.314] [INFO] Paperbird - [/getSingleCustomerOrder/:id, {"get":true}][5:47:04 PM], All Orders
[2021-09-24T17:50:11.317] [INFO] Paperbird - [/getSingleCustomerOrder/:id, {"get":true}][5:47:04 PM], All Orders
[2021-09-24T18:03:31.358] [INFO] Paperbird - [/getAllProductGroup/:name, {"get":true}][5:47:04 PM], All data
[2021-09-24T18:03:31.368] [INFO] Paperbird - [/getCustomerOrders, {"post":true}][5:47:04 PM], This are all customer Orders
[2021-09-24T18:03:31.569] [INFO] Paperbird - [/getSingleCustomerOrder/:id, {"get":true}][5:47:04 PM], All Orders
[2021-09-24T18:03:31.603] [INFO] Paperbird - [/getSingleCustomerOrder/:id, {"get":true}][5:47:04 PM], All Orders
[2021-09-24T18:03:33.006] [INFO] Paperbird - [/getCustomerChats/:id, {"get":true}][5:47:04 PM], Customers chat room
[2021-09-24T18:03:33.775] [INFO] Paperbird - [/getChatMessages/:id, {"get":true}][5:47:04 PM], Chat Messages
[2021-09-24T18:24:55.321] [INFO] Paperbird - [/getAllProductGroup/:name, {"get":true}][5:47:04 PM], All data
[2021-09-24T18:24:55.336] [INFO] Paperbird - [/getCustomerOrders, {"post":true}][5:47:04 PM], This are all customer Orders
[2021-09-24T18:24:55.527] [INFO] Paperbird - [/getSingleCustomerOrder/:id, {"get":true}][5:47:04 PM], All Orders
[2021-09-24T18:24:55.544] [INFO] Paperbird - [/getSingleCustomerOrder/:id, {"get":true}][5:47:04 PM], All Orders
[2021-09-24T18:24:57.309] [INFO] Paperbird - [/getCustomerChats/:id, {"get":true}][5:47:04 PM], Customers chat room
[2021-09-24T18:24:58.215] [INFO] Paperbird - [/getChatMessages/:id, {"get":true}][5:47:04 PM], Chat Messages
[2021-09-24T18:27:54.905] [INFO] Paperbird - [/getSupplierMessages/:id, {"get":true}][5:47:04 PM], Customers chat room
[2021-09-24T18:27:55.921] [INFO] Paperbird - [/getChatMessages/:id, {"get":true}][5:47:04 PM], Chat Messages
[2021-09-24T18:29:09.547] [INFO] Paperbird - [/getAllProductGroup/:name, {"get":true}][5:47:04 PM], All data
[2021-09-24T18:29:09.568] [INFO] Paperbird - [/getCustomerOrders, {"post":true}][5:47:04 PM], This are all customer Orders
[2021-09-24T18:29:09.774] [INFO] Paperbird - [/getSingleCustomerOrder/:id, {"get":true}][5:47:04 PM], All Orders
[2021-09-24T18:29:09.792] [INFO] Paperbird - [/getSingleCustomerOrder/:id, {"get":true}][5:47:04 PM], All Orders
[2021-09-24T18:29:11.448] [INFO] Paperbird - [/getCustomerChats/:id, {"get":true}][5:47:04 PM], Customers chat room
[2021-09-24T18:29:12.819] [INFO] Paperbird - [/getChatMessages/:id, {"get":true}][5:47:04 PM], Chat Messages
[2021-09-24T18:29:23.443] [INFO] Paperbird - [/getSupplierMessages/:id, {"get":true}][5:47:04 PM], Customers chat room
[2021-09-24T18:29:24.053] [INFO] Paperbird - [/getChatMessages/:id, {"get":true}][5:47:04 PM], Chat Messages
[2021-09-24T18:29:36.466] [INFO] Paperbird - [/getAllProductGroup/:name, {"get":true}][5:47:04 PM], All data
[2021-09-24T18:29:36.483] [INFO] Paperbird - [/getCustomerOrders, {"post":true}][5:47:04 PM], This are all customer Orders
[2021-09-24T18:29:36.567] [INFO] Paperbird - [/getSingleCustomerOrder/:id, {"get":true}][5:47:04 PM], All Orders
[2021-09-24T18:29:36.569] [INFO] Paperbird - [/getSingleCustomerOrder/:id, {"get":true}][5:47:04 PM], All Orders
[2021-09-24T18:29:37.235] [INFO] Paperbird - [/getCustomerChats/:id, {"get":true}][5:47:04 PM], Customers chat room
[2021-09-24T18:29:37.916] [INFO] Paperbird - [/getChatMessages/:id, {"get":true}][5:47:04 PM], Chat Messages
[2021-09-24T18:29:43.289] [INFO] Paperbird - [/getSupplierMessages/:id, {"get":true}][5:47:04 PM], Customers chat room
[2021-09-24T18:29:44.150] [INFO] Paperbird - [/getChatMessages/:id, {"get":true}][5:47:04 PM], Chat Messages
[2021-09-24T18:35:14.113] [INFO] Paperbird - [/getAllProductGroup/:name, {"get":true}][5:47:04 PM], All data
[2021-09-24T18:35:14.123] [INFO] Paperbird - [/getCustomerOrders, {"post":true}][5:47:04 PM], This are all customer Orders
[2021-09-24T18:35:14.233] [INFO] Paperbird - [/getSingleCustomerOrder/:id, {"get":true}][5:47:04 PM], All Orders
[2021-09-24T18:35:14.235] [INFO] Paperbird - [/getSingleCustomerOrder/:id, {"get":true}][5:47:04 PM], All Orders
[2021-09-24T18:35:26.548] [INFO] Paperbird - [/getAllProductGroup/:name, {"get":true}][5:47:04 PM], All data
[2021-09-24T18:35:26.559] [INFO] Paperbird - [/getCustomerOrders, {"post":true}][5:47:04 PM], This are all customer Orders
[2021-09-24T18:35:26.651] [INFO] Paperbird - [/getSingleCustomerOrder/:id, {"get":true}][5:47:04 PM], All Orders
[2021-09-24T18:35:26.665] [INFO] Paperbird - [/getSingleCustomerOrder/:id, {"get":true}][5:47:04 PM], All Orders
[2021-09-24T18:35:37.359] [INFO] Paperbird - [/getCustomerChats/:id, {"get":true}][5:47:04 PM], Customers chat room
[2021-09-24T18:35:39.456] [INFO] Paperbird - [/getCustomerChats/:id, {"get":true}][5:47:04 PM], Customers chat room
[2021-09-24T18:35:45.201] [INFO] Paperbird - [/getCustomerChats/:id, {"get":true}][5:47:04 PM], Customers chat room
[2021-09-24T18:35:46.628] [INFO] Paperbird - [/getChatMessages/:id, {"get":true}][5:47:04 PM], Chat Messages
[2021-09-24T18:36:10.845] [INFO] Paperbird - [/getSupplierMessages/:id, {"get":true}][5:47:04 PM], Customers chat room
[2021-09-24T18:36:25.762] [INFO] Paperbird - [/getCustomerChats/:id, {"get":true}][5:47:04 PM], Customers chat room
[2021-09-24T18:36:26.469] [INFO] Paperbird - [/getChatMessages/:id, {"get":true}][5:47:04 PM], Chat Messages
[2021-09-24T18:39:09.847] [INFO] Paperbird - [/getCustomerOrders, {"post":true}][5:47:04 PM], This are all customer Orders
[2021-09-24T18:39:09.851] [INFO] Paperbird - [/getAllProductGroup/:name, {"get":true}][5:47:04 PM], All data
[2021-09-24T18:39:09.988] [INFO] Paperbird - [/getSingleCustomerOrder/:id, {"get":true}][5:47:04 PM], All Orders
[2021-09-24T18:39:09.989] [INFO] Paperbird - [/getSingleCustomerOrder/:id, {"get":true}][5:47:04 PM], All Orders
[2021-09-24T18:39:13.131] [INFO] Paperbird - [/getCustomerChats/:id, {"get":true}][5:47:04 PM], Customers chat room
[2021-09-24T18:39:13.867] [INFO] Paperbird - [/getChatMessages/:id, {"get":true}][5:47:04 PM], Chat Messages
[2021-09-24T18:39:54.365] [INFO] Paperbird - [/getSupplierMessages/:id, {"get":true}][5:47:04 PM], Customers chat room
[2021-09-24T18:39:55.060] [INFO] Paperbird - [/getChatMessages/:id, {"get":true}][5:47:04 PM], Chat Messages
[2021-09-24T18:40:43.751] [INFO] Paperbird - [/getChatMessages/:id, {"get":true}][5:47:04 PM], Chat Messages
[2021-09-24T18:41:40.357] [INFO] Paperbird - [/getCustomerChats/:id, {"get":true}][5:47:04 PM], Customers chat room
[2021-09-24T18:41:40.361] [INFO] Paperbird - [/getAllProductGroup/:name, {"get":true}][5:47:04 PM], All data
[2021-09-24T18:41:40.373] [INFO] Paperbird - [/getCustomerOrders, {"post":true}][5:47:04 PM], This are all customer Orders
[2021-09-24T18:41:40.469] [INFO] Paperbird - [/getSingleCustomerOrder/:id, {"get":true}][5:47:04 PM], All Orders
[2021-09-24T18:41:40.485] [INFO] Paperbird - [/getSingleCustomerOrder/:id, {"get":true}][5:47:04 PM], All Orders
[2021-09-24T18:42:52.260] [INFO] Paperbird - [/getAllProductGroup/:name, {"get":true}][5:47:04 PM], All data
[2021-09-24T18:42:52.270] [INFO] Paperbird - [/getCustomerOrders, {"post":true}][5:47:04 PM], This are all customer Orders
[2021-09-24T18:42:52.373] [INFO] Paperbird - [/getSingleCustomerOrder/:id, {"get":true}][5:47:04 PM], All Orders
[2021-09-24T18:42:52.375] [INFO] Paperbird - [/getSingleCustomerOrder/:id, {"get":true}][5:47:04 PM], All Orders
[2021-09-24T18:42:53.083] [INFO] Paperbird - [/getCustomerChats/:id, {"get":true}][5:47:04 PM], Customers chat room
[2021-09-24T18:42:53.676] [INFO] Paperbird - [/getChatMessages/:id, {"get":true}][5:47:04 PM], Chat Messages
[2021-09-24T18:42:56.485] [INFO] Paperbird - [/getSupplierMessages/:id, {"get":true}][5:47:04 PM], Customers chat room
[2021-09-24T18:42:57.108] [INFO] Paperbird - [/getChatMessages/:id, {"get":true}][5:47:04 PM], Chat Messages
[2021-09-24T18:43:41.164] [INFO] Paperbird - [/getAllProductGroup/:name, {"get":true}][5:47:04 PM], All data
[2021-09-24T18:43:41.171] [INFO] Paperbird - [/getCustomerOrders, {"post":true}][5:47:04 PM], This are all customer Orders
[2021-09-24T18:43:41.299] [INFO] Paperbird - [/getSingleCustomerOrder/:id, {"get":true}][5:47:04 PM], All Orders
[2021-09-24T18:43:41.311] [INFO] Paperbird - [/getSingleCustomerOrder/:id, {"get":true}][5:47:04 PM], All Orders
[2021-09-24T18:43:42.183] [INFO] Paperbird - [/getCustomerChats/:id, {"get":true}][5:47:04 PM], Customers chat room
[2021-09-24T18:44:13.731] [INFO] Paperbird - [/getCustomerChats/:id, {"get":true}][5:47:04 PM], Customers chat room
[2021-09-24T18:44:21.100] [INFO] Paperbird - [/getCustomerChats/:id, {"get":true}][5:47:04 PM], Customers chat room
[2021-09-24T18:44:22.016] [INFO] Paperbird - [/getChatMessages/:id, {"get":true}][5:47:04 PM], Chat Messages
[2021-09-24T18:53:17.055] [INFO] Paperbird - [/getSupplierMessages/:id, {"get":true}][5:47:04 PM], Customers chat room
[2021-09-24T18:53:35.146] [INFO] Paperbird - [/getChatMessages/:id, {"get":true}][5:47:04 PM], Chat Messages
[2021-09-24T18:53:46.381] [INFO] Paperbird - [/getChatMessages/:id, {"get":true}][5:47:04 PM], Chat Messages
[2021-09-24T18:53:50.049] [INFO] Paperbird - [/getChatMessages/:id, {"get":true}][5:47:04 PM], Chat Messages
[2021-09-24T18:53:53.372] [INFO] Paperbird - [/getChatMessages/:id, {"get":true}][5:47:04 PM], Chat Messages
[2021-09-24T18:54:00.293] [INFO] Paperbird - [/getChatMessages/:id, {"get":true}][5:47:04 PM], Chat Messages
[2021-09-24T18:54:01.647] [INFO] Paperbird - [/getCustomerChats/:id, {"get":true}][5:47:04 PM], Customers chat room
[2021-09-24T18:54:02.353] [INFO] Paperbird - [/getChatMessages/:id, {"get":true}][5:47:04 PM], Chat Messages
[2021-09-24T18:54:02.914] [INFO] Paperbird - [/getChatMessages/:id, {"get":true}][5:47:04 PM], Chat Messages
[2021-09-24T18:55:10.135] [INFO] Paperbird - [/getSupplierMessages/:id, {"get":true}][5:47:04 PM], Customers chat room
[2021-09-24T18:55:10.792] [INFO] Paperbird - [/getChatMessages/:id, {"get":true}][5:47:04 PM], Chat Messages
[2021-09-24T18:55:32.826] [INFO] Paperbird - [/getAllProductGroup/:name, {"get":true}][5:47:04 PM], All data
[2021-09-24T18:55:32.841] [INFO] Paperbird - [/getCustomerOrders, {"post":true}][5:47:04 PM], This are all customer Orders
[2021-09-24T18:55:33.190] [INFO] Paperbird - [/getSingleCustomerOrder/:id, {"get":true}][5:47:04 PM], All Orders
[2021-09-24T18:55:33.192] [INFO] Paperbird - [/getSingleCustomerOrder/:id, {"get":true}][5:47:04 PM], All Orders
[2021-09-24T18:55:34.885] [INFO] Paperbird - [/getCustomerChats/:id, {"get":true}][5:47:04 PM], Customers chat room
[2021-09-24T18:55:35.432] [INFO] Paperbird - [/getChatMessages/:id, {"get":true}][5:47:04 PM], Chat Messages
[2021-09-24T18:56:11.396] [INFO] Paperbird - [/getCustomerChats/:id, {"get":true}][5:47:04 PM], Customers chat room
[2021-09-24T18:56:11.399] [INFO] Paperbird - [/getCustomerChats/:id, {"get":true}][5:47:04 PM], Customers chat room
[2021-09-24T18:56:11.421] [INFO] Paperbird - [/getAllProductGroup/:name, {"get":true}][5:47:04 PM], All data
[2021-09-24T18:56:11.435] [INFO] Paperbird - [/getCustomerOrders, {"post":true}][5:47:04 PM], This are all customer Orders
[2021-09-24T18:56:11.498] [INFO] Paperbird - [/getSingleCustomerOrder/:id, {"get":true}][5:47:04 PM], All Orders
[2021-09-24T18:56:11.513] [INFO] Paperbird - [/getSingleCustomerOrder/:id, {"get":true}][5:47:04 PM], All Orders
[2021-09-24T18:56:14.476] [INFO] Paperbird - [/getCustomerChats/:id, {"get":true}][5:47:04 PM], Customers chat room
[2021-09-24T18:57:27.842] [INFO] Paperbird - [/getAllProductGroup/:name, {"get":true}][5:47:04 PM], All data
[2021-09-24T18:57:27.853] [INFO] Paperbird - [/getCustomerOrders, {"post":true}][5:47:04 PM], This are all customer Orders
[2021-09-24T18:57:28.068] [INFO] Paperbird - [/getSingleCustomerOrder/:id, {"get":true}][5:47:04 PM], All Orders
[2021-09-24T18:57:28.092] [INFO] Paperbird - [/getSingleCustomerOrder/:id, {"get":true}][5:47:04 PM], All Orders
[2021-09-24T18:57:29.510] [INFO] Paperbird - [/getCustomerChats/:id, {"get":true}][5:47:04 PM], Customers chat room
[2021-09-24T18:57:31.725] [INFO] Paperbird - [/getChatMessages/:id, {"get":true}][5:47:04 PM], Chat Messages
[2021-09-24T18:58:04.701] [INFO] Paperbird - [/getCustomerChats/:id, {"get":true}][5:47:04 PM], Customers chat room
[2021-09-24T18:58:30.254] [INFO] Paperbird - [/getCustomerChats/:id, {"get":true}][5:47:04 PM], Customers chat room
[2021-09-24T18:58:45.901] [INFO] Paperbird - [/getAllProductGroup/:name, {"get":true}][5:47:04 PM], All data
[2021-09-24T18:58:45.921] [INFO] Paperbird - [/getCustomerOrders, {"post":true}][5:47:04 PM], This are all customer Orders
[2021-09-24T18:58:46.038] [INFO] Paperbird - [/getSingleCustomerOrder/:id, {"get":true}][5:47:04 PM], All Orders
[2021-09-24T18:58:46.048] [INFO] Paperbird - [/getSingleCustomerOrder/:id, {"get":true}][5:47:04 PM], All Orders
[2021-09-24T18:58:49.192] [INFO] Paperbird - [/getCustomerChats/:id, {"get":true}][5:47:04 PM], Customers chat room
[2021-09-24T18:58:50.151] [INFO] Paperbird - [/getChatMessages/:id, {"get":true}][5:47:04 PM], Chat Messages
[2021-09-24T18:58:52.753] [INFO] Paperbird - [/getSupplierMessages/:id, {"get":true}][5:47:04 PM], Customers chat room
[2021-09-24T18:58:53.422] [INFO] Paperbird - [/getChatMessages/:id, {"get":true}][5:47:04 PM], Chat Messages
[2021-09-24T18:59:57.627] [INFO] Paperbird - [/getAllProductGroup/:name, {"get":true}][6:59:45 PM], All data
[2021-09-24T18:59:57.633] [INFO] Paperbird - [/getCustomerOrders, {"post":true}][6:59:45 PM], This are all customer Orders
[2021-09-24T18:59:57.785] [INFO] Paperbird - [/getSingleCustomerOrder/:id, {"get":true}][6:59:45 PM], All Orders
[2021-09-24T18:59:57.814] [INFO] Paperbird - [/getSingleCustomerOrder/:id, {"get":true}][6:59:45 PM], All Orders
[2021-09-24T19:00:03.825] [INFO] Paperbird - [/getCustomerChats/:id, {"get":true}][6:59:45 PM], Customers chat room
[2021-09-24T19:00:04.556] [INFO] Paperbird - [/getChatMessages/:id, {"get":true}][6:59:45 PM], Chat Messages
[2021-09-24T19:00:08.202] [INFO] Paperbird - [/getSupplierMessages/:id, {"get":true}][6:59:45 PM], Customers chat room
[2021-09-24T19:00:08.679] [INFO] Paperbird - [/getChatMessages/:id, {"get":true}][6:59:45 PM], Chat Messages
[2021-09-24T19:00:55.754] [INFO] Paperbird - [/getAllProductGroup/:name, {"get":true}][7:00:43 PM], All data
[2021-09-24T19:00:55.764] [INFO] Paperbird - [/getCustomerOrders, {"post":true}][7:00:43 PM], This are all customer Orders
[2021-09-24T19:00:55.944] [INFO] Paperbird - [/getSingleCustomerOrder/:id, {"get":true}][7:00:43 PM], All Orders
[2021-09-24T19:00:55.970] [INFO] Paperbird - [/getSingleCustomerOrder/:id, {"get":true}][7:00:43 PM], All Orders
[2021-09-24T19:00:57.473] [INFO] Paperbird - [/getCustomerChats/:id, {"get":true}][7:00:43 PM], Customers chat room
[2021-09-24T19:00:58.160] [INFO] Paperbird - [/getChatMessages/:id, {"get":true}][7:00:43 PM], Chat Messages
[2021-09-24T19:01:02.950] [INFO] Paperbird - [/getSupplierMessages/:id, {"get":true}][7:00:43 PM], Customers chat room
[2021-09-24T19:01:03.912] [INFO] Paperbird - [/getChatMessages/:id, {"get":true}][7:00:43 PM], Chat Messages
[2021-09-24T19:02:12.856] [INFO] Paperbird - [/getAllProductGroup/:name, {"get":true}][7:00:43 PM], All data
[2021-09-24T19:02:12.895] [INFO] Paperbird - [/getCustomerOrders, {"post":true}][7:00:43 PM], This are all customer Orders
[2021-09-24T19:02:13.138] [INFO] Paperbird - [/getSingleCustomerOrder/:id, {"get":true}][7:00:43 PM], All Orders
[2021-09-24T19:02:13.139] [INFO] Paperbird - [/getSingleCustomerOrder/:id, {"get":true}][7:00:43 PM], All Orders
[2021-09-24T19:02:16.654] [INFO] Paperbird - [/getCustomerChats/:id, {"get":true}][7:00:43 PM], Customers chat room
[2021-09-24T19:02:23.150] [INFO] Paperbird - [/getChatMessages/:id, {"get":true}][7:00:43 PM], Chat Messages
[2021-09-24T19:02:29.501] [INFO] Paperbird - [/getSupplierMessages/:id, {"get":true}][7:00:43 PM], Customers chat room
[2021-09-24T19:02:30.134] [INFO] Paperbird - [/getChatMessages/:id, {"get":true}][7:00:43 PM], Chat Messages
[2021-09-24T19:03:14.728] [INFO] Paperbird - [/getAllProductGroup/:name, {"get":true}][7:02:59 PM], All data
[2021-09-24T19:03:14.760] [INFO] Paperbird - [/getCustomerOrders, {"post":true}][7:02:59 PM], This are all customer Orders
[2021-09-24T19:03:15.001] [INFO] Paperbird - [/getSingleCustomerOrder/:id, {"get":true}][7:02:59 PM], All Orders
[2021-09-24T19:03:15.003] [INFO] Paperbird - [/getSingleCustomerOrder/:id, {"get":true}][7:02:59 PM], All Orders
[2021-09-24T19:03:19.358] [INFO] Paperbird - [/getSupplierMessages/:id, {"get":true}][7:02:59 PM], Customers chat room
[2021-09-24T19:03:22.840] [INFO] Paperbird - [/getCustomerChats/:id, {"get":true}][7:02:59 PM], Customers chat room
[2021-09-24T19:03:23.369] [INFO] Paperbird - [/getChatMessages/:id, {"get":true}][7:02:59 PM], Chat Messages
[2021-09-24T19:03:27.165] [INFO] Paperbird - [/getChatMessages/:id, {"get":true}][7:02:59 PM], Chat Messages
[2021-09-24T19:04:57.739] [INFO] Paperbird - [/getChatMessages/:id, {"get":true}][7:02:59 PM], Chat Messages
[2021-09-24T19:08:11.964] [INFO] Paperbird - [/getChatMessages/:id, {"get":true}][7:02:59 PM], Chat Messages
[2021-09-24T19:08:15.067] [INFO] Paperbird - [/getSupplierMessages/:id, {"get":true}][7:02:59 PM], Customers chat room
[2021-09-24T19:08:15.815] [INFO] Paperbird - [/getChatMessages/:id, {"get":true}][7:02:59 PM], Chat Messages
[2021-09-24T19:09:56.904] [INFO] Paperbird - [/getSupplierMessages/:id, {"get":true}][7:02:59 PM], Customers chat room
[2021-09-24T19:09:57.903] [INFO] Paperbird - [/getChatMessages/:id, {"get":true}][7:02:59 PM], Chat Messages
[2021-09-24T19:10:37.870] [INFO] Paperbird - [/getSupplierMessages/:id, {"get":true}][7:02:59 PM], Customers chat room
[2021-09-24T19:10:39.592] [INFO] Paperbird - [/getChatMessages/:id, {"get":true}][7:02:59 PM], Chat Messages
[2021-09-24T19:10:44.167] [INFO] Paperbird - [/getAllProductGroup/:name, {"get":true}][7:02:59 PM], All data
[2021-09-24T19:10:44.202] [INFO] Paperbird - [/getCustomerOrders, {"post":true}][7:02:59 PM], This are all customer Orders
[2021-09-24T19:10:44.450] [INFO] Paperbird - [/getSingleCustomerOrder/:id, {"get":true}][7:02:59 PM], All Orders
[2021-09-24T19:10:44.452] [INFO] Paperbird - [/getSingleCustomerOrder/:id, {"get":true}][7:02:59 PM], All Orders
[2021-09-24T19:10:45.216] [INFO] Paperbird - [/getCustomerChats/:id, {"get":true}][7:02:59 PM], Customers chat room
[2021-09-24T19:10:45.863] [INFO] Paperbird - [/getChatMessages/:id, {"get":true}][7:02:59 PM], Chat Messages
[2021-09-24T19:11:44.467] [INFO] Paperbird - [/getAllProductGroup/:name, {"get":true}][7:11:40 PM], All data
[2021-09-24T19:11:44.496] [INFO] Paperbird - [/getCustomerOrders, {"post":true}][7:11:40 PM], This are all customer Orders
[2021-09-24T19:11:44.732] [INFO] Paperbird - [/getSingleCustomerOrder/:id, {"get":true}][7:11:40 PM], All Orders
[2021-09-24T19:11:44.738] [INFO] Paperbird - [/getSingleCustomerOrder/:id, {"get":true}][7:11:40 PM], All Orders
[2021-09-24T19:11:48.631] [INFO] Paperbird - [/getCustomerChats/:id, {"get":true}][7:11:40 PM], Customers chat room
[2021-09-24T19:11:49.238] [INFO] Paperbird - [/getChatMessages/:id, {"get":true}][7:11:40 PM], Chat Messages
[2021-09-24T19:11:51.361] [INFO] Paperbird - [/getSupplierMessages/:id, {"get":true}][7:11:40 PM], Customers chat room
[2021-09-24T19:11:51.799] [INFO] Paperbird - [/getChatMessages/:id, {"get":true}][7:11:40 PM], Chat Messages
[2021-09-24T19:13:13.454] [INFO] Paperbird - [/getAllProductGroup/:name, {"get":true}][7:13:09 PM], All data
[2021-09-24T19:13:13.490] [INFO] Paperbird - [/getCustomerOrders, {"post":true}][7:13:09 PM], This are all customer Orders
[2021-09-24T19:13:13.689] [INFO] Paperbird - [/getSingleCustomerOrder/:id, {"get":true}][7:13:09 PM], All Orders
[2021-09-24T19:13:13.707] [INFO] Paperbird - [/getSingleCustomerOrder/:id, {"get":true}][7:13:09 PM], All Orders
[2021-09-24T19:13:18.272] [INFO] Paperbird - [/getSupplierMessages/:id, {"get":true}][7:13:09 PM], Customers chat room
[2021-09-24T19:13:18.722] [INFO] Paperbird - [/getChatMessages/:id, {"get":true}][7:13:09 PM], Chat Messages
[2021-09-24T19:14:37.053] [INFO] Paperbird - [/getCustomerChats/:id, {"get":true}][7:13:09 PM], Customers chat room
[2021-09-24T19:14:37.570] [INFO] Paperbird - [/getChatMessages/:id, {"get":true}][7:13:09 PM], Chat Messages
[2021-09-24T19:14:41.164] [INFO] Paperbird - [/getAllProductGroup/:name, {"get":true}][7:13:09 PM], All data
[2021-09-24T19:14:41.194] [INFO] Paperbird - [/getCustomerOrders, {"post":true}][7:13:09 PM], This are all customer Orders
[2021-09-24T19:14:41.430] [INFO] Paperbird - [/getSingleCustomerOrder/:id, {"get":true}][7:13:09 PM], All Orders
[2021-09-24T19:14:41.455] [INFO] Paperbird - [/getSingleCustomerOrder/:id, {"get":true}][7:13:09 PM], All Orders
[2021-09-24T19:14:42.038] [INFO] Paperbird - [/getCustomerChats/:id, {"get":true}][7:13:09 PM], Customers chat room
[2021-09-24T19:14:42.521] [INFO] Paperbird - [/getChatMessages/:id, {"get":true}][7:13:09 PM], Chat Messages
[2021-09-24T19:14:50.435] [INFO] Paperbird - [/getCustomerChats/:id, {"get":true}][7:13:09 PM], Customers chat room
[2021-09-24T19:14:53.717] [INFO] Paperbird - [/getAllProductGroup/:name, {"get":true}][7:13:09 PM], All data
[2021-09-24T19:14:53.745] [INFO] Paperbird - [/getCustomerOrders, {"post":true}][7:13:09 PM], This are all customer Orders
[2021-09-24T19:14:53.958] [INFO] Paperbird - [/getSingleCustomerOrder/:id, {"get":true}][7:13:09 PM], All Orders
[2021-09-24T19:14:53.972] [INFO] Paperbird - [/getSingleCustomerOrder/:id, {"get":true}][7:13:09 PM], All Orders
[2021-09-24T19:14:54.676] [INFO] Paperbird - [/getCustomerChats/:id, {"get":true}][7:13:09 PM], Customers chat room
[2021-09-24T19:14:55.095] [INFO] Paperbird - [/getChatMessages/:id, {"get":true}][7:13:09 PM], Chat Messages
[2021-09-24T19:15:01.290] [INFO] Paperbird - [/getSupplierMessages/:id, {"get":true}][7:13:09 PM], Customers chat room
[2021-09-24T19:15:02.096] [INFO] Paperbird - [/getChatMessages/:id, {"get":true}][7:13:09 PM], Chat Messages
[2021-09-24T19:16:28.959] [INFO] Paperbird - [/getChatMessages/:id, {"get":true}][7:13:09 PM], Chat Messages
[2021-09-24T19:16:29.345] [INFO] Paperbird - [/getChatMessages/:id, {"get":true}][7:13:09 PM], Chat Messages
[2021-09-24T19:17:16.215] [INFO] Paperbird - [/getSupplierMessages/:id, {"get":true}][7:13:09 PM], Customers chat room
[2021-09-24T19:17:16.894] [INFO] Paperbird - [/getChatMessages/:id, {"get":true}][7:13:09 PM], Chat Messages
[2021-09-24T19:18:00.197] [INFO] Paperbird - [/getAllProductGroup/:name, {"get":true}][7:13:09 PM], All data
[2021-09-24T19:18:00.212] [INFO] Paperbird - [/getCustomerOrders, {"post":true}][7:13:09 PM], This are all customer Orders
[2021-09-24T19:18:00.596] [INFO] Paperbird - [/getSingleCustomerOrder/:id, {"get":true}][7:13:09 PM], All Orders
[2021-09-24T19:18:00.598] [INFO] Paperbird - [/getSingleCustomerOrder/:id, {"get":true}][7:13:09 PM], All Orders
[2021-09-24T19:18:11.783] [INFO] Paperbird - [/getSupplierMessages/:id, {"get":true}][7:13:09 PM], Customers chat room
[2021-09-24T19:18:15.039] [INFO] Paperbird - [/getCustomerChats/:id, {"get":true}][7:13:09 PM], Customers chat room
[2021-09-24T19:18:15.568] [INFO] Paperbird - [/getChatMessages/:id, {"get":true}][7:13:09 PM], Chat Messages
[2021-09-24T19:18:21.028] [INFO] Paperbird - [/getSupplierMessages/:id, {"get":true}][7:13:09 PM], Customers chat room
[2021-09-24T19:18:21.675] [INFO] Paperbird - [/getChatMessages/:id, {"get":true}][7:13:09 PM], Chat Messages
[2021-09-24T19:20:06.088] [INFO] Paperbird - [/getAllProductGroup/:name, {"get":true}][7:20:04 PM], All data
[2021-09-24T19:20:06.117] [INFO] Paperbird - [/getCustomerOrders, {"post":true}][7:20:04 PM], This are all customer Orders
[2021-09-24T19:20:06.342] [INFO] Paperbird - [/getSingleCustomerOrder/:id, {"get":true}][7:20:04 PM], All Orders
[2021-09-24T19:20:06.344] [INFO] Paperbird - [/getSingleCustomerOrder/:id, {"get":true}][7:20:04 PM], All Orders
[2021-09-24T19:23:10.892] [INFO] Paperbird - [/getAllProductGroup/:name, {"get":true}][7:23:06 PM], All data
[2021-09-24T19:23:10.920] [INFO] Paperbird - [/getCustomerOrders, {"post":true}][7:23:06 PM], This are all customer Orders
[2021-09-24T19:23:11.132] [INFO] Paperbird - [/getSingleCustomerOrder/:id, {"get":true}][7:23:06 PM], All Orders
[2021-09-24T19:23:11.157] [INFO] Paperbird - [/getSingleCustomerOrder/:id, {"get":true}][7:23:06 PM], All Orders
[2021-09-24T19:23:16.920] [INFO] Paperbird - [/getSupplierMessages/:id, {"get":true}][7:23:06 PM], Customers chat room
[2021-09-24T19:23:17.494] [INFO] Paperbird - [/getChatMessages/:id, {"get":true}][7:23:06 PM], Chat Messages
[2021-09-24T19:25:26.001] [INFO] Paperbird - [/getSupplierMessages/:id, {"get":true}][7:25:16 PM], Customers chat room
[2021-09-24T19:25:26.493] [INFO] Paperbird - [/getChatMessages/:id, {"get":true}][7:25:16 PM], Chat Messages
[2021-09-24T19:26:37.221] [INFO] Paperbird - [/getCustomerChats/:id, {"get":true}][7:25:16 PM], Customers chat room
[2021-09-24T19:26:37.865] [INFO] Paperbird - [/getChatMessages/:id, {"get":true}][7:25:16 PM], Chat Messages
[2021-09-24T19:29:44.315] [INFO] Paperbird - [/getAllProductGroup/:name, {"get":true}][7:25:16 PM], All data
[2021-09-24T19:29:44.342] [INFO] Paperbird - [/getCustomerOrders, {"post":true}][7:25:16 PM], This are all customer Orders
[2021-09-24T19:29:44.577] [INFO] Paperbird - [/getSingleCustomerOrder/:id, {"get":true}][7:25:16 PM], All Orders
[2021-09-24T19:29:44.596] [INFO] Paperbird - [/getSingleCustomerOrder/:id, {"get":true}][7:25:16 PM], All Orders
[2021-09-24T19:29:45.884] [INFO] Paperbird - [/getCustomerChats/:id, {"get":true}][7:25:16 PM], Customers chat room
[2021-09-24T19:29:46.460] [INFO] Paperbird - [/getChatMessages/:id, {"get":true}][7:25:16 PM], Chat Messages
[2021-09-24T19:29:50.384] [INFO] Paperbird - [/getChatMessages/:id, {"get":true}][7:25:16 PM], Chat Messages
[2021-09-24T19:29:50.777] [INFO] Paperbird - [/getChatMessages/:id, {"get":true}][7:25:16 PM], Chat Messages
[2021-09-24T19:31:14.817] [INFO] Paperbird - [/getAllProductGroup/:name, {"get":true}][7:31:08 PM], All data
[2021-09-24T19:31:14.846] [INFO] Paperbird - [/getCustomerOrders, {"post":true}][7:31:08 PM], This are all customer Orders
[2021-09-24T19:31:15.061] [INFO] Paperbird - [/getSingleCustomerOrder/:id, {"get":true}][7:31:08 PM], All Orders
[2021-09-24T19:31:15.083] [INFO] Paperbird - [/getSingleCustomerOrder/:id, {"get":true}][7:31:08 PM], All Orders
[2021-09-24T19:31:19.026] [INFO] Paperbird - [/getCustomerChats/:id, {"get":true}][7:31:08 PM], Customers chat room
[2021-09-24T19:31:19.785] [INFO] Paperbird - [/getChatMessages/:id, {"get":true}][7:31:08 PM], Chat Messages
[2021-09-24T19:31:23.271] [INFO] Paperbird - [/getSupplierMessages/:id, {"get":true}][7:31:08 PM], Customers chat room
[2021-09-24T19:31:23.712] [INFO] Paperbird - [/getChatMessages/:id, {"get":true}][7:31:08 PM], Chat Messages
[2021-09-24T19:33:34.107] [INFO] Paperbird - [/getChatMessages/:id, {"get":true}][7:31:08 PM], Chat Messages
[2021-09-24T19:33:34.278] [INFO] Paperbird - [/getChatMessages/:id, {"get":true}][7:31:08 PM], Chat Messages
[2021-09-24T19:36:21.164] [INFO] Paperbird - [/getAllProductGroup/:name, {"get":true}][7:36:15 PM], All data
[2021-09-24T19:36:21.205] [INFO] Paperbird - [/getCustomerOrders, {"post":true}][7:36:15 PM], This are all customer Orders
[2021-09-24T19:36:21.404] [INFO] Paperbird - [/getSingleCustomerOrder/:id, {"get":true}][7:36:15 PM], All Orders
[2021-09-24T19:36:21.425] [INFO] Paperbird - [/getSingleCustomerOrder/:id, {"get":true}][7:36:15 PM], All Orders
[2021-09-24T19:36:23.657] [INFO] Paperbird - [/getSupplierMessages/:id, {"get":true}][7:36:15 PM], Customers chat room
[2021-09-24T19:36:24.353] [INFO] Paperbird - [/getChatMessages/:id, {"get":true}][7:36:15 PM], Chat Messages
[2021-09-24T19:36:27.683] [INFO] Paperbird - [/getCustomerChats/:id, {"get":true}][7:36:15 PM], Customers chat room
[2021-09-24T19:36:28.255] [INFO] Paperbird - [/getChatMessages/:id, {"get":true}][7:36:15 PM], Chat Messages
[2021-09-24T19:37:37.669] [INFO] Paperbird - [/getAllProductGroup/:name, {"get":true}][7:37:31 PM], All data
[2021-09-24T19:37:37.700] [INFO] Paperbird - [/getCustomerOrders, {"post":true}][7:37:31 PM], This are all customer Orders
[2021-09-24T19:37:37.953] [INFO] Paperbird - [/getSingleCustomerOrder/:id, {"get":true}][7:37:31 PM], All Orders
[2021-09-24T19:37:37.954] [INFO] Paperbird - [/getSingleCustomerOrder/:id, {"get":true}][7:37:31 PM], All Orders
[2021-09-24T19:37:43.864] [INFO] Paperbird - [/getSupplierMessages/:id, {"get":true}][7:37:31 PM], Customers chat room
[2021-09-24T19:37:44.858] [INFO] Paperbird - [/getChatMessages/:id, {"get":true}][7:37:31 PM], Chat Messages
[2021-09-24T19:38:24.781] [INFO] Paperbird - [/getCustomerChats/:id, {"get":true}][7:37:31 PM], Customers chat room
[2021-09-24T19:38:25.523] [INFO] Paperbird - [/getChatMessages/:id, {"get":true}][7:37:31 PM], Chat Messages
[2021-09-24T19:46:30.590] [INFO] Paperbird - [/getAllProductGroup/:name, {"get":true}][7:46:24 PM], All data
[2021-09-24T19:46:30.618] [INFO] Paperbird - [/getCustomerOrders, {"post":true}][7:46:24 PM], This are all customer Orders
[2021-09-24T19:46:30.853] [INFO] Paperbird - [/getSingleCustomerOrder/:id, {"get":true}][7:46:24 PM], All Orders
[2021-09-24T19:46:30.855] [INFO] Paperbird - [/getSingleCustomerOrder/:id, {"get":true}][7:46:24 PM], All Orders
[2021-09-24T19:46:33.137] [INFO] Paperbird - [/getCustomerChats/:id, {"get":true}][7:46:24 PM], Customers chat room
[2021-09-24T19:46:33.967] [INFO] Paperbird - [/getChatMessages/:id, {"get":true}][7:46:24 PM], Chat Messages
[2021-09-24T19:46:36.583] [INFO] Paperbird - [/getSupplierMessages/:id, {"get":true}][7:46:24 PM], Customers chat room
[2021-09-24T19:46:37.336] [INFO] Paperbird - [/getChatMessages/:id, {"get":true}][7:46:24 PM], Chat Messages
[2021-09-24T19:49:12.842] [INFO] Paperbird - [/getAllProductGroup/:name, {"get":true}][7:49:07 PM], All data
[2021-09-24T19:49:12.875] [INFO] Paperbird - [/getCustomerOrders, {"post":true}][7:49:07 PM], This are all customer Orders
[2021-09-24T19:49:13.080] [INFO] Paperbird - [/getSingleCustomerOrder/:id, {"get":true}][7:49:07 PM], All Orders
[2021-09-24T19:49:13.107] [INFO] Paperbird - [/getSingleCustomerOrder/:id, {"get":true}][7:49:07 PM], All Orders
[2021-09-24T19:49:16.048] [INFO] Paperbird - [/getCustomerChats/:id, {"get":true}][7:49:07 PM], Customers chat room
[2021-09-24T19:49:16.929] [INFO] Paperbird - [/getChatMessages/:id, {"get":true}][7:49:07 PM], Chat Messages
[2021-09-24T19:49:19.134] [INFO] Paperbird - [/getSupplierMessages/:id, {"get":true}][7:49:07 PM], Customers chat room
[2021-09-24T19:49:19.639] [INFO] Paperbird - [/getChatMessages/:id, {"get":true}][7:49:07 PM], Chat Messages
[2021-09-24T19:52:27.303] [INFO] Paperbird - [/getAllProductGroup/:name, {"get":true}][7:51:57 PM], All data
[2021-09-24T19:52:27.326] [INFO] Paperbird - [/getCustomerOrders, {"post":true}][7:51:57 PM], This are all customer Orders
[2021-09-24T19:52:27.531] [INFO] Paperbird - [/getSingleCustomerOrder/:id, {"get":true}][7:51:57 PM], All Orders
[2021-09-24T19:52:27.558] [INFO] Paperbird - [/getSingleCustomerOrder/:id, {"get":true}][7:51:57 PM], All Orders
[2021-09-24T19:52:30.422] [INFO] Paperbird - [/getSupplierMessages/:id, {"get":true}][7:51:57 PM], Customers chat room
[2021-09-24T19:52:30.930] [INFO] Paperbird - [/getChatMessages/:id, {"get":true}][7:51:57 PM], Chat Messages
[2021-09-24T19:52:32.986] [INFO] Paperbird - [/getCustomerChats/:id, {"get":true}][7:51:57 PM], Customers chat room
[2021-09-24T19:52:33.431] [INFO] Paperbird - [/getChatMessages/:id, {"get":true}][7:51:57 PM], Chat Messages
[2021-09-24T19:53:51.465] [INFO] Paperbird - [/getAllProductGroup/:name, {"get":true}][7:53:46 PM], All data
[2021-09-24T19:53:51.492] [INFO] Paperbird - [/getCustomerOrders, {"post":true}][7:53:46 PM], This are all customer Orders
[2021-09-24T19:53:51.726] [INFO] Paperbird - [/getSingleCustomerOrder/:id, {"get":true}][7:53:46 PM], All Orders
[2021-09-24T19:53:51.737] [INFO] Paperbird - [/getSingleCustomerOrder/:id, {"get":true}][7:53:46 PM], All Orders
[2021-09-24T19:53:55.940] [INFO] Paperbird - [/getCustomerChats/:id, {"get":true}][7:53:46 PM], Customers chat room
[2021-09-24T19:53:56.623] [INFO] Paperbird - [/getChatMessages/:id, {"get":true}][7:53:46 PM], Chat Messages
[2021-09-24T19:53:58.124] [INFO] Paperbird - [/getSupplierMessages/:id, {"get":true}][7:53:46 PM], Customers chat room
[2021-09-24T19:53:58.566] [INFO] Paperbird - [/getChatMessages/:id, {"get":true}][7:53:46 PM], Chat Messages
[2021-09-24T19:54:31.609] [INFO] Paperbird - [/getAllProductGroup/:name, {"get":true}][7:54:15 PM], All data
[2021-09-24T19:54:31.637] [INFO] Paperbird - [/getCustomerOrders, {"post":true}][7:54:15 PM], This are all customer Orders
[2021-09-24T19:54:31.851] [INFO] Paperbird - [/getSingleCustomerOrder/:id, {"get":true}][7:54:15 PM], All Orders
[2021-09-24T19:54:31.875] [INFO] Paperbird - [/getSingleCustomerOrder/:id, {"get":true}][7:54:15 PM], All Orders
[2021-09-24T19:54:34.767] [INFO] Paperbird - [/getSupplierMessages/:id, {"get":true}][7:54:15 PM], Customers chat room
[2021-09-24T19:54:35.514] [INFO] Paperbird - [/getChatMessages/:id, {"get":true}][7:54:15 PM], Chat Messages
[2021-09-24T19:54:43.150] [INFO] Paperbird - [/getCustomerChats/:id, {"get":true}][7:54:15 PM], Customers chat room
[2021-09-24T19:54:44.578] [INFO] Paperbird - [/getChatMessages/:id, {"get":true}][7:54:15 PM], Chat Messages
[2021-09-24T19:55:23.424] [INFO] Paperbird - [/getAllProductGroup/:name, {"get":true}][7:54:15 PM], All data
[2021-09-24T19:55:34.976] [WARN] Paperbird - [/customer, {"post":true}][7:54:15 PM], Invalid credentials
[2021-09-24T19:55:40.348] [INFO] Paperbird - [/customer, {"post":true}][7:54:15 PM], Customer Login Successfull
[2021-09-24T19:55:42.539] [INFO] Paperbird - [/getCustomerChats/:id, {"get":true}][7:54:15 PM], Customers chat room
[2021-09-24T19:55:43.625] [INFO] Paperbird - [/getChatMessages/:id, {"get":true}][7:54:15 PM], Chat Messages
[2021-09-24T19:55:49.749] [INFO] Paperbird - [/getChatMessages/:id, {"get":true}][7:54:15 PM], Chat Messages
[2021-09-24T19:55:49.948] [INFO] Paperbird - [/getChatMessages/:id, {"get":true}][7:54:15 PM], Chat Messages
[2021-09-24T19:57:00.304] [INFO] Paperbird - [/getAllProductGroup/:name, {"get":true}][7:54:15 PM], All data
[2021-09-24T19:57:01.373] [INFO] Paperbird - [/getAllProductGroup/:name, {"get":true}][7:54:15 PM], All data
[2021-09-24T19:57:01.404] [INFO] Paperbird - [/getCustomerOrders, {"post":true}][7:54:15 PM], This are all customer Orders
[2021-09-24T19:57:01.736] [INFO] Paperbird - [/getSingleCustomerOrder/:id, {"get":true}][7:54:15 PM], All Orders
[2021-09-24T19:57:01.744] [INFO] Paperbird - [/getSingleCustomerOrder/:id, {"get":true}][7:54:15 PM], All Orders
[2021-09-24T19:57:31.417] [INFO] Paperbird - [/getSupplierMessages/:id, {"get":true}][7:57:25 PM], Customers chat room
[2021-09-24T19:57:37.302] [INFO] Paperbird - [/getChatMessages/:id, {"get":true}][7:57:25 PM], Chat Messages
