[2021-09-14T10:25:51.008] [INFO] Paperbird - [/getAllProductGroup/:name, {"get":true}][10:25:11 AM], All data
[2021-09-14T10:27:00.292] [INFO] Paperbird - [/getAllProductGroup/:name, {"get":true}][10:25:11 AM], All data
[2021-09-14T10:27:00.298] [INFO] Paperbird - [/getAllProductGroup/:name, {"get":true}][10:25:11 AM], All data
[2021-09-14T10:27:00.357] [INFO] Paperbird - [/getAllProductSubgroup/:name, {"get":true}][10:25:11 AM], All data
[2021-09-14T10:27:00.399] [INFO] Paperbird - [/getAllPaperClass/:name, {"get":true}][10:25:11 AM], All data
[2021-09-14T10:27:00.478] [INFO] Paperbird - [/getAllPaperQuality/:name, {"get":true}][10:25:11 AM], All data
[2021-09-14T10:27:00.527] [INFO] Paperbird - [/getAllPaperPrintibility/:name, {"get":true}][10:25:11 AM], All data
[2021-09-14T10:27:00.581] [INFO] Paperbird - [/getAllPaperColor/:name, {"get":true}][10:25:11 AM], All data
[2021-09-14T10:27:00.613] [INFO] Paperbird - [/getAllMeasurementUnit/:name, {"get":true}][10:25:11 AM], All data
[2021-09-14T10:27:00.630] [INFO] Paperbird - [/getAllPaperGrain/:name, {"get":true}][10:25:11 AM], All data
[2021-09-14T10:27:00.808] [INFO] Paperbird - [/getSupplier, {"post":true}][10:25:11 AM], Supplier Data
[2021-09-14T10:27:00.968] [INFO] Paperbird - [/allProducts, {"post":true}][10:25:11 AM], All products
[2021-09-14T10:28:01.622] [INFO] Paperbird - [/allProducts, {"post":true}][10:25:11 AM], All products
[2021-09-14T10:28:14.336] [INFO] Paperbird - [/getAllPaperClass/:name, {"get":true}][10:25:11 AM], All data
[2021-09-14T10:28:14.354] [INFO] Paperbird - [/getAllPaperQuality/:name, {"get":true}][10:25:11 AM], All data
[2021-09-14T10:28:14.372] [INFO] Paperbird - [/getAllPaperPrintibility/:name, {"get":true}][10:25:11 AM], All data
[2021-09-14T10:28:14.393] [INFO] Paperbird - [/getAllPaperColor/:name, {"get":true}][10:25:11 AM], All data
[2021-09-14T10:28:14.406] [INFO] Paperbird - [/getAllMeasurementUnit/:name, {"get":true}][10:25:11 AM], All data
[2021-09-14T10:28:14.417] [INFO] Paperbird - [/getAllPaperGrain/:name, {"get":true}][10:25:11 AM], All data
[2021-09-14T10:28:14.427] [INFO] Paperbird - [/getAllPaperGsm/:name, {"get":true}][10:25:11 AM], All data
[2021-09-14T10:28:14.526] [INFO] Paperbird - [/getSinglePublishedProduct/:id, {"get":true}][10:25:11 AM], All products
[2021-09-14T10:28:14.638] [INFO] Paperbird - [/getAllProductGroup/:name, {"get":true}][10:25:11 AM], All data
[2021-09-14T10:28:16.358] [INFO] Paperbird - [/getAllProductGroup/:name, {"get":true}][10:25:11 AM], All data
[2021-09-14T10:28:16.360] [INFO] Paperbird - [/getAllProductGroup/:name, {"get":true}][10:25:11 AM], All data
[2021-09-14T10:28:16.371] [INFO] Paperbird - [/getAllProductSubgroup/:name, {"get":true}][10:25:11 AM], All data
[2021-09-14T10:28:16.404] [INFO] Paperbird - [/getAllPaperClass/:name, {"get":true}][10:25:11 AM], All data
[2021-09-14T10:28:16.410] [INFO] Paperbird - [/getAllPaperQuality/:name, {"get":true}][10:25:11 AM], All data
[2021-09-14T10:28:16.416] [INFO] Paperbird - [/getAllPaperPrintibility/:name, {"get":true}][10:25:11 AM], All data
[2021-09-14T10:28:16.426] [INFO] Paperbird - [/getAllPaperColor/:name, {"get":true}][10:25:11 AM], All data
[2021-09-14T10:28:16.434] [INFO] Paperbird - [/getAllMeasurementUnit/:name, {"get":true}][10:25:11 AM], All data
[2021-09-14T10:28:16.440] [INFO] Paperbird - [/getAllPaperGrain/:name, {"get":true}][10:25:11 AM], All data
[2021-09-14T10:28:16.452] [INFO] Paperbird - [/getSupplier, {"post":true}][10:25:11 AM], Supplier Data
[2021-09-14T10:28:16.507] [INFO] Paperbird - [/allProducts, {"post":true}][10:25:11 AM], All products
[2021-09-14T10:28:47.189] [INFO] Paperbird - [/allProducts, {"post":true}][10:25:11 AM], All products
[2021-09-14T10:28:51.936] [INFO] Paperbird - [/allProducts, {"post":true}][10:25:11 AM], All products
[2021-09-14T10:28:52.020] [INFO] Paperbird - [/allProducts, {"post":true}][10:25:11 AM], All products
[2021-09-14T10:28:52.156] [INFO] Paperbird - [/allProducts, {"post":true}][10:25:11 AM], All products
[2021-09-14T10:28:54.705] [INFO] Paperbird - [/allProducts, {"post":true}][10:25:11 AM], All products
[2021-09-14T10:29:19.269] [INFO] Paperbird - [/getAllProductGroup/:name, {"get":true}][10:25:11 AM], All data
[2021-09-14T10:29:19.271] [INFO] Paperbird - [/getAllPaperClass/:name, {"get":true}][10:25:11 AM], All data
[2021-09-14T10:29:19.282] [INFO] Paperbird - [/getAllPaperQuality/:name, {"get":true}][10:25:11 AM], All data
[2021-09-14T10:29:19.291] [INFO] Paperbird - [/getAllPaperPrintibility/:name, {"get":true}][10:25:11 AM], All data
[2021-09-14T10:29:19.304] [INFO] Paperbird - [/getAllPaperColor/:name, {"get":true}][10:25:11 AM], All data
[2021-09-14T10:29:19.313] [INFO] Paperbird - [/getAllMeasurementUnit/:name, {"get":true}][10:25:11 AM], All data
[2021-09-14T10:29:19.324] [INFO] Paperbird - [/getAllPaperGrain/:name, {"get":true}][10:25:11 AM], All data
[2021-09-14T10:29:19.334] [INFO] Paperbird - [/getAllPaperGsm/:name, {"get":true}][10:25:11 AM], All data
[2021-09-14T10:29:19.384] [INFO] Paperbird - [/getSinglePublishedProduct/:id, {"get":true}][10:25:11 AM], All products
[2021-09-14T10:29:21.196] [INFO] Paperbird - [/getAllProductGroup/:name, {"get":true}][10:25:11 AM], All data
[2021-09-14T10:29:21.199] [INFO] Paperbird - [/getAllProductGroup/:name, {"get":true}][10:25:11 AM], All data
[2021-09-14T10:29:21.212] [INFO] Paperbird - [/getAllProductSubgroup/:name, {"get":true}][10:25:11 AM], All data
[2021-09-14T10:29:21.222] [INFO] Paperbird - [/getAllPaperClass/:name, {"get":true}][10:25:11 AM], All data
[2021-09-14T10:29:21.231] [INFO] Paperbird - [/getAllPaperQuality/:name, {"get":true}][10:25:11 AM], All data
[2021-09-14T10:29:21.238] [INFO] Paperbird - [/getAllPaperPrintibility/:name, {"get":true}][10:25:11 AM], All data
[2021-09-14T10:29:21.248] [INFO] Paperbird - [/getAllPaperColor/:name, {"get":true}][10:25:11 AM], All data
[2021-09-14T10:29:21.255] [INFO] Paperbird - [/getAllMeasurementUnit/:name, {"get":true}][10:25:11 AM], All data
[2021-09-14T10:29:21.260] [INFO] Paperbird - [/getAllPaperGrain/:name, {"get":true}][10:25:11 AM], All data
[2021-09-14T10:29:21.270] [INFO] Paperbird - [/getSupplier, {"post":true}][10:25:11 AM], Supplier Data
[2021-09-14T10:29:21.322] [INFO] Paperbird - [/allProducts, {"post":true}][10:25:11 AM], All products
[2021-09-14T10:29:23.879] [INFO] Paperbird - [/allProducts, {"post":true}][10:25:11 AM], All products
[2021-09-14T10:29:28.596] [INFO] Paperbird - [/searchProducts, {"post":true}][10:25:11 AM], suggestion list
[2021-09-14T10:29:30.733] [INFO] Paperbird - [/searchProducts, {"post":true}][10:25:11 AM], suggestion list
[2021-09-14T10:29:32.876] [INFO] Paperbird - [/searchProducts, {"post":true}][10:25:11 AM], suggestion list
[2021-09-14T10:29:34.480] [INFO] Paperbird - [/searchProducts, {"post":true}][10:25:11 AM], suggestion list
[2021-09-14T10:29:34.617] [INFO] Paperbird - [/searchProducts, {"post":true}][10:25:11 AM], suggestion list
[2021-09-14T10:35:23.753] [INFO] Paperbird - [/searchProducts, {"post":true}][10:25:11 AM], suggestion list
[2021-09-14T10:35:24.910] [INFO] Paperbird - [/searchProducts, {"post":true}][10:25:11 AM], suggestion list
[2021-09-14T10:35:26.404] [INFO] Paperbird - [/allProducts, {"post":true}][10:25:11 AM], All products
[2021-09-14T10:35:33.227] [INFO] Paperbird - [/searchProducts, {"post":true}][10:25:11 AM], suggestion list
[2021-09-14T10:35:33.573] [INFO] Paperbird - [/searchProducts, {"post":true}][10:25:11 AM], suggestion list
[2021-09-14T10:35:33.880] [INFO] Paperbird - [/searchProducts, {"post":true}][10:25:11 AM], suggestion list
[2021-09-14T10:35:36.042] [INFO] Paperbird - [/getAllProductGroup/:name, {"get":true}][10:25:11 AM], All data
[2021-09-14T10:35:36.043] [INFO] Paperbird - [/getAllPaperClass/:name, {"get":true}][10:25:11 AM], All data
[2021-09-14T10:35:36.062] [INFO] Paperbird - [/getAllPaperQuality/:name, {"get":true}][10:25:11 AM], All data
[2021-09-14T10:35:36.072] [INFO] Paperbird - [/getAllPaperPrintibility/:name, {"get":true}][10:25:11 AM], All data
[2021-09-14T10:35:36.084] [INFO] Paperbird - [/getAllPaperColor/:name, {"get":true}][10:25:11 AM], All data
[2021-09-14T10:35:36.093] [INFO] Paperbird - [/getAllMeasurementUnit/:name, {"get":true}][10:25:11 AM], All data
[2021-09-14T10:35:36.101] [INFO] Paperbird - [/getAllPaperGrain/:name, {"get":true}][10:25:11 AM], All data
[2021-09-14T10:35:36.110] [INFO] Paperbird - [/getAllPaperGsm/:name, {"get":true}][10:25:11 AM], All data
[2021-09-14T10:35:36.160] [INFO] Paperbird - [/getSinglePublishedProduct/:id, {"get":true}][10:25:11 AM], All products
[2021-09-14T10:35:42.787] [INFO] Paperbird - [/getAllProductGroup/:name, {"get":true}][10:25:11 AM], All data
[2021-09-14T10:35:42.789] [INFO] Paperbird - [/getAllPaperClass/:name, {"get":true}][10:25:11 AM], All data
[2021-09-14T10:35:42.825] [INFO] Paperbird - [/getAllPaperQuality/:name, {"get":true}][10:25:11 AM], All data
[2021-09-14T10:35:42.832] [INFO] Paperbird - [/getAllPaperPrintibility/:name, {"get":true}][10:25:11 AM], All data
[2021-09-14T10:35:42.869] [INFO] Paperbird - [/getAllPaperColor/:name, {"get":true}][10:25:11 AM], All data
[2021-09-14T10:35:42.882] [INFO] Paperbird - [/getAllMeasurementUnit/:name, {"get":true}][10:25:11 AM], All data
[2021-09-14T10:35:42.897] [INFO] Paperbird - [/getAllPaperGrain/:name, {"get":true}][10:25:11 AM], All data
[2021-09-14T10:35:42.906] [INFO] Paperbird - [/getAllPaperGsm/:name, {"get":true}][10:25:11 AM], All data
[2021-09-14T10:35:42.946] [INFO] Paperbird - [/getSinglePublishedProduct/:id, {"get":true}][10:25:11 AM], All products
[2021-09-14T18:11:34.907] [INFO] Paperbird - [/getAllProductGroup/:name, {"get":true}][6:11:22 PM], All data
